Requirement already satisfied: transformers in /home/zc272/.conda/envs/TANL2/lib/python3.11/site-packages (4.31.0)
Requirement already satisfied: filelock in /home/zc272/.conda/envs/TANL2/lib/python3.11/site-packages (from transformers) (3.9.0)
Requirement already satisfied: huggingface-hub<1.0,>=0.14.1 in /home/zc272/.conda/envs/TANL2/lib/python3.11/site-packages (from transformers) (0.16.4)
Requirement already satisfied: numpy>=1.17 in /home/zc272/.conda/envs/TANL2/lib/python3.11/site-packages (from transformers) (1.25.2)
Requirement already satisfied: packaging>=20.0 in /home/zc272/.conda/envs/TANL2/lib/python3.11/site-packages (from transformers) (23.1)
Requirement already satisfied: pyyaml>=5.1 in /home/zc272/.conda/envs/TANL2/lib/python3.11/site-packages (from transformers) (6.0.1)
Requirement already satisfied: regex!=2019.12.17 in /home/zc272/.conda/envs/TANL2/lib/python3.11/site-packages (from transformers) (2023.6.3)
Requirement already satisfied: requests in /home/zc272/.conda/envs/TANL2/lib/python3.11/site-packages (from transformers) (2.31.0)
Requirement already satisfied: tokenizers!=0.11.3,<0.14,>=0.11.1 in /home/zc272/.conda/envs/TANL2/lib/python3.11/site-packages (from transformers) (0.13.3)
Requirement already satisfied: safetensors>=0.3.1 in /home/zc272/.conda/envs/TANL2/lib/python3.11/site-packages (from transformers) (0.3.2)
Requirement already satisfied: tqdm>=4.27 in /home/zc272/.conda/envs/TANL2/lib/python3.11/site-packages (from transformers) (4.65.1)
Requirement already satisfied: fsspec in /home/zc272/.conda/envs/TANL2/lib/python3.11/site-packages (from huggingface-hub<1.0,>=0.14.1->transformers) (2023.6.0)
Requirement already satisfied: typing-extensions>=3.7.4.3 in /home/zc272/.conda/envs/TANL2/lib/python3.11/site-packages (from huggingface-hub<1.0,>=0.14.1->transformers) (4.7.1)
Requirement already satisfied: charset-normalizer<4,>=2 in /home/zc272/.conda/envs/TANL2/lib/python3.11/site-packages (from requests->transformers) (2.0.4)
Requirement already satisfied: idna<4,>=2.5 in /home/zc272/.conda/envs/TANL2/lib/python3.11/site-packages (from requests->transformers) (3.4)
Requirement already satisfied: urllib3<3,>=1.21.1 in /home/zc272/.conda/envs/TANL2/lib/python3.11/site-packages (from requests->transformers) (1.26.16)
Requirement already satisfied: certifi>=2017.4.17 in /home/zc272/.conda/envs/TANL2/lib/python3.11/site-packages (from requests->transformers) (2023.7.22)
Requirement already satisfied: scipy in /home/zc272/.conda/envs/TANL2/lib/python3.11/site-packages (1.11.1)
Requirement already satisfied: numpy<1.28.0,>=1.21.6 in /home/zc272/.conda/envs/TANL2/lib/python3.11/site-packages (from scipy) (1.25.2)
Requirement already satisfied: accelerate in /home/zc272/.conda/envs/TANL2/lib/python3.11/site-packages (0.23.0)
Requirement already satisfied: numpy>=1.17 in /home/zc272/.conda/envs/TANL2/lib/python3.11/site-packages (from accelerate) (1.25.2)
Requirement already satisfied: packaging>=20.0 in /home/zc272/.conda/envs/TANL2/lib/python3.11/site-packages (from accelerate) (23.1)
Requirement already satisfied: psutil in /home/zc272/.conda/envs/TANL2/lib/python3.11/site-packages (from accelerate) (5.9.5)
Requirement already satisfied: pyyaml in /home/zc272/.conda/envs/TANL2/lib/python3.11/site-packages (from accelerate) (6.0.1)
Requirement already satisfied: torch>=1.10.0 in /home/zc272/.conda/envs/TANL2/lib/python3.11/site-packages (from accelerate) (2.0.1)
Requirement already satisfied: huggingface-hub in /home/zc272/.conda/envs/TANL2/lib/python3.11/site-packages (from accelerate) (0.16.4)
Requirement already satisfied: filelock in /home/zc272/.conda/envs/TANL2/lib/python3.11/site-packages (from torch>=1.10.0->accelerate) (3.9.0)
Requirement already satisfied: typing-extensions in /home/zc272/.conda/envs/TANL2/lib/python3.11/site-packages (from torch>=1.10.0->accelerate) (4.7.1)
Requirement already satisfied: sympy in /home/zc272/.conda/envs/TANL2/lib/python3.11/site-packages (from torch>=1.10.0->accelerate) (1.11.1)
Requirement already satisfied: networkx in /home/zc272/.conda/envs/TANL2/lib/python3.11/site-packages (from torch>=1.10.0->accelerate) (3.1)
Requirement already satisfied: jinja2 in /home/zc272/.conda/envs/TANL2/lib/python3.11/site-packages (from torch>=1.10.0->accelerate) (3.1.2)
Requirement already satisfied: fsspec in /home/zc272/.conda/envs/TANL2/lib/python3.11/site-packages (from huggingface-hub->accelerate) (2023.6.0)
Requirement already satisfied: requests in /home/zc272/.conda/envs/TANL2/lib/python3.11/site-packages (from huggingface-hub->accelerate) (2.31.0)
Requirement already satisfied: tqdm>=4.42.1 in /home/zc272/.conda/envs/TANL2/lib/python3.11/site-packages (from huggingface-hub->accelerate) (4.65.1)
Requirement already satisfied: MarkupSafe>=2.0 in /home/zc272/.conda/envs/TANL2/lib/python3.11/site-packages (from jinja2->torch>=1.10.0->accelerate) (2.1.1)
Requirement already satisfied: charset-normalizer<4,>=2 in /home/zc272/.conda/envs/TANL2/lib/python3.11/site-packages (from requests->huggingface-hub->accelerate) (2.0.4)
Requirement already satisfied: idna<4,>=2.5 in /home/zc272/.conda/envs/TANL2/lib/python3.11/site-packages (from requests->huggingface-hub->accelerate) (3.4)
Requirement already satisfied: urllib3<3,>=1.21.1 in /home/zc272/.conda/envs/TANL2/lib/python3.11/site-packages (from requests->huggingface-hub->accelerate) (1.26.16)
Requirement already satisfied: certifi>=2017.4.17 in /home/zc272/.conda/envs/TANL2/lib/python3.11/site-packages (from requests->huggingface-hub->accelerate) (2023.7.22)
Requirement already satisfied: mpmath>=0.19 in /home/zc272/.conda/envs/TANL2/lib/python3.11/site-packages (from sympy->torch>=1.10.0->accelerate) (1.3.0)

{'loss': 2.6192, 'learning_rate': 0.0004995296419634626, 'epoch': 0.01}
{'loss': 0.3111, 'learning_rate': 0.0004990592839269252, 'epoch': 0.01}
{'loss': 0.1566, 'learning_rate': 0.0004985889258903878, 'epoch': 0.02}
{'loss': 0.097, 'learning_rate': 0.0004981185678538504, 'epoch': 0.02}
{'loss': 0.0778, 'learning_rate': 0.000497648209817313, 'epoch': 0.03}
{'loss': 0.066, 'learning_rate': 0.0004971778517807755, 'epoch': 0.03}
{'loss': 0.0621, 'learning_rate': 0.0004967074937442381, 'epoch': 0.04}
{'loss': 0.0405, 'learning_rate': 0.0004962371357077008, 'epoch': 0.05}
{'loss': 0.0647, 'learning_rate': 0.0004957667776711633, 'epoch': 0.05}
{'loss': 0.0409, 'learning_rate': 0.0004952964196346259, 'epoch': 0.06}
{'loss': 0.0401, 'learning_rate': 0.0004948260615980885, 'epoch': 0.06}
{'loss': 0.0295, 'learning_rate': 0.0004943557035615511, 'epoch': 0.07}
{'loss': 0.0287, 'learning_rate': 0.0004938853455250137, 'epoch': 0.07}
{'loss': 0.0271, 'learning_rate': 0.0004934149874884763, 'epoch': 0.08}
{'loss': 0.0178, 'learning_rate': 0.0004929446294519389, 'epoch': 0.08}
{'loss': 0.0217, 'learning_rate': 0.0004924742714154015, 'epoch': 0.09}
{'loss': 0.0337, 'learning_rate': 0.000492003913378864, 'epoch': 0.1}
{'loss': 0.0349, 'learning_rate': 0.0004915335553423265, 'epoch': 0.1}
{'loss': 0.0304, 'learning_rate': 0.0004910631973057891, 'epoch': 0.11}
{'loss': 0.0171, 'learning_rate': 0.0004905928392692517, 'epoch': 0.11}
{'loss': 0.0283, 'learning_rate': 0.0004901224812327143, 'epoch': 0.12}
{'loss': 0.034, 'learning_rate': 0.0004896521231961769, 'epoch': 0.12}
{'loss': 0.046, 'learning_rate': 0.0004891817651596395, 'epoch': 0.13}
{'loss': 0.0195, 'learning_rate': 0.0004887114071231021, 'epoch': 0.14}
{'loss': 0.0203, 'learning_rate': 0.0004882410490865647, 'epoch': 0.14}
{'loss': 0.0243, 'learning_rate': 0.0004877706910500273, 'epoch': 0.15}
{'loss': 0.027, 'learning_rate': 0.00048730033301348986, 'epoch': 0.15}
{'loss': 0.0169, 'learning_rate': 0.00048682997497695245, 'epoch': 0.16}
{'loss': 0.0265, 'learning_rate': 0.00048635961694041505, 'epoch': 0.16}
{'loss': 0.021, 'learning_rate': 0.00048588925890387765, 'epoch': 0.17}
{'loss': 0.0215, 'learning_rate': 0.00048541890086734025, 'epoch': 0.17}
{'loss': 0.0212, 'learning_rate': 0.0004849485428308028, 'epoch': 0.18}
{'loss': 0.0193, 'learning_rate': 0.00048447818479426544, 'epoch': 0.19}
{'loss': 0.0251, 'learning_rate': 0.000484007826757728, 'epoch': 0.19}
{'loss': 0.0321, 'learning_rate': 0.0004835374687211906, 'epoch': 0.2}
{'loss': 0.0279, 'learning_rate': 0.0004830671106846531, 'epoch': 0.2}
{'loss': 0.0232, 'learning_rate': 0.0004825967526481158, 'epoch': 0.21}
{'loss': 0.0132, 'learning_rate': 0.00048212639461157837, 'epoch': 0.21}
{'loss': 0.0198, 'learning_rate': 0.0004816560365750409, 'epoch': 0.22}
{'loss': 0.0166, 'learning_rate': 0.0004811856785385035, 'epoch': 0.23}
{'loss': 0.0155, 'learning_rate': 0.0004807153205019661, 'epoch': 0.23}
{'loss': 0.0165, 'learning_rate': 0.0004802449624654287, 'epoch': 0.24}
{'loss': 0.0193, 'learning_rate': 0.00047977460442889125, 'epoch': 0.24}
{'loss': 0.0215, 'learning_rate': 0.0004793042463923539, 'epoch': 0.25}
{'loss': 0.0149, 'learning_rate': 0.0004788338883558165, 'epoch': 0.25}
{'loss': 0.0165, 'learning_rate': 0.00047836353031927904, 'epoch': 0.26}
{'loss': 0.0141, 'learning_rate': 0.00047789317228274163, 'epoch': 0.27}
{'loss': 0.0134, 'learning_rate': 0.00047742281424620423, 'epoch': 0.27}
{'loss': 0.0148, 'learning_rate': 0.00047695245620966683, 'epoch': 0.28}
{'loss': 0.0215, 'learning_rate': 0.00047648209817312937, 'epoch': 0.28}
{'loss': 0.0138, 'learning_rate': 0.00047601174013659197, 'epoch': 0.29}
{'loss': 0.028, 'learning_rate': 0.0004755413821000546, 'epoch': 0.29}
{'loss': 0.0203, 'learning_rate': 0.00047507102406351716, 'epoch': 0.3}
{'loss': 0.0183, 'learning_rate': 0.00047460066602697976, 'epoch': 0.3}
{'loss': 0.0206, 'learning_rate': 0.0004741303079904423, 'epoch': 0.31}
{'loss': 0.0121, 'learning_rate': 0.00047365994995390495, 'epoch': 0.32}
{'loss': 0.0176, 'learning_rate': 0.0004731895919173675, 'epoch': 0.32}
{'loss': 0.0248, 'learning_rate': 0.0004727192338808301, 'epoch': 0.33}
{'loss': 0.0185, 'learning_rate': 0.00047224887584429264, 'epoch': 0.33}
{'loss': 0.0169, 'learning_rate': 0.0004717785178077553, 'epoch': 0.34}
{'loss': 0.0158, 'learning_rate': 0.0004713081597712179, 'epoch': 0.34}
{'loss': 0.0162, 'learning_rate': 0.0004708378017346804, 'epoch': 0.35}
{'loss': 0.0191, 'learning_rate': 0.000470367443698143, 'epoch': 0.36}
{'loss': 0.0165, 'learning_rate': 0.0004698970856616056, 'epoch': 0.36}
{'loss': 0.0155, 'learning_rate': 0.0004694267276250682, 'epoch': 0.37}
{'loss': 0.0321, 'learning_rate': 0.00046895636958853076, 'epoch': 0.37}
{'loss': 0.0229, 'learning_rate': 0.0004684860115519934, 'epoch': 0.38}
{'loss': 0.0223, 'learning_rate': 0.000468015653515456, 'epoch': 0.38}
{'loss': 0.0235, 'learning_rate': 0.00046754529547891855, 'epoch': 0.39}
{'loss': 0.0158, 'learning_rate': 0.00046707493744238115, 'epoch': 0.4}
{'loss': 0.0181, 'learning_rate': 0.00046660457940584375, 'epoch': 0.4}
{'loss': 0.0145, 'learning_rate': 0.00046613422136930634, 'epoch': 0.41}
{'loss': 0.0121, 'learning_rate': 0.0004656638633327689, 'epoch': 0.41}
{'loss': 0.0111, 'learning_rate': 0.0004651935052962315, 'epoch': 0.42}
{'loss': 0.0122, 'learning_rate': 0.00046472314725969413, 'epoch': 0.42}
{'loss': 0.011, 'learning_rate': 0.0004642527892231567, 'epoch': 0.43}
{'loss': 0.0127, 'learning_rate': 0.00046378243118661927, 'epoch': 0.43}
{'loss': 0.0153, 'learning_rate': 0.0004633120731500818, 'epoch': 0.44}
{'loss': 0.0156, 'learning_rate': 0.00046284171511354447, 'epoch': 0.45}
{'loss': 0.0103, 'learning_rate': 0.000462371357077007, 'epoch': 0.45}
{'loss': 0.0139, 'learning_rate': 0.0004619009990404696, 'epoch': 0.46}
{'loss': 0.0091, 'learning_rate': 0.0004614306410039322, 'epoch': 0.46}
{'loss': 0.0184, 'learning_rate': 0.0004609602829673948, 'epoch': 0.47}
{'loss': 0.0182, 'learning_rate': 0.0004604899249308574, 'epoch': 0.47}
{'loss': 0.0163, 'learning_rate': 0.00046001956689431994, 'epoch': 0.48}
{'loss': 0.016, 'learning_rate': 0.00045954920885778254, 'epoch': 0.49}
{'loss': 0.0129, 'learning_rate': 0.00045907885082124513, 'epoch': 0.49}
{'loss': 0.016, 'learning_rate': 0.00045860849278470773, 'epoch': 0.5}
{'loss': 0.02, 'learning_rate': 0.00045813813474817033, 'epoch': 0.5}
{'loss': 0.0162, 'learning_rate': 0.0004576677767116329, 'epoch': 0.51}
{'loss': 0.0168, 'learning_rate': 0.0004571974186750955, 'epoch': 0.51}
{'loss': 0.0131, 'learning_rate': 0.00045672706063855806, 'epoch': 0.52}
{'loss': 0.0135, 'learning_rate': 0.00045625670260202066, 'epoch': 0.52}
{'loss': 0.0132, 'learning_rate': 0.00045578634456548326, 'epoch': 0.53}
{'loss': 0.0103, 'learning_rate': 0.00045531598652894586, 'epoch': 0.54}
{'loss': 0.0089, 'learning_rate': 0.0004548456284924084, 'epoch': 0.54}
{'loss': 0.0111, 'learning_rate': 0.000454375270455871, 'epoch': 0.55}
{'loss': 0.0139, 'learning_rate': 0.00045390491241933365, 'epoch': 0.55}
{'loss': 0.0083, 'learning_rate': 0.0004534345543827962, 'epoch': 0.56}
{'loss': 0.0168, 'learning_rate': 0.0004529641963462588, 'epoch': 0.56}
{'loss': 0.0104, 'learning_rate': 0.00045249383830972133, 'epoch': 0.57}
{'loss': 0.0108, 'learning_rate': 0.000452023480273184, 'epoch': 0.58}
{'loss': 0.0086, 'learning_rate': 0.0004515531222366465, 'epoch': 0.58}
{'loss': 0.0104, 'learning_rate': 0.0004510827642001091, 'epoch': 0.59}
{'loss': 0.0116, 'learning_rate': 0.0004506124061635717, 'epoch': 0.59}
{'loss': 0.0101, 'learning_rate': 0.0004501420481270343, 'epoch': 0.6}
{'loss': 0.0093, 'learning_rate': 0.0004496716900904969, 'epoch': 0.6}
{'loss': 0.0118, 'learning_rate': 0.00044920133205395945, 'epoch': 0.61}
{'loss': 0.0078, 'learning_rate': 0.0004487309740174221, 'epoch': 0.62}
{'loss': 0.0163, 'learning_rate': 0.00044826061598088465, 'epoch': 0.62}
{'loss': 0.0114, 'learning_rate': 0.00044779025794434724, 'epoch': 0.63}
{'loss': 0.0167, 'learning_rate': 0.00044731989990780984, 'epoch': 0.63}
{'loss': 0.0126, 'learning_rate': 0.00044684954187127244, 'epoch': 0.64}
{'loss': 0.0141, 'learning_rate': 0.00044637918383473504, 'epoch': 0.64}
{'loss': 0.0129, 'learning_rate': 0.0004459088257981976, 'epoch': 0.65}
{'loss': 0.0103, 'learning_rate': 0.0004454384677616602, 'epoch': 0.65}
{'loss': 0.011, 'learning_rate': 0.00044496810972512277, 'epoch': 0.66}
{'loss': 0.0105, 'learning_rate': 0.00044449775168858537, 'epoch': 0.67}
{'loss': 0.0093, 'learning_rate': 0.00044402739365204797, 'epoch': 0.67}
{'loss': 0.0156, 'learning_rate': 0.0004435570356155105, 'epoch': 0.68}
{'loss': 0.0157, 'learning_rate': 0.00044308667757897316, 'epoch': 0.68}
{'loss': 0.0123, 'learning_rate': 0.0004426163195424357, 'epoch': 0.69}
{'loss': 0.0093, 'learning_rate': 0.0004421459615058983, 'epoch': 0.69}
{'loss': 0.0128, 'learning_rate': 0.00044167560346936084, 'epoch': 0.7}
{'loss': 0.0114, 'learning_rate': 0.0004412052454328235, 'epoch': 0.71}
{'loss': 0.0162, 'learning_rate': 0.0004407348873962861, 'epoch': 0.71}
{'loss': 0.0151, 'learning_rate': 0.00044026452935974863, 'epoch': 0.72}
{'loss': 0.0127, 'learning_rate': 0.00043979417132321123, 'epoch': 0.72}
{'loss': 0.0143, 'learning_rate': 0.00043932381328667383, 'epoch': 0.73}
{'loss': 0.0127, 'learning_rate': 0.0004388534552501364, 'epoch': 0.73}
{'loss': 0.0102, 'learning_rate': 0.00043838309721359897, 'epoch': 0.74}
{'loss': 0.0097, 'learning_rate': 0.0004379127391770616, 'epoch': 0.75}
{'loss': 0.0109, 'learning_rate': 0.0004374423811405242, 'epoch': 0.75}
{'loss': 0.0112, 'learning_rate': 0.00043697202310398676, 'epoch': 0.76}
{'loss': 0.0096, 'learning_rate': 0.00043650166506744936, 'epoch': 0.76}
{'loss': 0.0099, 'learning_rate': 0.00043603130703091195, 'epoch': 0.77}
{'loss': 0.0123, 'learning_rate': 0.00043556094899437455, 'epoch': 0.77}
{'loss': 0.0127, 'learning_rate': 0.0004350905909578371, 'epoch': 0.78}
{'loss': 0.0112, 'learning_rate': 0.0004346202329212997, 'epoch': 0.78}
{'loss': 0.014, 'learning_rate': 0.0004341498748847623, 'epoch': 0.79}
{'loss': 0.013, 'learning_rate': 0.0004336795168482249, 'epoch': 0.8}
{'loss': 0.0114, 'learning_rate': 0.0004332091588116875, 'epoch': 0.8}
{'loss': 0.018, 'learning_rate': 0.00043273880077515, 'epoch': 0.81}
{'loss': 0.0105, 'learning_rate': 0.0004322684427386127, 'epoch': 0.81}
{'loss': 0.0111, 'learning_rate': 0.0004317980847020752, 'epoch': 0.82}
{'loss': 0.0228, 'learning_rate': 0.0004313277266655378, 'epoch': 0.82}
{'loss': 0.0112, 'learning_rate': 0.00043085736862900036, 'epoch': 0.83}
{'loss': 0.0223, 'learning_rate': 0.000430387010592463, 'epoch': 0.84}
{'loss': 0.0093, 'learning_rate': 0.0004299166525559256, 'epoch': 0.84}
{'loss': 0.0106, 'learning_rate': 0.00042944629451938815, 'epoch': 0.85}
{'loss': 0.0092, 'learning_rate': 0.00042897593648285074, 'epoch': 0.85}
{'loss': 0.0087, 'learning_rate': 0.00042850557844631334, 'epoch': 0.86}
{'loss': 0.0122, 'learning_rate': 0.00042803522040977594, 'epoch': 0.86}
{'loss': 0.0099, 'learning_rate': 0.0004275648623732385, 'epoch': 0.87}
{'loss': 0.0092, 'learning_rate': 0.00042709450433670113, 'epoch': 0.87}
{'loss': 0.01, 'learning_rate': 0.00042662414630016373, 'epoch': 0.88}
{'loss': 0.0102, 'learning_rate': 0.00042615378826362627, 'epoch': 0.89}
{'loss': 0.0114, 'learning_rate': 0.00042568343022708887, 'epoch': 0.89}
{'loss': 0.0134, 'learning_rate': 0.00042521307219055147, 'epoch': 0.9}
{'loss': 0.0122, 'learning_rate': 0.00042474271415401406, 'epoch': 0.9}
{'loss': 0.0154, 'learning_rate': 0.0004242723561174766, 'epoch': 0.91}
{'loss': 0.0129, 'learning_rate': 0.0004238019980809392, 'epoch': 0.91}
{'loss': 0.0111, 'learning_rate': 0.00042333164004440185, 'epoch': 0.92}
{'loss': 0.013, 'learning_rate': 0.0004228612820078644, 'epoch': 0.93}
{'loss': 0.0085, 'learning_rate': 0.000422390923971327, 'epoch': 0.93}
{'loss': 0.0135, 'learning_rate': 0.00042192056593478954, 'epoch': 0.94}
{'loss': 0.0093, 'learning_rate': 0.0004214502078982522, 'epoch': 0.94}
{'loss': 0.01, 'learning_rate': 0.00042097984986171473, 'epoch': 0.95}
{'loss': 0.0104, 'learning_rate': 0.0004205094918251773, 'epoch': 0.95}
{'loss': 0.011, 'learning_rate': 0.0004200391337886399, 'epoch': 0.96}
{'loss': 0.0071, 'learning_rate': 0.0004195687757521025, 'epoch': 0.97}
{'loss': 0.0099, 'learning_rate': 0.0004190984177155651, 'epoch': 0.97}
{'loss': 0.0091, 'learning_rate': 0.00041862805967902766, 'epoch': 0.98}
{'loss': 0.0086, 'learning_rate': 0.00041815770164249026, 'epoch': 0.98}
{'loss': 0.0103, 'learning_rate': 0.00041768734360595285, 'epoch': 0.99}
{'loss': 0.0198, 'learning_rate': 0.00041721698556941545, 'epoch': 0.99}
{'loss': 0.0128, 'learning_rate': 0.000416746627532878, 'epoch': 1.0}
{'loss': 0.0108, 'learning_rate': 0.00041627626949634065, 'epoch': 1.0}
{'loss': 0.009, 'learning_rate': 0.00041580591145980324, 'epoch': 1.01}
{'loss': 0.01, 'learning_rate': 0.0004153355534232658, 'epoch': 1.02}
{'loss': 0.0094, 'learning_rate': 0.0004148651953867284, 'epoch': 1.02}
{'loss': 0.01, 'learning_rate': 0.000414394837350191, 'epoch': 1.03}
{'loss': 0.0089, 'learning_rate': 0.0004139244793136536, 'epoch': 1.03}
{'loss': 0.0096, 'learning_rate': 0.0004134541212771161, 'epoch': 1.04}
{'loss': 0.0097, 'learning_rate': 0.0004129837632405787, 'epoch': 1.04}
{'loss': 0.0096, 'learning_rate': 0.00041251340520404137, 'epoch': 1.05}
{'loss': 0.01, 'learning_rate': 0.0004120430471675039, 'epoch': 1.06}
{'loss': 0.0085, 'learning_rate': 0.0004115726891309665, 'epoch': 1.06}
{'loss': 0.0071, 'learning_rate': 0.00041110233109442905, 'epoch': 1.07}
{'loss': 0.0086, 'learning_rate': 0.0004106319730578917, 'epoch': 1.07}
{'loss': 0.0081, 'learning_rate': 0.00041016161502135424, 'epoch': 1.08}
{'loss': 0.0099, 'learning_rate': 0.00040969125698481684, 'epoch': 1.08}
{'loss': 0.0106, 'learning_rate': 0.00040922089894827944, 'epoch': 1.09}
{'loss': 0.0091, 'learning_rate': 0.00040875054091174203, 'epoch': 1.09}
{'loss': 0.0097, 'learning_rate': 0.00040828018287520463, 'epoch': 1.1}
{'loss': 0.0101, 'learning_rate': 0.0004078098248386672, 'epoch': 1.11}
{'loss': 0.0107, 'learning_rate': 0.0004073394668021298, 'epoch': 1.11}
{'loss': 0.0099, 'learning_rate': 0.00040686910876559237, 'epoch': 1.12}
{'loss': 0.0138, 'learning_rate': 0.00040639875072905497, 'epoch': 1.12}
{'loss': 0.0106, 'learning_rate': 0.00040592839269251756, 'epoch': 1.13}
{'loss': 0.0079, 'learning_rate': 0.00040545803465598016, 'epoch': 1.13}
{'loss': 0.0092, 'learning_rate': 0.00040498767661944276, 'epoch': 1.14}
{'loss': 0.0087, 'learning_rate': 0.0004045173185829053, 'epoch': 1.15}
{'loss': 0.0108, 'learning_rate': 0.0004040469605463679, 'epoch': 1.15}
{'loss': 0.0075, 'learning_rate': 0.0004035766025098305, 'epoch': 1.16}
{'loss': 0.0104, 'learning_rate': 0.0004031062444732931, 'epoch': 1.16}
{'loss': 0.007, 'learning_rate': 0.0004026358864367557, 'epoch': 1.17}
{'loss': 0.0073, 'learning_rate': 0.00040216552840021823, 'epoch': 1.17}
{'loss': 0.0076, 'learning_rate': 0.0004016951703636809, 'epoch': 1.18}
{'loss': 0.0107, 'learning_rate': 0.0004012248123271434, 'epoch': 1.19}
{'loss': 0.0077, 'learning_rate': 0.000400754454290606, 'epoch': 1.19}
{'loss': 0.0056, 'learning_rate': 0.00040028409625406856, 'epoch': 1.2}
{'loss': 0.0082, 'learning_rate': 0.0003998137382175312, 'epoch': 1.2}
{'loss': 0.0066, 'learning_rate': 0.00039934338018099376, 'epoch': 1.21}
{'loss': 0.0076, 'learning_rate': 0.00039887302214445635, 'epoch': 1.21}
{'loss': 0.0075, 'learning_rate': 0.00039840266410791895, 'epoch': 1.22}
{'loss': 0.0094, 'learning_rate': 0.00039793230607138155, 'epoch': 1.22}
{'loss': 0.0085, 'learning_rate': 0.00039746194803484415, 'epoch': 1.23}
{'loss': 0.0089, 'learning_rate': 0.0003969915899983067, 'epoch': 1.24}
{'loss': 0.0101, 'learning_rate': 0.00039652123196176934, 'epoch': 1.24}
{'loss': 0.0091, 'learning_rate': 0.0003960508739252319, 'epoch': 1.25}
{'loss': 0.0068, 'learning_rate': 0.0003955805158886945, 'epoch': 1.25}
{'loss': 0.0068, 'learning_rate': 0.0003951101578521571, 'epoch': 1.26}
{'loss': 0.007, 'learning_rate': 0.00039463979981561967, 'epoch': 1.26}
{'loss': 0.0092, 'learning_rate': 0.00039416944177908227, 'epoch': 1.27}
{'loss': 0.0088, 'learning_rate': 0.0003936990837425448, 'epoch': 1.28}
{'loss': 0.0085, 'learning_rate': 0.0003932287257060074, 'epoch': 1.28}
{'loss': 0.0093, 'learning_rate': 0.00039275836766947, 'epoch': 1.29}
{'loss': 0.0106, 'learning_rate': 0.0003922880096329326, 'epoch': 1.29}
{'loss': 0.0077, 'learning_rate': 0.0003918176515963952, 'epoch': 1.3}
{'loss': 0.0066, 'learning_rate': 0.00039134729355985774, 'epoch': 1.3}
{'loss': 0.0086, 'learning_rate': 0.0003908769355233204, 'epoch': 1.31}
{'loss': 0.0138, 'learning_rate': 0.00039040657748678294, 'epoch': 1.32}
{'loss': 0.0087, 'learning_rate': 0.00038993621945024553, 'epoch': 1.32}
{'loss': 0.0088, 'learning_rate': 0.0003894658614137081, 'epoch': 1.33}
{'loss': 0.0099, 'learning_rate': 0.00038899550337717073, 'epoch': 1.33}
{'loss': 0.013, 'learning_rate': 0.0003885251453406333, 'epoch': 1.34}
{'loss': 0.0084, 'learning_rate': 0.00038805478730409587, 'epoch': 1.34}
{'loss': 0.0084, 'learning_rate': 0.00038758442926755846, 'epoch': 1.35}
{'loss': 0.0073, 'learning_rate': 0.00038711407123102106, 'epoch': 1.35}
{'loss': 0.009, 'learning_rate': 0.00038664371319448366, 'epoch': 1.36}
{'loss': 0.0082, 'learning_rate': 0.0003861733551579462, 'epoch': 1.37}
{'loss': 0.0151, 'learning_rate': 0.00038570299712140885, 'epoch': 1.37}
{'loss': 0.0087, 'learning_rate': 0.00038523263908487145, 'epoch': 1.38}
{'loss': 0.0059, 'learning_rate': 0.000384762281048334, 'epoch': 1.38}
{'loss': 0.0065, 'learning_rate': 0.0003842919230117966, 'epoch': 1.39}
{'loss': 0.0065, 'learning_rate': 0.0003838215649752592, 'epoch': 1.39}
{'loss': 0.0069, 'learning_rate': 0.0003833512069387218, 'epoch': 1.4}
{'loss': 0.0084, 'learning_rate': 0.0003828808489021843, 'epoch': 1.41}
{'loss': 0.0109, 'learning_rate': 0.0003824104908656469, 'epoch': 1.41}
{'loss': 0.009, 'learning_rate': 0.0003819401328291095, 'epoch': 1.42}
{'loss': 0.0072, 'learning_rate': 0.0003814697747925721, 'epoch': 1.42}
{'loss': 0.0102, 'learning_rate': 0.0003809994167560347, 'epoch': 1.43}
{'loss': 0.0091, 'learning_rate': 0.00038052905871949726, 'epoch': 1.43}
{'loss': 0.0075, 'learning_rate': 0.0003800587006829599, 'epoch': 1.44}
{'loss': 0.0062, 'learning_rate': 0.00037958834264642245, 'epoch': 1.44}
{'loss': 0.0078, 'learning_rate': 0.00037911798460988505, 'epoch': 1.45}
{'loss': 0.0071, 'learning_rate': 0.0003786476265733476, 'epoch': 1.46}
{'loss': 0.0072, 'learning_rate': 0.00037817726853681024, 'epoch': 1.46}
{'loss': 0.0067, 'learning_rate': 0.00037770691050027284, 'epoch': 1.47}
{'loss': 0.0061, 'learning_rate': 0.0003772365524637354, 'epoch': 1.47}
{'loss': 0.008, 'learning_rate': 0.00037676619442719803, 'epoch': 1.48}
{'loss': 0.0103, 'learning_rate': 0.0003762958363906606, 'epoch': 1.48}
{'loss': 0.0082, 'learning_rate': 0.00037582547835412317, 'epoch': 1.49}
{'loss': 0.0085, 'learning_rate': 0.0003753551203175857, 'epoch': 1.5}
{'loss': 0.0053, 'learning_rate': 0.00037488476228104837, 'epoch': 1.5}
{'loss': 0.0067, 'learning_rate': 0.00037441440424451096, 'epoch': 1.51}
{'loss': 0.0074, 'learning_rate': 0.0003739440462079735, 'epoch': 1.51}
{'loss': 0.007, 'learning_rate': 0.0003734736881714361, 'epoch': 1.52}
{'loss': 0.0078, 'learning_rate': 0.0003730033301348987, 'epoch': 1.52}
{'loss': 0.0078, 'learning_rate': 0.0003725329720983613, 'epoch': 1.53}
{'loss': 0.0088, 'learning_rate': 0.00037206261406182384, 'epoch': 1.54}
{'loss': 0.0054, 'learning_rate': 0.00037159225602528644, 'epoch': 1.54}
{'loss': 0.0075, 'learning_rate': 0.0003711218979887491, 'epoch': 1.55}
{'loss': 0.0097, 'learning_rate': 0.00037065153995221163, 'epoch': 1.55}
{'loss': 0.0061, 'learning_rate': 0.00037018118191567423, 'epoch': 1.56}
{'loss': 0.0066, 'learning_rate': 0.00036971082387913677, 'epoch': 1.56}
{'loss': 0.0067, 'learning_rate': 0.0003692404658425994, 'epoch': 1.57}
{'loss': 0.0069, 'learning_rate': 0.00036877010780606196, 'epoch': 1.57}
{'loss': 0.0071, 'learning_rate': 0.00036829974976952456, 'epoch': 1.58}
{'loss': 0.0091, 'learning_rate': 0.00036782939173298716, 'epoch': 1.59}
{'loss': 0.0081, 'learning_rate': 0.00036735903369644976, 'epoch': 1.59}
{'loss': 0.0059, 'learning_rate': 0.00036688867565991235, 'epoch': 1.6}
{'loss': 0.0054, 'learning_rate': 0.0003664183176233749, 'epoch': 1.6}
{'loss': 0.0076, 'learning_rate': 0.00036594795958683755, 'epoch': 1.61}
{'loss': 0.0081, 'learning_rate': 0.0003654776015503001, 'epoch': 1.61}
{'loss': 0.0093, 'learning_rate': 0.0003650072435137627, 'epoch': 1.62}
{'loss': 0.0087, 'learning_rate': 0.00036453688547722523, 'epoch': 1.63}
{'loss': 0.0107, 'learning_rate': 0.0003640665274406879, 'epoch': 1.63}
{'loss': 0.0079, 'learning_rate': 0.0003635961694041505, 'epoch': 1.64}
{'loss': 0.0064, 'learning_rate': 0.000363125811367613, 'epoch': 1.64}
{'loss': 0.01, 'learning_rate': 0.0003626554533310756, 'epoch': 1.65}
{'loss': 0.0091, 'learning_rate': 0.0003621850952945382, 'epoch': 1.65}
{'loss': 0.0069, 'learning_rate': 0.0003617147372580008, 'epoch': 1.66}
{'loss': 0.0061, 'learning_rate': 0.00036124437922146335, 'epoch': 1.67}
{'loss': 0.0064, 'learning_rate': 0.00036077402118492595, 'epoch': 1.67}
{'loss': 0.0085, 'learning_rate': 0.0003603036631483886, 'epoch': 1.68}
{'loss': 0.0062, 'learning_rate': 0.00035983330511185114, 'epoch': 1.68}
{'loss': 0.0086, 'learning_rate': 0.00035936294707531374, 'epoch': 1.69}
{'loss': 0.0071, 'learning_rate': 0.0003588925890387763, 'epoch': 1.69}
{'loss': 0.0051, 'learning_rate': 0.00035842223100223894, 'epoch': 1.7}
{'loss': 0.0053, 'learning_rate': 0.0003579518729657015, 'epoch': 1.7}
{'loss': 0.0072, 'learning_rate': 0.0003574815149291641, 'epoch': 1.71}
{'loss': 0.0085, 'learning_rate': 0.00035701115689262667, 'epoch': 1.72}
{'loss': 0.0066, 'learning_rate': 0.00035654079885608927, 'epoch': 1.72}
{'loss': 0.0144, 'learning_rate': 0.00035607044081955187, 'epoch': 1.73}
{'loss': 0.009, 'learning_rate': 0.0003556000827830144, 'epoch': 1.73}
{'loss': 0.0055, 'learning_rate': 0.00035512972474647706, 'epoch': 1.74}
{'loss': 0.0102, 'learning_rate': 0.0003546593667099396, 'epoch': 1.74}
{'loss': 0.0097, 'learning_rate': 0.0003541890086734022, 'epoch': 1.75}
{'loss': 0.0076, 'learning_rate': 0.0003537186506368648, 'epoch': 1.76}
{'loss': 0.0064, 'learning_rate': 0.0003532482926003274, 'epoch': 1.76}
{'loss': 0.0109, 'learning_rate': 0.00035277793456379, 'epoch': 1.77}
{'loss': 0.0075, 'learning_rate': 0.00035230757652725253, 'epoch': 1.77}
{'loss': 0.0065, 'learning_rate': 0.00035183721849071513, 'epoch': 1.78}
{'loss': 0.0078, 'learning_rate': 0.00035136686045417773, 'epoch': 1.78}
{'loss': 0.0066, 'learning_rate': 0.0003508965024176403, 'epoch': 1.79}
{'loss': 0.0085, 'learning_rate': 0.0003504261443811029, 'epoch': 1.79}
{'loss': 0.0065, 'learning_rate': 0.00034995578634456546, 'epoch': 1.8}
{'loss': 0.0071, 'learning_rate': 0.0003494854283080281, 'epoch': 1.81}
{'loss': 0.0089, 'learning_rate': 0.00034901507027149066, 'epoch': 1.81}
{'loss': 0.0067, 'learning_rate': 0.00034854471223495325, 'epoch': 1.82}
{'loss': 0.0068, 'learning_rate': 0.0003480743541984158, 'epoch': 1.82}
{'loss': 0.0074, 'learning_rate': 0.00034760399616187845, 'epoch': 1.83}
{'loss': 0.006, 'learning_rate': 0.000347133638125341, 'epoch': 1.83}
{'loss': 0.0085, 'learning_rate': 0.0003466632800888036, 'epoch': 1.84}
{'loss': 0.0087, 'learning_rate': 0.00034619292205226624, 'epoch': 1.85}
{'loss': 0.0086, 'learning_rate': 0.0003457225640157288, 'epoch': 1.85}
{'loss': 0.0135, 'learning_rate': 0.0003452522059791914, 'epoch': 1.86}
{'loss': 0.0062, 'learning_rate': 0.0003447818479426539, 'epoch': 1.86}
{'loss': 0.0069, 'learning_rate': 0.0003443114899061166, 'epoch': 1.87}
{'loss': 0.0071, 'learning_rate': 0.0003438411318695791, 'epoch': 1.87}
{'loss': 0.0074, 'learning_rate': 0.0003433707738330417, 'epoch': 1.88}
{'loss': 0.0077, 'learning_rate': 0.0003429004157965043, 'epoch': 1.89}
{'loss': 0.0062, 'learning_rate': 0.0003424300577599669, 'epoch': 1.89}
{'loss': 0.0065, 'learning_rate': 0.0003419596997234295, 'epoch': 1.9}
{'loss': 0.0073, 'learning_rate': 0.00034148934168689205, 'epoch': 1.9}
{'loss': 0.0079, 'learning_rate': 0.00034101898365035464, 'epoch': 1.91}
{'loss': 0.0084, 'learning_rate': 0.00034054862561381724, 'epoch': 1.91}
{'loss': 0.0075, 'learning_rate': 0.00034007826757727984, 'epoch': 1.92}
{'loss': 0.0072, 'learning_rate': 0.00033960790954074243, 'epoch': 1.92}
{'loss': 0.0066, 'learning_rate': 0.000339137551504205, 'epoch': 1.93}
{'loss': 0.008, 'learning_rate': 0.00033866719346766763, 'epoch': 1.94}
{'loss': 0.0073, 'learning_rate': 0.00033819683543113017, 'epoch': 1.94}
{'loss': 0.0122, 'learning_rate': 0.00033772647739459277, 'epoch': 1.95}
{'loss': 0.0067, 'learning_rate': 0.0003372561193580553, 'epoch': 1.95}
{'loss': 0.0085, 'learning_rate': 0.00033678576132151796, 'epoch': 1.96}
{'loss': 0.0045, 'learning_rate': 0.00033631540328498056, 'epoch': 1.96}
{'loss': 0.0115, 'learning_rate': 0.0003358450452484431, 'epoch': 1.97}
{'loss': 0.0082, 'learning_rate': 0.00033537468721190575, 'epoch': 1.98}
{'loss': 0.0059, 'learning_rate': 0.0003349043291753683, 'epoch': 1.98}
{'loss': 0.0061, 'learning_rate': 0.0003344339711388309, 'epoch': 1.99}
{'loss': 0.0067, 'learning_rate': 0.00033396361310229344, 'epoch': 1.99}
{'loss': 0.0059, 'learning_rate': 0.0003334932550657561, 'epoch': 2.0}
{'loss': 0.0069, 'learning_rate': 0.0003330228970292187, 'epoch': 2.0}
{'loss': 0.0056, 'learning_rate': 0.0003325525389926812, 'epoch': 2.01}
{'loss': 0.0049, 'learning_rate': 0.0003320821809561438, 'epoch': 2.02}
{'loss': 0.0058, 'learning_rate': 0.0003316118229196064, 'epoch': 2.02}
{'loss': 0.0053, 'learning_rate': 0.000331141464883069, 'epoch': 2.03}
{'loss': 0.005, 'learning_rate': 0.00033067110684653156, 'epoch': 2.03}
{'loss': 0.0063, 'learning_rate': 0.00033020074880999416, 'epoch': 2.04}
{'loss': 0.0067, 'learning_rate': 0.0003297303907734568, 'epoch': 2.04}
{'loss': 0.0068, 'learning_rate': 0.00032926003273691935, 'epoch': 2.05}
{'loss': 0.0054, 'learning_rate': 0.00032878967470038195, 'epoch': 2.05}
{'loss': 0.0072, 'learning_rate': 0.0003283193166638445, 'epoch': 2.06}
{'loss': 0.0075, 'learning_rate': 0.00032784895862730714, 'epoch': 2.07}
{'loss': 0.0066, 'learning_rate': 0.0003273786005907697, 'epoch': 2.07}
{'loss': 0.0065, 'learning_rate': 0.0003269082425542323, 'epoch': 2.08}
{'loss': 0.0079, 'learning_rate': 0.0003264378845176948, 'epoch': 2.08}
{'loss': 0.0071, 'learning_rate': 0.0003259675264811575, 'epoch': 2.09}
{'loss': 0.0089, 'learning_rate': 0.00032549716844462007, 'epoch': 2.09}
{'loss': 0.0078, 'learning_rate': 0.0003250268104080826, 'epoch': 2.1}
{'loss': 0.005, 'learning_rate': 0.00032455645237154527, 'epoch': 2.11}
{'loss': 0.0048, 'learning_rate': 0.0003240860943350078, 'epoch': 2.11}
{'loss': 0.0066, 'learning_rate': 0.0003236157362984704, 'epoch': 2.12}
{'loss': 0.004, 'learning_rate': 0.00032314537826193295, 'epoch': 2.12}
{'loss': 0.0056, 'learning_rate': 0.0003226750202253956, 'epoch': 2.13}
{'loss': 0.0047, 'learning_rate': 0.0003222046621888582, 'epoch': 2.13}
{'loss': 0.0068, 'learning_rate': 0.00032173430415232074, 'epoch': 2.14}
{'loss': 0.0066, 'learning_rate': 0.00032126394611578334, 'epoch': 2.14}
{'loss': 0.0054, 'learning_rate': 0.00032079358807924593, 'epoch': 2.15}
{'loss': 0.0055, 'learning_rate': 0.00032032323004270853, 'epoch': 2.16}
{'loss': 0.0048, 'learning_rate': 0.0003198528720061711, 'epoch': 2.16}
{'loss': 0.0073, 'learning_rate': 0.00031938251396963367, 'epoch': 2.17}
{'loss': 0.0062, 'learning_rate': 0.0003189121559330963, 'epoch': 2.17}
{'loss': 0.0044, 'learning_rate': 0.00031844179789655886, 'epoch': 2.18}
{'loss': 0.0067, 'learning_rate': 0.00031797143986002146, 'epoch': 2.18}
{'loss': 0.0064, 'learning_rate': 0.000317501081823484, 'epoch': 2.19}
{'loss': 0.0077, 'learning_rate': 0.00031703072378694666, 'epoch': 2.2}
{'loss': 0.0085, 'learning_rate': 0.0003165603657504092, 'epoch': 2.2}
{'loss': 0.006, 'learning_rate': 0.0003160900077138718, 'epoch': 2.21}
{'loss': 0.0105, 'learning_rate': 0.0003156196496773344, 'epoch': 2.21}
{'loss': 0.0079, 'learning_rate': 0.000315149291640797, 'epoch': 2.22}
{'loss': 0.0067, 'learning_rate': 0.0003146789336042596, 'epoch': 2.22}
{'loss': 0.0053, 'learning_rate': 0.00031420857556772213, 'epoch': 2.23}
{'loss': 0.0079, 'learning_rate': 0.0003137382175311848, 'epoch': 2.24}
{'loss': 0.007, 'learning_rate': 0.0003132678594946473, 'epoch': 2.24}
{'loss': 0.0064, 'learning_rate': 0.0003127975014581099, 'epoch': 2.25}
{'loss': 0.0077, 'learning_rate': 0.0003123271434215725, 'epoch': 2.25}
{'loss': 0.0069, 'learning_rate': 0.0003118567853850351, 'epoch': 2.26}
{'loss': 0.0067, 'learning_rate': 0.0003113864273484977, 'epoch': 2.26}
{'loss': 0.0053, 'learning_rate': 0.00031091606931196025, 'epoch': 2.27}
{'loss': 0.0054, 'learning_rate': 0.00031044571127542285, 'epoch': 2.27}
{'loss': 0.007, 'learning_rate': 0.00030997535323888545, 'epoch': 2.28}
{'loss': 0.0079, 'learning_rate': 0.00030950499520234804, 'epoch': 2.29}
{'loss': 0.0065, 'learning_rate': 0.0003090346371658106, 'epoch': 2.29}
{'loss': 0.0057, 'learning_rate': 0.0003085642791292732, 'epoch': 2.3}
{'loss': 0.0073, 'learning_rate': 0.00030809392109273584, 'epoch': 2.3}
{'loss': 0.0057, 'learning_rate': 0.0003076235630561984, 'epoch': 2.31}
{'loss': 0.0057, 'learning_rate': 0.000307153205019661, 'epoch': 2.31}
{'loss': 0.0052, 'learning_rate': 0.0003066828469831235, 'epoch': 2.32}
{'loss': 0.0077, 'learning_rate': 0.00030621248894658617, 'epoch': 2.33}
{'loss': 0.0059, 'learning_rate': 0.0003057421309100487, 'epoch': 2.33}
{'loss': 0.0066, 'learning_rate': 0.0003052717728735113, 'epoch': 2.34}
{'loss': 0.0054, 'learning_rate': 0.00030480141483697396, 'epoch': 2.34}
{'loss': 0.0057, 'learning_rate': 0.0003043310568004365, 'epoch': 2.35}
{'loss': 0.0046, 'learning_rate': 0.0003038606987638991, 'epoch': 2.35}
{'loss': 0.0048, 'learning_rate': 0.00030339034072736164, 'epoch': 2.36}
{'loss': 0.0053, 'learning_rate': 0.0003029199826908243, 'epoch': 2.36}
{'loss': 0.0051, 'learning_rate': 0.00030244962465428684, 'epoch': 2.37}
{'loss': 0.0049, 'learning_rate': 0.00030197926661774943, 'epoch': 2.38}
{'loss': 0.0054, 'learning_rate': 0.00030150890858121203, 'epoch': 2.38}
{'loss': 0.0054, 'learning_rate': 0.00030103855054467463, 'epoch': 2.39}
{'loss': 0.0059, 'learning_rate': 0.0003005681925081372, 'epoch': 2.39}
{'loss': 0.0068, 'learning_rate': 0.00030009783447159977, 'epoch': 2.4}
{'loss': 0.0057, 'learning_rate': 0.00029962747643506236, 'epoch': 2.4}
{'loss': 0.0055, 'learning_rate': 0.00029915711839852496, 'epoch': 2.41}
{'loss': 0.0038, 'learning_rate': 0.00029868676036198756, 'epoch': 2.42}
{'loss': 0.0044, 'learning_rate': 0.00029821640232545016, 'epoch': 2.42}
{'loss': 0.0058, 'learning_rate': 0.0002977460442889127, 'epoch': 2.43}
{'loss': 0.0058, 'learning_rate': 0.00029727568625237535, 'epoch': 2.43}
{'loss': 0.0052, 'learning_rate': 0.0002968053282158379, 'epoch': 2.44}
{'loss': 0.0067, 'learning_rate': 0.0002963349701793005, 'epoch': 2.44}
{'loss': 0.0065, 'learning_rate': 0.00029586461214276303, 'epoch': 2.45}
{'loss': 0.0066, 'learning_rate': 0.0002953942541062257, 'epoch': 2.46}
{'loss': 0.0067, 'learning_rate': 0.0002949238960696883, 'epoch': 2.46}
{'loss': 0.0048, 'learning_rate': 0.0002944535380331508, 'epoch': 2.47}
{'loss': 0.0061, 'learning_rate': 0.0002939831799966135, 'epoch': 2.47}
{'loss': 0.006, 'learning_rate': 0.000293512821960076, 'epoch': 2.48}
{'loss': 0.0052, 'learning_rate': 0.0002930424639235386, 'epoch': 2.48}
{'loss': 0.0076, 'learning_rate': 0.00029257210588700116, 'epoch': 2.49}
{'loss': 0.0058, 'learning_rate': 0.0002921017478504638, 'epoch': 2.49}
{'loss': 0.0057, 'learning_rate': 0.00029163138981392635, 'epoch': 2.5}
{'loss': 0.0067, 'learning_rate': 0.00029116103177738895, 'epoch': 2.51}
{'loss': 0.007, 'learning_rate': 0.00029069067374085154, 'epoch': 2.51}
{'loss': 0.0066, 'learning_rate': 0.00029022031570431414, 'epoch': 2.52}
{'loss': 0.0048, 'learning_rate': 0.00028974995766777674, 'epoch': 2.52}
{'loss': 0.0055, 'learning_rate': 0.0002892795996312393, 'epoch': 2.53}
{'loss': 0.0074, 'learning_rate': 0.0002888092415947019, 'epoch': 2.53}
{'loss': 0.0087, 'learning_rate': 0.0002883388835581645, 'epoch': 2.54}
{'loss': 0.0065, 'learning_rate': 0.00028786852552162707, 'epoch': 2.55}
{'loss': 0.0059, 'learning_rate': 0.00028739816748508967, 'epoch': 2.55}
{'loss': 0.0048, 'learning_rate': 0.0002869278094485522, 'epoch': 2.56}
{'loss': 0.0039, 'learning_rate': 0.00028645745141201486, 'epoch': 2.56}
{'loss': 0.0057, 'learning_rate': 0.0002859870933754774, 'epoch': 2.57}
{'loss': 0.0051, 'learning_rate': 0.00028551673533894, 'epoch': 2.57}
{'loss': 0.0061, 'learning_rate': 0.00028504637730240255, 'epoch': 2.58}
{'loss': 0.0077, 'learning_rate': 0.0002845760192658652, 'epoch': 2.59}
{'loss': 0.0056, 'learning_rate': 0.0002841056612293278, 'epoch': 2.59}
{'loss': 0.008, 'learning_rate': 0.00028363530319279034, 'epoch': 2.6}
{'loss': 0.0041, 'learning_rate': 0.000283164945156253, 'epoch': 2.6}
{'loss': 0.0063, 'learning_rate': 0.00028269458711971553, 'epoch': 2.61}
{'loss': 0.0046, 'learning_rate': 0.00028222422908317813, 'epoch': 2.61}
{'loss': 0.0062, 'learning_rate': 0.00028175387104664067, 'epoch': 2.62}
{'loss': 0.0052, 'learning_rate': 0.0002812835130101033, 'epoch': 2.62}
{'loss': 0.0059, 'learning_rate': 0.0002808131549735659, 'epoch': 2.63}
{'loss': 0.006, 'learning_rate': 0.00028034279693702846, 'epoch': 2.64}
{'loss': 0.0052, 'learning_rate': 0.00027987243890049106, 'epoch': 2.64}
{'loss': 0.0092, 'learning_rate': 0.00027940208086395365, 'epoch': 2.65}
{'loss': 0.0067, 'learning_rate': 0.00027893172282741625, 'epoch': 2.65}
{'loss': 0.0057, 'learning_rate': 0.0002784613647908788, 'epoch': 2.66}
{'loss': 0.01, 'learning_rate': 0.0002779910067543414, 'epoch': 2.66}
{'loss': 0.007, 'learning_rate': 0.00027752064871780404, 'epoch': 2.67}
{'loss': 0.0072, 'learning_rate': 0.0002770502906812666, 'epoch': 2.68}
{'loss': 0.006, 'learning_rate': 0.0002765799326447292, 'epoch': 2.68}
{'loss': 0.0061, 'learning_rate': 0.0002761095746081917, 'epoch': 2.69}
{'loss': 0.0063, 'learning_rate': 0.0002756392165716544, 'epoch': 2.69}
{'loss': 0.0048, 'learning_rate': 0.0002751688585351169, 'epoch': 2.7}
{'loss': 0.0062, 'learning_rate': 0.0002746985004985795, 'epoch': 2.7}
