Requirement already satisfied: transformers in /home/zc272/.conda/envs/TANL2/lib/python3.11/site-packages (4.31.0)
Requirement already satisfied: filelock in /home/zc272/.conda/envs/TANL2/lib/python3.11/site-packages (from transformers) (3.9.0)
Requirement already satisfied: huggingface-hub<1.0,>=0.14.1 in /home/zc272/.conda/envs/TANL2/lib/python3.11/site-packages (from transformers) (0.16.4)
Requirement already satisfied: numpy>=1.17 in /home/zc272/.conda/envs/TANL2/lib/python3.11/site-packages (from transformers) (1.25.2)
Requirement already satisfied: packaging>=20.0 in /home/zc272/.conda/envs/TANL2/lib/python3.11/site-packages (from transformers) (23.1)
Requirement already satisfied: pyyaml>=5.1 in /home/zc272/.conda/envs/TANL2/lib/python3.11/site-packages (from transformers) (6.0.1)
Requirement already satisfied: regex!=2019.12.17 in /home/zc272/.conda/envs/TANL2/lib/python3.11/site-packages (from transformers) (2023.6.3)
Requirement already satisfied: requests in /home/zc272/.conda/envs/TANL2/lib/python3.11/site-packages (from transformers) (2.31.0)
Requirement already satisfied: tokenizers!=0.11.3,<0.14,>=0.11.1 in /home/zc272/.conda/envs/TANL2/lib/python3.11/site-packages (from transformers) (0.13.3)
Requirement already satisfied: safetensors>=0.3.1 in /home/zc272/.conda/envs/TANL2/lib/python3.11/site-packages (from transformers) (0.3.2)
Requirement already satisfied: tqdm>=4.27 in /home/zc272/.conda/envs/TANL2/lib/python3.11/site-packages (from transformers) (4.65.1)
Requirement already satisfied: fsspec in /home/zc272/.conda/envs/TANL2/lib/python3.11/site-packages (from huggingface-hub<1.0,>=0.14.1->transformers) (2023.6.0)
Requirement already satisfied: typing-extensions>=3.7.4.3 in /home/zc272/.conda/envs/TANL2/lib/python3.11/site-packages (from huggingface-hub<1.0,>=0.14.1->transformers) (4.7.1)
Requirement already satisfied: charset-normalizer<4,>=2 in /home/zc272/.conda/envs/TANL2/lib/python3.11/site-packages (from requests->transformers) (2.0.4)
Requirement already satisfied: idna<4,>=2.5 in /home/zc272/.conda/envs/TANL2/lib/python3.11/site-packages (from requests->transformers) (3.4)
Requirement already satisfied: urllib3<3,>=1.21.1 in /home/zc272/.conda/envs/TANL2/lib/python3.11/site-packages (from requests->transformers) (1.26.16)
Requirement already satisfied: certifi>=2017.4.17 in /home/zc272/.conda/envs/TANL2/lib/python3.11/site-packages (from requests->transformers) (2023.7.22)
Requirement already satisfied: scipy in /home/zc272/.conda/envs/TANL2/lib/python3.11/site-packages (1.11.1)
Requirement already satisfied: numpy<1.28.0,>=1.21.6 in /home/zc272/.conda/envs/TANL2/lib/python3.11/site-packages (from scipy) (1.25.2)
Requirement already satisfied: accelerate in /home/zc272/.conda/envs/TANL2/lib/python3.11/site-packages (0.23.0)
Requirement already satisfied: numpy>=1.17 in /home/zc272/.conda/envs/TANL2/lib/python3.11/site-packages (from accelerate) (1.25.2)
Requirement already satisfied: packaging>=20.0 in /home/zc272/.conda/envs/TANL2/lib/python3.11/site-packages (from accelerate) (23.1)
Requirement already satisfied: psutil in /home/zc272/.conda/envs/TANL2/lib/python3.11/site-packages (from accelerate) (5.9.5)
Requirement already satisfied: pyyaml in /home/zc272/.conda/envs/TANL2/lib/python3.11/site-packages (from accelerate) (6.0.1)
Requirement already satisfied: torch>=1.10.0 in /home/zc272/.conda/envs/TANL2/lib/python3.11/site-packages (from accelerate) (2.0.1)
Requirement already satisfied: huggingface-hub in /home/zc272/.conda/envs/TANL2/lib/python3.11/site-packages (from accelerate) (0.16.4)
Requirement already satisfied: filelock in /home/zc272/.conda/envs/TANL2/lib/python3.11/site-packages (from torch>=1.10.0->accelerate) (3.9.0)
Requirement already satisfied: typing-extensions in /home/zc272/.conda/envs/TANL2/lib/python3.11/site-packages (from torch>=1.10.0->accelerate) (4.7.1)
Requirement already satisfied: sympy in /home/zc272/.conda/envs/TANL2/lib/python3.11/site-packages (from torch>=1.10.0->accelerate) (1.11.1)
Requirement already satisfied: networkx in /home/zc272/.conda/envs/TANL2/lib/python3.11/site-packages (from torch>=1.10.0->accelerate) (3.1)
Requirement already satisfied: jinja2 in /home/zc272/.conda/envs/TANL2/lib/python3.11/site-packages (from torch>=1.10.0->accelerate) (3.1.2)
Requirement already satisfied: fsspec in /home/zc272/.conda/envs/TANL2/lib/python3.11/site-packages (from huggingface-hub->accelerate) (2023.6.0)
Requirement already satisfied: requests in /home/zc272/.conda/envs/TANL2/lib/python3.11/site-packages (from huggingface-hub->accelerate) (2.31.0)
Requirement already satisfied: tqdm>=4.42.1 in /home/zc272/.conda/envs/TANL2/lib/python3.11/site-packages (from huggingface-hub->accelerate) (4.65.1)
Requirement already satisfied: MarkupSafe>=2.0 in /home/zc272/.conda/envs/TANL2/lib/python3.11/site-packages (from jinja2->torch>=1.10.0->accelerate) (2.1.1)
Requirement already satisfied: charset-normalizer<4,>=2 in /home/zc272/.conda/envs/TANL2/lib/python3.11/site-packages (from requests->huggingface-hub->accelerate) (2.0.4)
Requirement already satisfied: idna<4,>=2.5 in /home/zc272/.conda/envs/TANL2/lib/python3.11/site-packages (from requests->huggingface-hub->accelerate) (3.4)
Requirement already satisfied: urllib3<3,>=1.21.1 in /home/zc272/.conda/envs/TANL2/lib/python3.11/site-packages (from requests->huggingface-hub->accelerate) (1.26.16)
Requirement already satisfied: certifi>=2017.4.17 in /home/zc272/.conda/envs/TANL2/lib/python3.11/site-packages (from requests->huggingface-hub->accelerate) (2023.7.22)
Requirement already satisfied: mpmath>=0.19 in /home/zc272/.conda/envs/TANL2/lib/python3.11/site-packages (from sympy->torch>=1.10.0->accelerate) (1.3.0)

{'loss': 0.3877, 'learning_rate': 0.0004991724594505131, 'epoch': 0.06}
{'loss': 0.0483, 'learning_rate': 0.0004983449189010262, 'epoch': 0.13}
{'loss': 0.0339, 'learning_rate': 0.0004975173783515393, 'epoch': 0.19}
{'loss': 0.0331, 'learning_rate': 0.0004966898378020523, 'epoch': 0.25}
{'loss': 0.0298, 'learning_rate': 0.0004958622972525654, 'epoch': 0.31}
{'loss': 0.0276, 'learning_rate': 0.0004950347567030784, 'epoch': 0.38}
{'loss': 0.0263, 'learning_rate': 0.0004942072161535915, 'epoch': 0.44}
{'loss': 0.0249, 'learning_rate': 0.0004933796756041046, 'epoch': 0.5}
{'loss': 0.0217, 'learning_rate': 0.0004925521350546177, 'epoch': 0.57}
{'loss': 0.0214, 'learning_rate': 0.0004917245945051307, 'epoch': 0.63}
{'loss': 0.0232, 'learning_rate': 0.0004908970539556438, 'epoch': 0.69}
{'loss': 0.0205, 'learning_rate': 0.0004900695134061569, 'epoch': 0.75}
{'loss': 0.0217, 'learning_rate': 0.00048924197285667, 'epoch': 0.82}
{'loss': 0.0191, 'learning_rate': 0.0004884144323071831, 'epoch': 0.88}
{'loss': 0.0198, 'learning_rate': 0.00048758689175769615, 'epoch': 0.94}
{'loss': 0.0164, 'learning_rate': 0.0004867593512082092, 'epoch': 1.01}
{'loss': 0.017, 'learning_rate': 0.00048593181065872227, 'epoch': 1.07}
{'loss': 0.0161, 'learning_rate': 0.00048510427010923536, 'epoch': 1.13}
{'loss': 0.0159, 'learning_rate': 0.00048427672955974845, 'epoch': 1.19}
{'loss': 0.0156, 'learning_rate': 0.00048344918901026154, 'epoch': 1.26}
{'loss': 0.0139, 'learning_rate': 0.00048262164846077463, 'epoch': 1.32}
{'loss': 0.0155, 'learning_rate': 0.0004817941079112876, 'epoch': 1.38}
{'loss': 0.0119, 'learning_rate': 0.0004809665673618007, 'epoch': 1.45}
{'loss': 0.0149, 'learning_rate': 0.0004801390268123138, 'epoch': 1.51}
{'loss': 0.0151, 'learning_rate': 0.0004793114862628269, 'epoch': 1.57}
{'loss': 0.0136, 'learning_rate': 0.00047848394571334, 'epoch': 1.64}
{'loss': 0.0174, 'learning_rate': 0.00047765640516385307, 'epoch': 1.7}
{'loss': 0.0136, 'learning_rate': 0.0004768288646143661, 'epoch': 1.76}
{'loss': 0.0131, 'learning_rate': 0.0004760013240648792, 'epoch': 1.82}
{'loss': 0.014, 'learning_rate': 0.0004751737835153923, 'epoch': 1.89}
{'loss': 0.0132, 'learning_rate': 0.0004743462429659053, 'epoch': 1.95}
{'loss': 0.0134, 'learning_rate': 0.0004735187024164184, 'epoch': 2.01}
{'loss': 0.013, 'learning_rate': 0.0004726911618669315, 'epoch': 2.08}
{'loss': 0.0117, 'learning_rate': 0.0004718636213174446, 'epoch': 2.14}
