Requirement already satisfied: transformers in /home/zc272/.conda/envs/TANL2/lib/python3.11/site-packages (4.31.0)
Requirement already satisfied: filelock in /home/zc272/.conda/envs/TANL2/lib/python3.11/site-packages (from transformers) (3.9.0)
Requirement already satisfied: huggingface-hub<1.0,>=0.14.1 in /home/zc272/.conda/envs/TANL2/lib/python3.11/site-packages (from transformers) (0.16.4)
Requirement already satisfied: numpy>=1.17 in /home/zc272/.conda/envs/TANL2/lib/python3.11/site-packages (from transformers) (1.25.2)
Requirement already satisfied: packaging>=20.0 in /home/zc272/.conda/envs/TANL2/lib/python3.11/site-packages (from transformers) (23.1)
Requirement already satisfied: pyyaml>=5.1 in /home/zc272/.conda/envs/TANL2/lib/python3.11/site-packages (from transformers) (6.0.1)
Requirement already satisfied: regex!=2019.12.17 in /home/zc272/.conda/envs/TANL2/lib/python3.11/site-packages (from transformers) (2023.6.3)
Requirement already satisfied: requests in /home/zc272/.conda/envs/TANL2/lib/python3.11/site-packages (from transformers) (2.31.0)
Requirement already satisfied: tokenizers!=0.11.3,<0.14,>=0.11.1 in /home/zc272/.conda/envs/TANL2/lib/python3.11/site-packages (from transformers) (0.13.3)
Requirement already satisfied: safetensors>=0.3.1 in /home/zc272/.conda/envs/TANL2/lib/python3.11/site-packages (from transformers) (0.3.2)
Requirement already satisfied: tqdm>=4.27 in /home/zc272/.conda/envs/TANL2/lib/python3.11/site-packages (from transformers) (4.65.1)
Requirement already satisfied: fsspec in /home/zc272/.conda/envs/TANL2/lib/python3.11/site-packages (from huggingface-hub<1.0,>=0.14.1->transformers) (2023.6.0)
Requirement already satisfied: typing-extensions>=3.7.4.3 in /home/zc272/.conda/envs/TANL2/lib/python3.11/site-packages (from huggingface-hub<1.0,>=0.14.1->transformers) (4.7.1)
Requirement already satisfied: charset-normalizer<4,>=2 in /home/zc272/.conda/envs/TANL2/lib/python3.11/site-packages (from requests->transformers) (2.0.4)
Requirement already satisfied: idna<4,>=2.5 in /home/zc272/.conda/envs/TANL2/lib/python3.11/site-packages (from requests->transformers) (3.4)
Requirement already satisfied: urllib3<3,>=1.21.1 in /home/zc272/.conda/envs/TANL2/lib/python3.11/site-packages (from requests->transformers) (1.26.16)
Requirement already satisfied: certifi>=2017.4.17 in /home/zc272/.conda/envs/TANL2/lib/python3.11/site-packages (from requests->transformers) (2023.7.22)
Requirement already satisfied: scipy in /home/zc272/.conda/envs/TANL2/lib/python3.11/site-packages (1.11.1)
Requirement already satisfied: numpy<1.28.0,>=1.21.6 in /home/zc272/.conda/envs/TANL2/lib/python3.11/site-packages (from scipy) (1.25.2)
Requirement already satisfied: accelerate in /home/zc272/.conda/envs/TANL2/lib/python3.11/site-packages (0.23.0)
Requirement already satisfied: numpy>=1.17 in /home/zc272/.conda/envs/TANL2/lib/python3.11/site-packages (from accelerate) (1.25.2)
Requirement already satisfied: packaging>=20.0 in /home/zc272/.conda/envs/TANL2/lib/python3.11/site-packages (from accelerate) (23.1)
Requirement already satisfied: psutil in /home/zc272/.conda/envs/TANL2/lib/python3.11/site-packages (from accelerate) (5.9.5)
Requirement already satisfied: pyyaml in /home/zc272/.conda/envs/TANL2/lib/python3.11/site-packages (from accelerate) (6.0.1)
Requirement already satisfied: torch>=1.10.0 in /home/zc272/.conda/envs/TANL2/lib/python3.11/site-packages (from accelerate) (2.0.1)
Requirement already satisfied: huggingface-hub in /home/zc272/.conda/envs/TANL2/lib/python3.11/site-packages (from accelerate) (0.16.4)
Requirement already satisfied: filelock in /home/zc272/.conda/envs/TANL2/lib/python3.11/site-packages (from torch>=1.10.0->accelerate) (3.9.0)
Requirement already satisfied: typing-extensions in /home/zc272/.conda/envs/TANL2/lib/python3.11/site-packages (from torch>=1.10.0->accelerate) (4.7.1)
Requirement already satisfied: sympy in /home/zc272/.conda/envs/TANL2/lib/python3.11/site-packages (from torch>=1.10.0->accelerate) (1.11.1)
Requirement already satisfied: networkx in /home/zc272/.conda/envs/TANL2/lib/python3.11/site-packages (from torch>=1.10.0->accelerate) (3.1)
Requirement already satisfied: jinja2 in /home/zc272/.conda/envs/TANL2/lib/python3.11/site-packages (from torch>=1.10.0->accelerate) (3.1.2)
Requirement already satisfied: fsspec in /home/zc272/.conda/envs/TANL2/lib/python3.11/site-packages (from huggingface-hub->accelerate) (2023.6.0)
Requirement already satisfied: requests in /home/zc272/.conda/envs/TANL2/lib/python3.11/site-packages (from huggingface-hub->accelerate) (2.31.0)
Requirement already satisfied: tqdm>=4.42.1 in /home/zc272/.conda/envs/TANL2/lib/python3.11/site-packages (from huggingface-hub->accelerate) (4.65.1)
Requirement already satisfied: MarkupSafe>=2.0 in /home/zc272/.conda/envs/TANL2/lib/python3.11/site-packages (from jinja2->torch>=1.10.0->accelerate) (2.1.1)
Requirement already satisfied: charset-normalizer<4,>=2 in /home/zc272/.conda/envs/TANL2/lib/python3.11/site-packages (from requests->huggingface-hub->accelerate) (2.0.4)
Requirement already satisfied: idna<4,>=2.5 in /home/zc272/.conda/envs/TANL2/lib/python3.11/site-packages (from requests->huggingface-hub->accelerate) (3.4)
Requirement already satisfied: urllib3<3,>=1.21.1 in /home/zc272/.conda/envs/TANL2/lib/python3.11/site-packages (from requests->huggingface-hub->accelerate) (1.26.16)
Requirement already satisfied: certifi>=2017.4.17 in /home/zc272/.conda/envs/TANL2/lib/python3.11/site-packages (from requests->huggingface-hub->accelerate) (2023.7.22)
Requirement already satisfied: mpmath>=0.19 in /home/zc272/.conda/envs/TANL2/lib/python3.11/site-packages (from sympy->torch>=1.10.0->accelerate) (1.3.0)

{'loss': 0.3947, 'learning_rate': 0.0004985029940119761, 'epoch': 0.3}
{'loss': 0.0612, 'learning_rate': 0.0004970059880239521, 'epoch': 0.6}
{'loss': 0.0505, 'learning_rate': 0.0004955089820359281, 'epoch': 0.9}
{'loss': 0.041, 'learning_rate': 0.0004940119760479042, 'epoch': 1.2}
{'loss': 0.0352, 'learning_rate': 0.0004925149700598803, 'epoch': 1.5}
{'loss': 0.0335, 'learning_rate': 0.0004910179640718563, 'epoch': 1.8}
{'loss': 0.0337, 'learning_rate': 0.0004895209580838323, 'epoch': 2.1}
{'loss': 0.0239, 'learning_rate': 0.0004880239520958084, 'epoch': 2.4}
{'loss': 0.0276, 'learning_rate': 0.00048652694610778444, 'epoch': 2.69}
{'loss': 0.0255, 'learning_rate': 0.00048502994011976046, 'epoch': 2.99}
{'loss': 0.0191, 'learning_rate': 0.00048353293413173654, 'epoch': 3.29}
{'loss': 0.0205, 'learning_rate': 0.0004820359281437126, 'epoch': 3.59}
{'loss': 0.0209, 'learning_rate': 0.00048053892215568864, 'epoch': 3.89}
{'loss': 0.0183, 'learning_rate': 0.00047904191616766467, 'epoch': 4.19}
{'loss': 0.0183, 'learning_rate': 0.00047754491017964074, 'epoch': 4.49}
{'loss': 0.0166, 'learning_rate': 0.00047604790419161677, 'epoch': 4.79}
{'loss': 0.0168, 'learning_rate': 0.00047455089820359284, 'epoch': 5.09}
{'loss': 0.0127, 'learning_rate': 0.00047305389221556887, 'epoch': 5.39}
{'loss': 0.013, 'learning_rate': 0.00047155688622754495, 'epoch': 5.69}
{'loss': 0.0131, 'learning_rate': 0.00047005988023952097, 'epoch': 5.99}
{'loss': 0.0094, 'learning_rate': 0.000468562874251497, 'epoch': 6.29}
{'loss': 0.0103, 'learning_rate': 0.00046706586826347307, 'epoch': 6.59}
{'loss': 0.0122, 'learning_rate': 0.0004655688622754491, 'epoch': 6.89}
{'loss': 0.0097, 'learning_rate': 0.00046407185628742517, 'epoch': 7.19}
{'loss': 0.0113, 'learning_rate': 0.0004625748502994012, 'epoch': 7.49}
{'loss': 0.0101, 'learning_rate': 0.00046107784431137727, 'epoch': 7.78}
{'loss': 0.0111, 'learning_rate': 0.0004595808383233533, 'epoch': 8.08}
{'loss': 0.0097, 'learning_rate': 0.0004580838323353294, 'epoch': 8.38}
{'loss': 0.0091, 'learning_rate': 0.0004565868263473054, 'epoch': 8.68}
{'loss': 0.0103, 'learning_rate': 0.0004550898203592814, 'epoch': 8.98}
{'loss': 0.0091, 'learning_rate': 0.0004535928143712575, 'epoch': 9.28}
{'loss': 0.0094, 'learning_rate': 0.0004520958083832336, 'epoch': 9.58}
{'loss': 0.0088, 'learning_rate': 0.0004505988023952096, 'epoch': 9.88}
{'loss': 0.0082, 'learning_rate': 0.0004491017964071856, 'epoch': 10.18}
{'loss': 0.0073, 'learning_rate': 0.0004476047904191617, 'epoch': 10.48}
{'loss': 0.0076, 'learning_rate': 0.0004461077844311378, 'epoch': 10.78}
{'loss': 0.0085, 'learning_rate': 0.00044461077844311375, 'epoch': 11.08}
{'loss': 0.0081, 'learning_rate': 0.0004431137724550898, 'epoch': 11.38}
{'loss': 0.0088, 'learning_rate': 0.0004416167664670659, 'epoch': 11.68}
{'loss': 0.0081, 'learning_rate': 0.00044011976047904193, 'epoch': 11.98}
{'loss': 0.0062, 'learning_rate': 0.00043862275449101795, 'epoch': 12.28}
{'loss': 0.0084, 'learning_rate': 0.00043712574850299403, 'epoch': 12.57}
{'loss': 0.0071, 'learning_rate': 0.0004356287425149701, 'epoch': 12.87}
{'loss': 0.0076, 'learning_rate': 0.0004341317365269461, 'epoch': 13.17}
{'loss': 0.0063, 'learning_rate': 0.00043263473053892215, 'epoch': 13.47}
{'loss': 0.0074, 'learning_rate': 0.00043113772455089823, 'epoch': 13.77}
{'loss': 0.0059, 'learning_rate': 0.00042964071856287425, 'epoch': 14.07}
{'loss': 0.0061, 'learning_rate': 0.0004281437125748503, 'epoch': 14.37}
{'loss': 0.0077, 'learning_rate': 0.00042664670658682636, 'epoch': 14.67}
{'loss': 0.0084, 'learning_rate': 0.00042514970059880243, 'epoch': 14.97}
{'loss': 0.0056, 'learning_rate': 0.00042365269461077846, 'epoch': 15.27}
{'loss': 0.0058, 'learning_rate': 0.0004221556886227545, 'epoch': 15.57}
{'loss': 0.0059, 'learning_rate': 0.00042065868263473056, 'epoch': 15.87}
{'loss': 0.0054, 'learning_rate': 0.0004191616766467066, 'epoch': 16.17}
{'loss': 0.0062, 'learning_rate': 0.00041766467065868266, 'epoch': 16.47}
{'loss': 0.0056, 'learning_rate': 0.0004161676646706587, 'epoch': 16.77}
{'loss': 0.005, 'learning_rate': 0.00041467065868263476, 'epoch': 17.07}
{'loss': 0.0048, 'learning_rate': 0.0004131736526946108, 'epoch': 17.37}
{'loss': 0.0041, 'learning_rate': 0.0004116766467065868, 'epoch': 17.66}
{'loss': 0.0057, 'learning_rate': 0.0004101796407185629, 'epoch': 17.96}
{'loss': 0.0053, 'learning_rate': 0.0004086826347305389, 'epoch': 18.26}
{'loss': 0.0049, 'learning_rate': 0.000407185628742515, 'epoch': 18.56}
{'loss': 0.0066, 'learning_rate': 0.000405688622754491, 'epoch': 18.86}
{'loss': 0.006, 'learning_rate': 0.0004041916167664671, 'epoch': 19.16}
{'loss': 0.005, 'learning_rate': 0.0004026946107784431, 'epoch': 19.46}
{'loss': 0.0059, 'learning_rate': 0.0004011976047904192, 'epoch': 19.76}
{'loss': 0.0062, 'learning_rate': 0.0003997005988023952, 'epoch': 20.06}
{'loss': 0.005, 'learning_rate': 0.00039820359281437124, 'epoch': 20.36}
{'loss': 0.0048, 'learning_rate': 0.0003967065868263473, 'epoch': 20.66}
{'loss': 0.0048, 'learning_rate': 0.0003952095808383234, 'epoch': 20.96}
{'loss': 0.0046, 'learning_rate': 0.0003937125748502994, 'epoch': 21.26}
{'loss': 0.0039, 'learning_rate': 0.00039221556886227544, 'epoch': 21.56}
{'loss': 0.0043, 'learning_rate': 0.0003907185628742515, 'epoch': 21.86}
{'loss': 0.0047, 'learning_rate': 0.0003892215568862276, 'epoch': 22.16}
{'loss': 0.0041, 'learning_rate': 0.00038772455089820356, 'epoch': 22.46}
{'loss': 0.004, 'learning_rate': 0.00038622754491017964, 'epoch': 22.75}
{'loss': 0.0033, 'learning_rate': 0.0003847305389221557, 'epoch': 23.05}
{'loss': 0.0031, 'learning_rate': 0.00038323353293413174, 'epoch': 23.35}
{'loss': 0.0028, 'learning_rate': 0.00038173652694610777, 'epoch': 23.65}
{'loss': 0.0043, 'learning_rate': 0.00038023952095808384, 'epoch': 23.95}
{'loss': 0.0034, 'learning_rate': 0.0003787425149700599, 'epoch': 24.25}
{'loss': 0.0043, 'learning_rate': 0.0003772455089820359, 'epoch': 24.55}
{'loss': 0.0038, 'learning_rate': 0.00037574850299401197, 'epoch': 24.85}
{'loss': 0.0031, 'learning_rate': 0.00037425149700598805, 'epoch': 25.15}
{'loss': 0.0035, 'learning_rate': 0.0003727544910179641, 'epoch': 25.45}
{'loss': 0.0041, 'learning_rate': 0.0003712574850299401, 'epoch': 25.75}
{'loss': 0.0048, 'learning_rate': 0.00036976047904191617, 'epoch': 26.05}
{'loss': 0.0043, 'learning_rate': 0.00036826347305389225, 'epoch': 26.35}
{'loss': 0.0038, 'learning_rate': 0.00036676646706586827, 'epoch': 26.65}
{'loss': 0.0037, 'learning_rate': 0.0003652694610778443, 'epoch': 26.95}
{'loss': 0.0027, 'learning_rate': 0.0003637724550898204, 'epoch': 27.25}
{'loss': 0.0036, 'learning_rate': 0.00036227544910179645, 'epoch': 27.54}
{'loss': 0.003, 'learning_rate': 0.0003607784431137724, 'epoch': 27.84}
{'loss': 0.0024, 'learning_rate': 0.0003592814371257485, 'epoch': 28.14}
{'loss': 0.003, 'learning_rate': 0.0003577844311377246, 'epoch': 28.44}
{'loss': 0.003, 'learning_rate': 0.0003562874251497006, 'epoch': 28.74}
{'loss': 0.0027, 'learning_rate': 0.0003547904191616766, 'epoch': 29.04}
{'loss': 0.0019, 'learning_rate': 0.0003532934131736527, 'epoch': 29.34}
{'loss': 0.0023, 'learning_rate': 0.0003517964071856288, 'epoch': 29.64}
{'loss': 0.0041, 'learning_rate': 0.0003502994011976048, 'epoch': 29.94}
{'loss': 0.0034, 'learning_rate': 0.0003488023952095808, 'epoch': 30.24}
{'loss': 0.0036, 'learning_rate': 0.0003473053892215569, 'epoch': 30.54}
{'loss': 0.0034, 'learning_rate': 0.00034580838323353293, 'epoch': 30.84}
{'loss': 0.0027, 'learning_rate': 0.000344311377245509, 'epoch': 31.14}
{'loss': 0.0026, 'learning_rate': 0.00034281437125748503, 'epoch': 31.44}
{'loss': 0.0024, 'learning_rate': 0.0003413173652694611, 'epoch': 31.74}
{'loss': 0.0028, 'learning_rate': 0.00033982035928143713, 'epoch': 32.04}
{'loss': 0.0023, 'learning_rate': 0.0003383233532934132, 'epoch': 32.34}
{'loss': 0.0023, 'learning_rate': 0.00033682634730538923, 'epoch': 32.63}
{'loss': 0.0029, 'learning_rate': 0.00033532934131736525, 'epoch': 32.93}
{'loss': 0.0031, 'learning_rate': 0.00033383233532934133, 'epoch': 33.23}
{'loss': 0.0026, 'learning_rate': 0.00033233532934131736, 'epoch': 33.53}
{'loss': 0.0022, 'learning_rate': 0.00033083832335329343, 'epoch': 33.83}
{'loss': 0.0025, 'learning_rate': 0.00032934131736526946, 'epoch': 34.13}
{'loss': 0.0029, 'learning_rate': 0.00032784431137724553, 'epoch': 34.43}
{'loss': 0.0025, 'learning_rate': 0.00032634730538922156, 'epoch': 34.73}
{'loss': 0.0027, 'learning_rate': 0.0003248502994011976, 'epoch': 35.03}
{'loss': 0.0021, 'learning_rate': 0.00032335329341317366, 'epoch': 35.33}
{'loss': 0.0022, 'learning_rate': 0.00032185628742514974, 'epoch': 35.63}
{'loss': 0.0025, 'learning_rate': 0.00032035928143712576, 'epoch': 35.93}
{'loss': 0.0018, 'learning_rate': 0.0003188622754491018, 'epoch': 36.23}
{'loss': 0.002, 'learning_rate': 0.00031736526946107786, 'epoch': 36.53}
{'loss': 0.0019, 'learning_rate': 0.00031586826347305394, 'epoch': 36.83}
{'loss': 0.0023, 'learning_rate': 0.0003143712574850299, 'epoch': 37.13}
{'loss': 0.0021, 'learning_rate': 0.000312874251497006, 'epoch': 37.43}
{'loss': 0.0021, 'learning_rate': 0.00031137724550898206, 'epoch': 37.72}
{'loss': 0.0021, 'learning_rate': 0.0003098802395209581, 'epoch': 38.02}
{'loss': 0.0014, 'learning_rate': 0.0003083832335329341, 'epoch': 38.32}
{'loss': 0.0019, 'learning_rate': 0.0003068862275449102, 'epoch': 38.62}
{'loss': 0.0024, 'learning_rate': 0.00030538922155688627, 'epoch': 38.92}
{'loss': 0.0021, 'learning_rate': 0.00030389221556886224, 'epoch': 39.22}
{'loss': 0.0017, 'learning_rate': 0.0003023952095808383, 'epoch': 39.52}
{'loss': 0.0017, 'learning_rate': 0.0003008982035928144, 'epoch': 39.82}
{'loss': 0.0021, 'learning_rate': 0.0002994011976047904, 'epoch': 40.12}
{'loss': 0.002, 'learning_rate': 0.00029790419161676644, 'epoch': 40.42}
{'loss': 0.002, 'learning_rate': 0.0002964071856287425, 'epoch': 40.72}
{'loss': 0.0019, 'learning_rate': 0.0002949101796407186, 'epoch': 41.02}
{'loss': 0.0014, 'learning_rate': 0.0002934131736526946, 'epoch': 41.32}
{'loss': 0.0018, 'learning_rate': 0.00029191616766467064, 'epoch': 41.62}
{'loss': 0.0025, 'learning_rate': 0.0002904191616766467, 'epoch': 41.92}
{'loss': 0.0023, 'learning_rate': 0.00028892215568862274, 'epoch': 42.22}
{'loss': 0.0016, 'learning_rate': 0.0002874251497005988, 'epoch': 42.51}
{'loss': 0.0019, 'learning_rate': 0.00028592814371257484, 'epoch': 42.81}
{'loss': 0.0016, 'learning_rate': 0.0002844311377245509, 'epoch': 43.11}
{'loss': 0.0024, 'learning_rate': 0.00028293413173652695, 'epoch': 43.41}
{'loss': 0.0021, 'learning_rate': 0.000281437125748503, 'epoch': 43.71}
{'loss': 0.0016, 'learning_rate': 0.00027994011976047905, 'epoch': 44.01}
{'loss': 0.0012, 'learning_rate': 0.00027844311377245507, 'epoch': 44.31}
{'loss': 0.0016, 'learning_rate': 0.00027694610778443115, 'epoch': 44.61}
{'loss': 0.0016, 'learning_rate': 0.00027544910179640717, 'epoch': 44.91}
{'loss': 0.0013, 'learning_rate': 0.00027395209580838325, 'epoch': 45.21}
{'loss': 0.0011, 'learning_rate': 0.00027245508982035927, 'epoch': 45.51}
{'loss': 0.0015, 'learning_rate': 0.00027095808383233535, 'epoch': 45.81}
{'loss': 0.0032, 'learning_rate': 0.0002694610778443114, 'epoch': 46.11}
{'loss': 0.0016, 'learning_rate': 0.0002679640718562874, 'epoch': 46.41}
{'loss': 0.0011, 'learning_rate': 0.0002664670658682635, 'epoch': 46.71}
{'loss': 0.0011, 'learning_rate': 0.00026497005988023955, 'epoch': 47.01}
{'loss': 0.0012, 'learning_rate': 0.0002634730538922156, 'epoch': 47.31}
{'loss': 0.0013, 'learning_rate': 0.0002619760479041916, 'epoch': 47.6}
{'loss': 0.0016, 'learning_rate': 0.0002604790419161677, 'epoch': 47.9}
{'loss': 0.0015, 'learning_rate': 0.00025898203592814376, 'epoch': 48.2}
{'loss': 0.0016, 'learning_rate': 0.0002574850299401197, 'epoch': 48.5}
{'loss': 0.0013, 'learning_rate': 0.0002559880239520958, 'epoch': 48.8}
{'loss': 0.0015, 'learning_rate': 0.0002544910179640719, 'epoch': 49.1}
{'loss': 0.0009, 'learning_rate': 0.00025299401197604796, 'epoch': 49.4}
{'loss': 0.0009, 'learning_rate': 0.00025149700598802393, 'epoch': 49.7}
{'loss': 0.0012, 'learning_rate': 0.00025, 'epoch': 50.0}
{'loss': 0.0009, 'learning_rate': 0.00024850299401197603, 'epoch': 50.3}
{'loss': 0.0009, 'learning_rate': 0.0002470059880239521, 'epoch': 50.6}
{'loss': 0.001, 'learning_rate': 0.00024550898203592813, 'epoch': 50.9}
{'loss': 0.0015, 'learning_rate': 0.0002440119760479042, 'epoch': 51.2}
{'loss': 0.0012, 'learning_rate': 0.00024251497005988023, 'epoch': 51.5}
{'loss': 0.001, 'learning_rate': 0.0002410179640718563, 'epoch': 51.8}
{'loss': 0.0016, 'learning_rate': 0.00023952095808383233, 'epoch': 52.1}
{'loss': 0.0013, 'learning_rate': 0.00023802395209580838, 'epoch': 52.4}
{'loss': 0.0018, 'learning_rate': 0.00023652694610778443, 'epoch': 52.69}
{'loss': 0.0013, 'learning_rate': 0.00023502994011976048, 'epoch': 52.99}
{'loss': 0.001, 'learning_rate': 0.00023353293413173654, 'epoch': 53.29}
{'loss': 0.0014, 'learning_rate': 0.00023203592814371259, 'epoch': 53.59}
{'loss': 0.0011, 'learning_rate': 0.00023053892215568864, 'epoch': 53.89}
{'loss': 0.0009, 'learning_rate': 0.0002290419161676647, 'epoch': 54.19}
{'loss': 0.001, 'learning_rate': 0.0002275449101796407, 'epoch': 54.49}
{'loss': 0.0008, 'learning_rate': 0.0002260479041916168, 'epoch': 54.79}
{'loss': 0.0009, 'learning_rate': 0.0002245508982035928, 'epoch': 55.09}
{'loss': 0.0011, 'learning_rate': 0.0002230538922155689, 'epoch': 55.39}
{'loss': 0.0009, 'learning_rate': 0.0002215568862275449, 'epoch': 55.69}
{'loss': 0.0009, 'learning_rate': 0.00022005988023952096, 'epoch': 55.99}
{'loss': 0.0009, 'learning_rate': 0.00021856287425149701, 'epoch': 56.29}
{'loss': 0.0007, 'learning_rate': 0.00021706586826347304, 'epoch': 56.59}
{'loss': 0.0009, 'learning_rate': 0.00021556886227544912, 'epoch': 56.89}
{'loss': 0.001, 'learning_rate': 0.00021407185628742514, 'epoch': 57.19}
{'loss': 0.0009, 'learning_rate': 0.00021257485029940122, 'epoch': 57.49}
{'loss': 0.0009, 'learning_rate': 0.00021107784431137724, 'epoch': 57.78}
{'loss': 0.0007, 'learning_rate': 0.0002095808383233533, 'epoch': 58.08}
{'loss': 0.001, 'learning_rate': 0.00020808383233532934, 'epoch': 58.38}
{'loss': 0.001, 'learning_rate': 0.0002065868263473054, 'epoch': 58.68}
{'loss': 0.0011, 'learning_rate': 0.00020508982035928144, 'epoch': 58.98}
{'loss': 0.0008, 'learning_rate': 0.0002035928143712575, 'epoch': 59.28}
{'loss': 0.0007, 'learning_rate': 0.00020209580838323354, 'epoch': 59.58}
{'loss': 0.0008, 'learning_rate': 0.0002005988023952096, 'epoch': 59.88}
{'loss': 0.0005, 'learning_rate': 0.00019910179640718562, 'epoch': 60.18}
{'loss': 0.0009, 'learning_rate': 0.0001976047904191617, 'epoch': 60.48}
{'loss': 0.0005, 'learning_rate': 0.00019610778443113772, 'epoch': 60.78}
{'loss': 0.0006, 'learning_rate': 0.0001946107784431138, 'epoch': 61.08}
{'loss': 0.0005, 'learning_rate': 0.00019311377245508982, 'epoch': 61.38}
{'loss': 0.0009, 'learning_rate': 0.00019161676646706587, 'epoch': 61.68}
{'loss': 0.0008, 'learning_rate': 0.00019011976047904192, 'epoch': 61.98}
{'loss': 0.0005, 'learning_rate': 0.00018862275449101795, 'epoch': 62.28}
{'loss': 0.0006, 'learning_rate': 0.00018712574850299402, 'epoch': 62.57}
{'loss': 0.0007, 'learning_rate': 0.00018562874251497005, 'epoch': 62.87}
{'loss': 0.0009, 'learning_rate': 0.00018413173652694612, 'epoch': 63.17}
{'loss': 0.0006, 'learning_rate': 0.00018263473053892215, 'epoch': 63.47}
{'loss': 0.0005, 'learning_rate': 0.00018113772455089823, 'epoch': 63.77}
{'loss': 0.0005, 'learning_rate': 0.00017964071856287425, 'epoch': 64.07}
{'loss': 0.0005, 'learning_rate': 0.0001781437125748503, 'epoch': 64.37}
{'loss': 0.0006, 'learning_rate': 0.00017664670658682635, 'epoch': 64.67}
{'loss': 0.0004, 'learning_rate': 0.0001751497005988024, 'epoch': 64.97}
{'loss': 0.0006, 'learning_rate': 0.00017365269461077845, 'epoch': 65.27}
{'loss': 0.0006, 'learning_rate': 0.0001721556886227545, 'epoch': 65.57}
{'loss': 0.0005, 'learning_rate': 0.00017065868263473055, 'epoch': 65.87}
{'loss': 0.0006, 'learning_rate': 0.0001691616766467066, 'epoch': 66.17}
{'loss': 0.0007, 'learning_rate': 0.00016766467065868263, 'epoch': 66.47}
{'loss': 0.0006, 'learning_rate': 0.00016616766467065868, 'epoch': 66.77}
{'loss': 0.0007, 'learning_rate': 0.00016467065868263473, 'epoch': 67.07}
{'loss': 0.0005, 'learning_rate': 0.00016317365269461078, 'epoch': 67.37}
{'loss': 0.0004, 'learning_rate': 0.00016167664670658683, 'epoch': 67.66}
{'loss': 0.0005, 'learning_rate': 0.00016017964071856288, 'epoch': 67.96}
{'loss': 0.0005, 'learning_rate': 0.00015868263473053893, 'epoch': 68.26}
{'loss': 0.0006, 'learning_rate': 0.00015718562874251495, 'epoch': 68.56}
{'loss': 0.0006, 'learning_rate': 0.00015568862275449103, 'epoch': 68.86}
{'loss': 0.0003, 'learning_rate': 0.00015419161676646706, 'epoch': 69.16}
{'loss': 0.0005, 'learning_rate': 0.00015269461077844313, 'epoch': 69.46}
{'loss': 0.0006, 'learning_rate': 0.00015119760479041916, 'epoch': 69.76}
{'loss': 0.0003, 'learning_rate': 0.0001497005988023952, 'epoch': 70.06}
{'loss': 0.0005, 'learning_rate': 0.00014820359281437126, 'epoch': 70.36}
{'loss': 0.0004, 'learning_rate': 0.0001467065868263473, 'epoch': 70.66}
{'loss': 0.0006, 'learning_rate': 0.00014520958083832336, 'epoch': 70.96}
{'loss': 0.0004, 'learning_rate': 0.0001437125748502994, 'epoch': 71.26}
{'loss': 0.0004, 'learning_rate': 0.00014221556886227546, 'epoch': 71.56}
{'loss': 0.0006, 'learning_rate': 0.0001407185628742515, 'epoch': 71.86}
{'loss': 0.0005, 'learning_rate': 0.00013922155688622754, 'epoch': 72.16}
{'loss': 0.0006, 'learning_rate': 0.00013772455089820359, 'epoch': 72.46}
{'loss': 0.0007, 'learning_rate': 0.00013622754491017964, 'epoch': 72.75}
{'loss': 0.0005, 'learning_rate': 0.0001347305389221557, 'epoch': 73.05}
{'loss': 0.0003, 'learning_rate': 0.00013323353293413174, 'epoch': 73.35}
{'loss': 0.0007, 'learning_rate': 0.0001317365269461078, 'epoch': 73.65}
{'loss': 0.0004, 'learning_rate': 0.00013023952095808384, 'epoch': 73.95}
{'loss': 0.0003, 'learning_rate': 0.00012874251497005986, 'epoch': 74.25}
{'loss': 0.0003, 'learning_rate': 0.00012724550898203594, 'epoch': 74.55}
{'loss': 0.0006, 'learning_rate': 0.00012574850299401196, 'epoch': 74.85}
{'loss': 0.0004, 'learning_rate': 0.00012425149700598801, 'epoch': 75.15}
{'loss': 0.0003, 'learning_rate': 0.00012275449101796406, 'epoch': 75.45}
{'loss': 0.0006, 'learning_rate': 0.00012125748502994012, 'epoch': 75.75}
{'loss': 0.0003, 'learning_rate': 0.00011976047904191617, 'epoch': 76.05}
{'loss': 0.0004, 'learning_rate': 0.00011826347305389222, 'epoch': 76.35}
{'loss': 0.0004, 'learning_rate': 0.00011676646706586827, 'epoch': 76.65}
{'loss': 0.0006, 'learning_rate': 0.00011526946107784432, 'epoch': 76.95}
{'loss': 0.0004, 'learning_rate': 0.00011377245508982036, 'epoch': 77.25}
{'loss': 0.0003, 'learning_rate': 0.0001122754491017964, 'epoch': 77.54}
{'loss': 0.0002, 'learning_rate': 0.00011077844311377246, 'epoch': 77.84}
{'loss': 0.0003, 'learning_rate': 0.00010928143712574851, 'epoch': 78.14}
{'loss': 0.0004, 'learning_rate': 0.00010778443113772456, 'epoch': 78.44}
{'loss': 0.0002, 'learning_rate': 0.00010628742514970061, 'epoch': 78.74}
{'loss': 0.0004, 'learning_rate': 0.00010479041916167665, 'epoch': 79.04}
{'loss': 0.0003, 'learning_rate': 0.0001032934131736527, 'epoch': 79.34}
{'loss': 0.0004, 'learning_rate': 0.00010179640718562875, 'epoch': 79.64}
{'loss': 0.0004, 'learning_rate': 0.0001002994011976048, 'epoch': 79.94}
{'loss': 0.0004, 'learning_rate': 9.880239520958085e-05, 'epoch': 80.24}
{'loss': 0.0004, 'learning_rate': 9.73053892215569e-05, 'epoch': 80.54}
{'loss': 0.0004, 'learning_rate': 9.580838323353294e-05, 'epoch': 80.84}
{'loss': 0.0002, 'learning_rate': 9.431137724550897e-05, 'epoch': 81.14}
{'loss': 0.0002, 'learning_rate': 9.281437125748502e-05, 'epoch': 81.44}
{'loss': 0.0002, 'learning_rate': 9.131736526946107e-05, 'epoch': 81.74}
{'loss': 0.0003, 'learning_rate': 8.982035928143712e-05, 'epoch': 82.04}
{'loss': 0.0004, 'learning_rate': 8.832335329341318e-05, 'epoch': 82.34}
{'loss': 0.0002, 'learning_rate': 8.682634730538923e-05, 'epoch': 82.63}
{'loss': 0.0003, 'learning_rate': 8.532934131736528e-05, 'epoch': 82.93}
{'loss': 0.0002, 'learning_rate': 8.383233532934131e-05, 'epoch': 83.23}
{'loss': 0.0003, 'learning_rate': 8.233532934131736e-05, 'epoch': 83.53}
{'loss': 0.0003, 'learning_rate': 8.083832335329341e-05, 'epoch': 83.83}
{'loss': 0.0001, 'learning_rate': 7.934131736526947e-05, 'epoch': 84.13}
{'loss': 0.0002, 'learning_rate': 7.784431137724552e-05, 'epoch': 84.43}
{'loss': 0.0002, 'learning_rate': 7.634730538922157e-05, 'epoch': 84.73}
{'loss': 0.0003, 'learning_rate': 7.48502994011976e-05, 'epoch': 85.03}
{'loss': 0.0002, 'learning_rate': 7.335329341317365e-05, 'epoch': 85.33}
{'loss': 0.0001, 'learning_rate': 7.18562874251497e-05, 'epoch': 85.63}
{'loss': 0.0002, 'learning_rate': 7.035928143712576e-05, 'epoch': 85.93}
{'loss': 0.0001, 'learning_rate': 6.886227544910179e-05, 'epoch': 86.23}
{'loss': 0.0002, 'learning_rate': 6.736526946107784e-05, 'epoch': 86.53}
{'loss': 0.0003, 'learning_rate': 6.58682634730539e-05, 'epoch': 86.83}
{'loss': 0.0002, 'learning_rate': 6.437125748502993e-05, 'epoch': 87.13}
{'loss': 0.0002, 'learning_rate': 6.287425149700598e-05, 'epoch': 87.43}
{'loss': 0.0003, 'learning_rate': 6.137724550898203e-05, 'epoch': 87.72}
{'loss': 0.0001, 'learning_rate': 5.988023952095808e-05, 'epoch': 88.02}
{'loss': 0.0001, 'learning_rate': 5.8383233532934134e-05, 'epoch': 88.32}
{'loss': 0.0002, 'learning_rate': 5.688622754491018e-05, 'epoch': 88.62}
{'loss': 0.0001, 'learning_rate': 5.538922155688623e-05, 'epoch': 88.92}
{'loss': 0.0001, 'learning_rate': 5.389221556886228e-05, 'epoch': 89.22}
{'loss': 0.0001, 'learning_rate': 5.239520958083832e-05, 'epoch': 89.52}
{'loss': 0.0002, 'learning_rate': 5.089820359281437e-05, 'epoch': 89.82}
{'loss': 0.0001, 'learning_rate': 4.9401197604790424e-05, 'epoch': 90.12}
{'loss': 0.0001, 'learning_rate': 4.790419161676647e-05, 'epoch': 90.42}
{'loss': 0.0001, 'learning_rate': 4.640718562874251e-05, 'epoch': 90.72}
{'loss': 0.0001, 'learning_rate': 4.491017964071856e-05, 'epoch': 91.02}
{'loss': 0.0001, 'learning_rate': 4.341317365269461e-05, 'epoch': 91.32}
{'loss': 0.0001, 'learning_rate': 4.191616766467066e-05, 'epoch': 91.62}
{'loss': 0.0001, 'learning_rate': 4.041916167664671e-05, 'epoch': 91.92}
{'loss': 0.0001, 'learning_rate': 3.892215568862276e-05, 'epoch': 92.22}
{'loss': 0.0003, 'learning_rate': 3.74251497005988e-05, 'epoch': 92.51}
{'loss': 0.0001, 'learning_rate': 3.592814371257485e-05, 'epoch': 92.81}
{'loss': 0.0002, 'learning_rate': 3.4431137724550896e-05, 'epoch': 93.11}
{'loss': 0.0001, 'learning_rate': 3.293413173652695e-05, 'epoch': 93.41}
{'loss': 0.0001, 'learning_rate': 3.143712574850299e-05, 'epoch': 93.71}
{'loss': 0.0002, 'learning_rate': 2.994011976047904e-05, 'epoch': 94.01}
{'loss': 0.0001, 'learning_rate': 2.844311377245509e-05, 'epoch': 94.31}
{'loss': 0.0001, 'learning_rate': 2.694610778443114e-05, 'epoch': 94.61}
{'loss': 0.0001, 'learning_rate': 2.5449101796407187e-05, 'epoch': 94.91}
{'loss': 0.0002, 'learning_rate': 2.3952095808383234e-05, 'epoch': 95.21}
{'loss': 0.0001, 'learning_rate': 2.245508982035928e-05, 'epoch': 95.51}
{'loss': 0.0001, 'learning_rate': 2.095808383233533e-05, 'epoch': 95.81}
{'loss': 0.0001, 'learning_rate': 1.946107784431138e-05, 'epoch': 96.11}
{'loss': 0.0001, 'learning_rate': 1.7964071856287426e-05, 'epoch': 96.41}
{'loss': 0.0001, 'learning_rate': 1.6467065868263474e-05, 'epoch': 96.71}
{'loss': 0.0001, 'learning_rate': 1.497005988023952e-05, 'epoch': 97.01}
{'loss': 0.0001, 'learning_rate': 1.347305389221557e-05, 'epoch': 97.31}
{'loss': 0.0001, 'learning_rate': 1.1976047904191617e-05, 'epoch': 97.6}
{'loss': 0.0001, 'learning_rate': 1.0479041916167664e-05, 'epoch': 97.9}
{'loss': 0.0001, 'learning_rate': 8.982035928143713e-06, 'epoch': 98.2}
{'loss': 0.0001, 'learning_rate': 7.48502994011976e-06, 'epoch': 98.5}
{'loss': 0.0001, 'learning_rate': 5.9880239520958085e-06, 'epoch': 98.8}
{'loss': 0.0001, 'learning_rate': 4.4910179640718566e-06, 'epoch': 99.1}
{'loss': 0.0001, 'learning_rate': 2.9940119760479042e-06, 'epoch': 99.4}
{'loss': 0.0001, 'learning_rate': 1.4970059880239521e-06, 'epoch': 99.7}
{'loss': 0.0001, 'learning_rate': 0.0, 'epoch': 100.0}
{'train_runtime': 21357.1329, 'train_samples_per_second': 6.256, 'train_steps_per_second': 1.564, 'train_loss': 0.004739114023148344, 'epoch': 100.0}
