Requirement already satisfied: transformers in /home/zc272/.conda/envs/TANL2/lib/python3.11/site-packages (4.31.0)
Requirement already satisfied: filelock in /home/zc272/.conda/envs/TANL2/lib/python3.11/site-packages (from transformers) (3.9.0)
Requirement already satisfied: huggingface-hub<1.0,>=0.14.1 in /home/zc272/.conda/envs/TANL2/lib/python3.11/site-packages (from transformers) (0.16.4)
Requirement already satisfied: numpy>=1.17 in /home/zc272/.conda/envs/TANL2/lib/python3.11/site-packages (from transformers) (1.25.2)
Requirement already satisfied: packaging>=20.0 in /home/zc272/.conda/envs/TANL2/lib/python3.11/site-packages (from transformers) (23.1)
Requirement already satisfied: pyyaml>=5.1 in /home/zc272/.conda/envs/TANL2/lib/python3.11/site-packages (from transformers) (6.0.1)
Requirement already satisfied: regex!=2019.12.17 in /home/zc272/.conda/envs/TANL2/lib/python3.11/site-packages (from transformers) (2023.6.3)
Requirement already satisfied: requests in /home/zc272/.conda/envs/TANL2/lib/python3.11/site-packages (from transformers) (2.31.0)
Requirement already satisfied: tokenizers!=0.11.3,<0.14,>=0.11.1 in /home/zc272/.conda/envs/TANL2/lib/python3.11/site-packages (from transformers) (0.13.3)
Requirement already satisfied: safetensors>=0.3.1 in /home/zc272/.conda/envs/TANL2/lib/python3.11/site-packages (from transformers) (0.3.2)
Requirement already satisfied: tqdm>=4.27 in /home/zc272/.conda/envs/TANL2/lib/python3.11/site-packages (from transformers) (4.65.1)
Requirement already satisfied: fsspec in /home/zc272/.conda/envs/TANL2/lib/python3.11/site-packages (from huggingface-hub<1.0,>=0.14.1->transformers) (2023.6.0)
Requirement already satisfied: typing-extensions>=3.7.4.3 in /home/zc272/.conda/envs/TANL2/lib/python3.11/site-packages (from huggingface-hub<1.0,>=0.14.1->transformers) (4.7.1)
Requirement already satisfied: charset-normalizer<4,>=2 in /home/zc272/.conda/envs/TANL2/lib/python3.11/site-packages (from requests->transformers) (2.0.4)
Requirement already satisfied: idna<4,>=2.5 in /home/zc272/.conda/envs/TANL2/lib/python3.11/site-packages (from requests->transformers) (3.4)
Requirement already satisfied: urllib3<3,>=1.21.1 in /home/zc272/.conda/envs/TANL2/lib/python3.11/site-packages (from requests->transformers) (1.26.16)
Requirement already satisfied: certifi>=2017.4.17 in /home/zc272/.conda/envs/TANL2/lib/python3.11/site-packages (from requests->transformers) (2023.7.22)
Requirement already satisfied: scipy in /home/zc272/.conda/envs/TANL2/lib/python3.11/site-packages (1.11.1)
Requirement already satisfied: numpy<1.28.0,>=1.21.6 in /home/zc272/.conda/envs/TANL2/lib/python3.11/site-packages (from scipy) (1.25.2)
Requirement already satisfied: accelerate in /home/zc272/.conda/envs/TANL2/lib/python3.11/site-packages (0.21.0)
Requirement already satisfied: numpy>=1.17 in /home/zc272/.conda/envs/TANL2/lib/python3.11/site-packages (from accelerate) (1.25.2)
Requirement already satisfied: packaging>=20.0 in /home/zc272/.conda/envs/TANL2/lib/python3.11/site-packages (from accelerate) (23.1)
Requirement already satisfied: psutil in /home/zc272/.conda/envs/TANL2/lib/python3.11/site-packages (from accelerate) (5.9.5)
Requirement already satisfied: pyyaml in /home/zc272/.conda/envs/TANL2/lib/python3.11/site-packages (from accelerate) (6.0.1)
Requirement already satisfied: torch>=1.10.0 in /home/zc272/.conda/envs/TANL2/lib/python3.11/site-packages (from accelerate) (2.0.1)
Requirement already satisfied: filelock in /home/zc272/.conda/envs/TANL2/lib/python3.11/site-packages (from torch>=1.10.0->accelerate) (3.9.0)
Requirement already satisfied: typing-extensions in /home/zc272/.conda/envs/TANL2/lib/python3.11/site-packages (from torch>=1.10.0->accelerate) (4.7.1)
Requirement already satisfied: sympy in /home/zc272/.conda/envs/TANL2/lib/python3.11/site-packages (from torch>=1.10.0->accelerate) (1.11.1)
Requirement already satisfied: networkx in /home/zc272/.conda/envs/TANL2/lib/python3.11/site-packages (from torch>=1.10.0->accelerate) (3.1)
Requirement already satisfied: jinja2 in /home/zc272/.conda/envs/TANL2/lib/python3.11/site-packages (from torch>=1.10.0->accelerate) (3.1.2)
Requirement already satisfied: MarkupSafe>=2.0 in /home/zc272/.conda/envs/TANL2/lib/python3.11/site-packages (from jinja2->torch>=1.10.0->accelerate) (2.1.1)
Requirement already satisfied: mpmath>=0.19 in /home/zc272/.conda/envs/TANL2/lib/python3.11/site-packages (from sympy->torch>=1.10.0->accelerate) (1.3.0)

{'loss': 0.4255, 'learning_rate': 0.000499177090190915, 'epoch': 0.46}
{'loss': 0.0546, 'learning_rate': 0.0004983541803818301, 'epoch': 0.92}
{'loss': 0.0436, 'learning_rate': 0.0004975312705727453, 'epoch': 1.38}
{'loss': 0.0426, 'learning_rate': 0.0004967083607636604, 'epoch': 1.84}
{'loss': 0.0338, 'learning_rate': 0.0004958854509545754, 'epoch': 2.3}
{'loss': 0.0324, 'learning_rate': 0.0004950625411454905, 'epoch': 2.76}
{'loss': 0.0241, 'learning_rate': 0.0004942396313364055, 'epoch': 3.23}
{'loss': 0.0236, 'learning_rate': 0.0004934167215273206, 'epoch': 3.69}
{'loss': 0.0224, 'learning_rate': 0.0004925938117182357, 'epoch': 4.15}
{'loss': 0.0196, 'learning_rate': 0.0004917709019091508, 'epoch': 4.61}
{'loss': 0.0219, 'learning_rate': 0.0004909479921000659, 'epoch': 5.07}
{'loss': 0.0173, 'learning_rate': 0.0004901250822909809, 'epoch': 5.53}
{'loss': 0.0166, 'learning_rate': 0.000489302172481896, 'epoch': 5.99}
{'loss': 0.0141, 'learning_rate': 0.000488479262672811, 'epoch': 6.45}
{'loss': 0.016, 'learning_rate': 0.0004876563528637262, 'epoch': 6.91}
{'loss': 0.0137, 'learning_rate': 0.0004868334430546412, 'epoch': 7.37}
{'loss': 0.013, 'learning_rate': 0.00048601053324555626, 'epoch': 7.83}
{'loss': 0.014, 'learning_rate': 0.0004851876234364714, 'epoch': 8.29}
{'loss': 0.0145, 'learning_rate': 0.00048436471362738644, 'epoch': 8.76}
{'loss': 0.0137, 'learning_rate': 0.00048354180381830156, 'epoch': 9.22}
{'loss': 0.013, 'learning_rate': 0.0004827188940092166, 'epoch': 9.68}
{'loss': 0.0123, 'learning_rate': 0.0004818959842001317, 'epoch': 10.14}
{'loss': 0.0114, 'learning_rate': 0.00048107307439104676, 'epoch': 10.6}
{'loss': 0.0138, 'learning_rate': 0.0004802501645819618, 'epoch': 11.06}
{'loss': 0.0113, 'learning_rate': 0.0004794272547728769, 'epoch': 11.52}
{'loss': 0.0108, 'learning_rate': 0.00047860434496379195, 'epoch': 11.98}
{'loss': 0.0087, 'learning_rate': 0.00047778143515470707, 'epoch': 12.44}
{'loss': 0.0085, 'learning_rate': 0.00047695852534562213, 'epoch': 12.9}
{'loss': 0.0088, 'learning_rate': 0.00047613561553653725, 'epoch': 13.36}
{'loss': 0.0085, 'learning_rate': 0.00047531270572745226, 'epoch': 13.82}
{'loss': 0.0078, 'learning_rate': 0.0004744897959183674, 'epoch': 14.29}
{'loss': 0.0089, 'learning_rate': 0.00047366688610928244, 'epoch': 14.75}
{'loss': 0.0104, 'learning_rate': 0.0004728439763001975, 'epoch': 15.21}
{'loss': 0.0083, 'learning_rate': 0.00047202106649111257, 'epoch': 15.67}
{'loss': 0.008, 'learning_rate': 0.00047119815668202763, 'epoch': 16.13}
{'loss': 0.0093, 'learning_rate': 0.00047037524687294275, 'epoch': 16.59}
{'loss': 0.0087, 'learning_rate': 0.0004695523370638578, 'epoch': 17.05}
{'loss': 0.0077, 'learning_rate': 0.00046872942725477293, 'epoch': 17.51}
{'loss': 0.0094, 'learning_rate': 0.00046790651744568794, 'epoch': 17.97}
{'loss': 0.0075, 'learning_rate': 0.000467083607636603, 'epoch': 18.43}
{'loss': 0.0074, 'learning_rate': 0.0004662606978275181, 'epoch': 18.89}
{'loss': 0.0066, 'learning_rate': 0.0004654377880184332, 'epoch': 19.35}
{'loss': 0.0063, 'learning_rate': 0.00046461487820934825, 'epoch': 19.82}
{'loss': 0.0084, 'learning_rate': 0.0004637919684002633, 'epoch': 20.28}
{'loss': 0.0091, 'learning_rate': 0.00046296905859117844, 'epoch': 20.74}
{'loss': 0.0093, 'learning_rate': 0.0004621461487820935, 'epoch': 21.2}
{'loss': 0.0088, 'learning_rate': 0.00046132323897300856, 'epoch': 21.66}
{'loss': 0.0071, 'learning_rate': 0.00046050032916392363, 'epoch': 22.12}
{'loss': 0.0047, 'learning_rate': 0.0004596774193548387, 'epoch': 22.58}
{'loss': 0.0065, 'learning_rate': 0.0004588545095457538, 'epoch': 23.04}
{'loss': 0.0052, 'learning_rate': 0.0004580315997366689, 'epoch': 23.5}
{'loss': 0.0047, 'learning_rate': 0.00045720868992758394, 'epoch': 23.96}
{'loss': 0.005, 'learning_rate': 0.000456385780118499, 'epoch': 24.42}
{'loss': 0.0055, 'learning_rate': 0.0004555628703094141, 'epoch': 24.88}
{'loss': 0.0047, 'learning_rate': 0.0004547399605003292, 'epoch': 25.35}
{'loss': 0.004, 'learning_rate': 0.00045391705069124425, 'epoch': 25.81}
{'loss': 0.0049, 'learning_rate': 0.0004530941408821593, 'epoch': 26.27}
{'loss': 0.0059, 'learning_rate': 0.0004522712310730744, 'epoch': 26.73}
{'loss': 0.0045, 'learning_rate': 0.0004514483212639895, 'epoch': 27.19}
{'loss': 0.0043, 'learning_rate': 0.00045062541145490456, 'epoch': 27.65}
{'loss': 0.0056, 'learning_rate': 0.0004498025016458196, 'epoch': 28.11}
{'loss': 0.0052, 'learning_rate': 0.0004489795918367347, 'epoch': 28.57}
{'loss': 0.0054, 'learning_rate': 0.00044815668202764975, 'epoch': 29.03}
{'loss': 0.0042, 'learning_rate': 0.00044733377221856487, 'epoch': 29.49}
{'loss': 0.0047, 'learning_rate': 0.00044651086240947994, 'epoch': 29.95}
{'loss': 0.0033, 'learning_rate': 0.000445687952600395, 'epoch': 30.41}
{'loss': 0.0048, 'learning_rate': 0.00044486504279131006, 'epoch': 30.88}
{'loss': 0.0036, 'learning_rate': 0.0004440421329822252, 'epoch': 31.34}
{'loss': 0.005, 'learning_rate': 0.00044321922317314025, 'epoch': 31.8}
{'loss': 0.0041, 'learning_rate': 0.0004423963133640553, 'epoch': 32.26}
{'loss': 0.0041, 'learning_rate': 0.0004415734035549704, 'epoch': 32.72}
{'loss': 0.0038, 'learning_rate': 0.00044075049374588544, 'epoch': 33.18}
{'loss': 0.0033, 'learning_rate': 0.00043992758393680056, 'epoch': 33.64}
{'loss': 0.0048, 'learning_rate': 0.0004391046741277156, 'epoch': 34.1}
{'loss': 0.0065, 'learning_rate': 0.0004382817643186307, 'epoch': 34.56}
{'loss': 0.0048, 'learning_rate': 0.00043745885450954575, 'epoch': 35.02}
{'loss': 0.0038, 'learning_rate': 0.00043663594470046087, 'epoch': 35.48}
{'loss': 0.0053, 'learning_rate': 0.00043581303489137593, 'epoch': 35.94}
{'loss': 0.0034, 'learning_rate': 0.00043499012508229094, 'epoch': 36.41}
{'loss': 0.0038, 'learning_rate': 0.00043416721527320606, 'epoch': 36.87}
{'loss': 0.004, 'learning_rate': 0.0004333443054641211, 'epoch': 37.33}
{'loss': 0.0044, 'learning_rate': 0.00043252139565503624, 'epoch': 37.79}
{'loss': 0.0039, 'learning_rate': 0.0004316984858459513, 'epoch': 38.25}
{'loss': 0.0032, 'learning_rate': 0.00043087557603686637, 'epoch': 38.71}
{'loss': 0.0052, 'learning_rate': 0.00043005266622778143, 'epoch': 39.17}
{'loss': 0.0052, 'learning_rate': 0.0004292297564186965, 'epoch': 39.63}
{'loss': 0.0046, 'learning_rate': 0.0004284068466096116, 'epoch': 40.09}
{'loss': 0.0034, 'learning_rate': 0.0004275839368005266, 'epoch': 40.55}
{'loss': 0.0031, 'learning_rate': 0.00042676102699144174, 'epoch': 41.01}
{'loss': 0.0029, 'learning_rate': 0.0004259381171823568, 'epoch': 41.47}
{'loss': 0.0038, 'learning_rate': 0.0004251152073732719, 'epoch': 41.94}
{'loss': 0.0034, 'learning_rate': 0.000424292297564187, 'epoch': 42.4}
{'loss': 0.0025, 'learning_rate': 0.00042346938775510206, 'epoch': 42.86}
{'loss': 0.0028, 'learning_rate': 0.0004226464779460171, 'epoch': 43.32}
{'loss': 0.0032, 'learning_rate': 0.0004218235681369322, 'epoch': 43.78}
{'loss': 0.003, 'learning_rate': 0.0004210006583278473, 'epoch': 44.24}
{'loss': 0.0029, 'learning_rate': 0.0004201777485187623, 'epoch': 44.7}
{'loss': 0.0031, 'learning_rate': 0.00041935483870967743, 'epoch': 45.16}
{'loss': 0.0024, 'learning_rate': 0.0004185319289005925, 'epoch': 45.62}
{'loss': 0.0039, 'learning_rate': 0.0004177090190915076, 'epoch': 46.08}
{'loss': 0.0025, 'learning_rate': 0.0004168861092824227, 'epoch': 46.54}
{'loss': 0.0032, 'learning_rate': 0.0004160631994733377, 'epoch': 47.0}
{'loss': 0.0023, 'learning_rate': 0.0004152402896642528, 'epoch': 47.47}
{'loss': 0.003, 'learning_rate': 0.00041441737985516787, 'epoch': 47.93}
{'loss': 0.0028, 'learning_rate': 0.000413594470046083, 'epoch': 48.39}
{'loss': 0.0039, 'learning_rate': 0.000412771560236998, 'epoch': 48.85}
{'loss': 0.0027, 'learning_rate': 0.0004119486504279131, 'epoch': 49.31}
{'loss': 0.0031, 'learning_rate': 0.0004111257406188282, 'epoch': 49.77}
{'loss': 0.0031, 'learning_rate': 0.0004103028308097433, 'epoch': 50.23}
{'loss': 0.0022, 'learning_rate': 0.00040947992100065836, 'epoch': 50.69}
{'loss': 0.0017, 'learning_rate': 0.00040865701119157337, 'epoch': 51.15}
{'loss': 0.0016, 'learning_rate': 0.0004078341013824885, 'epoch': 51.61}
{'loss': 0.002, 'learning_rate': 0.00040701119157340355, 'epoch': 52.07}
{'loss': 0.0025, 'learning_rate': 0.00040618828176431867, 'epoch': 52.53}
{'loss': 0.0023, 'learning_rate': 0.0004053653719552337, 'epoch': 53.0}
{'loss': 0.0022, 'learning_rate': 0.0004045424621461488, 'epoch': 53.46}
{'loss': 0.0031, 'learning_rate': 0.00040371955233706386, 'epoch': 53.92}
{'loss': 0.0033, 'learning_rate': 0.00040289664252797893, 'epoch': 54.38}
{'loss': 0.0027, 'learning_rate': 0.00040207373271889405, 'epoch': 54.84}
{'loss': 0.0026, 'learning_rate': 0.00040125082290980906, 'epoch': 55.3}
{'loss': 0.0026, 'learning_rate': 0.0004004279131007242, 'epoch': 55.76}
{'loss': 0.0023, 'learning_rate': 0.00039960500329163924, 'epoch': 56.22}
{'loss': 0.003, 'learning_rate': 0.00039878209348255436, 'epoch': 56.68}
{'loss': 0.0033, 'learning_rate': 0.00039795918367346937, 'epoch': 57.14}
{'loss': 0.0021, 'learning_rate': 0.00039713627386438443, 'epoch': 57.6}
{'loss': 0.0024, 'learning_rate': 0.00039631336405529955, 'epoch': 58.06}
{'loss': 0.0025, 'learning_rate': 0.0003954904542462146, 'epoch': 58.53}
{'loss': 0.0026, 'learning_rate': 0.00039466754443712973, 'epoch': 58.99}
{'loss': 0.0031, 'learning_rate': 0.00039384463462804474, 'epoch': 59.45}
{'loss': 0.004, 'learning_rate': 0.00039302172481895986, 'epoch': 59.91}
{'loss': 0.0027, 'learning_rate': 0.0003921988150098749, 'epoch': 60.37}
{'loss': 0.0034, 'learning_rate': 0.00039137590520079004, 'epoch': 60.83}
{'loss': 0.0019, 'learning_rate': 0.00039055299539170505, 'epoch': 61.29}
{'loss': 0.0021, 'learning_rate': 0.0003897300855826201, 'epoch': 61.75}
{'loss': 0.0022, 'learning_rate': 0.00038890717577353523, 'epoch': 62.21}
{'loss': 0.002, 'learning_rate': 0.0003880842659644503, 'epoch': 62.67}
{'loss': 0.0016, 'learning_rate': 0.0003872613561553654, 'epoch': 63.13}
{'loss': 0.0016, 'learning_rate': 0.00038643844634628043, 'epoch': 63.59}
{'loss': 0.0021, 'learning_rate': 0.00038561553653719555, 'epoch': 64.06}
{'loss': 0.0021, 'learning_rate': 0.0003847926267281106, 'epoch': 64.52}
{'loss': 0.0018, 'learning_rate': 0.0003839697169190257, 'epoch': 64.98}
{'loss': 0.0014, 'learning_rate': 0.00038314680710994074, 'epoch': 65.44}
{'loss': 0.0024, 'learning_rate': 0.0003823238973008558, 'epoch': 65.9}
{'loss': 0.0019, 'learning_rate': 0.0003815009874917709, 'epoch': 66.36}
{'loss': 0.0021, 'learning_rate': 0.000380678077682686, 'epoch': 66.82}
{'loss': 0.0016, 'learning_rate': 0.0003798551678736011, 'epoch': 67.28}
{'loss': 0.0025, 'learning_rate': 0.0003790322580645161, 'epoch': 67.74}
{'loss': 0.0021, 'learning_rate': 0.00037820934825543123, 'epoch': 68.2}
{'loss': 0.0021, 'learning_rate': 0.0003773864384463463, 'epoch': 68.66}
{'loss': 0.0036, 'learning_rate': 0.00037656352863726136, 'epoch': 69.12}
{'loss': 0.0028, 'learning_rate': 0.0003757406188281765, 'epoch': 69.59}
{'loss': 0.0021, 'learning_rate': 0.0003749177090190915, 'epoch': 70.05}
{'loss': 0.0018, 'learning_rate': 0.0003740947992100066, 'epoch': 70.51}
{'loss': 0.0022, 'learning_rate': 0.00037327188940092167, 'epoch': 70.97}
{'loss': 0.002, 'learning_rate': 0.0003724489795918368, 'epoch': 71.43}
{'loss': 0.0019, 'learning_rate': 0.0003716260697827518, 'epoch': 71.89}
{'loss': 0.0015, 'learning_rate': 0.00037080315997366686, 'epoch': 72.35}
{'loss': 0.0012, 'learning_rate': 0.000369980250164582, 'epoch': 72.81}
{'loss': 0.0016, 'learning_rate': 0.00036915734035549704, 'epoch': 73.27}
{'loss': 0.0013, 'learning_rate': 0.00036833443054641216, 'epoch': 73.73}
{'loss': 0.0013, 'learning_rate': 0.00036751152073732717, 'epoch': 74.19}
{'loss': 0.0019, 'learning_rate': 0.0003666886109282423, 'epoch': 74.65}
{'loss': 0.0016, 'learning_rate': 0.00036586570111915735, 'epoch': 75.12}
{'loss': 0.0023, 'learning_rate': 0.0003650427913100724, 'epoch': 75.58}
{'loss': 0.0021, 'learning_rate': 0.0003642198815009875, 'epoch': 76.04}
{'loss': 0.0016, 'learning_rate': 0.00036339697169190255, 'epoch': 76.5}
{'loss': 0.0015, 'learning_rate': 0.00036257406188281767, 'epoch': 76.96}
{'loss': 0.0014, 'learning_rate': 0.00036175115207373273, 'epoch': 77.42}
{'loss': 0.002, 'learning_rate': 0.00036092824226464785, 'epoch': 77.88}
{'loss': 0.0024, 'learning_rate': 0.00036010533245556286, 'epoch': 78.34}
{'loss': 0.0014, 'learning_rate': 0.000359282422646478, 'epoch': 78.8}
{'loss': 0.0009, 'learning_rate': 0.00035845951283739304, 'epoch': 79.26}
{'loss': 0.0023, 'learning_rate': 0.0003576366030283081, 'epoch': 79.72}
{'loss': 0.003, 'learning_rate': 0.00035681369321922317, 'epoch': 80.18}
{'loss': 0.002, 'learning_rate': 0.00035599078341013823, 'epoch': 80.65}
{'loss': 0.0024, 'learning_rate': 0.00035516787360105335, 'epoch': 81.11}
{'loss': 0.0017, 'learning_rate': 0.0003543449637919684, 'epoch': 81.57}
{'loss': 0.0015, 'learning_rate': 0.00035352205398288353, 'epoch': 82.03}
{'loss': 0.0018, 'learning_rate': 0.00035269914417379854, 'epoch': 82.49}
{'loss': 0.0014, 'learning_rate': 0.0003518762343647136, 'epoch': 82.95}
{'loss': 0.0013, 'learning_rate': 0.0003510533245556287, 'epoch': 83.41}
{'loss': 0.0016, 'learning_rate': 0.0003502304147465438, 'epoch': 83.87}
{'loss': 0.0018, 'learning_rate': 0.00034940750493745885, 'epoch': 84.33}
{'loss': 0.0013, 'learning_rate': 0.0003485845951283739, 'epoch': 84.79}
{'loss': 0.0027, 'learning_rate': 0.00034776168531928904, 'epoch': 85.25}
{'loss': 0.0019, 'learning_rate': 0.0003469387755102041, 'epoch': 85.71}
{'loss': 0.0017, 'learning_rate': 0.00034611586570111916, 'epoch': 86.18}
{'loss': 0.0016, 'learning_rate': 0.00034529295589203423, 'epoch': 86.64}
{'loss': 0.0016, 'learning_rate': 0.0003444700460829493, 'epoch': 87.1}
{'loss': 0.0014, 'learning_rate': 0.0003436471362738644, 'epoch': 87.56}
{'loss': 0.0022, 'learning_rate': 0.0003428242264647795, 'epoch': 88.02}
{'loss': 0.0011, 'learning_rate': 0.00034200131665569454, 'epoch': 88.48}
{'loss': 0.0016, 'learning_rate': 0.0003411784068466096, 'epoch': 88.94}
{'loss': 0.001, 'learning_rate': 0.0003403554970375247, 'epoch': 89.4}
{'loss': 0.001, 'learning_rate': 0.0003395325872284398, 'epoch': 89.86}
{'loss': 0.0011, 'learning_rate': 0.00033870967741935485, 'epoch': 90.32}
{'loss': 0.0014, 'learning_rate': 0.0003378867676102699, 'epoch': 90.78}
{'loss': 0.0007, 'learning_rate': 0.000337063857801185, 'epoch': 91.24}
{'loss': 0.0011, 'learning_rate': 0.0003362409479921001, 'epoch': 91.71}
{'loss': 0.0011, 'learning_rate': 0.00033541803818301516, 'epoch': 92.17}
{'loss': 0.0012, 'learning_rate': 0.0003345951283739302, 'epoch': 92.63}
{'loss': 0.0008, 'learning_rate': 0.0003337722185648453, 'epoch': 93.09}
{'loss': 0.0007, 'learning_rate': 0.00033294930875576035, 'epoch': 93.55}
{'loss': 0.001, 'learning_rate': 0.00033212639894667547, 'epoch': 94.01}
{'loss': 0.0008, 'learning_rate': 0.00033130348913759053, 'epoch': 94.47}
{'loss': 0.0011, 'learning_rate': 0.0003304805793285056, 'epoch': 94.93}
{'loss': 0.0012, 'learning_rate': 0.00032965766951942066, 'epoch': 95.39}
{'loss': 0.0014, 'learning_rate': 0.0003288347597103358, 'epoch': 95.85}
{'loss': 0.0008, 'learning_rate': 0.00032801184990125085, 'epoch': 96.31}
{'loss': 0.0011, 'learning_rate': 0.0003271889400921659, 'epoch': 96.77}
{'loss': 0.0009, 'learning_rate': 0.000326366030283081, 'epoch': 97.24}
{'loss': 0.0013, 'learning_rate': 0.00032554312047399604, 'epoch': 97.7}
{'loss': 0.0009, 'learning_rate': 0.00032472021066491116, 'epoch': 98.16}
{'loss': 0.0015, 'learning_rate': 0.0003238973008558262, 'epoch': 98.62}
{'loss': 0.0019, 'learning_rate': 0.0003230743910467413, 'epoch': 99.08}
{'loss': 0.0016, 'learning_rate': 0.00032225148123765635, 'epoch': 99.54}
{'loss': 0.0021, 'learning_rate': 0.00032142857142857147, 'epoch': 100.0}
{'loss': 0.0019, 'learning_rate': 0.00032060566161948653, 'epoch': 100.46}
{'loss': 0.0015, 'learning_rate': 0.00031978275181040154, 'epoch': 100.92}
{'loss': 0.0015, 'learning_rate': 0.00031895984200131666, 'epoch': 101.38}
{'loss': 0.0016, 'learning_rate': 0.0003181369321922317, 'epoch': 101.84}
{'loss': 0.0013, 'learning_rate': 0.00031731402238314684, 'epoch': 102.3}
{'loss': 0.0015, 'learning_rate': 0.0003164911125740619, 'epoch': 102.76}
{'loss': 0.0011, 'learning_rate': 0.00031566820276497697, 'epoch': 103.23}
{'loss': 0.001, 'learning_rate': 0.00031484529295589203, 'epoch': 103.69}
{'loss': 0.0011, 'learning_rate': 0.0003140223831468071, 'epoch': 104.15}
{'loss': 0.0012, 'learning_rate': 0.0003131994733377222, 'epoch': 104.61}
{'loss': 0.0011, 'learning_rate': 0.0003123765635286372, 'epoch': 105.07}
{'loss': 0.0008, 'learning_rate': 0.00031155365371955234, 'epoch': 105.53}
{'loss': 0.0009, 'learning_rate': 0.0003107307439104674, 'epoch': 105.99}
{'loss': 0.0005, 'learning_rate': 0.0003099078341013825, 'epoch': 106.45}
{'loss': 0.0012, 'learning_rate': 0.0003090849242922976, 'epoch': 106.91}
{'loss': 0.0011, 'learning_rate': 0.00030826201448321265, 'epoch': 107.37}
{'loss': 0.001, 'learning_rate': 0.0003074391046741277, 'epoch': 107.83}
{'loss': 0.0009, 'learning_rate': 0.0003066161948650428, 'epoch': 108.29}
{'loss': 0.001, 'learning_rate': 0.0003057932850559579, 'epoch': 108.76}
{'loss': 0.0011, 'learning_rate': 0.0003049703752468729, 'epoch': 109.22}
{'loss': 0.0015, 'learning_rate': 0.00030414746543778803, 'epoch': 109.68}
{'loss': 0.0014, 'learning_rate': 0.0003033245556287031, 'epoch': 110.14}
{'loss': 0.0008, 'learning_rate': 0.0003025016458196182, 'epoch': 110.6}
{'loss': 0.0009, 'learning_rate': 0.0003016787360105333, 'epoch': 111.06}
{'loss': 0.0012, 'learning_rate': 0.0003008558262014483, 'epoch': 111.52}
{'loss': 0.0011, 'learning_rate': 0.0003000329163923634, 'epoch': 111.98}
{'loss': 0.001, 'learning_rate': 0.00029921000658327847, 'epoch': 112.44}
{'loss': 0.0008, 'learning_rate': 0.0002983870967741936, 'epoch': 112.9}
{'loss': 0.0017, 'learning_rate': 0.0002975641869651086, 'epoch': 113.36}
{'loss': 0.0013, 'learning_rate': 0.0002967412771560237, 'epoch': 113.82}
{'loss': 0.0013, 'learning_rate': 0.0002959183673469388, 'epoch': 114.29}
{'loss': 0.0019, 'learning_rate': 0.0002950954575378539, 'epoch': 114.75}
{'loss': 0.0011, 'learning_rate': 0.00029427254772876896, 'epoch': 115.21}
{'loss': 0.0008, 'learning_rate': 0.00029344963791968397, 'epoch': 115.67}
{'loss': 0.0011, 'learning_rate': 0.0002926267281105991, 'epoch': 116.13}
{'loss': 0.0007, 'learning_rate': 0.00029180381830151415, 'epoch': 116.59}
{'loss': 0.0008, 'learning_rate': 0.00029098090849242927, 'epoch': 117.05}
{'loss': 0.0007, 'learning_rate': 0.0002901579986833443, 'epoch': 117.51}
{'loss': 0.0009, 'learning_rate': 0.0002893350888742594, 'epoch': 117.97}
{'loss': 0.0006, 'learning_rate': 0.00028851217906517446, 'epoch': 118.43}
{'loss': 0.0006, 'learning_rate': 0.00028768926925608953, 'epoch': 118.89}
{'loss': 0.0009, 'learning_rate': 0.00028686635944700465, 'epoch': 119.35}
{'loss': 0.0007, 'learning_rate': 0.00028604344963791966, 'epoch': 119.82}
{'loss': 0.0006, 'learning_rate': 0.0002852205398288348, 'epoch': 120.28}
{'loss': 0.001, 'learning_rate': 0.00028439763001974984, 'epoch': 120.74}
{'loss': 0.0007, 'learning_rate': 0.00028357472021066496, 'epoch': 121.2}
{'loss': 0.0008, 'learning_rate': 0.00028275181040157997, 'epoch': 121.66}
{'loss': 0.0009, 'learning_rate': 0.00028192890059249503, 'epoch': 122.12}
{'loss': 0.0005, 'learning_rate': 0.00028110599078341015, 'epoch': 122.58}
{'loss': 0.0009, 'learning_rate': 0.0002802830809743252, 'epoch': 123.04}
{'loss': 0.0008, 'learning_rate': 0.00027946017116524033, 'epoch': 123.5}
{'loss': 0.0009, 'learning_rate': 0.00027863726135615534, 'epoch': 123.96}
{'loss': 0.0008, 'learning_rate': 0.00027781435154707046, 'epoch': 124.42}
{'loss': 0.0009, 'learning_rate': 0.0002769914417379855, 'epoch': 124.88}
{'loss': 0.0003, 'learning_rate': 0.00027616853192890064, 'epoch': 125.35}
{'loss': 0.0007, 'learning_rate': 0.00027534562211981565, 'epoch': 125.81}
{'loss': 0.0007, 'learning_rate': 0.0002745227123107307, 'epoch': 126.27}
{'loss': 0.0009, 'learning_rate': 0.00027369980250164583, 'epoch': 126.73}
{'loss': 0.0008, 'learning_rate': 0.0002728768926925609, 'epoch': 127.19}
{'loss': 0.001, 'learning_rate': 0.000272053982883476, 'epoch': 127.65}
{'loss': 0.001, 'learning_rate': 0.000271231073074391, 'epoch': 128.11}
{'loss': 0.0007, 'learning_rate': 0.00027040816326530614, 'epoch': 128.57}
{'loss': 0.0007, 'learning_rate': 0.0002695852534562212, 'epoch': 129.03}
{'loss': 0.0006, 'learning_rate': 0.00026876234364713627, 'epoch': 129.49}
{'loss': 0.0007, 'learning_rate': 0.00026793943383805134, 'epoch': 129.95}
{'loss': 0.0008, 'learning_rate': 0.0002671165240289664, 'epoch': 130.41}
{'loss': 0.0006, 'learning_rate': 0.0002662936142198815, 'epoch': 130.88}
{'loss': 0.001, 'learning_rate': 0.0002654707044107966, 'epoch': 131.34}
{'loss': 0.0008, 'learning_rate': 0.0002646477946017117, 'epoch': 131.8}
{'loss': 0.0006, 'learning_rate': 0.0002638248847926267, 'epoch': 132.26}
{'loss': 0.0005, 'learning_rate': 0.00026300197498354183, 'epoch': 132.72}
{'loss': 0.0014, 'learning_rate': 0.0002621790651744569, 'epoch': 133.18}
{'loss': 0.0012, 'learning_rate': 0.00026135615536537196, 'epoch': 133.64}
{'loss': 0.0008, 'learning_rate': 0.000260533245556287, 'epoch': 134.1}
{'loss': 0.001, 'learning_rate': 0.0002597103357472021, 'epoch': 134.56}
{'loss': 0.0007, 'learning_rate': 0.0002588874259381172, 'epoch': 135.02}
{'loss': 0.0005, 'learning_rate': 0.00025806451612903227, 'epoch': 135.48}
{'loss': 0.0005, 'learning_rate': 0.0002572416063199474, 'epoch': 135.94}
{'loss': 0.0007, 'learning_rate': 0.0002564186965108624, 'epoch': 136.41}
{'loss': 0.0007, 'learning_rate': 0.00025559578670177746, 'epoch': 136.87}
{'loss': 0.0011, 'learning_rate': 0.0002547728768926926, 'epoch': 137.33}
{'loss': 0.0015, 'learning_rate': 0.00025394996708360764, 'epoch': 137.79}
{'loss': 0.0007, 'learning_rate': 0.0002531270572745227, 'epoch': 138.25}
{'loss': 0.0008, 'learning_rate': 0.00025230414746543777, 'epoch': 138.71}
{'loss': 0.0006, 'learning_rate': 0.0002514812376563529, 'epoch': 139.17}
{'loss': 0.0005, 'learning_rate': 0.00025065832784726795, 'epoch': 139.63}
{'loss': 0.0004, 'learning_rate': 0.000249835418038183, 'epoch': 140.09}
{'loss': 0.0006, 'learning_rate': 0.0002490125082290981, 'epoch': 140.55}
{'loss': 0.0005, 'learning_rate': 0.0002481895984200132, 'epoch': 141.01}
{'loss': 0.0005, 'learning_rate': 0.00024736668861092826, 'epoch': 141.47}
{'loss': 0.0005, 'learning_rate': 0.00024654377880184333, 'epoch': 141.94}
{'loss': 0.0005, 'learning_rate': 0.0002457208689927584, 'epoch': 142.4}
{'loss': 0.0005, 'learning_rate': 0.00024489795918367346, 'epoch': 142.86}
{'loss': 0.0007, 'learning_rate': 0.00024407504937458855, 'epoch': 143.32}
{'loss': 0.0007, 'learning_rate': 0.00024325213956550364, 'epoch': 143.78}
{'loss': 0.0007, 'learning_rate': 0.0002424292297564187, 'epoch': 144.24}
{'loss': 0.0006, 'learning_rate': 0.0002416063199473338, 'epoch': 144.7}
{'loss': 0.0006, 'learning_rate': 0.00024078341013824886, 'epoch': 145.16}
{'loss': 0.0004, 'learning_rate': 0.00023996050032916392, 'epoch': 145.62}
{'loss': 0.0013, 'learning_rate': 0.000239137590520079, 'epoch': 146.08}
{'loss': 0.0008, 'learning_rate': 0.00023831468071099408, 'epoch': 146.54}
{'loss': 0.0006, 'learning_rate': 0.00023749177090190914, 'epoch': 147.0}
{'loss': 0.0006, 'learning_rate': 0.00023666886109282423, 'epoch': 147.47}
{'loss': 0.0004, 'learning_rate': 0.00023584595128373932, 'epoch': 147.93}
{'loss': 0.0006, 'learning_rate': 0.0002350230414746544, 'epoch': 148.39}
{'loss': 0.0003, 'learning_rate': 0.00023420013166556948, 'epoch': 148.85}
{'loss': 0.0006, 'learning_rate': 0.00023337722185648452, 'epoch': 149.31}
{'loss': 0.0006, 'learning_rate': 0.0002325543120473996, 'epoch': 149.77}
{'loss': 0.0005, 'learning_rate': 0.00023173140223831467, 'epoch': 150.23}
{'loss': 0.0005, 'learning_rate': 0.00023090849242922976, 'epoch': 150.69}
{'loss': 0.0004, 'learning_rate': 0.00023008558262014483, 'epoch': 151.15}
{'loss': 0.0005, 'learning_rate': 0.00022926267281105992, 'epoch': 151.61}
{'loss': 0.001, 'learning_rate': 0.000228439763001975, 'epoch': 152.07}
{'loss': 0.0005, 'learning_rate': 0.00022761685319289007, 'epoch': 152.53}
{'loss': 0.0005, 'learning_rate': 0.00022679394338380514, 'epoch': 153.0}
{'loss': 0.0006, 'learning_rate': 0.0002259710335747202, 'epoch': 153.46}
{'loss': 0.0005, 'learning_rate': 0.0002251481237656353, 'epoch': 153.92}
{'loss': 0.0006, 'learning_rate': 0.00022432521395655036, 'epoch': 154.38}
{'loss': 0.0005, 'learning_rate': 0.00022350230414746545, 'epoch': 154.84}
{'loss': 0.0007, 'learning_rate': 0.0002226793943383805, 'epoch': 155.3}
{'loss': 0.0004, 'learning_rate': 0.0002218564845292956, 'epoch': 155.76}
{'loss': 0.0003, 'learning_rate': 0.00022103357472021067, 'epoch': 156.22}
{'loss': 0.0006, 'learning_rate': 0.00022021066491112573, 'epoch': 156.68}
{'loss': 0.0004, 'learning_rate': 0.00021938775510204082, 'epoch': 157.14}
{'loss': 0.0004, 'learning_rate': 0.0002185648452929559, 'epoch': 157.6}
{'loss': 0.0005, 'learning_rate': 0.00021774193548387098, 'epoch': 158.06}
{'loss': 0.0004, 'learning_rate': 0.00021691902567478604, 'epoch': 158.53}
{'loss': 0.0003, 'learning_rate': 0.00021609611586570113, 'epoch': 158.99}
{'loss': 0.0006, 'learning_rate': 0.0002152732060566162, 'epoch': 159.45}
{'loss': 0.0007, 'learning_rate': 0.00021445029624753126, 'epoch': 159.91}
{'loss': 0.0005, 'learning_rate': 0.00021362738643844635, 'epoch': 160.37}
{'loss': 0.0005, 'learning_rate': 0.00021280447662936142, 'epoch': 160.83}
{'loss': 0.0004, 'learning_rate': 0.0002119815668202765, 'epoch': 161.29}
{'loss': 0.0008, 'learning_rate': 0.00021115865701119157, 'epoch': 161.75}
{'loss': 0.0005, 'learning_rate': 0.00021033574720210666, 'epoch': 162.21}
{'loss': 0.0004, 'learning_rate': 0.00020951283739302173, 'epoch': 162.67}
{'loss': 0.0004, 'learning_rate': 0.00020868992758393682, 'epoch': 163.13}
{'loss': 0.0004, 'learning_rate': 0.00020786701777485186, 'epoch': 163.59}
{'loss': 0.0005, 'learning_rate': 0.00020704410796576695, 'epoch': 164.06}
{'loss': 0.0004, 'learning_rate': 0.00020622119815668204, 'epoch': 164.52}
{'loss': 0.0005, 'learning_rate': 0.0002053982883475971, 'epoch': 164.98}
{'loss': 0.0004, 'learning_rate': 0.0002045753785385122, 'epoch': 165.44}
{'loss': 0.0003, 'learning_rate': 0.00020375246872942726, 'epoch': 165.9}
{'loss': 0.0005, 'learning_rate': 0.00020292955892034235, 'epoch': 166.36}
{'loss': 0.0003, 'learning_rate': 0.0002021066491112574, 'epoch': 166.82}
{'loss': 0.0013, 'learning_rate': 0.00020128373930217248, 'epoch': 167.28}
{'loss': 0.0006, 'learning_rate': 0.00020046082949308754, 'epoch': 167.74}
{'loss': 0.0003, 'learning_rate': 0.00019963791968400263, 'epoch': 168.2}
{'loss': 0.0004, 'learning_rate': 0.00019881500987491772, 'epoch': 168.66}
{'loss': 0.0004, 'learning_rate': 0.0001979921000658328, 'epoch': 169.12}
{'loss': 0.0003, 'learning_rate': 0.00019716919025674788, 'epoch': 169.59}
{'loss': 0.0003, 'learning_rate': 0.00019634628044766294, 'epoch': 170.05}
{'loss': 0.0004, 'learning_rate': 0.00019552337063857803, 'epoch': 170.51}
{'loss': 0.0004, 'learning_rate': 0.00019470046082949307, 'epoch': 170.97}
{'loss': 0.0003, 'learning_rate': 0.00019387755102040816, 'epoch': 171.43}
{'loss': 0.0004, 'learning_rate': 0.00019305464121132323, 'epoch': 171.89}
{'loss': 0.0003, 'learning_rate': 0.00019223173140223832, 'epoch': 172.35}
{'loss': 0.0004, 'learning_rate': 0.0001914088215931534, 'epoch': 172.81}
{'loss': 0.0005, 'learning_rate': 0.00019058591178406847, 'epoch': 173.27}
{'loss': 0.0004, 'learning_rate': 0.00018976300197498356, 'epoch': 173.73}
{'loss': 0.0004, 'learning_rate': 0.0001889400921658986, 'epoch': 174.19}
{'loss': 0.0003, 'learning_rate': 0.0001881171823568137, 'epoch': 174.65}
{'loss': 0.0003, 'learning_rate': 0.00018729427254772876, 'epoch': 175.12}
{'loss': 0.0002, 'learning_rate': 0.00018647136273864385, 'epoch': 175.58}
{'loss': 0.0004, 'learning_rate': 0.00018564845292955894, 'epoch': 176.04}
{'loss': 0.0004, 'learning_rate': 0.000184825543120474, 'epoch': 176.5}
{'loss': 0.0003, 'learning_rate': 0.0001840026333113891, 'epoch': 176.96}
{'loss': 0.0002, 'learning_rate': 0.00018317972350230416, 'epoch': 177.42}
{'loss': 0.0004, 'learning_rate': 0.00018235681369321922, 'epoch': 177.88}
{'loss': 0.0003, 'learning_rate': 0.00018153390388413429, 'epoch': 178.34}
{'loss': 0.0003, 'learning_rate': 0.00018071099407504938, 'epoch': 178.8}
{'loss': 0.0003, 'learning_rate': 0.00017988808426596444, 'epoch': 179.26}
{'loss': 0.0005, 'learning_rate': 0.00017906517445687953, 'epoch': 179.72}
{'loss': 0.0004, 'learning_rate': 0.00017824226464779462, 'epoch': 180.18}
{'loss': 0.0005, 'learning_rate': 0.0001774193548387097, 'epoch': 180.65}
{'loss': 0.0003, 'learning_rate': 0.00017659644502962478, 'epoch': 181.11}
{'loss': 0.0004, 'learning_rate': 0.00017577353522053982, 'epoch': 181.57}
{'loss': 0.0002, 'learning_rate': 0.0001749506254114549, 'epoch': 182.03}
{'loss': 0.0002, 'learning_rate': 0.00017412771560236997, 'epoch': 182.49}
{'loss': 0.0003, 'learning_rate': 0.00017330480579328506, 'epoch': 182.95}
{'loss': 0.0005, 'learning_rate': 0.00017248189598420013, 'epoch': 183.41}
{'loss': 0.0003, 'learning_rate': 0.00017165898617511522, 'epoch': 183.87}
{'loss': 0.0003, 'learning_rate': 0.0001708360763660303, 'epoch': 184.33}
{'loss': 0.0003, 'learning_rate': 0.00017001316655694537, 'epoch': 184.79}
{'loss': 0.0003, 'learning_rate': 0.00016919025674786044, 'epoch': 185.25}
{'loss': 0.0007, 'learning_rate': 0.0001683673469387755, 'epoch': 185.71}
{'loss': 0.0003, 'learning_rate': 0.0001675444371296906, 'epoch': 186.18}
{'loss': 0.0004, 'learning_rate': 0.00016672152732060566, 'epoch': 186.64}
{'loss': 0.0002, 'learning_rate': 0.00016589861751152075, 'epoch': 187.1}
{'loss': 0.0003, 'learning_rate': 0.0001650757077024358, 'epoch': 187.56}
{'loss': 0.0002, 'learning_rate': 0.0001642527978933509, 'epoch': 188.02}
{'loss': 0.0005, 'learning_rate': 0.00016342988808426597, 'epoch': 188.48}
{'loss': 0.0002, 'learning_rate': 0.00016260697827518103, 'epoch': 188.94}
{'loss': 0.0002, 'learning_rate': 0.00016178406846609612, 'epoch': 189.4}
{'loss': 0.0005, 'learning_rate': 0.0001609611586570112, 'epoch': 189.86}
{'loss': 0.0003, 'learning_rate': 0.00016013824884792628, 'epoch': 190.32}
{'loss': 0.0004, 'learning_rate': 0.00015931533903884134, 'epoch': 190.78}
{'loss': 0.0002, 'learning_rate': 0.00015849242922975643, 'epoch': 191.24}
{'loss': 0.0002, 'learning_rate': 0.0001576695194206715, 'epoch': 191.71}
{'loss': 0.0002, 'learning_rate': 0.00015684660961158656, 'epoch': 192.17}
{'loss': 0.0003, 'learning_rate': 0.00015602369980250165, 'epoch': 192.63}
{'loss': 0.0003, 'learning_rate': 0.00015520078999341672, 'epoch': 193.09}
{'loss': 0.0001, 'learning_rate': 0.0001543778801843318, 'epoch': 193.55}
{'loss': 0.0003, 'learning_rate': 0.00015355497037524687, 'epoch': 194.01}
{'loss': 0.0003, 'learning_rate': 0.00015273206056616196, 'epoch': 194.47}
{'loss': 0.0002, 'learning_rate': 0.00015190915075707703, 'epoch': 194.93}
{'loss': 0.0004, 'learning_rate': 0.00015108624094799212, 'epoch': 195.39}
{'loss': 0.0002, 'learning_rate': 0.00015026333113890716, 'epoch': 195.85}
{'loss': 0.0002, 'learning_rate': 0.00014944042132982225, 'epoch': 196.31}
{'loss': 0.0002, 'learning_rate': 0.00014861751152073734, 'epoch': 196.77}
{'loss': 0.0004, 'learning_rate': 0.0001477946017116524, 'epoch': 197.24}
{'loss': 0.0002, 'learning_rate': 0.0001469716919025675, 'epoch': 197.7}
{'loss': 0.0002, 'learning_rate': 0.00014614878209348256, 'epoch': 198.16}
{'loss': 0.0002, 'learning_rate': 0.00014532587228439765, 'epoch': 198.62}
{'loss': 0.0001, 'learning_rate': 0.0001445029624753127, 'epoch': 199.08}
{'loss': 0.0006, 'learning_rate': 0.00014368005266622778, 'epoch': 199.54}
{'loss': 0.0003, 'learning_rate': 0.00014285714285714284, 'epoch': 200.0}
{'loss': 0.0005, 'learning_rate': 0.00014203423304805793, 'epoch': 200.46}
{'loss': 0.0003, 'learning_rate': 0.00014121132323897302, 'epoch': 200.92}
{'loss': 0.0004, 'learning_rate': 0.0001403884134298881, 'epoch': 201.38}
{'loss': 0.0001, 'learning_rate': 0.00013956550362080318, 'epoch': 201.84}
{'loss': 0.0001, 'learning_rate': 0.00013874259381171824, 'epoch': 202.3}
{'loss': 0.0002, 'learning_rate': 0.00013791968400263333, 'epoch': 202.76}
{'loss': 0.0002, 'learning_rate': 0.00013709677419354837, 'epoch': 203.23}
{'loss': 0.0003, 'learning_rate': 0.00013627386438446346, 'epoch': 203.69}
{'loss': 0.0003, 'learning_rate': 0.00013545095457537853, 'epoch': 204.15}
{'loss': 0.0002, 'learning_rate': 0.00013462804476629362, 'epoch': 204.61}
{'loss': 0.0002, 'learning_rate': 0.0001338051349572087, 'epoch': 205.07}
{'loss': 0.0002, 'learning_rate': 0.00013298222514812377, 'epoch': 205.53}
{'loss': 0.0002, 'learning_rate': 0.00013215931533903886, 'epoch': 205.99}
{'loss': 0.0002, 'learning_rate': 0.0001313364055299539, 'epoch': 206.45}
{'loss': 0.0002, 'learning_rate': 0.000130513495720869, 'epoch': 206.91}
{'loss': 0.0002, 'learning_rate': 0.00012969058591178406, 'epoch': 207.37}
{'loss': 0.0003, 'learning_rate': 0.00012886767610269915, 'epoch': 207.83}
{'loss': 0.0001, 'learning_rate': 0.0001280447662936142, 'epoch': 208.29}
{'loss': 0.0002, 'learning_rate': 0.0001272218564845293, 'epoch': 208.76}
{'loss': 0.0002, 'learning_rate': 0.0001263989466754444, 'epoch': 209.22}
{'loss': 0.0002, 'learning_rate': 0.00012557603686635946, 'epoch': 209.68}
{'loss': 0.0001, 'learning_rate': 0.00012475312705727452, 'epoch': 210.14}
{'loss': 0.0002, 'learning_rate': 0.0001239302172481896, 'epoch': 210.6}
{'loss': 0.0005, 'learning_rate': 0.00012310730743910468, 'epoch': 211.06}
{'loss': 0.0002, 'learning_rate': 0.00012228439763001974, 'epoch': 211.52}
{'loss': 0.0004, 'learning_rate': 0.00012146148782093483, 'epoch': 211.98}
{'loss': 0.0001, 'learning_rate': 0.00012063857801184991, 'epoch': 212.44}
{'loss': 0.0002, 'learning_rate': 0.00011981566820276497, 'epoch': 212.9}
{'loss': 0.0001, 'learning_rate': 0.00011899275839368005, 'epoch': 213.36}
{'loss': 0.0002, 'learning_rate': 0.00011816984858459513, 'epoch': 213.82}
{'loss': 0.0001, 'learning_rate': 0.00011734693877551021, 'epoch': 214.29}
{'loss': 0.0003, 'learning_rate': 0.00011652402896642527, 'epoch': 214.75}
{'loss': 0.0002, 'learning_rate': 0.00011570111915734036, 'epoch': 215.21}
{'loss': 0.0003, 'learning_rate': 0.00011487820934825544, 'epoch': 215.67}
{'loss': 0.0002, 'learning_rate': 0.00011405529953917052, 'epoch': 216.13}
{'loss': 0.0003, 'learning_rate': 0.00011323238973008558, 'epoch': 216.59}
{'loss': 0.0002, 'learning_rate': 0.00011240947992100066, 'epoch': 217.05}
{'loss': 0.0002, 'learning_rate': 0.00011158657011191574, 'epoch': 217.51}
{'loss': 0.0002, 'learning_rate': 0.00011076366030283081, 'epoch': 217.97}
{'loss': 0.0002, 'learning_rate': 0.00010994075049374588, 'epoch': 218.43}
{'loss': 0.0002, 'learning_rate': 0.00010911784068466096, 'epoch': 218.89}
{'loss': 0.0003, 'learning_rate': 0.00010829493087557605, 'epoch': 219.35}
{'loss': 0.0001, 'learning_rate': 0.00010747202106649113, 'epoch': 219.82}
{'loss': 0.0001, 'learning_rate': 0.00010664911125740619, 'epoch': 220.28}
{'loss': 0.0002, 'learning_rate': 0.00010582620144832127, 'epoch': 220.74}
{'loss': 0.0002, 'learning_rate': 0.00010500329163923634, 'epoch': 221.2}
{'loss': 0.0001, 'learning_rate': 0.00010418038183015142, 'epoch': 221.66}
{'loss': 0.0002, 'learning_rate': 0.00010335747202106649, 'epoch': 222.12}
{'loss': 0.0001, 'learning_rate': 0.00010253456221198156, 'epoch': 222.58}
{'loss': 0.0001, 'learning_rate': 0.00010171165240289664, 'epoch': 223.04}
{'loss': 0.0001, 'learning_rate': 0.00010088874259381172, 'epoch': 223.5}
{'loss': 0.0001, 'learning_rate': 0.0001000658327847268, 'epoch': 223.96}
{'loss': 0.0001, 'learning_rate': 9.924292297564187e-05, 'epoch': 224.42}
{'loss': 0.0001, 'learning_rate': 9.842001316655695e-05, 'epoch': 224.88}
{'loss': 0.0002, 'learning_rate': 9.759710335747202e-05, 'epoch': 225.35}
{'loss': 0.0002, 'learning_rate': 9.67741935483871e-05, 'epoch': 225.81}
{'loss': 0.0002, 'learning_rate': 9.595128373930217e-05, 'epoch': 226.27}
{'loss': 0.0001, 'learning_rate': 9.512837393021725e-05, 'epoch': 226.73}
{'loss': 0.0003, 'learning_rate': 9.430546412113231e-05, 'epoch': 227.19}
{'loss': 0.0001, 'learning_rate': 9.34825543120474e-05, 'epoch': 227.65}
{'loss': 0.0002, 'learning_rate': 9.265964450296248e-05, 'epoch': 228.11}
{'loss': 0.0001, 'learning_rate': 9.183673469387756e-05, 'epoch': 228.57}
{'loss': 0.0002, 'learning_rate': 9.101382488479262e-05, 'epoch': 229.03}
{'loss': 0.0001, 'learning_rate': 9.01909150757077e-05, 'epoch': 229.49}
{'loss': 0.0001, 'learning_rate': 8.936800526662278e-05, 'epoch': 229.95}
{'loss': 0.0001, 'learning_rate': 8.854509545753786e-05, 'epoch': 230.41}
{'loss': 0.0002, 'learning_rate': 8.772218564845292e-05, 'epoch': 230.88}
{'loss': 0.0002, 'learning_rate': 8.689927583936801e-05, 'epoch': 231.34}
{'loss': 0.0001, 'learning_rate': 8.607636603028309e-05, 'epoch': 231.8}
{'loss': 0.0001, 'learning_rate': 8.525345622119817e-05, 'epoch': 232.26}
{'loss': 0.0002, 'learning_rate': 8.443054641211323e-05, 'epoch': 232.72}
{'loss': 0.0002, 'learning_rate': 8.360763660302831e-05, 'epoch': 233.18}
{'loss': 0.0001, 'learning_rate': 8.278472679394339e-05, 'epoch': 233.64}
{'loss': 0.0003, 'learning_rate': 8.196181698485846e-05, 'epoch': 234.1}
{'loss': 0.0001, 'learning_rate': 8.113890717577353e-05, 'epoch': 234.56}
{'loss': 0.0001, 'learning_rate': 8.03159973666886e-05, 'epoch': 235.02}
{'loss': 0.0001, 'learning_rate': 7.94930875576037e-05, 'epoch': 235.48}
{'loss': 0.0001, 'learning_rate': 7.867017774851878e-05, 'epoch': 235.94}
{'loss': 0.0001, 'learning_rate': 7.784726793943384e-05, 'epoch': 236.41}
{'loss': 0.0001, 'learning_rate': 7.702435813034892e-05, 'epoch': 236.87}
{'loss': 0.0001, 'learning_rate': 7.6201448321264e-05, 'epoch': 237.33}
{'loss': 0.0002, 'learning_rate': 7.537853851217907e-05, 'epoch': 237.79}
{'loss': 0.0002, 'learning_rate': 7.455562870309414e-05, 'epoch': 238.25}
{'loss': 0.0001, 'learning_rate': 7.373271889400921e-05, 'epoch': 238.71}
{'loss': 0.0001, 'learning_rate': 7.290980908492429e-05, 'epoch': 239.17}
{'loss': 0.0001, 'learning_rate': 7.208689927583937e-05, 'epoch': 239.63}
{'loss': 0.0001, 'learning_rate': 7.126398946675445e-05, 'epoch': 240.09}
{'loss': 0.0001, 'learning_rate': 7.044107965766952e-05, 'epoch': 240.55}
{'loss': 0.0002, 'learning_rate': 6.96181698485846e-05, 'epoch': 241.01}
{'loss': 0.0001, 'learning_rate': 6.879526003949967e-05, 'epoch': 241.47}
{'loss': 0.0001, 'learning_rate': 6.797235023041474e-05, 'epoch': 241.94}
{'loss': 0.0001, 'learning_rate': 6.714944042132982e-05, 'epoch': 242.4}
{'loss': 0.0001, 'learning_rate': 6.63265306122449e-05, 'epoch': 242.86}
{'loss': 0.0002, 'learning_rate': 6.550362080315996e-05, 'epoch': 243.32}
{'loss': 0.0002, 'learning_rate': 6.468071099407505e-05, 'epoch': 243.78}
{'loss': 0.0001, 'learning_rate': 6.385780118499013e-05, 'epoch': 244.24}
{'loss': 0.0002, 'learning_rate': 6.303489137590521e-05, 'epoch': 244.7}
{'loss': 0.0001, 'learning_rate': 6.221198156682027e-05, 'epoch': 245.16}
{'loss': 0.0002, 'learning_rate': 6.138907175773535e-05, 'epoch': 245.62}
{'loss': 0.0001, 'learning_rate': 6.056616194865043e-05, 'epoch': 246.08}
{'loss': 0.0001, 'learning_rate': 5.97432521395655e-05, 'epoch': 246.54}
{'loss': 0.0001, 'learning_rate': 5.8920342330480584e-05, 'epoch': 247.0}
{'loss': 0.0001, 'learning_rate': 5.8097432521395655e-05, 'epoch': 247.47}
{'loss': 0.0001, 'learning_rate': 5.727452271231073e-05, 'epoch': 247.93}
{'loss': 0.0001, 'learning_rate': 5.6451612903225804e-05, 'epoch': 248.39}
{'loss': 0.0001, 'learning_rate': 5.562870309414089e-05, 'epoch': 248.85}
{'loss': 0.0001, 'learning_rate': 5.480579328505596e-05, 'epoch': 249.31}
{'loss': 0.0001, 'learning_rate': 5.398288347597104e-05, 'epoch': 249.77}
{'loss': 0.0001, 'learning_rate': 5.315997366688611e-05, 'epoch': 250.23}
{'loss': 0.0001, 'learning_rate': 5.2337063857801185e-05, 'epoch': 250.69}
{'loss': 0.0001, 'learning_rate': 5.151415404871626e-05, 'epoch': 251.15}
{'loss': 0.0001, 'learning_rate': 5.069124423963134e-05, 'epoch': 251.61}
{'loss': 0.0001, 'learning_rate': 4.986833443054641e-05, 'epoch': 252.07}
{'loss': 0.0001, 'learning_rate': 4.904542462146149e-05, 'epoch': 252.53}
{'loss': 0.0001, 'learning_rate': 4.8222514812376567e-05, 'epoch': 253.0}
{'loss': 0.0, 'learning_rate': 4.7399605003291644e-05, 'epoch': 253.46}
{'loss': 0.0001, 'learning_rate': 4.6576695194206715e-05, 'epoch': 253.92}
{'loss': 0.0001, 'learning_rate': 4.575378538512179e-05, 'epoch': 254.38}
{'loss': 0.0001, 'learning_rate': 4.493087557603687e-05, 'epoch': 254.84}
{'loss': 0.0001, 'learning_rate': 4.410796576695195e-05, 'epoch': 255.3}
{'loss': 0.0001, 'learning_rate': 4.328505595786702e-05, 'epoch': 255.76}
{'loss': 0.0001, 'learning_rate': 4.246214614878209e-05, 'epoch': 256.22}
{'loss': 0.0001, 'learning_rate': 4.163923633969717e-05, 'epoch': 256.68}
{'loss': 0.0001, 'learning_rate': 4.0816326530612245e-05, 'epoch': 257.14}
{'loss': 0.0002, 'learning_rate': 3.999341672152732e-05, 'epoch': 257.6}
{'loss': 0.0001, 'learning_rate': 3.9170506912442394e-05, 'epoch': 258.06}
{'loss': 0.0001, 'learning_rate': 3.834759710335747e-05, 'epoch': 258.53}
{'loss': 0.0001, 'learning_rate': 3.752468729427255e-05, 'epoch': 258.99}
{'loss': 0.0001, 'learning_rate': 3.6701777485187627e-05, 'epoch': 259.45}
{'loss': 0.0001, 'learning_rate': 3.58788676761027e-05, 'epoch': 259.91}
{'loss': 0.0001, 'learning_rate': 3.5055957867017775e-05, 'epoch': 260.37}
{'loss': 0.0001, 'learning_rate': 3.4233048057932846e-05, 'epoch': 260.83}
{'loss': 0.0001, 'learning_rate': 3.341013824884793e-05, 'epoch': 261.29}
{'loss': 0.0001, 'learning_rate': 3.2587228439763e-05, 'epoch': 261.75}
{'loss': 0.0001, 'learning_rate': 3.176431863067808e-05, 'epoch': 262.21}
{'loss': 0.0001, 'learning_rate': 3.0941408821593156e-05, 'epoch': 262.67}
{'loss': 0.0, 'learning_rate': 3.011849901250823e-05, 'epoch': 263.13}
{'loss': 0.0001, 'learning_rate': 2.929558920342331e-05, 'epoch': 263.59}
{'loss': 0.0001, 'learning_rate': 2.8472679394338383e-05, 'epoch': 264.06}
{'loss': 0.0001, 'learning_rate': 2.7649769585253457e-05, 'epoch': 264.52}
{'loss': 0.0001, 'learning_rate': 2.682685977616853e-05, 'epoch': 264.98}
{'loss': 0.0001, 'learning_rate': 2.6003949967083605e-05, 'epoch': 265.44}
{'loss': 0.0001, 'learning_rate': 2.5181040157998683e-05, 'epoch': 265.9}
{'loss': 0.0001, 'learning_rate': 2.4358130348913757e-05, 'epoch': 266.36}
{'loss': 0.0001, 'learning_rate': 2.3535220539828835e-05, 'epoch': 266.82}
{'loss': 0.0001, 'learning_rate': 2.271231073074391e-05, 'epoch': 267.28}
{'loss': 0.0001, 'learning_rate': 2.1889400921658987e-05, 'epoch': 267.74}
{'loss': 0.0001, 'learning_rate': 2.106649111257406e-05, 'epoch': 268.2}
{'loss': 0.0001, 'learning_rate': 2.024358130348914e-05, 'epoch': 268.66}
{'loss': 0.0001, 'learning_rate': 1.9420671494404213e-05, 'epoch': 269.12}
{'loss': 0.0001, 'learning_rate': 1.8597761685319287e-05, 'epoch': 269.59}
{'loss': 0.0001, 'learning_rate': 1.7774851876234365e-05, 'epoch': 270.05}
{'loss': 0.0001, 'learning_rate': 1.695194206714944e-05, 'epoch': 270.51}
{'loss': 0.0001, 'learning_rate': 1.6129032258064517e-05, 'epoch': 270.97}
{'loss': 0.0, 'learning_rate': 1.530612244897959e-05, 'epoch': 271.43}
{'loss': 0.0001, 'learning_rate': 1.4483212639894667e-05, 'epoch': 271.89}
{'loss': 0.0001, 'learning_rate': 1.3660302830809743e-05, 'epoch': 272.35}
{'loss': 0.0001, 'learning_rate': 1.2837393021724819e-05, 'epoch': 272.81}
{'loss': 0.0001, 'learning_rate': 1.2014483212639895e-05, 'epoch': 273.27}
{'loss': 0.0001, 'learning_rate': 1.119157340355497e-05, 'epoch': 273.73}
{'loss': 0.0001, 'learning_rate': 1.0368663594470047e-05, 'epoch': 274.19}
{'loss': 0.0001, 'learning_rate': 9.545753785385123e-06, 'epoch': 274.65}
{'loss': 0.0001, 'learning_rate': 8.722843976300199e-06, 'epoch': 275.12}
{'loss': 0.0001, 'learning_rate': 7.899934167215275e-06, 'epoch': 275.58}
{'loss': 0.0001, 'learning_rate': 7.077024358130349e-06, 'epoch': 276.04}
{'loss': 0.0001, 'learning_rate': 6.254114549045425e-06, 'epoch': 276.5}
{'loss': 0.0001, 'learning_rate': 5.431204739960501e-06, 'epoch': 276.96}
{'loss': 0.0, 'learning_rate': 4.608294930875576e-06, 'epoch': 277.42}
{'loss': 0.0001, 'learning_rate': 3.785385121790652e-06, 'epoch': 277.88}
{'loss': 0.0001, 'learning_rate': 2.9624753127057278e-06, 'epoch': 278.34}
{'loss': 0.0001, 'learning_rate': 2.139565503620803e-06, 'epoch': 278.8}
{'loss': 0.0001, 'learning_rate': 1.3166556945358788e-06, 'epoch': 279.26}
{'loss': 0.0001, 'learning_rate': 4.937458854509547e-07, 'epoch': 279.72}
{'train_runtime': 43249.3182, 'train_samples_per_second': 5.62, 'train_steps_per_second': 1.405, 'train_loss': 0.002866331325004575, 'epoch': 280.0}
