Requirement already satisfied: transformers in /home/zc272/.conda/envs/TANL2/lib/python3.11/site-packages (4.31.0)
Requirement already satisfied: filelock in /home/zc272/.conda/envs/TANL2/lib/python3.11/site-packages (from transformers) (3.9.0)
Requirement already satisfied: huggingface-hub<1.0,>=0.14.1 in /home/zc272/.conda/envs/TANL2/lib/python3.11/site-packages (from transformers) (0.16.4)
Requirement already satisfied: numpy>=1.17 in /home/zc272/.conda/envs/TANL2/lib/python3.11/site-packages (from transformers) (1.25.2)
Requirement already satisfied: packaging>=20.0 in /home/zc272/.conda/envs/TANL2/lib/python3.11/site-packages (from transformers) (23.1)
Requirement already satisfied: pyyaml>=5.1 in /home/zc272/.conda/envs/TANL2/lib/python3.11/site-packages (from transformers) (6.0.1)
Requirement already satisfied: regex!=2019.12.17 in /home/zc272/.conda/envs/TANL2/lib/python3.11/site-packages (from transformers) (2023.6.3)
Requirement already satisfied: requests in /home/zc272/.conda/envs/TANL2/lib/python3.11/site-packages (from transformers) (2.31.0)
Requirement already satisfied: tokenizers!=0.11.3,<0.14,>=0.11.1 in /home/zc272/.conda/envs/TANL2/lib/python3.11/site-packages (from transformers) (0.13.3)
Requirement already satisfied: safetensors>=0.3.1 in /home/zc272/.conda/envs/TANL2/lib/python3.11/site-packages (from transformers) (0.3.2)
Requirement already satisfied: tqdm>=4.27 in /home/zc272/.conda/envs/TANL2/lib/python3.11/site-packages (from transformers) (4.65.1)
Requirement already satisfied: fsspec in /home/zc272/.conda/envs/TANL2/lib/python3.11/site-packages (from huggingface-hub<1.0,>=0.14.1->transformers) (2023.6.0)
Requirement already satisfied: typing-extensions>=3.7.4.3 in /home/zc272/.conda/envs/TANL2/lib/python3.11/site-packages (from huggingface-hub<1.0,>=0.14.1->transformers) (4.7.1)
Requirement already satisfied: charset-normalizer<4,>=2 in /home/zc272/.conda/envs/TANL2/lib/python3.11/site-packages (from requests->transformers) (2.0.4)
Requirement already satisfied: idna<4,>=2.5 in /home/zc272/.conda/envs/TANL2/lib/python3.11/site-packages (from requests->transformers) (3.4)
Requirement already satisfied: urllib3<3,>=1.21.1 in /home/zc272/.conda/envs/TANL2/lib/python3.11/site-packages (from requests->transformers) (1.26.16)
Requirement already satisfied: certifi>=2017.4.17 in /home/zc272/.conda/envs/TANL2/lib/python3.11/site-packages (from requests->transformers) (2023.7.22)
Requirement already satisfied: scipy in /home/zc272/.conda/envs/TANL2/lib/python3.11/site-packages (1.11.1)
Requirement already satisfied: numpy<1.28.0,>=1.21.6 in /home/zc272/.conda/envs/TANL2/lib/python3.11/site-packages (from scipy) (1.25.2)
Requirement already satisfied: accelerate in /home/zc272/.conda/envs/TANL2/lib/python3.11/site-packages (0.23.0)
Requirement already satisfied: numpy>=1.17 in /home/zc272/.conda/envs/TANL2/lib/python3.11/site-packages (from accelerate) (1.25.2)
Requirement already satisfied: packaging>=20.0 in /home/zc272/.conda/envs/TANL2/lib/python3.11/site-packages (from accelerate) (23.1)
Requirement already satisfied: psutil in /home/zc272/.conda/envs/TANL2/lib/python3.11/site-packages (from accelerate) (5.9.5)
Requirement already satisfied: pyyaml in /home/zc272/.conda/envs/TANL2/lib/python3.11/site-packages (from accelerate) (6.0.1)
Requirement already satisfied: torch>=1.10.0 in /home/zc272/.conda/envs/TANL2/lib/python3.11/site-packages (from accelerate) (2.0.1)
Requirement already satisfied: huggingface-hub in /home/zc272/.conda/envs/TANL2/lib/python3.11/site-packages (from accelerate) (0.16.4)
Requirement already satisfied: filelock in /home/zc272/.conda/envs/TANL2/lib/python3.11/site-packages (from torch>=1.10.0->accelerate) (3.9.0)
Requirement already satisfied: typing-extensions in /home/zc272/.conda/envs/TANL2/lib/python3.11/site-packages (from torch>=1.10.0->accelerate) (4.7.1)
Requirement already satisfied: sympy in /home/zc272/.conda/envs/TANL2/lib/python3.11/site-packages (from torch>=1.10.0->accelerate) (1.11.1)
Requirement already satisfied: networkx in /home/zc272/.conda/envs/TANL2/lib/python3.11/site-packages (from torch>=1.10.0->accelerate) (3.1)
Requirement already satisfied: jinja2 in /home/zc272/.conda/envs/TANL2/lib/python3.11/site-packages (from torch>=1.10.0->accelerate) (3.1.2)
Requirement already satisfied: fsspec in /home/zc272/.conda/envs/TANL2/lib/python3.11/site-packages (from huggingface-hub->accelerate) (2023.6.0)
Requirement already satisfied: requests in /home/zc272/.conda/envs/TANL2/lib/python3.11/site-packages (from huggingface-hub->accelerate) (2.31.0)
Requirement already satisfied: tqdm>=4.42.1 in /home/zc272/.conda/envs/TANL2/lib/python3.11/site-packages (from huggingface-hub->accelerate) (4.65.1)
Requirement already satisfied: MarkupSafe>=2.0 in /home/zc272/.conda/envs/TANL2/lib/python3.11/site-packages (from jinja2->torch>=1.10.0->accelerate) (2.1.1)
Requirement already satisfied: charset-normalizer<4,>=2 in /home/zc272/.conda/envs/TANL2/lib/python3.11/site-packages (from requests->huggingface-hub->accelerate) (2.0.4)
Requirement already satisfied: idna<4,>=2.5 in /home/zc272/.conda/envs/TANL2/lib/python3.11/site-packages (from requests->huggingface-hub->accelerate) (3.4)
Requirement already satisfied: urllib3<3,>=1.21.1 in /home/zc272/.conda/envs/TANL2/lib/python3.11/site-packages (from requests->huggingface-hub->accelerate) (1.26.16)
Requirement already satisfied: certifi>=2017.4.17 in /home/zc272/.conda/envs/TANL2/lib/python3.11/site-packages (from requests->huggingface-hub->accelerate) (2023.7.22)
Requirement already satisfied: mpmath>=0.19 in /home/zc272/.conda/envs/TANL2/lib/python3.11/site-packages (from sympy->torch>=1.10.0->accelerate) (1.3.0)

{'loss': 1.0223, 'learning_rate': 0.0004991724594505131, 'epoch': 0.06}
{'loss': 0.1725, 'learning_rate': 0.0004983449189010262, 'epoch': 0.13}
{'loss': 0.1083, 'learning_rate': 0.0004975173783515393, 'epoch': 0.19}
{'loss': 0.1125, 'learning_rate': 0.0004966898378020523, 'epoch': 0.25}
{'loss': 0.1051, 'learning_rate': 0.0004958622972525654, 'epoch': 0.31}
{'loss': 0.0872, 'learning_rate': 0.0004950347567030784, 'epoch': 0.38}
{'loss': 0.0762, 'learning_rate': 0.0004942072161535915, 'epoch': 0.44}
{'loss': 0.0818, 'learning_rate': 0.0004933796756041046, 'epoch': 0.5}
{'loss': 0.08, 'learning_rate': 0.0004925521350546177, 'epoch': 0.57}
{'loss': 0.0664, 'learning_rate': 0.0004917245945051307, 'epoch': 0.63}
{'loss': 0.0742, 'learning_rate': 0.0004908970539556438, 'epoch': 0.69}
{'loss': 0.0691, 'learning_rate': 0.0004900695134061569, 'epoch': 0.75}
{'loss': 0.0631, 'learning_rate': 0.00048924197285667, 'epoch': 0.82}
{'loss': 0.0627, 'learning_rate': 0.0004884144323071831, 'epoch': 0.88}
{'loss': 0.0664, 'learning_rate': 0.00048758689175769615, 'epoch': 0.94}
{'loss': 0.0699, 'learning_rate': 0.0004867593512082092, 'epoch': 1.01}
{'loss': 0.0537, 'learning_rate': 0.00048593181065872227, 'epoch': 1.07}
{'loss': 0.0542, 'learning_rate': 0.00048510427010923536, 'epoch': 1.13}
{'loss': 0.0494, 'learning_rate': 0.00048427672955974845, 'epoch': 1.19}
{'loss': 0.0558, 'learning_rate': 0.00048344918901026154, 'epoch': 1.26}
{'loss': 0.0427, 'learning_rate': 0.00048262164846077463, 'epoch': 1.32}
{'loss': 0.0433, 'learning_rate': 0.0004817941079112876, 'epoch': 1.38}
{'loss': 0.0405, 'learning_rate': 0.0004809665673618007, 'epoch': 1.45}
{'loss': 0.0511, 'learning_rate': 0.0004801390268123138, 'epoch': 1.51}
{'loss': 0.0524, 'learning_rate': 0.0004793114862628269, 'epoch': 1.57}
{'loss': 0.0466, 'learning_rate': 0.00047848394571334, 'epoch': 1.64}
{'loss': 0.0521, 'learning_rate': 0.00047765640516385307, 'epoch': 1.7}
{'loss': 0.0432, 'learning_rate': 0.0004768288646143661, 'epoch': 1.76}
{'loss': 0.0439, 'learning_rate': 0.0004760013240648792, 'epoch': 1.82}
{'loss': 0.041, 'learning_rate': 0.0004751737835153923, 'epoch': 1.89}
{'loss': 0.0435, 'learning_rate': 0.0004743462429659053, 'epoch': 1.95}
{'loss': 0.0513, 'learning_rate': 0.0004735187024164184, 'epoch': 2.01}
{'loss': 0.0431, 'learning_rate': 0.0004726911618669315, 'epoch': 2.08}
{'loss': 0.0352, 'learning_rate': 0.0004718636213174446, 'epoch': 2.14}
{'loss': 0.0397, 'learning_rate': 0.0004710360807679576, 'epoch': 2.2}
{'loss': 0.0346, 'learning_rate': 0.0004702085402184707, 'epoch': 2.26}
{'loss': 0.0416, 'learning_rate': 0.0004693809996689838, 'epoch': 2.33}
{'loss': 0.034, 'learning_rate': 0.0004685534591194969, 'epoch': 2.39}
{'loss': 0.0377, 'learning_rate': 0.00046772591857000993, 'epoch': 2.45}
{'loss': 0.0353, 'learning_rate': 0.000466898378020523, 'epoch': 2.52}
{'loss': 0.0432, 'learning_rate': 0.00046607083747103606, 'epoch': 2.58}
{'loss': 0.0332, 'learning_rate': 0.00046524329692154915, 'epoch': 2.64}
{'loss': 0.0339, 'learning_rate': 0.00046441575637206224, 'epoch': 2.7}
{'loss': 0.0359, 'learning_rate': 0.0004635882158225753, 'epoch': 2.77}
{'loss': 0.042, 'learning_rate': 0.0004627606752730884, 'epoch': 2.83}
{'loss': 0.0433, 'learning_rate': 0.0004619331347236015, 'epoch': 2.89}
{'loss': 0.029, 'learning_rate': 0.00046110559417411454, 'epoch': 2.96}
{'loss': 0.0352, 'learning_rate': 0.0004602780536246276, 'epoch': 3.02}
{'loss': 0.0311, 'learning_rate': 0.00045945051307514067, 'epoch': 3.08}
{'loss': 0.0313, 'learning_rate': 0.00045862297252565376, 'epoch': 3.14}
{'loss': 0.0332, 'learning_rate': 0.00045779543197616685, 'epoch': 3.21}
{'loss': 0.0313, 'learning_rate': 0.00045696789142667994, 'epoch': 3.27}
{'loss': 0.0297, 'learning_rate': 0.000456140350877193, 'epoch': 3.33}
{'loss': 0.0321, 'learning_rate': 0.00045531281032770607, 'epoch': 3.4}
{'loss': 0.0304, 'learning_rate': 0.00045448526977821916, 'epoch': 3.46}
{'loss': 0.0255, 'learning_rate': 0.0004536577292287322, 'epoch': 3.52}
{'loss': 0.026, 'learning_rate': 0.0004528301886792453, 'epoch': 3.58}
{'loss': 0.028, 'learning_rate': 0.00045200264812975837, 'epoch': 3.65}
{'loss': 0.0356, 'learning_rate': 0.0004511751075802714, 'epoch': 3.71}
{'loss': 0.0272, 'learning_rate': 0.0004503475670307845, 'epoch': 3.77}
{'loss': 0.0338, 'learning_rate': 0.0004495200264812976, 'epoch': 3.84}
{'loss': 0.0296, 'learning_rate': 0.0004486924859318107, 'epoch': 3.9}
{'loss': 0.0324, 'learning_rate': 0.00044786494538232377, 'epoch': 3.96}
{'loss': 0.0307, 'learning_rate': 0.00044703740483283686, 'epoch': 4.03}
{'loss': 0.0293, 'learning_rate': 0.0004462098642833499, 'epoch': 4.09}
{'loss': 0.0273, 'learning_rate': 0.00044538232373386293, 'epoch': 4.15}
{'loss': 0.0253, 'learning_rate': 0.000444554783184376, 'epoch': 4.21}
{'loss': 0.0244, 'learning_rate': 0.0004437272426348891, 'epoch': 4.28}
{'loss': 0.0249, 'learning_rate': 0.0004428997020854022, 'epoch': 4.34}
{'loss': 0.0309, 'learning_rate': 0.0004420721615359153, 'epoch': 4.4}
{'loss': 0.0294, 'learning_rate': 0.0004412446209864284, 'epoch': 4.47}
{'loss': 0.0249, 'learning_rate': 0.0004404170804369414, 'epoch': 4.53}
{'loss': 0.026, 'learning_rate': 0.0004395895398874545, 'epoch': 4.59}
{'loss': 0.0294, 'learning_rate': 0.00043876199933796754, 'epoch': 4.65}
{'loss': 0.0269, 'learning_rate': 0.00043793445878848063, 'epoch': 4.72}
{'loss': 0.0273, 'learning_rate': 0.0004371069182389937, 'epoch': 4.78}
{'loss': 0.0276, 'learning_rate': 0.0004362793776895068, 'epoch': 4.84}
{'loss': 0.0247, 'learning_rate': 0.00043545183714001985, 'epoch': 4.91}
{'loss': 0.0268, 'learning_rate': 0.00043462429659053294, 'epoch': 4.97}
{'loss': 0.0245, 'learning_rate': 0.00043379675604104603, 'epoch': 5.03}
{'loss': 0.0242, 'learning_rate': 0.0004329692154915591, 'epoch': 5.09}
{'loss': 0.0232, 'learning_rate': 0.00043214167494207216, 'epoch': 5.16}
{'loss': 0.0201, 'learning_rate': 0.00043131413439258525, 'epoch': 5.22}
{'loss': 0.0266, 'learning_rate': 0.0004304865938430983, 'epoch': 5.28}
{'loss': 0.0205, 'learning_rate': 0.0004296590532936114, 'epoch': 5.35}
{'loss': 0.0237, 'learning_rate': 0.00042883151274412446, 'epoch': 5.41}
{'loss': 0.0252, 'learning_rate': 0.00042800397219463755, 'epoch': 5.47}
{'loss': 0.023, 'learning_rate': 0.00042717643164515064, 'epoch': 5.53}
{'loss': 0.0232, 'learning_rate': 0.00042634889109566373, 'epoch': 5.6}
{'loss': 0.022, 'learning_rate': 0.00042552135054617677, 'epoch': 5.66}
{'loss': 0.0181, 'learning_rate': 0.0004246938099966898, 'epoch': 5.72}
{'loss': 0.0229, 'learning_rate': 0.0004238662694472029, 'epoch': 5.79}
{'loss': 0.0202, 'learning_rate': 0.000423038728897716, 'epoch': 5.85}
{'loss': 0.0216, 'learning_rate': 0.0004222111883482291, 'epoch': 5.91}
{'loss': 0.0259, 'learning_rate': 0.00042138364779874217, 'epoch': 5.97}
{'loss': 0.0249, 'learning_rate': 0.00042055610724925526, 'epoch': 6.04}
{'loss': 0.0195, 'learning_rate': 0.0004197285666997683, 'epoch': 6.1}
{'loss': 0.0215, 'learning_rate': 0.0004189010261502814, 'epoch': 6.16}
{'loss': 0.0198, 'learning_rate': 0.0004180734856007944, 'epoch': 6.23}
{'loss': 0.022, 'learning_rate': 0.0004172459450513075, 'epoch': 6.29}
{'loss': 0.02, 'learning_rate': 0.0004164184045018206, 'epoch': 6.35}
{'loss': 0.0181, 'learning_rate': 0.0004155908639523337, 'epoch': 6.42}
{'loss': 0.0246, 'learning_rate': 0.0004147633234028467, 'epoch': 6.48}
{'loss': 0.0219, 'learning_rate': 0.0004139357828533598, 'epoch': 6.54}
{'loss': 0.0219, 'learning_rate': 0.0004131082423038729, 'epoch': 6.6}
{'loss': 0.0205, 'learning_rate': 0.000412280701754386, 'epoch': 6.67}
{'loss': 0.0231, 'learning_rate': 0.0004114531612048991, 'epoch': 6.73}
{'loss': 0.0197, 'learning_rate': 0.0004106256206554121, 'epoch': 6.79}
{'loss': 0.0205, 'learning_rate': 0.00040979808010592516, 'epoch': 6.86}
{'loss': 0.0175, 'learning_rate': 0.00040897053955643825, 'epoch': 6.92}
{'loss': 0.0191, 'learning_rate': 0.00040814299900695134, 'epoch': 6.98}
{'loss': 0.0205, 'learning_rate': 0.00040731545845746443, 'epoch': 7.04}
{'loss': 0.0202, 'learning_rate': 0.0004064879179079775, 'epoch': 7.11}
{'loss': 0.0207, 'learning_rate': 0.0004056603773584906, 'epoch': 7.17}
{'loss': 0.0184, 'learning_rate': 0.00040483283680900364, 'epoch': 7.23}
{'loss': 0.0181, 'learning_rate': 0.00040400529625951673, 'epoch': 7.3}
{'loss': 0.0159, 'learning_rate': 0.00040317775571002977, 'epoch': 7.36}
{'loss': 0.0175, 'learning_rate': 0.00040235021516054286, 'epoch': 7.42}
{'loss': 0.0196, 'learning_rate': 0.00040152267461105595, 'epoch': 7.48}
{'loss': 0.0243, 'learning_rate': 0.00040069513406156904, 'epoch': 7.55}
{'loss': 0.0202, 'learning_rate': 0.0003998675935120821, 'epoch': 7.61}
{'loss': 0.0183, 'learning_rate': 0.00039904005296259517, 'epoch': 7.67}
{'loss': 0.0232, 'learning_rate': 0.00039821251241310826, 'epoch': 7.74}
{'loss': 0.0179, 'learning_rate': 0.00039738497186362135, 'epoch': 7.8}
{'loss': 0.0163, 'learning_rate': 0.0003965574313141344, 'epoch': 7.86}
{'loss': 0.0206, 'learning_rate': 0.0003957298907646475, 'epoch': 7.92}
{'loss': 0.0174, 'learning_rate': 0.00039490235021516056, 'epoch': 7.99}
{'loss': 0.0184, 'learning_rate': 0.0003940748096656736, 'epoch': 8.05}
{'loss': 0.0172, 'learning_rate': 0.0003932472691161867, 'epoch': 8.11}
{'loss': 0.0187, 'learning_rate': 0.0003924197285666998, 'epoch': 8.18}
{'loss': 0.016, 'learning_rate': 0.00039159218801721287, 'epoch': 8.24}
{'loss': 0.0174, 'learning_rate': 0.00039076464746772596, 'epoch': 8.3}
{'loss': 0.0157, 'learning_rate': 0.00038993710691823905, 'epoch': 8.36}
{'loss': 0.0179, 'learning_rate': 0.00038910956636875203, 'epoch': 8.43}
{'loss': 0.0188, 'learning_rate': 0.0003882820258192651, 'epoch': 8.49}
{'loss': 0.0175, 'learning_rate': 0.0003874544852697782, 'epoch': 8.55}
{'loss': 0.0174, 'learning_rate': 0.0003866269447202913, 'epoch': 8.62}
{'loss': 0.0154, 'learning_rate': 0.0003857994041708044, 'epoch': 8.68}
{'loss': 0.0152, 'learning_rate': 0.0003849718636213175, 'epoch': 8.74}
{'loss': 0.0183, 'learning_rate': 0.0003841443230718305, 'epoch': 8.81}
{'loss': 0.0154, 'learning_rate': 0.0003833167825223436, 'epoch': 8.87}
{'loss': 0.0185, 'learning_rate': 0.00038248924197285664, 'epoch': 8.93}
{'loss': 0.0181, 'learning_rate': 0.00038166170142336974, 'epoch': 8.99}
{'loss': 0.0151, 'learning_rate': 0.0003808341608738828, 'epoch': 9.06}
{'loss': 0.0141, 'learning_rate': 0.0003800066203243959, 'epoch': 9.12}
{'loss': 0.0155, 'learning_rate': 0.00037917907977490895, 'epoch': 9.18}
{'loss': 0.0171, 'learning_rate': 0.00037835153922542204, 'epoch': 9.25}
{'loss': 0.0154, 'learning_rate': 0.00037752399867593513, 'epoch': 9.31}
{'loss': 0.0169, 'learning_rate': 0.0003766964581264482, 'epoch': 9.37}
{'loss': 0.0122, 'learning_rate': 0.0003758689175769613, 'epoch': 9.43}
{'loss': 0.014, 'learning_rate': 0.00037504137702747435, 'epoch': 9.5}
{'loss': 0.0183, 'learning_rate': 0.0003742138364779874, 'epoch': 9.56}
{'loss': 0.0159, 'learning_rate': 0.0003733862959285005, 'epoch': 9.62}
{'loss': 0.0181, 'learning_rate': 0.00037255875537901356, 'epoch': 9.69}
{'loss': 0.0188, 'learning_rate': 0.00037173121482952665, 'epoch': 9.75}
{'loss': 0.0148, 'learning_rate': 0.00037090367428003974, 'epoch': 9.81}
{'loss': 0.0178, 'learning_rate': 0.00037007613373055283, 'epoch': 9.87}
{'loss': 0.0149, 'learning_rate': 0.0003692485931810659, 'epoch': 9.94}
{'loss': 0.016, 'learning_rate': 0.00036842105263157896, 'epoch': 10.0}
{'loss': 0.0146, 'learning_rate': 0.000367593512082092, 'epoch': 10.06}
{'loss': 0.0153, 'learning_rate': 0.0003667659715326051, 'epoch': 10.13}
{'loss': 0.0154, 'learning_rate': 0.0003659384309831182, 'epoch': 10.19}
{'loss': 0.0158, 'learning_rate': 0.00036511089043363127, 'epoch': 10.25}
{'loss': 0.0142, 'learning_rate': 0.00036428334988414436, 'epoch': 10.31}
{'loss': 0.0148, 'learning_rate': 0.0003634558093346574, 'epoch': 10.38}
{'loss': 0.019, 'learning_rate': 0.0003626282687851705, 'epoch': 10.44}
{'loss': 0.0161, 'learning_rate': 0.0003618007282356836, 'epoch': 10.5}
{'loss': 0.0142, 'learning_rate': 0.0003609731876861966, 'epoch': 10.57}
{'loss': 0.0171, 'learning_rate': 0.0003601456471367097, 'epoch': 10.63}
{'loss': 0.017, 'learning_rate': 0.0003593181065872228, 'epoch': 10.69}
{'loss': 0.0172, 'learning_rate': 0.0003584905660377358, 'epoch': 10.75}
{'loss': 0.014, 'learning_rate': 0.0003576630254882489, 'epoch': 10.82}
{'loss': 0.0144, 'learning_rate': 0.000356835484938762, 'epoch': 10.88}
{'loss': 0.0123, 'learning_rate': 0.0003560079443892751, 'epoch': 10.94}
{'loss': 0.0126, 'learning_rate': 0.0003551804038397882, 'epoch': 11.01}
{'loss': 0.0121, 'learning_rate': 0.0003543528632903013, 'epoch': 11.07}
{'loss': 0.0112, 'learning_rate': 0.00035352532274081426, 'epoch': 11.13}
{'loss': 0.0137, 'learning_rate': 0.00035269778219132735, 'epoch': 11.19}
{'loss': 0.0104, 'learning_rate': 0.00035187024164184044, 'epoch': 11.26}
{'loss': 0.0142, 'learning_rate': 0.00035104270109235353, 'epoch': 11.32}
{'loss': 0.0148, 'learning_rate': 0.0003502151605428666, 'epoch': 11.38}
{'loss': 0.0169, 'learning_rate': 0.0003493876199933797, 'epoch': 11.45}
{'loss': 0.0149, 'learning_rate': 0.00034856007944389275, 'epoch': 11.51}
{'loss': 0.0142, 'learning_rate': 0.00034773253889440584, 'epoch': 11.57}
{'loss': 0.0156, 'learning_rate': 0.0003469049983449189, 'epoch': 11.64}
{'loss': 0.014, 'learning_rate': 0.00034607745779543196, 'epoch': 11.7}
{'loss': 0.0141, 'learning_rate': 0.00034524991724594505, 'epoch': 11.76}
{'loss': 0.0139, 'learning_rate': 0.00034442237669645814, 'epoch': 11.82}
{'loss': 0.0152, 'learning_rate': 0.00034359483614697123, 'epoch': 11.89}
{'loss': 0.016, 'learning_rate': 0.00034276729559748427, 'epoch': 11.95}
{'loss': 0.0151, 'learning_rate': 0.00034193975504799736, 'epoch': 12.01}
{'loss': 0.0129, 'learning_rate': 0.00034111221449851045, 'epoch': 12.08}
{'loss': 0.0147, 'learning_rate': 0.00034028467394902354, 'epoch': 12.14}
{'loss': 0.0128, 'learning_rate': 0.0003394571333995366, 'epoch': 12.2}
{'loss': 0.013, 'learning_rate': 0.00033862959285004966, 'epoch': 12.26}
{'loss': 0.0139, 'learning_rate': 0.0003378020523005627, 'epoch': 12.33}
{'loss': 0.0139, 'learning_rate': 0.0003369745117510758, 'epoch': 12.39}
{'loss': 0.0134, 'learning_rate': 0.0003361469712015889, 'epoch': 12.45}
{'loss': 0.0149, 'learning_rate': 0.00033531943065210197, 'epoch': 12.52}
{'loss': 0.012, 'learning_rate': 0.00033449189010261506, 'epoch': 12.58}
{'loss': 0.0133, 'learning_rate': 0.00033366434955312815, 'epoch': 12.64}
{'loss': 0.0148, 'learning_rate': 0.0003328368090036412, 'epoch': 12.7}
{'loss': 0.0138, 'learning_rate': 0.0003320092684541542, 'epoch': 12.77}
{'loss': 0.0139, 'learning_rate': 0.0003311817279046673, 'epoch': 12.83}
{'loss': 0.0176, 'learning_rate': 0.0003303541873551804, 'epoch': 12.89}
{'loss': 0.0118, 'learning_rate': 0.0003295266468056935, 'epoch': 12.96}
{'loss': 0.0122, 'learning_rate': 0.0003286991062562066, 'epoch': 13.02}
{'loss': 0.0124, 'learning_rate': 0.0003278715657067196, 'epoch': 13.08}
{'loss': 0.0104, 'learning_rate': 0.0003270440251572327, 'epoch': 13.14}
{'loss': 0.013, 'learning_rate': 0.0003262164846077458, 'epoch': 13.21}
{'loss': 0.0097, 'learning_rate': 0.00032538894405825884, 'epoch': 13.27}
{'loss': 0.0098, 'learning_rate': 0.0003245614035087719, 'epoch': 13.33}
{'loss': 0.0116, 'learning_rate': 0.000323733862959285, 'epoch': 13.4}
{'loss': 0.0159, 'learning_rate': 0.0003229063224097981, 'epoch': 13.46}
{'loss': 0.0123, 'learning_rate': 0.00032207878186031114, 'epoch': 13.52}
{'loss': 0.0119, 'learning_rate': 0.00032125124131082423, 'epoch': 13.58}
{'loss': 0.0107, 'learning_rate': 0.0003204237007613373, 'epoch': 13.65}
{'loss': 0.0126, 'learning_rate': 0.0003195961602118504, 'epoch': 13.71}
{'loss': 0.0119, 'learning_rate': 0.0003187686196623635, 'epoch': 13.77}
{'loss': 0.0121, 'learning_rate': 0.00031794107911287654, 'epoch': 13.84}
{'loss': 0.0109, 'learning_rate': 0.0003171135385633896, 'epoch': 13.9}
{'loss': 0.0118, 'learning_rate': 0.00031628599801390267, 'epoch': 13.96}
{'loss': 0.0141, 'learning_rate': 0.00031545845746441576, 'epoch': 14.03}
{'loss': 0.0141, 'learning_rate': 0.00031463091691492885, 'epoch': 14.09}
{'loss': 0.0107, 'learning_rate': 0.00031380337636544194, 'epoch': 14.15}
{'loss': 0.0124, 'learning_rate': 0.000312975835815955, 'epoch': 14.21}
{'loss': 0.0123, 'learning_rate': 0.00031214829526646806, 'epoch': 14.28}
{'loss': 0.0107, 'learning_rate': 0.00031132075471698115, 'epoch': 14.34}
{'loss': 0.014, 'learning_rate': 0.0003104932141674942, 'epoch': 14.4}
{'loss': 0.0107, 'learning_rate': 0.0003096656736180073, 'epoch': 14.47}
{'loss': 0.0113, 'learning_rate': 0.00030883813306852037, 'epoch': 14.53}
{'loss': 0.0103, 'learning_rate': 0.00030801059251903346, 'epoch': 14.59}
{'loss': 0.0103, 'learning_rate': 0.0003071830519695465, 'epoch': 14.65}
{'loss': 0.0099, 'learning_rate': 0.0003063555114200596, 'epoch': 14.72}
{'loss': 0.0121, 'learning_rate': 0.0003055279708705727, 'epoch': 14.78}
{'loss': 0.013, 'learning_rate': 0.00030470043032108576, 'epoch': 14.84}
{'loss': 0.0116, 'learning_rate': 0.0003038728897715988, 'epoch': 14.91}
{'loss': 0.0111, 'learning_rate': 0.0003030453492221119, 'epoch': 14.97}
{'loss': 0.0117, 'learning_rate': 0.0003022178086726249, 'epoch': 15.03}
{'loss': 0.0101, 'learning_rate': 0.000301390268123138, 'epoch': 15.09}
{'loss': 0.0112, 'learning_rate': 0.0003005627275736511, 'epoch': 15.16}
{'loss': 0.0092, 'learning_rate': 0.0002997351870241642, 'epoch': 15.22}
{'loss': 0.0111, 'learning_rate': 0.0002989076464746773, 'epoch': 15.28}
{'loss': 0.0127, 'learning_rate': 0.0002980801059251904, 'epoch': 15.35}
{'loss': 0.0103, 'learning_rate': 0.00029725256537570347, 'epoch': 15.41}
{'loss': 0.0139, 'learning_rate': 0.00029642502482621645, 'epoch': 15.47}
{'loss': 0.0108, 'learning_rate': 0.00029559748427672954, 'epoch': 15.53}
{'loss': 0.0105, 'learning_rate': 0.00029476994372724263, 'epoch': 15.6}
{'loss': 0.0105, 'learning_rate': 0.0002939424031777557, 'epoch': 15.66}
{'loss': 0.0107, 'learning_rate': 0.0002931148626282688, 'epoch': 15.72}
{'loss': 0.0113, 'learning_rate': 0.0002922873220787819, 'epoch': 15.79}
{'loss': 0.0117, 'learning_rate': 0.00029145978152929494, 'epoch': 15.85}
{'loss': 0.011, 'learning_rate': 0.000290632240979808, 'epoch': 15.91}
{'loss': 0.0099, 'learning_rate': 0.00028980470043032106, 'epoch': 15.97}
