Requirement already satisfied: transformers in /home/zc272/.conda/envs/TANL2/lib/python3.11/site-packages (4.31.0)
Requirement already satisfied: filelock in /home/zc272/.conda/envs/TANL2/lib/python3.11/site-packages (from transformers) (3.9.0)
Requirement already satisfied: huggingface-hub<1.0,>=0.14.1 in /home/zc272/.conda/envs/TANL2/lib/python3.11/site-packages (from transformers) (0.16.4)
Requirement already satisfied: numpy>=1.17 in /home/zc272/.conda/envs/TANL2/lib/python3.11/site-packages (from transformers) (1.25.2)
Requirement already satisfied: packaging>=20.0 in /home/zc272/.conda/envs/TANL2/lib/python3.11/site-packages (from transformers) (23.1)
Requirement already satisfied: pyyaml>=5.1 in /home/zc272/.conda/envs/TANL2/lib/python3.11/site-packages (from transformers) (6.0.1)
Requirement already satisfied: regex!=2019.12.17 in /home/zc272/.conda/envs/TANL2/lib/python3.11/site-packages (from transformers) (2023.6.3)
Requirement already satisfied: requests in /home/zc272/.conda/envs/TANL2/lib/python3.11/site-packages (from transformers) (2.31.0)
Requirement already satisfied: tokenizers!=0.11.3,<0.14,>=0.11.1 in /home/zc272/.conda/envs/TANL2/lib/python3.11/site-packages (from transformers) (0.13.3)
Requirement already satisfied: safetensors>=0.3.1 in /home/zc272/.conda/envs/TANL2/lib/python3.11/site-packages (from transformers) (0.3.2)
Requirement already satisfied: tqdm>=4.27 in /home/zc272/.conda/envs/TANL2/lib/python3.11/site-packages (from transformers) (4.65.1)
Requirement already satisfied: fsspec in /home/zc272/.conda/envs/TANL2/lib/python3.11/site-packages (from huggingface-hub<1.0,>=0.14.1->transformers) (2023.6.0)
Requirement already satisfied: typing-extensions>=3.7.4.3 in /home/zc272/.conda/envs/TANL2/lib/python3.11/site-packages (from huggingface-hub<1.0,>=0.14.1->transformers) (4.7.1)
Requirement already satisfied: charset-normalizer<4,>=2 in /home/zc272/.conda/envs/TANL2/lib/python3.11/site-packages (from requests->transformers) (2.0.4)
Requirement already satisfied: idna<4,>=2.5 in /home/zc272/.conda/envs/TANL2/lib/python3.11/site-packages (from requests->transformers) (3.4)
Requirement already satisfied: urllib3<3,>=1.21.1 in /home/zc272/.conda/envs/TANL2/lib/python3.11/site-packages (from requests->transformers) (1.26.16)
Requirement already satisfied: certifi>=2017.4.17 in /home/zc272/.conda/envs/TANL2/lib/python3.11/site-packages (from requests->transformers) (2023.7.22)
Requirement already satisfied: scipy in /home/zc272/.conda/envs/TANL2/lib/python3.11/site-packages (1.11.1)
Requirement already satisfied: numpy<1.28.0,>=1.21.6 in /home/zc272/.conda/envs/TANL2/lib/python3.11/site-packages (from scipy) (1.25.2)
Requirement already satisfied: accelerate in /home/zc272/.conda/envs/TANL2/lib/python3.11/site-packages (0.23.0)
Requirement already satisfied: numpy>=1.17 in /home/zc272/.conda/envs/TANL2/lib/python3.11/site-packages (from accelerate) (1.25.2)
Requirement already satisfied: packaging>=20.0 in /home/zc272/.conda/envs/TANL2/lib/python3.11/site-packages (from accelerate) (23.1)
Requirement already satisfied: psutil in /home/zc272/.conda/envs/TANL2/lib/python3.11/site-packages (from accelerate) (5.9.5)
Requirement already satisfied: pyyaml in /home/zc272/.conda/envs/TANL2/lib/python3.11/site-packages (from accelerate) (6.0.1)
Requirement already satisfied: torch>=1.10.0 in /home/zc272/.conda/envs/TANL2/lib/python3.11/site-packages (from accelerate) (2.0.1)
Requirement already satisfied: huggingface-hub in /home/zc272/.conda/envs/TANL2/lib/python3.11/site-packages (from accelerate) (0.16.4)
Requirement already satisfied: filelock in /home/zc272/.conda/envs/TANL2/lib/python3.11/site-packages (from torch>=1.10.0->accelerate) (3.9.0)
Requirement already satisfied: typing-extensions in /home/zc272/.conda/envs/TANL2/lib/python3.11/site-packages (from torch>=1.10.0->accelerate) (4.7.1)
Requirement already satisfied: sympy in /home/zc272/.conda/envs/TANL2/lib/python3.11/site-packages (from torch>=1.10.0->accelerate) (1.11.1)
Requirement already satisfied: networkx in /home/zc272/.conda/envs/TANL2/lib/python3.11/site-packages (from torch>=1.10.0->accelerate) (3.1)
Requirement already satisfied: jinja2 in /home/zc272/.conda/envs/TANL2/lib/python3.11/site-packages (from torch>=1.10.0->accelerate) (3.1.2)
Requirement already satisfied: fsspec in /home/zc272/.conda/envs/TANL2/lib/python3.11/site-packages (from huggingface-hub->accelerate) (2023.6.0)
Requirement already satisfied: requests in /home/zc272/.conda/envs/TANL2/lib/python3.11/site-packages (from huggingface-hub->accelerate) (2.31.0)
Requirement already satisfied: tqdm>=4.42.1 in /home/zc272/.conda/envs/TANL2/lib/python3.11/site-packages (from huggingface-hub->accelerate) (4.65.1)
Requirement already satisfied: MarkupSafe>=2.0 in /home/zc272/.conda/envs/TANL2/lib/python3.11/site-packages (from jinja2->torch>=1.10.0->accelerate) (2.1.1)
Requirement already satisfied: charset-normalizer<4,>=2 in /home/zc272/.conda/envs/TANL2/lib/python3.11/site-packages (from requests->huggingface-hub->accelerate) (2.0.4)
Requirement already satisfied: idna<4,>=2.5 in /home/zc272/.conda/envs/TANL2/lib/python3.11/site-packages (from requests->huggingface-hub->accelerate) (3.4)
Requirement already satisfied: urllib3<3,>=1.21.1 in /home/zc272/.conda/envs/TANL2/lib/python3.11/site-packages (from requests->huggingface-hub->accelerate) (1.26.16)
Requirement already satisfied: certifi>=2017.4.17 in /home/zc272/.conda/envs/TANL2/lib/python3.11/site-packages (from requests->huggingface-hub->accelerate) (2023.7.22)
Requirement already satisfied: mpmath>=0.19 in /home/zc272/.conda/envs/TANL2/lib/python3.11/site-packages (from sympy->torch>=1.10.0->accelerate) (1.3.0)

{'loss': 5.343, 'learning_rate': 0.0004991724594505131, 'epoch': 0.06}
{'loss': 0.7425, 'learning_rate': 0.0004983449189010262, 'epoch': 0.13}
{'loss': 0.3548, 'learning_rate': 0.0004975173783515393, 'epoch': 0.19}
{'loss': 0.277, 'learning_rate': 0.0004966898378020523, 'epoch': 0.25}
{'loss': 0.3126, 'learning_rate': 0.0004958622972525654, 'epoch': 0.31}
{'loss': 0.2669, 'learning_rate': 0.0004950347567030784, 'epoch': 0.38}
{'loss': 0.2152, 'learning_rate': 0.0004942072161535915, 'epoch': 0.44}
{'loss': 0.174, 'learning_rate': 0.0004933796756041046, 'epoch': 0.5}
{'loss': 0.1541, 'learning_rate': 0.0004925521350546177, 'epoch': 0.57}
{'loss': 0.1439, 'learning_rate': 0.0004917245945051307, 'epoch': 0.63}
{'loss': 0.1436, 'learning_rate': 0.0004908970539556438, 'epoch': 0.69}
{'loss': 0.1084, 'learning_rate': 0.0004900695134061569, 'epoch': 0.75}
{'loss': 0.1331, 'learning_rate': 0.00048924197285667, 'epoch': 0.82}
{'loss': 0.112, 'learning_rate': 0.0004884144323071831, 'epoch': 0.88}
{'loss': 0.1, 'learning_rate': 0.00048758689175769615, 'epoch': 0.94}
{'loss': 0.1001, 'learning_rate': 0.0004867593512082092, 'epoch': 1.01}
{'loss': 0.1024, 'learning_rate': 0.00048593181065872227, 'epoch': 1.07}
{'loss': 0.1136, 'learning_rate': 0.00048510427010923536, 'epoch': 1.13}
{'loss': 0.1157, 'learning_rate': 0.00048427672955974845, 'epoch': 1.19}
{'loss': 0.0969, 'learning_rate': 0.00048344918901026154, 'epoch': 1.26}
{'loss': 0.0689, 'learning_rate': 0.00048262164846077463, 'epoch': 1.32}
{'loss': 0.0749, 'learning_rate': 0.0004817941079112876, 'epoch': 1.38}
{'loss': 0.0765, 'learning_rate': 0.0004809665673618007, 'epoch': 1.45}
{'loss': 0.0695, 'learning_rate': 0.0004801390268123138, 'epoch': 1.51}
{'loss': 0.0764, 'learning_rate': 0.0004793114862628269, 'epoch': 1.57}
{'loss': 0.0766, 'learning_rate': 0.00047848394571334, 'epoch': 1.64}
{'loss': 0.0714, 'learning_rate': 0.00047765640516385307, 'epoch': 1.7}
{'loss': 0.0555, 'learning_rate': 0.0004768288646143661, 'epoch': 1.76}
{'loss': 0.0645, 'learning_rate': 0.0004760013240648792, 'epoch': 1.82}
{'loss': 0.063, 'learning_rate': 0.0004751737835153923, 'epoch': 1.89}
{'loss': 0.0644, 'learning_rate': 0.0004743462429659053, 'epoch': 1.95}
{'loss': 0.0814, 'learning_rate': 0.0004735187024164184, 'epoch': 2.01}
{'loss': 0.0627, 'learning_rate': 0.0004726911618669315, 'epoch': 2.08}
{'loss': 0.0533, 'learning_rate': 0.0004718636213174446, 'epoch': 2.14}
{'loss': 0.059, 'learning_rate': 0.0004710360807679576, 'epoch': 2.2}
{'loss': 0.0518, 'learning_rate': 0.0004702085402184707, 'epoch': 2.26}
{'loss': 0.061, 'learning_rate': 0.0004693809996689838, 'epoch': 2.33}
{'loss': 0.0523, 'learning_rate': 0.0004685534591194969, 'epoch': 2.39}
{'loss': 0.0527, 'learning_rate': 0.00046772591857000993, 'epoch': 2.45}
{'loss': 0.0606, 'learning_rate': 0.000466898378020523, 'epoch': 2.52}
{'loss': 0.0628, 'learning_rate': 0.00046607083747103606, 'epoch': 2.58}
{'loss': 0.044, 'learning_rate': 0.00046524329692154915, 'epoch': 2.64}
{'loss': 0.0543, 'learning_rate': 0.00046441575637206224, 'epoch': 2.7}
{'loss': 0.0972, 'learning_rate': 0.0004635882158225753, 'epoch': 2.77}
{'loss': 0.056, 'learning_rate': 0.0004627606752730884, 'epoch': 2.83}
{'loss': 0.0579, 'learning_rate': 0.0004619331347236015, 'epoch': 2.89}
{'loss': 0.0582, 'learning_rate': 0.00046110559417411454, 'epoch': 2.96}
{'loss': 0.0544, 'learning_rate': 0.0004602780536246276, 'epoch': 3.02}
{'loss': 0.0469, 'learning_rate': 0.00045945051307514067, 'epoch': 3.08}
{'loss': 0.0464, 'learning_rate': 0.00045862297252565376, 'epoch': 3.14}
{'loss': 0.0452, 'learning_rate': 0.00045779543197616685, 'epoch': 3.21}
{'loss': 0.0507, 'learning_rate': 0.00045696789142667994, 'epoch': 3.27}
{'loss': 0.0456, 'learning_rate': 0.000456140350877193, 'epoch': 3.33}
{'loss': 0.0635, 'learning_rate': 0.00045531281032770607, 'epoch': 3.4}
{'loss': 0.0533, 'learning_rate': 0.00045448526977821916, 'epoch': 3.46}
{'loss': 0.0589, 'learning_rate': 0.0004536577292287322, 'epoch': 3.52}
{'loss': 0.0362, 'learning_rate': 0.0004528301886792453, 'epoch': 3.58}
{'loss': 0.0498, 'learning_rate': 0.00045200264812975837, 'epoch': 3.65}
{'loss': 0.0605, 'learning_rate': 0.0004511751075802714, 'epoch': 3.71}
{'loss': 0.0382, 'learning_rate': 0.0004503475670307845, 'epoch': 3.77}
{'loss': 0.0454, 'learning_rate': 0.0004495200264812976, 'epoch': 3.84}
{'loss': 0.0551, 'learning_rate': 0.0004486924859318107, 'epoch': 3.9}
{'loss': 0.064, 'learning_rate': 0.00044786494538232377, 'epoch': 3.96}
{'loss': 0.0496, 'learning_rate': 0.00044703740483283686, 'epoch': 4.03}
{'loss': 0.0378, 'learning_rate': 0.0004462098642833499, 'epoch': 4.09}
{'loss': 0.0425, 'learning_rate': 0.00044538232373386293, 'epoch': 4.15}
{'loss': 0.0388, 'learning_rate': 0.000444554783184376, 'epoch': 4.21}
{'loss': 0.0384, 'learning_rate': 0.0004437272426348891, 'epoch': 4.28}
{'loss': 0.0334, 'learning_rate': 0.0004428997020854022, 'epoch': 4.34}
{'loss': 0.0492, 'learning_rate': 0.0004420721615359153, 'epoch': 4.4}
{'loss': 0.0442, 'learning_rate': 0.0004412446209864284, 'epoch': 4.47}
{'loss': 0.036, 'learning_rate': 0.0004404170804369414, 'epoch': 4.53}
{'loss': 0.0393, 'learning_rate': 0.0004395895398874545, 'epoch': 4.59}
{'loss': 0.0509, 'learning_rate': 0.00043876199933796754, 'epoch': 4.65}
{'loss': 0.0454, 'learning_rate': 0.00043793445878848063, 'epoch': 4.72}
{'loss': 0.0378, 'learning_rate': 0.0004371069182389937, 'epoch': 4.78}
{'loss': 0.0581, 'learning_rate': 0.0004362793776895068, 'epoch': 4.84}
{'loss': 0.048, 'learning_rate': 0.00043545183714001985, 'epoch': 4.91}
{'loss': 0.0348, 'learning_rate': 0.00043462429659053294, 'epoch': 4.97}
{'loss': 0.0434, 'learning_rate': 0.00043379675604104603, 'epoch': 5.03}
{'loss': 0.0379, 'learning_rate': 0.0004329692154915591, 'epoch': 5.09}
{'loss': 0.0286, 'learning_rate': 0.00043214167494207216, 'epoch': 5.16}
{'loss': 0.0353, 'learning_rate': 0.00043131413439258525, 'epoch': 5.22}
{'loss': 0.0333, 'learning_rate': 0.0004304865938430983, 'epoch': 5.28}
{'loss': 0.0387, 'learning_rate': 0.0004296590532936114, 'epoch': 5.35}
{'loss': 0.0344, 'learning_rate': 0.00042883151274412446, 'epoch': 5.41}
{'loss': 0.0318, 'learning_rate': 0.00042800397219463755, 'epoch': 5.47}
{'loss': 0.0312, 'learning_rate': 0.00042717643164515064, 'epoch': 5.53}
{'loss': 0.0325, 'learning_rate': 0.00042634889109566373, 'epoch': 5.6}
{'loss': 0.0305, 'learning_rate': 0.00042552135054617677, 'epoch': 5.66}
{'loss': 0.0348, 'learning_rate': 0.0004246938099966898, 'epoch': 5.72}
{'loss': 0.0322, 'learning_rate': 0.0004238662694472029, 'epoch': 5.79}
{'loss': 0.0264, 'learning_rate': 0.000423038728897716, 'epoch': 5.85}
{'loss': 0.038, 'learning_rate': 0.0004222111883482291, 'epoch': 5.91}
{'loss': 0.0276, 'learning_rate': 0.00042138364779874217, 'epoch': 5.97}
{'loss': 0.0312, 'learning_rate': 0.00042055610724925526, 'epoch': 6.04}
{'loss': 0.0283, 'learning_rate': 0.0004197285666997683, 'epoch': 6.1}
{'loss': 0.0263, 'learning_rate': 0.0004189010261502814, 'epoch': 6.16}
{'loss': 0.0246, 'learning_rate': 0.0004180734856007944, 'epoch': 6.23}
{'loss': 0.0261, 'learning_rate': 0.0004172459450513075, 'epoch': 6.29}
{'loss': 0.0257, 'learning_rate': 0.0004164184045018206, 'epoch': 6.35}
{'loss': 0.0265, 'learning_rate': 0.0004155908639523337, 'epoch': 6.42}
{'loss': 0.0254, 'learning_rate': 0.0004147633234028467, 'epoch': 6.48}
{'loss': 0.0311, 'learning_rate': 0.0004139357828533598, 'epoch': 6.54}
{'loss': 0.0289, 'learning_rate': 0.0004131082423038729, 'epoch': 6.6}
{'loss': 0.0343, 'learning_rate': 0.000412280701754386, 'epoch': 6.67}
{'loss': 0.0408, 'learning_rate': 0.0004114531612048991, 'epoch': 6.73}
{'loss': 0.0301, 'learning_rate': 0.0004106256206554121, 'epoch': 6.79}
{'loss': 0.0318, 'learning_rate': 0.00040979808010592516, 'epoch': 6.86}
{'loss': 0.0297, 'learning_rate': 0.00040897053955643825, 'epoch': 6.92}
{'loss': 0.0265, 'learning_rate': 0.00040814299900695134, 'epoch': 6.98}
{'loss': 0.0305, 'learning_rate': 0.00040731545845746443, 'epoch': 7.04}
{'loss': 0.0268, 'learning_rate': 0.0004064879179079775, 'epoch': 7.11}
{'loss': 0.0295, 'learning_rate': 0.0004056603773584906, 'epoch': 7.17}
{'loss': 0.0269, 'learning_rate': 0.00040483283680900364, 'epoch': 7.23}
{'loss': 0.0267, 'learning_rate': 0.00040400529625951673, 'epoch': 7.3}
{'loss': 0.0208, 'learning_rate': 0.00040317775571002977, 'epoch': 7.36}
{'loss': 0.0244, 'learning_rate': 0.00040235021516054286, 'epoch': 7.42}
{'loss': 0.0275, 'learning_rate': 0.00040152267461105595, 'epoch': 7.48}
{'loss': 0.0408, 'learning_rate': 0.00040069513406156904, 'epoch': 7.55}
{'loss': 0.0249, 'learning_rate': 0.0003998675935120821, 'epoch': 7.61}
{'loss': 0.0164, 'learning_rate': 0.00039904005296259517, 'epoch': 7.67}
{'loss': 0.0287, 'learning_rate': 0.00039821251241310826, 'epoch': 7.74}
{'loss': 0.0366, 'learning_rate': 0.00039738497186362135, 'epoch': 7.8}
{'loss': 0.0255, 'learning_rate': 0.0003965574313141344, 'epoch': 7.86}
{'loss': 0.0275, 'learning_rate': 0.0003957298907646475, 'epoch': 7.92}
{'loss': 0.0217, 'learning_rate': 0.00039490235021516056, 'epoch': 7.99}
{'loss': 0.0244, 'learning_rate': 0.0003940748096656736, 'epoch': 8.05}
{'loss': 0.0273, 'learning_rate': 0.0003932472691161867, 'epoch': 8.11}
{'loss': 0.0277, 'learning_rate': 0.0003924197285666998, 'epoch': 8.18}
{'loss': 0.0223, 'learning_rate': 0.00039159218801721287, 'epoch': 8.24}
{'loss': 0.0171, 'learning_rate': 0.00039076464746772596, 'epoch': 8.3}
{'loss': 0.0285, 'learning_rate': 0.00038993710691823905, 'epoch': 8.36}
{'loss': 0.0178, 'learning_rate': 0.00038910956636875203, 'epoch': 8.43}
{'loss': 0.0237, 'learning_rate': 0.0003882820258192651, 'epoch': 8.49}
{'loss': 0.0221, 'learning_rate': 0.0003874544852697782, 'epoch': 8.55}
{'loss': 0.0231, 'learning_rate': 0.0003866269447202913, 'epoch': 8.62}
{'loss': 0.0276, 'learning_rate': 0.0003857994041708044, 'epoch': 8.68}
{'loss': 0.0191, 'learning_rate': 0.0003849718636213175, 'epoch': 8.74}
{'loss': 0.0277, 'learning_rate': 0.0003841443230718305, 'epoch': 8.81}
{'loss': 0.0223, 'learning_rate': 0.0003833167825223436, 'epoch': 8.87}
{'loss': 0.0304, 'learning_rate': 0.00038248924197285664, 'epoch': 8.93}
{'loss': 0.0208, 'learning_rate': 0.00038166170142336974, 'epoch': 8.99}
{'loss': 0.0194, 'learning_rate': 0.0003808341608738828, 'epoch': 9.06}
{'loss': 0.0166, 'learning_rate': 0.0003800066203243959, 'epoch': 9.12}
{'loss': 0.0232, 'learning_rate': 0.00037917907977490895, 'epoch': 9.18}
{'loss': 0.0269, 'learning_rate': 0.00037835153922542204, 'epoch': 9.25}
{'loss': 0.0211, 'learning_rate': 0.00037752399867593513, 'epoch': 9.31}
{'loss': 0.0235, 'learning_rate': 0.0003766964581264482, 'epoch': 9.37}
{'loss': 0.0223, 'learning_rate': 0.0003758689175769613, 'epoch': 9.43}
{'loss': 0.0211, 'learning_rate': 0.00037504137702747435, 'epoch': 9.5}
{'loss': 0.0261, 'learning_rate': 0.0003742138364779874, 'epoch': 9.56}
{'loss': 0.0201, 'learning_rate': 0.0003733862959285005, 'epoch': 9.62}
{'loss': 0.0215, 'learning_rate': 0.00037255875537901356, 'epoch': 9.69}
{'loss': 0.0268, 'learning_rate': 0.00037173121482952665, 'epoch': 9.75}
{'loss': 0.0275, 'learning_rate': 0.00037090367428003974, 'epoch': 9.81}
{'loss': 0.0218, 'learning_rate': 0.00037007613373055283, 'epoch': 9.87}
{'loss': 0.0189, 'learning_rate': 0.0003692485931810659, 'epoch': 9.94}
{'loss': 0.0234, 'learning_rate': 0.00036842105263157896, 'epoch': 10.0}
{'loss': 0.0174, 'learning_rate': 0.000367593512082092, 'epoch': 10.06}
{'loss': 0.0224, 'learning_rate': 0.0003667659715326051, 'epoch': 10.13}
{'loss': 0.0238, 'learning_rate': 0.0003659384309831182, 'epoch': 10.19}
{'loss': 0.0233, 'learning_rate': 0.00036511089043363127, 'epoch': 10.25}
{'loss': 0.0296, 'learning_rate': 0.00036428334988414436, 'epoch': 10.31}
{'loss': 0.0195, 'learning_rate': 0.0003634558093346574, 'epoch': 10.38}
{'loss': 0.0224, 'learning_rate': 0.0003626282687851705, 'epoch': 10.44}
{'loss': 0.0215, 'learning_rate': 0.0003618007282356836, 'epoch': 10.5}
{'loss': 0.0245, 'learning_rate': 0.0003609731876861966, 'epoch': 10.57}
{'loss': 0.0204, 'learning_rate': 0.0003601456471367097, 'epoch': 10.63}
{'loss': 0.0197, 'learning_rate': 0.0003593181065872228, 'epoch': 10.69}
{'loss': 0.0164, 'learning_rate': 0.0003584905660377358, 'epoch': 10.75}
{'loss': 0.0188, 'learning_rate': 0.0003576630254882489, 'epoch': 10.82}
{'loss': 0.0177, 'learning_rate': 0.000356835484938762, 'epoch': 10.88}
{'loss': 0.0228, 'learning_rate': 0.0003560079443892751, 'epoch': 10.94}
{'loss': 0.0208, 'learning_rate': 0.0003551804038397882, 'epoch': 11.01}
{'loss': 0.0148, 'learning_rate': 0.0003543528632903013, 'epoch': 11.07}
{'loss': 0.0152, 'learning_rate': 0.00035352532274081426, 'epoch': 11.13}
{'loss': 0.0253, 'learning_rate': 0.00035269778219132735, 'epoch': 11.19}
{'loss': 0.0195, 'learning_rate': 0.00035187024164184044, 'epoch': 11.26}
{'loss': 0.0194, 'learning_rate': 0.00035104270109235353, 'epoch': 11.32}
{'loss': 0.0171, 'learning_rate': 0.0003502151605428666, 'epoch': 11.38}
{'loss': 0.0168, 'learning_rate': 0.0003493876199933797, 'epoch': 11.45}
{'loss': 0.0166, 'learning_rate': 0.00034856007944389275, 'epoch': 11.51}
{'loss': 0.03, 'learning_rate': 0.00034773253889440584, 'epoch': 11.57}
{'loss': 0.0174, 'learning_rate': 0.0003469049983449189, 'epoch': 11.64}
{'loss': 0.0226, 'learning_rate': 0.00034607745779543196, 'epoch': 11.7}
{'loss': 0.0171, 'learning_rate': 0.00034524991724594505, 'epoch': 11.76}
{'loss': 0.0167, 'learning_rate': 0.00034442237669645814, 'epoch': 11.82}
{'loss': 0.0226, 'learning_rate': 0.00034359483614697123, 'epoch': 11.89}
{'loss': 0.0168, 'learning_rate': 0.00034276729559748427, 'epoch': 11.95}
{'loss': 0.0192, 'learning_rate': 0.00034193975504799736, 'epoch': 12.01}
{'loss': 0.0178, 'learning_rate': 0.00034111221449851045, 'epoch': 12.08}
{'loss': 0.0173, 'learning_rate': 0.00034028467394902354, 'epoch': 12.14}
{'loss': 0.0131, 'learning_rate': 0.0003394571333995366, 'epoch': 12.2}
{'loss': 0.014, 'learning_rate': 0.00033862959285004966, 'epoch': 12.26}
{'loss': 0.0176, 'learning_rate': 0.0003378020523005627, 'epoch': 12.33}
{'loss': 0.0184, 'learning_rate': 0.0003369745117510758, 'epoch': 12.39}
{'loss': 0.0145, 'learning_rate': 0.0003361469712015889, 'epoch': 12.45}
{'loss': 0.0245, 'learning_rate': 0.00033531943065210197, 'epoch': 12.52}
{'loss': 0.0186, 'learning_rate': 0.00033449189010261506, 'epoch': 12.58}
{'loss': 0.0187, 'learning_rate': 0.00033366434955312815, 'epoch': 12.64}
{'loss': 0.0227, 'learning_rate': 0.0003328368090036412, 'epoch': 12.7}
{'loss': 0.0187, 'learning_rate': 0.0003320092684541542, 'epoch': 12.77}
{'loss': 0.0155, 'learning_rate': 0.0003311817279046673, 'epoch': 12.83}
{'loss': 0.019, 'learning_rate': 0.0003303541873551804, 'epoch': 12.89}
{'loss': 0.0195, 'learning_rate': 0.0003295266468056935, 'epoch': 12.96}
{'loss': 0.0179, 'learning_rate': 0.0003286991062562066, 'epoch': 13.02}
{'loss': 0.0167, 'learning_rate': 0.0003278715657067196, 'epoch': 13.08}
{'loss': 0.015, 'learning_rate': 0.0003270440251572327, 'epoch': 13.14}
{'loss': 0.0177, 'learning_rate': 0.0003262164846077458, 'epoch': 13.21}
{'loss': 0.0166, 'learning_rate': 0.00032538894405825884, 'epoch': 13.27}
{'loss': 0.0149, 'learning_rate': 0.0003245614035087719, 'epoch': 13.33}
{'loss': 0.0185, 'learning_rate': 0.000323733862959285, 'epoch': 13.4}
{'loss': 0.0183, 'learning_rate': 0.0003229063224097981, 'epoch': 13.46}
{'loss': 0.0176, 'learning_rate': 0.00032207878186031114, 'epoch': 13.52}
{'loss': 0.0219, 'learning_rate': 0.00032125124131082423, 'epoch': 13.58}
{'loss': 0.0185, 'learning_rate': 0.0003204237007613373, 'epoch': 13.65}
{'loss': 0.0147, 'learning_rate': 0.0003195961602118504, 'epoch': 13.71}
{'loss': 0.0185, 'learning_rate': 0.0003187686196623635, 'epoch': 13.77}
{'loss': 0.0193, 'learning_rate': 0.00031794107911287654, 'epoch': 13.84}
{'loss': 0.0165, 'learning_rate': 0.0003171135385633896, 'epoch': 13.9}
{'loss': 0.0145, 'learning_rate': 0.00031628599801390267, 'epoch': 13.96}
{'loss': 0.0171, 'learning_rate': 0.00031545845746441576, 'epoch': 14.03}
{'loss': 0.0156, 'learning_rate': 0.00031463091691492885, 'epoch': 14.09}
{'loss': 0.0181, 'learning_rate': 0.00031380337636544194, 'epoch': 14.15}
{'loss': 0.0157, 'learning_rate': 0.000312975835815955, 'epoch': 14.21}
{'loss': 0.0186, 'learning_rate': 0.00031214829526646806, 'epoch': 14.28}
{'loss': 0.0146, 'learning_rate': 0.00031132075471698115, 'epoch': 14.34}
{'loss': 0.015, 'learning_rate': 0.0003104932141674942, 'epoch': 14.4}
{'loss': 0.0146, 'learning_rate': 0.0003096656736180073, 'epoch': 14.47}
{'loss': 0.0156, 'learning_rate': 0.00030883813306852037, 'epoch': 14.53}
{'loss': 0.015, 'learning_rate': 0.00030801059251903346, 'epoch': 14.59}
{'loss': 0.0122, 'learning_rate': 0.0003071830519695465, 'epoch': 14.65}
{'loss': 0.0131, 'learning_rate': 0.0003063555114200596, 'epoch': 14.72}
{'loss': 0.0137, 'learning_rate': 0.0003055279708705727, 'epoch': 14.78}
{'loss': 0.0172, 'learning_rate': 0.00030470043032108576, 'epoch': 14.84}
{'loss': 0.0156, 'learning_rate': 0.0003038728897715988, 'epoch': 14.91}
{'loss': 0.014, 'learning_rate': 0.0003030453492221119, 'epoch': 14.97}
{'loss': 0.0158, 'learning_rate': 0.0003022178086726249, 'epoch': 15.03}
{'loss': 0.0154, 'learning_rate': 0.000301390268123138, 'epoch': 15.09}
{'loss': 0.0253, 'learning_rate': 0.0003005627275736511, 'epoch': 15.16}
{'loss': 0.0106, 'learning_rate': 0.0002997351870241642, 'epoch': 15.22}
{'loss': 0.0157, 'learning_rate': 0.0002989076464746773, 'epoch': 15.28}
{'loss': 0.017, 'learning_rate': 0.0002980801059251904, 'epoch': 15.35}
{'loss': 0.0113, 'learning_rate': 0.00029725256537570347, 'epoch': 15.41}
{'loss': 0.017, 'learning_rate': 0.00029642502482621645, 'epoch': 15.47}
{'loss': 0.014, 'learning_rate': 0.00029559748427672954, 'epoch': 15.53}
{'loss': 0.0126, 'learning_rate': 0.00029476994372724263, 'epoch': 15.6}
{'loss': 0.0147, 'learning_rate': 0.0002939424031777557, 'epoch': 15.66}
{'loss': 0.0154, 'learning_rate': 0.0002931148626282688, 'epoch': 15.72}
{'loss': 0.0159, 'learning_rate': 0.0002922873220787819, 'epoch': 15.79}
{'loss': 0.0129, 'learning_rate': 0.00029145978152929494, 'epoch': 15.85}
{'loss': 0.0174, 'learning_rate': 0.000290632240979808, 'epoch': 15.91}
{'loss': 0.0117, 'learning_rate': 0.00028980470043032106, 'epoch': 15.97}
{'loss': 0.0187, 'learning_rate': 0.00028897715988083415, 'epoch': 16.04}
{'loss': 0.0113, 'learning_rate': 0.00028814961933134724, 'epoch': 16.1}
{'loss': 0.0169, 'learning_rate': 0.00028732207878186033, 'epoch': 16.16}
{'loss': 0.0135, 'learning_rate': 0.00028649453823237337, 'epoch': 16.23}
{'loss': 0.0098, 'learning_rate': 0.00028566699768288646, 'epoch': 16.29}
{'loss': 0.0215, 'learning_rate': 0.00028483945713339955, 'epoch': 16.35}
{'loss': 0.0127, 'learning_rate': 0.00028401191658391264, 'epoch': 16.42}
{'loss': 0.0135, 'learning_rate': 0.00028318437603442573, 'epoch': 16.48}
{'loss': 0.0134, 'learning_rate': 0.00028235683548493877, 'epoch': 16.54}
{'loss': 0.0136, 'learning_rate': 0.0002815292949354518, 'epoch': 16.6}
{'loss': 0.0171, 'learning_rate': 0.0002807017543859649, 'epoch': 16.67}
{'loss': 0.0227, 'learning_rate': 0.000279874213836478, 'epoch': 16.73}
{'loss': 0.0157, 'learning_rate': 0.00027904667328699107, 'epoch': 16.79}
{'loss': 0.0143, 'learning_rate': 0.00027821913273750416, 'epoch': 16.86}
{'loss': 0.0136, 'learning_rate': 0.00027739159218801725, 'epoch': 16.92}
{'loss': 0.0145, 'learning_rate': 0.0002765640516385303, 'epoch': 16.98}
{'loss': 0.0144, 'learning_rate': 0.0002757365110890434, 'epoch': 17.04}
{'loss': 0.015, 'learning_rate': 0.0002749089705395564, 'epoch': 17.11}
{'loss': 0.0108, 'learning_rate': 0.0002740814299900695, 'epoch': 17.17}
{'loss': 0.0148, 'learning_rate': 0.0002732538894405826, 'epoch': 17.23}
{'loss': 0.0118, 'learning_rate': 0.0002724263488910957, 'epoch': 17.3}
{'loss': 0.0282, 'learning_rate': 0.0002715988083416088, 'epoch': 17.36}
{'loss': 0.0119, 'learning_rate': 0.0002707712677921218, 'epoch': 17.42}
{'loss': 0.0174, 'learning_rate': 0.0002699437272426349, 'epoch': 17.48}
{'loss': 0.0141, 'learning_rate': 0.000269116186693148, 'epoch': 17.55}
{'loss': 0.0137, 'learning_rate': 0.000268288646143661, 'epoch': 17.61}
{'loss': 0.0108, 'learning_rate': 0.0002674611055941741, 'epoch': 17.67}
{'loss': 0.0167, 'learning_rate': 0.0002666335650446872, 'epoch': 17.74}
{'loss': 0.013, 'learning_rate': 0.00026580602449520024, 'epoch': 17.8}
{'loss': 0.0151, 'learning_rate': 0.00026497848394571333, 'epoch': 17.86}
{'loss': 0.0124, 'learning_rate': 0.0002641509433962264, 'epoch': 17.92}
{'loss': 0.0121, 'learning_rate': 0.0002633234028467395, 'epoch': 17.99}
{'loss': 0.0142, 'learning_rate': 0.0002624958622972526, 'epoch': 18.05}
{'loss': 0.012, 'learning_rate': 0.0002616683217477657, 'epoch': 18.11}
{'loss': 0.0144, 'learning_rate': 0.0002608407811982787, 'epoch': 18.18}
{'loss': 0.0163, 'learning_rate': 0.00026001324064879177, 'epoch': 18.24}
{'loss': 0.0137, 'learning_rate': 0.00025918570009930486, 'epoch': 18.3}
{'loss': 0.0102, 'learning_rate': 0.00025835815954981795, 'epoch': 18.36}
{'loss': 0.0128, 'learning_rate': 0.00025753061900033104, 'epoch': 18.43}
{'loss': 0.0131, 'learning_rate': 0.0002567030784508441, 'epoch': 18.49}
{'loss': 0.0098, 'learning_rate': 0.00025587553790135716, 'epoch': 18.55}
{'loss': 0.0139, 'learning_rate': 0.00025504799735187025, 'epoch': 18.62}
{'loss': 0.0123, 'learning_rate': 0.0002542204568023833, 'epoch': 18.68}
{'loss': 0.0188, 'learning_rate': 0.0002533929162528964, 'epoch': 18.74}
{'loss': 0.0494, 'learning_rate': 0.00025256537570340947, 'epoch': 18.81}
{'loss': 0.0158, 'learning_rate': 0.00025173783515392256, 'epoch': 18.87}
{'loss': 0.0099, 'learning_rate': 0.0002509102946044356, 'epoch': 18.93}
{'loss': 0.0118, 'learning_rate': 0.0002500827540549487, 'epoch': 18.99}
{'loss': 0.0166, 'learning_rate': 0.0002492552135054618, 'epoch': 19.06}
{'loss': 0.0092, 'learning_rate': 0.00024842767295597487, 'epoch': 19.12}
{'loss': 0.0154, 'learning_rate': 0.00024760013240648796, 'epoch': 19.18}
{'loss': 0.0105, 'learning_rate': 0.000246772591857001, 'epoch': 19.25}
{'loss': 0.0097, 'learning_rate': 0.0002459450513075141, 'epoch': 19.31}
{'loss': 0.0137, 'learning_rate': 0.00024511751075802717, 'epoch': 19.37}
{'loss': 0.0108, 'learning_rate': 0.0002442899702085402, 'epoch': 19.43}
{'loss': 0.0145, 'learning_rate': 0.0002434624296590533, 'epoch': 19.5}
{'loss': 0.0121, 'learning_rate': 0.0002426348891095664, 'epoch': 19.56}
{'loss': 0.0115, 'learning_rate': 0.00024180734856007942, 'epoch': 19.62}
{'loss': 0.0132, 'learning_rate': 0.00024097980801059251, 'epoch': 19.69}
{'loss': 0.0105, 'learning_rate': 0.0002401522674611056, 'epoch': 19.75}
{'loss': 0.0121, 'learning_rate': 0.00023932472691161867, 'epoch': 19.81}
{'loss': 0.01, 'learning_rate': 0.00023849718636213176, 'epoch': 19.87}
{'loss': 0.013, 'learning_rate': 0.00023766964581264482, 'epoch': 19.94}
{'loss': 0.011, 'learning_rate': 0.00023684210526315788, 'epoch': 20.0}
{'loss': 0.0102, 'learning_rate': 0.00023601456471367097, 'epoch': 20.06}
{'loss': 0.0126, 'learning_rate': 0.00023518702416418406, 'epoch': 20.13}
{'loss': 0.0111, 'learning_rate': 0.00023435948361469713, 'epoch': 20.19}
{'loss': 0.013, 'learning_rate': 0.0002335319430652102, 'epoch': 20.25}
{'loss': 0.01, 'learning_rate': 0.00023270440251572328, 'epoch': 20.31}
{'loss': 0.0119, 'learning_rate': 0.00023187686196623637, 'epoch': 20.38}
{'loss': 0.0104, 'learning_rate': 0.0002310493214167494, 'epoch': 20.44}
{'loss': 0.0091, 'learning_rate': 0.0002302217808672625, 'epoch': 20.5}
{'loss': 0.0106, 'learning_rate': 0.0002293942403177756, 'epoch': 20.57}
{'loss': 0.012, 'learning_rate': 0.00022856669976828865, 'epoch': 20.63}
{'loss': 0.0107, 'learning_rate': 0.00022773915921880174, 'epoch': 20.69}
{'loss': 0.0148, 'learning_rate': 0.0002269116186693148, 'epoch': 20.75}
{'loss': 0.011, 'learning_rate': 0.00022608407811982787, 'epoch': 20.82}
{'loss': 0.013, 'learning_rate': 0.00022525653757034096, 'epoch': 20.88}
{'loss': 0.0098, 'learning_rate': 0.00022442899702085405, 'epoch': 20.94}
{'loss': 0.013, 'learning_rate': 0.00022360145647136708, 'epoch': 21.01}
{'loss': 0.0109, 'learning_rate': 0.00022277391592188017, 'epoch': 21.07}
{'loss': 0.0145, 'learning_rate': 0.00022194637537239326, 'epoch': 21.13}
{'loss': 0.0112, 'learning_rate': 0.00022111883482290633, 'epoch': 21.19}
{'loss': 0.0073, 'learning_rate': 0.0002202912942734194, 'epoch': 21.26}
{'loss': 0.0088, 'learning_rate': 0.00021946375372393248, 'epoch': 21.32}
{'loss': 0.0129, 'learning_rate': 0.00021863621317444554, 'epoch': 21.38}
{'loss': 0.0137, 'learning_rate': 0.00021780867262495863, 'epoch': 21.45}
{'loss': 0.0098, 'learning_rate': 0.00021698113207547172, 'epoch': 21.51}
{'loss': 0.0099, 'learning_rate': 0.00021615359152598476, 'epoch': 21.57}
{'loss': 0.0124, 'learning_rate': 0.00021532605097649785, 'epoch': 21.64}
{'loss': 0.0126, 'learning_rate': 0.00021449851042701094, 'epoch': 21.7}
{'loss': 0.0166, 'learning_rate': 0.000213670969877524, 'epoch': 21.76}
{'loss': 0.0111, 'learning_rate': 0.00021284342932803706, 'epoch': 21.82}
{'loss': 0.0108, 'learning_rate': 0.00021201588877855016, 'epoch': 21.89}
{'loss': 0.0142, 'learning_rate': 0.00021118834822906322, 'epoch': 21.95}
{'loss': 0.0088, 'learning_rate': 0.0002103608076795763, 'epoch': 22.01}
{'loss': 0.0079, 'learning_rate': 0.00020953326713008937, 'epoch': 22.08}
{'loss': 0.0088, 'learning_rate': 0.00020870572658060246, 'epoch': 22.14}
{'loss': 0.0106, 'learning_rate': 0.00020787818603111552, 'epoch': 22.2}
{'loss': 0.0109, 'learning_rate': 0.00020705064548162861, 'epoch': 22.26}
{'loss': 0.0104, 'learning_rate': 0.0002062231049321417, 'epoch': 22.33}
{'loss': 0.0158, 'learning_rate': 0.00020539556438265474, 'epoch': 22.39}
{'loss': 0.0099, 'learning_rate': 0.00020456802383316783, 'epoch': 22.45}
{'loss': 0.0112, 'learning_rate': 0.00020374048328368092, 'epoch': 22.52}
{'loss': 0.0105, 'learning_rate': 0.00020291294273419398, 'epoch': 22.58}
{'loss': 0.0102, 'learning_rate': 0.00020208540218470705, 'epoch': 22.64}
{'loss': 0.0093, 'learning_rate': 0.00020125786163522014, 'epoch': 22.7}
{'loss': 0.0114, 'learning_rate': 0.0002004303210857332, 'epoch': 22.77}
{'loss': 0.0099, 'learning_rate': 0.0001996027805362463, 'epoch': 22.83}
{'loss': 0.0091, 'learning_rate': 0.00019877523998675935, 'epoch': 22.89}
{'loss': 0.0134, 'learning_rate': 0.00019794769943727242, 'epoch': 22.96}
{'loss': 0.0118, 'learning_rate': 0.0001971201588877855, 'epoch': 23.02}
{'loss': 0.0086, 'learning_rate': 0.0001962926183382986, 'epoch': 23.08}
{'loss': 0.0088, 'learning_rate': 0.00019546507778881163, 'epoch': 23.14}
{'loss': 0.0107, 'learning_rate': 0.00019463753723932472, 'epoch': 23.21}
{'loss': 0.0099, 'learning_rate': 0.0001938099966898378, 'epoch': 23.27}
{'loss': 0.0094, 'learning_rate': 0.00019298245614035088, 'epoch': 23.33}
{'loss': 0.011, 'learning_rate': 0.00019215491559086397, 'epoch': 23.4}
{'loss': 0.0097, 'learning_rate': 0.00019132737504137703, 'epoch': 23.46}
{'loss': 0.0076, 'learning_rate': 0.0001904998344918901, 'epoch': 23.52}
{'loss': 0.0099, 'learning_rate': 0.00018967229394240318, 'epoch': 23.58}
{'loss': 0.0113, 'learning_rate': 0.00018884475339291627, 'epoch': 23.65}
{'loss': 0.0098, 'learning_rate': 0.0001880172128434293, 'epoch': 23.71}
{'loss': 0.0107, 'learning_rate': 0.0001871896722939424, 'epoch': 23.77}
{'loss': 0.0093, 'learning_rate': 0.0001863621317444555, 'epoch': 23.84}
{'loss': 0.0078, 'learning_rate': 0.00018553459119496855, 'epoch': 23.9}
{'loss': 0.0086, 'learning_rate': 0.00018470705064548162, 'epoch': 23.96}
{'loss': 0.0097, 'learning_rate': 0.0001838795100959947, 'epoch': 24.03}
{'loss': 0.0097, 'learning_rate': 0.0001830519695465078, 'epoch': 24.09}
{'loss': 0.0104, 'learning_rate': 0.00018222442899702086, 'epoch': 24.15}
{'loss': 0.0156, 'learning_rate': 0.00018139688844753395, 'epoch': 24.21}
{'loss': 0.0114, 'learning_rate': 0.000180569347898047, 'epoch': 24.28}
{'loss': 0.0075, 'learning_rate': 0.00017974180734856008, 'epoch': 24.34}
{'loss': 0.0085, 'learning_rate': 0.00017891426679907317, 'epoch': 24.4}
{'loss': 0.0089, 'learning_rate': 0.00017808672624958626, 'epoch': 24.47}
{'loss': 0.0099, 'learning_rate': 0.0001772591857000993, 'epoch': 24.53}
{'loss': 0.012, 'learning_rate': 0.00017643164515061238, 'epoch': 24.59}
{'loss': 0.0084, 'learning_rate': 0.00017560410460112547, 'epoch': 24.65}
{'loss': 0.0086, 'learning_rate': 0.00017477656405163853, 'epoch': 24.72}
{'loss': 0.0114, 'learning_rate': 0.0001739490235021516, 'epoch': 24.78}
{'loss': 0.0102, 'learning_rate': 0.0001731214829526647, 'epoch': 24.84}
{'loss': 0.0072, 'learning_rate': 0.00017229394240317775, 'epoch': 24.91}
{'loss': 0.0101, 'learning_rate': 0.00017146640185369084, 'epoch': 24.97}
{'loss': 0.0099, 'learning_rate': 0.00017063886130420393, 'epoch': 25.03}
{'loss': 0.0099, 'learning_rate': 0.00016981132075471697, 'epoch': 25.09}
{'loss': 0.0074, 'learning_rate': 0.00016898378020523006, 'epoch': 25.16}
{'loss': 0.0108, 'learning_rate': 0.00016815623965574315, 'epoch': 25.22}
{'loss': 0.0092, 'learning_rate': 0.0001673286991062562, 'epoch': 25.28}
{'loss': 0.0111, 'learning_rate': 0.00016650115855676927, 'epoch': 25.35}
{'loss': 0.0089, 'learning_rate': 0.00016567361800728236, 'epoch': 25.41}
{'loss': 0.01, 'learning_rate': 0.00016484607745779543, 'epoch': 25.47}
{'loss': 0.0081, 'learning_rate': 0.00016401853690830852, 'epoch': 25.53}
{'loss': 0.0077, 'learning_rate': 0.00016319099635882158, 'epoch': 25.6}
{'loss': 0.0085, 'learning_rate': 0.00016236345580933464, 'epoch': 25.66}
{'loss': 0.0087, 'learning_rate': 0.00016153591525984773, 'epoch': 25.72}
{'loss': 0.0077, 'learning_rate': 0.00016070837471036082, 'epoch': 25.79}
{'loss': 0.0093, 'learning_rate': 0.00015988083416087386, 'epoch': 25.85}
{'loss': 0.0107, 'learning_rate': 0.00015905329361138695, 'epoch': 25.91}
{'loss': 0.0102, 'learning_rate': 0.00015822575306190004, 'epoch': 25.97}
{'loss': 0.0093, 'learning_rate': 0.00015739821251241313, 'epoch': 26.04}
{'loss': 0.0064, 'learning_rate': 0.0001565706719629262, 'epoch': 26.1}
{'loss': 0.0083, 'learning_rate': 0.00015574313141343926, 'epoch': 26.16}
{'loss': 0.0095, 'learning_rate': 0.00015491559086395235, 'epoch': 26.23}
{'loss': 0.0106, 'learning_rate': 0.0001540880503144654, 'epoch': 26.29}
{'loss': 0.0065, 'learning_rate': 0.0001532605097649785, 'epoch': 26.35}
{'loss': 0.0101, 'learning_rate': 0.00015243296921549156, 'epoch': 26.42}
{'loss': 0.0064, 'learning_rate': 0.00015160542866600463, 'epoch': 26.48}
{'loss': 0.0087, 'learning_rate': 0.00015077788811651772, 'epoch': 26.54}
{'loss': 0.0129, 'learning_rate': 0.0001499503475670308, 'epoch': 26.6}
{'loss': 0.0084, 'learning_rate': 0.00014912280701754384, 'epoch': 26.67}
{'loss': 0.012, 'learning_rate': 0.00014829526646805693, 'epoch': 26.73}
{'loss': 0.0089, 'learning_rate': 0.00014746772591857002, 'epoch': 26.79}
{'loss': 0.009, 'learning_rate': 0.00014664018536908309, 'epoch': 26.86}
{'loss': 0.0089, 'learning_rate': 0.00014581264481959618, 'epoch': 26.92}
{'loss': 0.0078, 'learning_rate': 0.00014498510427010924, 'epoch': 26.98}
{'loss': 0.0068, 'learning_rate': 0.0001441575637206223, 'epoch': 27.04}
{'loss': 0.0081, 'learning_rate': 0.0001433300231711354, 'epoch': 27.11}
{'loss': 0.0118, 'learning_rate': 0.00014250248262164848, 'epoch': 27.17}
{'loss': 0.0132, 'learning_rate': 0.00014167494207216152, 'epoch': 27.23}
{'loss': 0.0084, 'learning_rate': 0.0001408474015226746, 'epoch': 27.3}
{'loss': 0.0084, 'learning_rate': 0.0001400198609731877, 'epoch': 27.36}
{'loss': 0.0073, 'learning_rate': 0.00013919232042370076, 'epoch': 27.42}
{'loss': 0.0071, 'learning_rate': 0.00013836477987421382, 'epoch': 27.48}
{'loss': 0.0089, 'learning_rate': 0.00013753723932472691, 'epoch': 27.55}
{'loss': 0.0108, 'learning_rate': 0.00013670969877523998, 'epoch': 27.61}
{'loss': 0.0069, 'learning_rate': 0.00013588215822575307, 'epoch': 27.67}
{'loss': 0.006, 'learning_rate': 0.00013505461767626616, 'epoch': 27.74}
{'loss': 0.0088, 'learning_rate': 0.0001342270771267792, 'epoch': 27.8}
{'loss': 0.0111, 'learning_rate': 0.00013339953657729228, 'epoch': 27.86}
{'loss': 0.0066, 'learning_rate': 0.00013257199602780537, 'epoch': 27.92}
{'loss': 0.0094, 'learning_rate': 0.00013174445547831846, 'epoch': 27.99}
{'loss': 0.0093, 'learning_rate': 0.0001309169149288315, 'epoch': 28.05}
{'loss': 0.0075, 'learning_rate': 0.0001300893743793446, 'epoch': 28.11}
{'loss': 0.0072, 'learning_rate': 0.00012926183382985768, 'epoch': 28.18}
{'loss': 0.0085, 'learning_rate': 0.00012843429328037074, 'epoch': 28.24}
{'loss': 0.008, 'learning_rate': 0.0001276067527308838, 'epoch': 28.3}
{'loss': 0.0077, 'learning_rate': 0.0001267792121813969, 'epoch': 28.36}
{'loss': 0.007, 'learning_rate': 0.00012595167163190996, 'epoch': 28.43}
{'loss': 0.0078, 'learning_rate': 0.00012512413108242305, 'epoch': 28.49}
{'loss': 0.0073, 'learning_rate': 0.0001242965905329361, 'epoch': 28.55}
{'loss': 0.009, 'learning_rate': 0.0001234690499834492, 'epoch': 28.62}
{'loss': 0.0089, 'learning_rate': 0.00012264150943396227, 'epoch': 28.68}
{'loss': 0.0083, 'learning_rate': 0.00012181396888447534, 'epoch': 28.74}
{'loss': 0.0101, 'learning_rate': 0.00012098642833498842, 'epoch': 28.81}
{'loss': 0.008, 'learning_rate': 0.0001201588877855015, 'epoch': 28.87}
{'loss': 0.0072, 'learning_rate': 0.00011933134723601456, 'epoch': 28.93}
{'loss': 0.0081, 'learning_rate': 0.00011850380668652765, 'epoch': 28.99}
{'loss': 0.0076, 'learning_rate': 0.00011767626613704071, 'epoch': 29.06}
{'loss': 0.007, 'learning_rate': 0.00011684872558755379, 'epoch': 29.12}
{'loss': 0.009, 'learning_rate': 0.00011602118503806687, 'epoch': 29.18}
{'loss': 0.0089, 'learning_rate': 0.00011519364448857994, 'epoch': 29.25}
{'loss': 0.0059, 'learning_rate': 0.00011436610393909302, 'epoch': 29.31}
{'loss': 0.0067, 'learning_rate': 0.0001135385633896061, 'epoch': 29.37}
{'loss': 0.0074, 'learning_rate': 0.00011271102284011916, 'epoch': 29.43}
{'loss': 0.0088, 'learning_rate': 0.00011188348229063225, 'epoch': 29.5}
{'loss': 0.0106, 'learning_rate': 0.00011105594174114533, 'epoch': 29.56}
{'loss': 0.0073, 'learning_rate': 0.00011022840119165839, 'epoch': 29.62}
{'loss': 0.0084, 'learning_rate': 0.00010940086064217148, 'epoch': 29.69}
{'loss': 0.0086, 'learning_rate': 0.00010857332009268454, 'epoch': 29.75}
{'loss': 0.0086, 'learning_rate': 0.00010774577954319762, 'epoch': 29.81}
{'loss': 0.0066, 'learning_rate': 0.0001069182389937107, 'epoch': 29.87}
{'loss': 0.0077, 'learning_rate': 0.00010609069844422377, 'epoch': 29.94}
{'loss': 0.0098, 'learning_rate': 0.00010526315789473683, 'epoch': 30.0}
{'loss': 0.0057, 'learning_rate': 0.00010443561734524992, 'epoch': 30.06}
{'loss': 0.0057, 'learning_rate': 0.00010360807679576299, 'epoch': 30.13}
{'loss': 0.0068, 'learning_rate': 0.00010278053624627606, 'epoch': 30.19}
{'loss': 0.007, 'learning_rate': 0.00010195299569678914, 'epoch': 30.25}
{'loss': 0.0079, 'learning_rate': 0.00010112545514730222, 'epoch': 30.31}
{'loss': 0.0072, 'learning_rate': 0.00010029791459781531, 'epoch': 30.38}
{'loss': 0.0092, 'learning_rate': 9.947037404832837e-05, 'epoch': 30.44}
{'loss': 0.0075, 'learning_rate': 9.864283349884145e-05, 'epoch': 30.5}
{'loss': 0.008, 'learning_rate': 9.781529294935452e-05, 'epoch': 30.57}
{'loss': 0.0078, 'learning_rate': 9.69877523998676e-05, 'epoch': 30.63}
{'loss': 0.0095, 'learning_rate': 9.616021185038066e-05, 'epoch': 30.69}
{'loss': 0.0072, 'learning_rate': 9.533267130089375e-05, 'epoch': 30.75}
{'loss': 0.0075, 'learning_rate': 9.450513075140682e-05, 'epoch': 30.82}
{'loss': 0.0091, 'learning_rate': 9.36775902019199e-05, 'epoch': 30.88}
{'loss': 0.0078, 'learning_rate': 9.285004965243297e-05, 'epoch': 30.94}
{'loss': 0.0095, 'learning_rate': 9.202250910294605e-05, 'epoch': 31.01}
{'loss': 0.0109, 'learning_rate': 9.119496855345911e-05, 'epoch': 31.07}
{'loss': 0.0066, 'learning_rate': 9.03674280039722e-05, 'epoch': 31.13}
{'loss': 0.0088, 'learning_rate': 8.953988745448526e-05, 'epoch': 31.19}
{'loss': 0.0062, 'learning_rate': 8.871234690499835e-05, 'epoch': 31.26}
{'loss': 0.0066, 'learning_rate': 8.788480635551143e-05, 'epoch': 31.32}
{'loss': 0.0084, 'learning_rate': 8.705726580602449e-05, 'epoch': 31.38}
{'loss': 0.0056, 'learning_rate': 8.622972525653758e-05, 'epoch': 31.45}
{'loss': 0.0056, 'learning_rate': 8.540218470705065e-05, 'epoch': 31.51}
{'loss': 0.0099, 'learning_rate': 8.457464415756372e-05, 'epoch': 31.57}
{'loss': 0.0084, 'learning_rate': 8.37471036080768e-05, 'epoch': 31.64}
{'loss': 0.008, 'learning_rate': 8.291956305858988e-05, 'epoch': 31.7}
{'loss': 0.0087, 'learning_rate': 8.209202250910294e-05, 'epoch': 31.76}
{'loss': 0.0063, 'learning_rate': 8.126448195961603e-05, 'epoch': 31.82}
{'loss': 0.0056, 'learning_rate': 8.043694141012909e-05, 'epoch': 31.89}
{'loss': 0.0062, 'learning_rate': 7.960940086064217e-05, 'epoch': 31.95}
{'loss': 0.0082, 'learning_rate': 7.878186031115525e-05, 'epoch': 32.01}
{'loss': 0.0091, 'learning_rate': 7.795431976166832e-05, 'epoch': 32.08}
{'loss': 0.0062, 'learning_rate': 7.71267792121814e-05, 'epoch': 32.14}
{'loss': 0.0058, 'learning_rate': 7.629923866269447e-05, 'epoch': 32.2}
{'loss': 0.008, 'learning_rate': 7.547169811320755e-05, 'epoch': 32.26}
{'loss': 0.008, 'learning_rate': 7.464415756372063e-05, 'epoch': 32.33}
{'loss': 0.0074, 'learning_rate': 7.38166170142337e-05, 'epoch': 32.39}
{'loss': 0.0053, 'learning_rate': 7.298907646474677e-05, 'epoch': 32.45}
{'loss': 0.0097, 'learning_rate': 7.216153591525986e-05, 'epoch': 32.52}
{'loss': 0.0062, 'learning_rate': 7.133399536577292e-05, 'epoch': 32.58}
{'loss': 0.0088, 'learning_rate': 7.0506454816286e-05, 'epoch': 32.64}
{'loss': 0.0058, 'learning_rate': 6.967891426679907e-05, 'epoch': 32.7}
{'loss': 0.0053, 'learning_rate': 6.885137371731215e-05, 'epoch': 32.77}
{'loss': 0.0099, 'learning_rate': 6.802383316782521e-05, 'epoch': 32.83}
{'loss': 0.0054, 'learning_rate': 6.71962926183383e-05, 'epoch': 32.89}
{'loss': 0.008, 'learning_rate': 6.636875206885137e-05, 'epoch': 32.96}
{'loss': 0.0059, 'learning_rate': 6.554121151936444e-05, 'epoch': 33.02}
{'loss': 0.0067, 'learning_rate': 6.471367096987753e-05, 'epoch': 33.08}
{'loss': 0.0067, 'learning_rate': 6.38861304203906e-05, 'epoch': 33.14}
{'loss': 0.0076, 'learning_rate': 6.305858987090369e-05, 'epoch': 33.21}
{'loss': 0.0068, 'learning_rate': 6.223104932141675e-05, 'epoch': 33.27}
{'loss': 0.0084, 'learning_rate': 6.140350877192983e-05, 'epoch': 33.33}
{'loss': 0.0067, 'learning_rate': 6.05759682224429e-05, 'epoch': 33.4}
{'loss': 0.0077, 'learning_rate': 5.974842767295598e-05, 'epoch': 33.46}
{'loss': 0.0078, 'learning_rate': 5.892088712346906e-05, 'epoch': 33.52}
{'loss': 0.0056, 'learning_rate': 5.8093346573982126e-05, 'epoch': 33.58}
{'loss': 0.0057, 'learning_rate': 5.72658060244952e-05, 'epoch': 33.65}
{'loss': 0.0085, 'learning_rate': 5.643826547500828e-05, 'epoch': 33.71}
{'loss': 0.0068, 'learning_rate': 5.561072492552135e-05, 'epoch': 33.77}
{'loss': 0.0076, 'learning_rate': 5.4783184376034426e-05, 'epoch': 33.84}
{'loss': 0.007, 'learning_rate': 5.39556438265475e-05, 'epoch': 33.9}
{'loss': 0.0061, 'learning_rate': 5.312810327706058e-05, 'epoch': 33.96}
{'loss': 0.008, 'learning_rate': 5.230056272757365e-05, 'epoch': 34.03}
{'loss': 0.0059, 'learning_rate': 5.1473022178086726e-05, 'epoch': 34.09}
{'loss': 0.0057, 'learning_rate': 5.06454816285998e-05, 'epoch': 34.15}
{'loss': 0.0066, 'learning_rate': 4.981794107911287e-05, 'epoch': 34.21}
{'loss': 0.0066, 'learning_rate': 4.899040052962595e-05, 'epoch': 34.28}
{'loss': 0.0079, 'learning_rate': 4.8162859980139025e-05, 'epoch': 34.34}
{'loss': 0.0067, 'learning_rate': 4.733531943065211e-05, 'epoch': 34.4}
{'loss': 0.0068, 'learning_rate': 4.650777888116518e-05, 'epoch': 34.47}
{'loss': 0.0044, 'learning_rate': 4.5680238331678255e-05, 'epoch': 34.53}
{'loss': 0.0058, 'learning_rate': 4.485269778219133e-05, 'epoch': 34.59}
{'loss': 0.0072, 'learning_rate': 4.40251572327044e-05, 'epoch': 34.65}
{'loss': 0.0059, 'learning_rate': 4.319761668321748e-05, 'epoch': 34.72}
{'loss': 0.0085, 'learning_rate': 4.2370076133730555e-05, 'epoch': 34.78}
{'loss': 0.0076, 'learning_rate': 4.154253558424363e-05, 'epoch': 34.84}
{'loss': 0.0086, 'learning_rate': 4.07149950347567e-05, 'epoch': 34.91}
{'loss': 0.0076, 'learning_rate': 3.988745448526978e-05, 'epoch': 34.97}
{'loss': 0.0065, 'learning_rate': 3.9059913935782855e-05, 'epoch': 35.03}
{'loss': 0.0068, 'learning_rate': 3.8232373386295924e-05, 'epoch': 35.09}
{'loss': 0.0059, 'learning_rate': 3.7404832836809e-05, 'epoch': 35.16}
{'loss': 0.0051, 'learning_rate': 3.657729228732208e-05, 'epoch': 35.22}
{'loss': 0.0072, 'learning_rate': 3.574975173783516e-05, 'epoch': 35.28}
{'loss': 0.006, 'learning_rate': 3.492221118834823e-05, 'epoch': 35.35}
{'loss': 0.007, 'learning_rate': 3.409467063886131e-05, 'epoch': 35.41}
{'loss': 0.0072, 'learning_rate': 3.3267130089374384e-05, 'epoch': 35.47}
{'loss': 0.0067, 'learning_rate': 3.2439589539887454e-05, 'epoch': 35.53}
{'loss': 0.0081, 'learning_rate': 3.161204899040053e-05, 'epoch': 35.6}
{'loss': 0.0062, 'learning_rate': 3.078450844091361e-05, 'epoch': 35.66}
{'loss': 0.0048, 'learning_rate': 2.995696789142668e-05, 'epoch': 35.72}
{'loss': 0.0083, 'learning_rate': 2.9129427341939754e-05, 'epoch': 35.79}
{'loss': 0.0086, 'learning_rate': 2.830188679245283e-05, 'epoch': 35.85}
{'loss': 0.008, 'learning_rate': 2.7474346242965907e-05, 'epoch': 35.91}
{'loss': 0.0072, 'learning_rate': 2.6646805693478983e-05, 'epoch': 35.97}
{'loss': 0.0067, 'learning_rate': 2.5819265143992057e-05, 'epoch': 36.04}
{'loss': 0.0072, 'learning_rate': 2.499172459450513e-05, 'epoch': 36.1}
{'loss': 0.0051, 'learning_rate': 2.4164184045018206e-05, 'epoch': 36.16}
{'loss': 0.0066, 'learning_rate': 2.333664349553128e-05, 'epoch': 36.23}
{'loss': 0.0067, 'learning_rate': 2.2509102946044356e-05, 'epoch': 36.29}
{'loss': 0.0059, 'learning_rate': 2.1681562396557433e-05, 'epoch': 36.35}
{'loss': 0.007, 'learning_rate': 2.085402184707051e-05, 'epoch': 36.42}
{'loss': 0.0083, 'learning_rate': 2.0026481297583583e-05, 'epoch': 36.48}
{'loss': 0.0046, 'learning_rate': 1.9198940748096656e-05, 'epoch': 36.54}
{'loss': 0.0062, 'learning_rate': 1.8371400198609732e-05, 'epoch': 36.6}
{'loss': 0.0077, 'learning_rate': 1.7543859649122806e-05, 'epoch': 36.67}
{'loss': 0.0069, 'learning_rate': 1.6716319099635882e-05, 'epoch': 36.73}
{'loss': 0.0069, 'learning_rate': 1.5888778550148956e-05, 'epoch': 36.79}
{'loss': 0.0062, 'learning_rate': 1.5061238000662032e-05, 'epoch': 36.86}
{'loss': 0.008, 'learning_rate': 1.4233697451175109e-05, 'epoch': 36.92}
{'loss': 0.0052, 'learning_rate': 1.3406156901688184e-05, 'epoch': 36.98}
{'loss': 0.0045, 'learning_rate': 1.2578616352201259e-05, 'epoch': 37.04}
{'loss': 0.0073, 'learning_rate': 1.1751075802714332e-05, 'epoch': 37.11}
{'loss': 0.0052, 'learning_rate': 1.0923535253227408e-05, 'epoch': 37.17}
{'loss': 0.0059, 'learning_rate': 1.0095994703740483e-05, 'epoch': 37.23}
{'loss': 0.0083, 'learning_rate': 9.268454154253558e-06, 'epoch': 37.3}
{'loss': 0.0047, 'learning_rate': 8.440913604766635e-06, 'epoch': 37.36}
{'loss': 0.0072, 'learning_rate': 7.613373055279709e-06, 'epoch': 37.42}
{'loss': 0.0104, 'learning_rate': 6.785832505792784e-06, 'epoch': 37.48}
{'loss': 0.0062, 'learning_rate': 5.95829195630586e-06, 'epoch': 37.55}
{'loss': 0.0076, 'learning_rate': 5.130751406818934e-06, 'epoch': 37.61}
{'loss': 0.006, 'learning_rate': 4.3032108573320094e-06, 'epoch': 37.67}
{'loss': 0.0047, 'learning_rate': 3.4756703078450843e-06, 'epoch': 37.74}
{'loss': 0.0079, 'learning_rate': 2.6481297583581597e-06, 'epoch': 37.8}
{'loss': 0.0072, 'learning_rate': 1.8205892088712346e-06, 'epoch': 37.86}
{'loss': 0.0052, 'learning_rate': 9.930486593843097e-07, 'epoch': 37.92}
{'loss': 0.0062, 'learning_rate': 1.6550810989738498e-07, 'epoch': 37.99}
{'train_runtime': 64811.1398, 'train_samples_per_second': 3.727, 'train_steps_per_second': 0.932, 'train_loss': 0.03234530683743741, 'epoch': 38.0}
