Requirement already satisfied: transformers in /home/zc272/.conda/envs/TANL2/lib/python3.11/site-packages (4.31.0)
Requirement already satisfied: filelock in /home/zc272/.conda/envs/TANL2/lib/python3.11/site-packages (from transformers) (3.9.0)
Requirement already satisfied: huggingface-hub<1.0,>=0.14.1 in /home/zc272/.conda/envs/TANL2/lib/python3.11/site-packages (from transformers) (0.16.4)
Requirement already satisfied: numpy>=1.17 in /home/zc272/.conda/envs/TANL2/lib/python3.11/site-packages (from transformers) (1.25.2)
Requirement already satisfied: packaging>=20.0 in /home/zc272/.conda/envs/TANL2/lib/python3.11/site-packages (from transformers) (23.1)
Requirement already satisfied: pyyaml>=5.1 in /home/zc272/.conda/envs/TANL2/lib/python3.11/site-packages (from transformers) (6.0.1)
Requirement already satisfied: regex!=2019.12.17 in /home/zc272/.conda/envs/TANL2/lib/python3.11/site-packages (from transformers) (2023.6.3)
Requirement already satisfied: requests in /home/zc272/.conda/envs/TANL2/lib/python3.11/site-packages (from transformers) (2.31.0)
Requirement already satisfied: tokenizers!=0.11.3,<0.14,>=0.11.1 in /home/zc272/.conda/envs/TANL2/lib/python3.11/site-packages (from transformers) (0.13.3)
Requirement already satisfied: safetensors>=0.3.1 in /home/zc272/.conda/envs/TANL2/lib/python3.11/site-packages (from transformers) (0.3.2)
Requirement already satisfied: tqdm>=4.27 in /home/zc272/.conda/envs/TANL2/lib/python3.11/site-packages (from transformers) (4.65.1)
Requirement already satisfied: fsspec in /home/zc272/.conda/envs/TANL2/lib/python3.11/site-packages (from huggingface-hub<1.0,>=0.14.1->transformers) (2023.6.0)
Requirement already satisfied: typing-extensions>=3.7.4.3 in /home/zc272/.conda/envs/TANL2/lib/python3.11/site-packages (from huggingface-hub<1.0,>=0.14.1->transformers) (4.7.1)
Requirement already satisfied: charset-normalizer<4,>=2 in /home/zc272/.conda/envs/TANL2/lib/python3.11/site-packages (from requests->transformers) (2.0.4)
Requirement already satisfied: idna<4,>=2.5 in /home/zc272/.conda/envs/TANL2/lib/python3.11/site-packages (from requests->transformers) (3.4)
Requirement already satisfied: urllib3<3,>=1.21.1 in /home/zc272/.conda/envs/TANL2/lib/python3.11/site-packages (from requests->transformers) (1.26.16)
Requirement already satisfied: certifi>=2017.4.17 in /home/zc272/.conda/envs/TANL2/lib/python3.11/site-packages (from requests->transformers) (2023.7.22)
Requirement already satisfied: scipy in /home/zc272/.conda/envs/TANL2/lib/python3.11/site-packages (1.11.1)
Requirement already satisfied: numpy<1.28.0,>=1.21.6 in /home/zc272/.conda/envs/TANL2/lib/python3.11/site-packages (from scipy) (1.25.2)
Requirement already satisfied: accelerate in /home/zc272/.conda/envs/TANL2/lib/python3.11/site-packages (0.23.0)
Requirement already satisfied: numpy>=1.17 in /home/zc272/.conda/envs/TANL2/lib/python3.11/site-packages (from accelerate) (1.25.2)
Requirement already satisfied: packaging>=20.0 in /home/zc272/.conda/envs/TANL2/lib/python3.11/site-packages (from accelerate) (23.1)
Requirement already satisfied: psutil in /home/zc272/.conda/envs/TANL2/lib/python3.11/site-packages (from accelerate) (5.9.5)
Requirement already satisfied: pyyaml in /home/zc272/.conda/envs/TANL2/lib/python3.11/site-packages (from accelerate) (6.0.1)
Requirement already satisfied: torch>=1.10.0 in /home/zc272/.conda/envs/TANL2/lib/python3.11/site-packages (from accelerate) (2.0.1)
Requirement already satisfied: huggingface-hub in /home/zc272/.conda/envs/TANL2/lib/python3.11/site-packages (from accelerate) (0.16.4)
Requirement already satisfied: filelock in /home/zc272/.conda/envs/TANL2/lib/python3.11/site-packages (from torch>=1.10.0->accelerate) (3.9.0)
Requirement already satisfied: typing-extensions in /home/zc272/.conda/envs/TANL2/lib/python3.11/site-packages (from torch>=1.10.0->accelerate) (4.7.1)
Requirement already satisfied: sympy in /home/zc272/.conda/envs/TANL2/lib/python3.11/site-packages (from torch>=1.10.0->accelerate) (1.11.1)
Requirement already satisfied: networkx in /home/zc272/.conda/envs/TANL2/lib/python3.11/site-packages (from torch>=1.10.0->accelerate) (3.1)
Requirement already satisfied: jinja2 in /home/zc272/.conda/envs/TANL2/lib/python3.11/site-packages (from torch>=1.10.0->accelerate) (3.1.2)
Requirement already satisfied: fsspec in /home/zc272/.conda/envs/TANL2/lib/python3.11/site-packages (from huggingface-hub->accelerate) (2023.6.0)
Requirement already satisfied: requests in /home/zc272/.conda/envs/TANL2/lib/python3.11/site-packages (from huggingface-hub->accelerate) (2.31.0)
Requirement already satisfied: tqdm>=4.42.1 in /home/zc272/.conda/envs/TANL2/lib/python3.11/site-packages (from huggingface-hub->accelerate) (4.65.1)
Requirement already satisfied: MarkupSafe>=2.0 in /home/zc272/.conda/envs/TANL2/lib/python3.11/site-packages (from jinja2->torch>=1.10.0->accelerate) (2.1.1)
Requirement already satisfied: charset-normalizer<4,>=2 in /home/zc272/.conda/envs/TANL2/lib/python3.11/site-packages (from requests->huggingface-hub->accelerate) (2.0.4)
Requirement already satisfied: idna<4,>=2.5 in /home/zc272/.conda/envs/TANL2/lib/python3.11/site-packages (from requests->huggingface-hub->accelerate) (3.4)
Requirement already satisfied: urllib3<3,>=1.21.1 in /home/zc272/.conda/envs/TANL2/lib/python3.11/site-packages (from requests->huggingface-hub->accelerate) (1.26.16)
Requirement already satisfied: certifi>=2017.4.17 in /home/zc272/.conda/envs/TANL2/lib/python3.11/site-packages (from requests->huggingface-hub->accelerate) (2023.7.22)
Requirement already satisfied: mpmath>=0.19 in /home/zc272/.conda/envs/TANL2/lib/python3.11/site-packages (from sympy->torch>=1.10.0->accelerate) (1.3.0)

{'loss': 1.1131, 'learning_rate': 0.0004991724594505131, 'epoch': 0.06}
{'loss': 0.2244, 'learning_rate': 0.0004983449189010262, 'epoch': 0.13}
{'loss': 0.1509, 'learning_rate': 0.0004975173783515393, 'epoch': 0.19}
{'loss': 0.1429, 'learning_rate': 0.0004966898378020523, 'epoch': 0.25}
{'loss': 0.1444, 'learning_rate': 0.0004958622972525654, 'epoch': 0.31}
{'loss': 0.1087, 'learning_rate': 0.0004950347567030784, 'epoch': 0.38}
{'loss': 0.1001, 'learning_rate': 0.0004942072161535915, 'epoch': 0.44}
{'loss': 0.1038, 'learning_rate': 0.0004933796756041046, 'epoch': 0.5}
{'loss': 0.084, 'learning_rate': 0.0004925521350546177, 'epoch': 0.57}
{'loss': 0.0863, 'learning_rate': 0.0004917245945051307, 'epoch': 0.63}
{'loss': 0.093, 'learning_rate': 0.0004908970539556438, 'epoch': 0.69}
{'loss': 0.079, 'learning_rate': 0.0004900695134061569, 'epoch': 0.75}
{'loss': 0.0791, 'learning_rate': 0.00048924197285667, 'epoch': 0.82}
{'loss': 0.0779, 'learning_rate': 0.0004884144323071831, 'epoch': 0.88}
{'loss': 0.0702, 'learning_rate': 0.00048758689175769615, 'epoch': 0.94}
{'loss': 0.0805, 'learning_rate': 0.0004867593512082092, 'epoch': 1.01}
{'loss': 0.0721, 'learning_rate': 0.00048593181065872227, 'epoch': 1.07}
{'loss': 0.0641, 'learning_rate': 0.00048510427010923536, 'epoch': 1.13}
{'loss': 0.0631, 'learning_rate': 0.00048427672955974845, 'epoch': 1.19}
{'loss': 0.0619, 'learning_rate': 0.00048344918901026154, 'epoch': 1.26}
{'loss': 0.0551, 'learning_rate': 0.00048262164846077463, 'epoch': 1.32}
{'loss': 0.0516, 'learning_rate': 0.0004817941079112876, 'epoch': 1.38}
{'loss': 0.0477, 'learning_rate': 0.0004809665673618007, 'epoch': 1.45}
{'loss': 0.0516, 'learning_rate': 0.0004801390268123138, 'epoch': 1.51}
{'loss': 0.0561, 'learning_rate': 0.0004793114862628269, 'epoch': 1.57}
{'loss': 0.0533, 'learning_rate': 0.00047848394571334, 'epoch': 1.64}
{'loss': 0.0594, 'learning_rate': 0.00047765640516385307, 'epoch': 1.7}
{'loss': 0.0487, 'learning_rate': 0.0004768288646143661, 'epoch': 1.76}
{'loss': 0.0514, 'learning_rate': 0.0004760013240648792, 'epoch': 1.82}
{'loss': 0.0491, 'learning_rate': 0.0004751737835153923, 'epoch': 1.89}
{'loss': 0.0438, 'learning_rate': 0.0004743462429659053, 'epoch': 1.95}
{'loss': 0.0533, 'learning_rate': 0.0004735187024164184, 'epoch': 2.01}
{'loss': 0.0458, 'learning_rate': 0.0004726911618669315, 'epoch': 2.08}
{'loss': 0.0425, 'learning_rate': 0.0004718636213174446, 'epoch': 2.14}
{'loss': 0.0455, 'learning_rate': 0.0004710360807679576, 'epoch': 2.2}
{'loss': 0.0379, 'learning_rate': 0.0004702085402184707, 'epoch': 2.26}
{'loss': 0.0425, 'learning_rate': 0.0004693809996689838, 'epoch': 2.33}
{'loss': 0.0421, 'learning_rate': 0.0004685534591194969, 'epoch': 2.39}
{'loss': 0.0401, 'learning_rate': 0.00046772591857000993, 'epoch': 2.45}
{'loss': 0.0416, 'learning_rate': 0.000466898378020523, 'epoch': 2.52}
{'loss': 0.0519, 'learning_rate': 0.00046607083747103606, 'epoch': 2.58}
{'loss': 0.044, 'learning_rate': 0.00046524329692154915, 'epoch': 2.64}
{'loss': 0.042, 'learning_rate': 0.00046441575637206224, 'epoch': 2.7}
{'loss': 0.0468, 'learning_rate': 0.0004635882158225753, 'epoch': 2.77}
{'loss': 0.0381, 'learning_rate': 0.0004627606752730884, 'epoch': 2.83}
{'loss': 0.0408, 'learning_rate': 0.0004619331347236015, 'epoch': 2.89}
{'loss': 0.0388, 'learning_rate': 0.00046110559417411454, 'epoch': 2.96}
{'loss': 0.0364, 'learning_rate': 0.0004602780536246276, 'epoch': 3.02}
{'loss': 0.0332, 'learning_rate': 0.00045945051307514067, 'epoch': 3.08}
{'loss': 0.0357, 'learning_rate': 0.00045862297252565376, 'epoch': 3.14}
{'loss': 0.0404, 'learning_rate': 0.00045779543197616685, 'epoch': 3.21}
{'loss': 0.0369, 'learning_rate': 0.00045696789142667994, 'epoch': 3.27}
{'loss': 0.0364, 'learning_rate': 0.000456140350877193, 'epoch': 3.33}
{'loss': 0.0342, 'learning_rate': 0.00045531281032770607, 'epoch': 3.4}
{'loss': 0.0383, 'learning_rate': 0.00045448526977821916, 'epoch': 3.46}
{'loss': 0.0344, 'learning_rate': 0.0004536577292287322, 'epoch': 3.52}
{'loss': 0.0331, 'learning_rate': 0.0004528301886792453, 'epoch': 3.58}
{'loss': 0.0446, 'learning_rate': 0.00045200264812975837, 'epoch': 3.65}
{'loss': 0.0394, 'learning_rate': 0.0004511751075802714, 'epoch': 3.71}
{'loss': 0.0348, 'learning_rate': 0.0004503475670307845, 'epoch': 3.77}
{'loss': 0.0366, 'learning_rate': 0.0004495200264812976, 'epoch': 3.84}
{'loss': 0.0338, 'learning_rate': 0.0004486924859318107, 'epoch': 3.9}
{'loss': 0.041, 'learning_rate': 0.00044786494538232377, 'epoch': 3.96}
{'loss': 0.0398, 'learning_rate': 0.00044703740483283686, 'epoch': 4.03}
{'loss': 0.0296, 'learning_rate': 0.0004462098642833499, 'epoch': 4.09}
{'loss': 0.0303, 'learning_rate': 0.00044538232373386293, 'epoch': 4.15}
{'loss': 0.0345, 'learning_rate': 0.000444554783184376, 'epoch': 4.21}
{'loss': 0.0348, 'learning_rate': 0.0004437272426348891, 'epoch': 4.28}
{'loss': 0.0265, 'learning_rate': 0.0004428997020854022, 'epoch': 4.34}
{'loss': 0.0313, 'learning_rate': 0.0004420721615359153, 'epoch': 4.4}
{'loss': 0.033, 'learning_rate': 0.0004412446209864284, 'epoch': 4.47}
{'loss': 0.0275, 'learning_rate': 0.0004404170804369414, 'epoch': 4.53}
{'loss': 0.0335, 'learning_rate': 0.0004395895398874545, 'epoch': 4.59}
{'loss': 0.0345, 'learning_rate': 0.00043876199933796754, 'epoch': 4.65}
{'loss': 0.032, 'learning_rate': 0.00043793445878848063, 'epoch': 4.72}
{'loss': 0.0311, 'learning_rate': 0.0004371069182389937, 'epoch': 4.78}
{'loss': 0.032, 'learning_rate': 0.0004362793776895068, 'epoch': 4.84}
{'loss': 0.0276, 'learning_rate': 0.00043545183714001985, 'epoch': 4.91}
{'loss': 0.0265, 'learning_rate': 0.00043462429659053294, 'epoch': 4.97}
{'loss': 0.0301, 'learning_rate': 0.00043379675604104603, 'epoch': 5.03}
{'loss': 0.0259, 'learning_rate': 0.0004329692154915591, 'epoch': 5.09}
{'loss': 0.026, 'learning_rate': 0.00043214167494207216, 'epoch': 5.16}
{'loss': 0.0306, 'learning_rate': 0.00043131413439258525, 'epoch': 5.22}
{'loss': 0.029, 'learning_rate': 0.0004304865938430983, 'epoch': 5.28}
{'loss': 0.0274, 'learning_rate': 0.0004296590532936114, 'epoch': 5.35}
{'loss': 0.0342, 'learning_rate': 0.00042883151274412446, 'epoch': 5.41}
{'loss': 0.0298, 'learning_rate': 0.00042800397219463755, 'epoch': 5.47}
{'loss': 0.0287, 'learning_rate': 0.00042717643164515064, 'epoch': 5.53}
{'loss': 0.0257, 'learning_rate': 0.00042634889109566373, 'epoch': 5.6}
{'loss': 0.023, 'learning_rate': 0.00042552135054617677, 'epoch': 5.66}
{'loss': 0.0228, 'learning_rate': 0.0004246938099966898, 'epoch': 5.72}
{'loss': 0.0271, 'learning_rate': 0.0004238662694472029, 'epoch': 5.79}
{'loss': 0.0216, 'learning_rate': 0.000423038728897716, 'epoch': 5.85}
{'loss': 0.0276, 'learning_rate': 0.0004222111883482291, 'epoch': 5.91}
{'loss': 0.0321, 'learning_rate': 0.00042138364779874217, 'epoch': 5.97}
{'loss': 0.0294, 'learning_rate': 0.00042055610724925526, 'epoch': 6.04}
{'loss': 0.0216, 'learning_rate': 0.0004197285666997683, 'epoch': 6.1}
{'loss': 0.0246, 'learning_rate': 0.0004189010261502814, 'epoch': 6.16}
{'loss': 0.0224, 'learning_rate': 0.0004180734856007944, 'epoch': 6.23}
