Requirement already satisfied: transformers in /home/zc272/.conda/envs/TANL2/lib/python3.11/site-packages (4.31.0)
Requirement already satisfied: filelock in /home/zc272/.conda/envs/TANL2/lib/python3.11/site-packages (from transformers) (3.9.0)
Requirement already satisfied: huggingface-hub<1.0,>=0.14.1 in /home/zc272/.conda/envs/TANL2/lib/python3.11/site-packages (from transformers) (0.16.4)
Requirement already satisfied: numpy>=1.17 in /home/zc272/.conda/envs/TANL2/lib/python3.11/site-packages (from transformers) (1.25.2)
Requirement already satisfied: packaging>=20.0 in /home/zc272/.conda/envs/TANL2/lib/python3.11/site-packages (from transformers) (23.1)
Requirement already satisfied: pyyaml>=5.1 in /home/zc272/.conda/envs/TANL2/lib/python3.11/site-packages (from transformers) (6.0.1)
Requirement already satisfied: regex!=2019.12.17 in /home/zc272/.conda/envs/TANL2/lib/python3.11/site-packages (from transformers) (2023.6.3)
Requirement already satisfied: requests in /home/zc272/.conda/envs/TANL2/lib/python3.11/site-packages (from transformers) (2.31.0)
Requirement already satisfied: tokenizers!=0.11.3,<0.14,>=0.11.1 in /home/zc272/.conda/envs/TANL2/lib/python3.11/site-packages (from transformers) (0.13.3)
Requirement already satisfied: safetensors>=0.3.1 in /home/zc272/.conda/envs/TANL2/lib/python3.11/site-packages (from transformers) (0.3.2)
Requirement already satisfied: tqdm>=4.27 in /home/zc272/.conda/envs/TANL2/lib/python3.11/site-packages (from transformers) (4.65.1)
Requirement already satisfied: fsspec in /home/zc272/.conda/envs/TANL2/lib/python3.11/site-packages (from huggingface-hub<1.0,>=0.14.1->transformers) (2023.6.0)
Requirement already satisfied: typing-extensions>=3.7.4.3 in /home/zc272/.conda/envs/TANL2/lib/python3.11/site-packages (from huggingface-hub<1.0,>=0.14.1->transformers) (4.7.1)
Requirement already satisfied: charset-normalizer<4,>=2 in /home/zc272/.conda/envs/TANL2/lib/python3.11/site-packages (from requests->transformers) (2.0.4)
Requirement already satisfied: idna<4,>=2.5 in /home/zc272/.conda/envs/TANL2/lib/python3.11/site-packages (from requests->transformers) (3.4)
Requirement already satisfied: urllib3<3,>=1.21.1 in /home/zc272/.conda/envs/TANL2/lib/python3.11/site-packages (from requests->transformers) (1.26.16)
Requirement already satisfied: certifi>=2017.4.17 in /home/zc272/.conda/envs/TANL2/lib/python3.11/site-packages (from requests->transformers) (2023.7.22)
Requirement already satisfied: scipy in /home/zc272/.conda/envs/TANL2/lib/python3.11/site-packages (1.11.1)
Requirement already satisfied: numpy<1.28.0,>=1.21.6 in /home/zc272/.conda/envs/TANL2/lib/python3.11/site-packages (from scipy) (1.25.2)
Requirement already satisfied: accelerate in /home/zc272/.conda/envs/TANL2/lib/python3.11/site-packages (0.23.0)
Requirement already satisfied: numpy>=1.17 in /home/zc272/.conda/envs/TANL2/lib/python3.11/site-packages (from accelerate) (1.25.2)
Requirement already satisfied: packaging>=20.0 in /home/zc272/.conda/envs/TANL2/lib/python3.11/site-packages (from accelerate) (23.1)
Requirement already satisfied: psutil in /home/zc272/.conda/envs/TANL2/lib/python3.11/site-packages (from accelerate) (5.9.5)
Requirement already satisfied: pyyaml in /home/zc272/.conda/envs/TANL2/lib/python3.11/site-packages (from accelerate) (6.0.1)
Requirement already satisfied: torch>=1.10.0 in /home/zc272/.conda/envs/TANL2/lib/python3.11/site-packages (from accelerate) (2.0.1)
Requirement already satisfied: huggingface-hub in /home/zc272/.conda/envs/TANL2/lib/python3.11/site-packages (from accelerate) (0.16.4)
Requirement already satisfied: filelock in /home/zc272/.conda/envs/TANL2/lib/python3.11/site-packages (from torch>=1.10.0->accelerate) (3.9.0)
Requirement already satisfied: typing-extensions in /home/zc272/.conda/envs/TANL2/lib/python3.11/site-packages (from torch>=1.10.0->accelerate) (4.7.1)
Requirement already satisfied: sympy in /home/zc272/.conda/envs/TANL2/lib/python3.11/site-packages (from torch>=1.10.0->accelerate) (1.11.1)
Requirement already satisfied: networkx in /home/zc272/.conda/envs/TANL2/lib/python3.11/site-packages (from torch>=1.10.0->accelerate) (3.1)
Requirement already satisfied: jinja2 in /home/zc272/.conda/envs/TANL2/lib/python3.11/site-packages (from torch>=1.10.0->accelerate) (3.1.2)
Requirement already satisfied: fsspec in /home/zc272/.conda/envs/TANL2/lib/python3.11/site-packages (from huggingface-hub->accelerate) (2023.6.0)
Requirement already satisfied: requests in /home/zc272/.conda/envs/TANL2/lib/python3.11/site-packages (from huggingface-hub->accelerate) (2.31.0)
Requirement already satisfied: tqdm>=4.42.1 in /home/zc272/.conda/envs/TANL2/lib/python3.11/site-packages (from huggingface-hub->accelerate) (4.65.1)
Requirement already satisfied: MarkupSafe>=2.0 in /home/zc272/.conda/envs/TANL2/lib/python3.11/site-packages (from jinja2->torch>=1.10.0->accelerate) (2.1.1)
Requirement already satisfied: charset-normalizer<4,>=2 in /home/zc272/.conda/envs/TANL2/lib/python3.11/site-packages (from requests->huggingface-hub->accelerate) (2.0.4)
Requirement already satisfied: idna<4,>=2.5 in /home/zc272/.conda/envs/TANL2/lib/python3.11/site-packages (from requests->huggingface-hub->accelerate) (3.4)
Requirement already satisfied: urllib3<3,>=1.21.1 in /home/zc272/.conda/envs/TANL2/lib/python3.11/site-packages (from requests->huggingface-hub->accelerate) (1.26.16)
Requirement already satisfied: certifi>=2017.4.17 in /home/zc272/.conda/envs/TANL2/lib/python3.11/site-packages (from requests->huggingface-hub->accelerate) (2023.7.22)
Requirement already satisfied: mpmath>=0.19 in /home/zc272/.conda/envs/TANL2/lib/python3.11/site-packages (from sympy->torch>=1.10.0->accelerate) (1.3.0)

{'loss': 0.3246, 'learning_rate': 0.0004995296419634626, 'epoch': 0.01}
{'loss': 0.0248, 'learning_rate': 0.0004990592839269252, 'epoch': 0.01}
{'loss': 0.0214, 'learning_rate': 0.0004985889258903878, 'epoch': 0.02}
{'loss': 0.0198, 'learning_rate': 0.0004981185678538504, 'epoch': 0.02}
{'loss': 0.0139, 'learning_rate': 0.000497648209817313, 'epoch': 0.03}
{'loss': 0.0151, 'learning_rate': 0.0004971778517807755, 'epoch': 0.03}
{'loss': 0.0132, 'learning_rate': 0.0004967074937442381, 'epoch': 0.04}
{'loss': 0.0136, 'learning_rate': 0.0004962371357077008, 'epoch': 0.05}
{'loss': 0.0118, 'learning_rate': 0.0004957667776711633, 'epoch': 0.05}
{'loss': 0.0104, 'learning_rate': 0.0004952964196346259, 'epoch': 0.06}
{'loss': 0.0095, 'learning_rate': 0.0004948260615980885, 'epoch': 0.06}
{'loss': 0.011, 'learning_rate': 0.0004943557035615511, 'epoch': 0.07}
{'loss': 0.0107, 'learning_rate': 0.0004938853455250137, 'epoch': 0.07}
{'loss': 0.0104, 'learning_rate': 0.0004934149874884763, 'epoch': 0.08}
{'loss': 0.0086, 'learning_rate': 0.0004929446294519389, 'epoch': 0.08}
{'loss': 0.0098, 'learning_rate': 0.0004924742714154015, 'epoch': 0.09}
{'loss': 0.011, 'learning_rate': 0.000492003913378864, 'epoch': 0.1}
{'loss': 0.0085, 'learning_rate': 0.0004915335553423265, 'epoch': 0.1}
{'loss': 0.0084, 'learning_rate': 0.0004910631973057891, 'epoch': 0.11}
{'loss': 0.0066, 'learning_rate': 0.0004905928392692517, 'epoch': 0.11}
{'loss': 0.0092, 'learning_rate': 0.0004901224812327143, 'epoch': 0.12}
{'loss': 0.0093, 'learning_rate': 0.0004896521231961769, 'epoch': 0.12}
{'loss': 0.0089, 'learning_rate': 0.0004891817651596395, 'epoch': 0.13}
{'loss': 0.0071, 'learning_rate': 0.0004887114071231021, 'epoch': 0.14}
{'loss': 0.0073, 'learning_rate': 0.0004882410490865647, 'epoch': 0.14}
{'loss': 0.0091, 'learning_rate': 0.0004877706910500273, 'epoch': 0.15}
{'loss': 0.0105, 'learning_rate': 0.00048730033301348986, 'epoch': 0.15}
{'loss': 0.0085, 'learning_rate': 0.00048682997497695245, 'epoch': 0.16}
{'loss': 0.0088, 'learning_rate': 0.00048635961694041505, 'epoch': 0.16}
{'loss': 0.0088, 'learning_rate': 0.00048588925890387765, 'epoch': 0.17}
{'loss': 0.0078, 'learning_rate': 0.00048541890086734025, 'epoch': 0.17}
{'loss': 0.0076, 'learning_rate': 0.0004849485428308028, 'epoch': 0.18}
{'loss': 0.0087, 'learning_rate': 0.00048447818479426544, 'epoch': 0.19}
{'loss': 0.0088, 'learning_rate': 0.000484007826757728, 'epoch': 0.19}
{'loss': 0.0074, 'learning_rate': 0.0004835374687211906, 'epoch': 0.2}
{'loss': 0.0101, 'learning_rate': 0.0004830671106846531, 'epoch': 0.2}
{'loss': 0.0089, 'learning_rate': 0.0004825967526481158, 'epoch': 0.21}
{'loss': 0.0056, 'learning_rate': 0.00048212639461157837, 'epoch': 0.21}
{'loss': 0.0079, 'learning_rate': 0.0004816560365750409, 'epoch': 0.22}
{'loss': 0.008, 'learning_rate': 0.0004811856785385035, 'epoch': 0.23}
{'loss': 0.0064, 'learning_rate': 0.0004807153205019661, 'epoch': 0.23}
{'loss': 0.007, 'learning_rate': 0.0004802449624654287, 'epoch': 0.24}
{'loss': 0.0072, 'learning_rate': 0.00047977460442889125, 'epoch': 0.24}
{'loss': 0.0065, 'learning_rate': 0.0004793042463923539, 'epoch': 0.25}
{'loss': 0.0055, 'learning_rate': 0.0004788338883558165, 'epoch': 0.25}
{'loss': 0.007, 'learning_rate': 0.00047836353031927904, 'epoch': 0.26}
{'loss': 0.007, 'learning_rate': 0.00047789317228274163, 'epoch': 0.27}
{'loss': 0.0069, 'learning_rate': 0.00047742281424620423, 'epoch': 0.27}
{'loss': 0.0091, 'learning_rate': 0.00047695245620966683, 'epoch': 0.28}
{'loss': 0.0071, 'learning_rate': 0.00047648209817312937, 'epoch': 0.28}
{'loss': 0.0052, 'learning_rate': 0.00047601174013659197, 'epoch': 0.29}
{'loss': 0.0086, 'learning_rate': 0.0004755413821000546, 'epoch': 0.29}
{'loss': 0.0067, 'learning_rate': 0.00047507102406351716, 'epoch': 0.3}
{'loss': 0.0051, 'learning_rate': 0.00047460066602697976, 'epoch': 0.3}
{'loss': 0.0071, 'learning_rate': 0.0004741303079904423, 'epoch': 0.31}
{'loss': 0.0057, 'learning_rate': 0.00047365994995390495, 'epoch': 0.32}
{'loss': 0.0082, 'learning_rate': 0.0004731895919173675, 'epoch': 0.32}
{'loss': 0.0058, 'learning_rate': 0.0004727192338808301, 'epoch': 0.33}
{'loss': 0.004, 'learning_rate': 0.00047224887584429264, 'epoch': 0.33}
{'loss': 0.0057, 'learning_rate': 0.0004717785178077553, 'epoch': 0.34}
{'loss': 0.0053, 'learning_rate': 0.0004713081597712179, 'epoch': 0.34}
{'loss': 0.007, 'learning_rate': 0.0004708378017346804, 'epoch': 0.35}
{'loss': 0.0067, 'learning_rate': 0.000470367443698143, 'epoch': 0.36}
{'loss': 0.0051, 'learning_rate': 0.0004698970856616056, 'epoch': 0.36}
{'loss': 0.0065, 'learning_rate': 0.0004694267276250682, 'epoch': 0.37}
{'loss': 0.0063, 'learning_rate': 0.00046895636958853076, 'epoch': 0.37}
{'loss': 0.0065, 'learning_rate': 0.0004684860115519934, 'epoch': 0.38}
{'loss': 0.0072, 'learning_rate': 0.000468015653515456, 'epoch': 0.38}
{'loss': 0.006, 'learning_rate': 0.00046754529547891855, 'epoch': 0.39}
{'loss': 0.0035, 'learning_rate': 0.00046707493744238115, 'epoch': 0.4}
{'loss': 0.0065, 'learning_rate': 0.00046660457940584375, 'epoch': 0.4}
{'loss': 0.0066, 'learning_rate': 0.00046613422136930634, 'epoch': 0.41}
{'loss': 0.005, 'learning_rate': 0.0004656638633327689, 'epoch': 0.41}
{'loss': 0.0065, 'learning_rate': 0.0004651935052962315, 'epoch': 0.42}
{'loss': 0.0057, 'learning_rate': 0.00046472314725969413, 'epoch': 0.42}
{'loss': 0.0061, 'learning_rate': 0.0004642527892231567, 'epoch': 0.43}
{'loss': 0.005, 'learning_rate': 0.00046378243118661927, 'epoch': 0.43}
{'loss': 0.0056, 'learning_rate': 0.0004633120731500818, 'epoch': 0.44}
{'loss': 0.0052, 'learning_rate': 0.00046284171511354447, 'epoch': 0.45}
{'loss': 0.0048, 'learning_rate': 0.000462371357077007, 'epoch': 0.45}
{'loss': 0.0046, 'learning_rate': 0.0004619009990404696, 'epoch': 0.46}
{'loss': 0.0053, 'learning_rate': 0.0004614306410039322, 'epoch': 0.46}
{'loss': 0.0049, 'learning_rate': 0.0004609602829673948, 'epoch': 0.47}
{'loss': 0.0062, 'learning_rate': 0.0004604899249308574, 'epoch': 0.47}
{'loss': 0.0071, 'learning_rate': 0.00046001956689431994, 'epoch': 0.48}
{'loss': 0.0055, 'learning_rate': 0.00045954920885778254, 'epoch': 0.49}
{'loss': 0.0047, 'learning_rate': 0.00045907885082124513, 'epoch': 0.49}
{'loss': 0.0059, 'learning_rate': 0.00045860849278470773, 'epoch': 0.5}
{'loss': 0.0056, 'learning_rate': 0.00045813813474817033, 'epoch': 0.5}
{'loss': 0.0049, 'learning_rate': 0.0004576677767116329, 'epoch': 0.51}
{'loss': 0.0072, 'learning_rate': 0.0004571974186750955, 'epoch': 0.51}
{'loss': 0.0052, 'learning_rate': 0.00045672706063855806, 'epoch': 0.52}
{'loss': 0.0061, 'learning_rate': 0.00045625670260202066, 'epoch': 0.52}
{'loss': 0.0058, 'learning_rate': 0.00045578634456548326, 'epoch': 0.53}
{'loss': 0.007, 'learning_rate': 0.00045531598652894586, 'epoch': 0.54}
{'loss': 0.0053, 'learning_rate': 0.0004548456284924084, 'epoch': 0.54}
{'loss': 0.0057, 'learning_rate': 0.000454375270455871, 'epoch': 0.55}
{'loss': 0.0054, 'learning_rate': 0.00045390491241933365, 'epoch': 0.55}
{'loss': 0.0037, 'learning_rate': 0.0004534345543827962, 'epoch': 0.56}
{'loss': 0.0055, 'learning_rate': 0.0004529641963462588, 'epoch': 0.56}
{'loss': 0.005, 'learning_rate': 0.00045249383830972133, 'epoch': 0.57}
{'loss': 0.0054, 'learning_rate': 0.000452023480273184, 'epoch': 0.58}
{'loss': 0.0046, 'learning_rate': 0.0004515531222366465, 'epoch': 0.58}
{'loss': 0.0042, 'learning_rate': 0.0004510827642001091, 'epoch': 0.59}
{'loss': 0.0049, 'learning_rate': 0.0004506124061635717, 'epoch': 0.59}
{'loss': 0.0047, 'learning_rate': 0.0004501420481270343, 'epoch': 0.6}
{'loss': 0.0049, 'learning_rate': 0.0004496716900904969, 'epoch': 0.6}
{'loss': 0.0058, 'learning_rate': 0.00044920133205395945, 'epoch': 0.61}
{'loss': 0.003, 'learning_rate': 0.0004487309740174221, 'epoch': 0.62}
{'loss': 0.0074, 'learning_rate': 0.00044826061598088465, 'epoch': 0.62}
{'loss': 0.0045, 'learning_rate': 0.00044779025794434724, 'epoch': 0.63}
{'loss': 0.0058, 'learning_rate': 0.00044731989990780984, 'epoch': 0.63}
{'loss': 0.0044, 'learning_rate': 0.00044684954187127244, 'epoch': 0.64}
{'loss': 0.0035, 'learning_rate': 0.00044637918383473504, 'epoch': 0.64}
{'loss': 0.0046, 'learning_rate': 0.0004459088257981976, 'epoch': 0.65}
{'loss': 0.0051, 'learning_rate': 0.0004454384677616602, 'epoch': 0.65}
{'loss': 0.0058, 'learning_rate': 0.00044496810972512277, 'epoch': 0.66}
{'loss': 0.0051, 'learning_rate': 0.00044449775168858537, 'epoch': 0.67}
{'loss': 0.005, 'learning_rate': 0.00044402739365204797, 'epoch': 0.67}
{'loss': 0.0061, 'learning_rate': 0.0004435570356155105, 'epoch': 0.68}
{'loss': 0.0051, 'learning_rate': 0.00044308667757897316, 'epoch': 0.68}
{'loss': 0.0044, 'learning_rate': 0.0004426163195424357, 'epoch': 0.69}
{'loss': 0.0046, 'learning_rate': 0.0004421459615058983, 'epoch': 0.69}
{'loss': 0.0046, 'learning_rate': 0.00044167560346936084, 'epoch': 0.7}
{'loss': 0.0056, 'learning_rate': 0.0004412052454328235, 'epoch': 0.71}
{'loss': 0.0067, 'learning_rate': 0.0004407348873962861, 'epoch': 0.71}
{'loss': 0.0072, 'learning_rate': 0.00044026452935974863, 'epoch': 0.72}
{'loss': 0.0052, 'learning_rate': 0.00043979417132321123, 'epoch': 0.72}
{'loss': 0.0052, 'learning_rate': 0.00043932381328667383, 'epoch': 0.73}
{'loss': 0.0059, 'learning_rate': 0.0004388534552501364, 'epoch': 0.73}
{'loss': 0.005, 'learning_rate': 0.00043838309721359897, 'epoch': 0.74}
{'loss': 0.0044, 'learning_rate': 0.0004379127391770616, 'epoch': 0.75}
{'loss': 0.0037, 'learning_rate': 0.0004374423811405242, 'epoch': 0.75}
{'loss': 0.0043, 'learning_rate': 0.00043697202310398676, 'epoch': 0.76}
{'loss': 0.0036, 'learning_rate': 0.00043650166506744936, 'epoch': 0.76}
{'loss': 0.0039, 'learning_rate': 0.00043603130703091195, 'epoch': 0.77}
{'loss': 0.0047, 'learning_rate': 0.00043556094899437455, 'epoch': 0.77}
{'loss': 0.0047, 'learning_rate': 0.0004350905909578371, 'epoch': 0.78}
{'loss': 0.005, 'learning_rate': 0.0004346202329212997, 'epoch': 0.78}
{'loss': 0.0047, 'learning_rate': 0.0004341498748847623, 'epoch': 0.79}
{'loss': 0.004, 'learning_rate': 0.0004336795168482249, 'epoch': 0.8}
{'loss': 0.0053, 'learning_rate': 0.0004332091588116875, 'epoch': 0.8}
{'loss': 0.0049, 'learning_rate': 0.00043273880077515, 'epoch': 0.81}
{'loss': 0.0046, 'learning_rate': 0.0004322684427386127, 'epoch': 0.81}
{'loss': 0.0042, 'learning_rate': 0.0004317980847020752, 'epoch': 0.82}
{'loss': 0.005, 'learning_rate': 0.0004313277266655378, 'epoch': 0.82}
{'loss': 0.0038, 'learning_rate': 0.00043085736862900036, 'epoch': 0.83}
{'loss': 0.0054, 'learning_rate': 0.000430387010592463, 'epoch': 0.84}
{'loss': 0.0043, 'learning_rate': 0.0004299166525559256, 'epoch': 0.84}
{'loss': 0.0049, 'learning_rate': 0.00042944629451938815, 'epoch': 0.85}
{'loss': 0.0047, 'learning_rate': 0.00042897593648285074, 'epoch': 0.85}
{'loss': 0.0046, 'learning_rate': 0.00042850557844631334, 'epoch': 0.86}
{'loss': 0.0047, 'learning_rate': 0.00042803522040977594, 'epoch': 0.86}
{'loss': 0.005, 'learning_rate': 0.0004275648623732385, 'epoch': 0.87}
{'loss': 0.0051, 'learning_rate': 0.00042709450433670113, 'epoch': 0.87}
{'loss': 0.0043, 'learning_rate': 0.00042662414630016373, 'epoch': 0.88}
{'loss': 0.0042, 'learning_rate': 0.00042615378826362627, 'epoch': 0.89}
{'loss': 0.0044, 'learning_rate': 0.00042568343022708887, 'epoch': 0.89}
{'loss': 0.0046, 'learning_rate': 0.00042521307219055147, 'epoch': 0.9}
{'loss': 0.0039, 'learning_rate': 0.00042474271415401406, 'epoch': 0.9}
{'loss': 0.0047, 'learning_rate': 0.0004242723561174766, 'epoch': 0.91}
{'loss': 0.0049, 'learning_rate': 0.0004238019980809392, 'epoch': 0.91}
{'loss': 0.0047, 'learning_rate': 0.00042333164004440185, 'epoch': 0.92}
{'loss': 0.0039, 'learning_rate': 0.0004228612820078644, 'epoch': 0.93}
{'loss': 0.0036, 'learning_rate': 0.000422390923971327, 'epoch': 0.93}
{'loss': 0.0052, 'learning_rate': 0.00042192056593478954, 'epoch': 0.94}
{'loss': 0.005, 'learning_rate': 0.0004214502078982522, 'epoch': 0.94}
{'loss': 0.005, 'learning_rate': 0.00042097984986171473, 'epoch': 0.95}
{'loss': 0.005, 'learning_rate': 0.0004205094918251773, 'epoch': 0.95}
{'loss': 0.0042, 'learning_rate': 0.0004200391337886399, 'epoch': 0.96}
{'loss': 0.0039, 'learning_rate': 0.0004195687757521025, 'epoch': 0.97}
{'loss': 0.0053, 'learning_rate': 0.0004190984177155651, 'epoch': 0.97}
{'loss': 0.0043, 'learning_rate': 0.00041862805967902766, 'epoch': 0.98}
{'loss': 0.0037, 'learning_rate': 0.00041815770164249026, 'epoch': 0.98}
{'loss': 0.005, 'learning_rate': 0.00041768734360595285, 'epoch': 0.99}
{'loss': 0.0053, 'learning_rate': 0.00041721698556941545, 'epoch': 0.99}
{'loss': 0.0048, 'learning_rate': 0.000416746627532878, 'epoch': 1.0}
{'loss': 0.0029, 'learning_rate': 0.00041627626949634065, 'epoch': 1.0}
{'loss': 0.0034, 'learning_rate': 0.00041580591145980324, 'epoch': 1.01}
{'loss': 0.0039, 'learning_rate': 0.0004153355534232658, 'epoch': 1.02}
{'loss': 0.0038, 'learning_rate': 0.0004148651953867284, 'epoch': 1.02}
{'loss': 0.0042, 'learning_rate': 0.000414394837350191, 'epoch': 1.03}
{'loss': 0.0036, 'learning_rate': 0.0004139244793136536, 'epoch': 1.03}
{'loss': 0.0039, 'learning_rate': 0.0004134541212771161, 'epoch': 1.04}
{'loss': 0.004, 'learning_rate': 0.0004129837632405787, 'epoch': 1.04}
{'loss': 0.0041, 'learning_rate': 0.00041251340520404137, 'epoch': 1.05}
{'loss': 0.005, 'learning_rate': 0.0004120430471675039, 'epoch': 1.06}
{'loss': 0.0041, 'learning_rate': 0.0004115726891309665, 'epoch': 1.06}
{'loss': 0.0039, 'learning_rate': 0.00041110233109442905, 'epoch': 1.07}
{'loss': 0.0045, 'learning_rate': 0.0004106319730578917, 'epoch': 1.07}
{'loss': 0.0042, 'learning_rate': 0.00041016161502135424, 'epoch': 1.08}
{'loss': 0.0038, 'learning_rate': 0.00040969125698481684, 'epoch': 1.08}
{'loss': 0.0044, 'learning_rate': 0.00040922089894827944, 'epoch': 1.09}
{'loss': 0.0036, 'learning_rate': 0.00040875054091174203, 'epoch': 1.09}
{'loss': 0.004, 'learning_rate': 0.00040828018287520463, 'epoch': 1.1}
{'loss': 0.0042, 'learning_rate': 0.0004078098248386672, 'epoch': 1.11}
{'loss': 0.0038, 'learning_rate': 0.0004073394668021298, 'epoch': 1.11}
{'loss': 0.0039, 'learning_rate': 0.00040686910876559237, 'epoch': 1.12}
{'loss': 0.0032, 'learning_rate': 0.00040639875072905497, 'epoch': 1.12}
{'loss': 0.0035, 'learning_rate': 0.00040592839269251756, 'epoch': 1.13}
{'loss': 0.0035, 'learning_rate': 0.00040545803465598016, 'epoch': 1.13}
{'loss': 0.0035, 'learning_rate': 0.00040498767661944276, 'epoch': 1.14}
{'loss': 0.0026, 'learning_rate': 0.0004045173185829053, 'epoch': 1.15}
{'loss': 0.0035, 'learning_rate': 0.0004040469605463679, 'epoch': 1.15}
{'loss': 0.004, 'learning_rate': 0.0004035766025098305, 'epoch': 1.16}
{'loss': 0.0037, 'learning_rate': 0.0004031062444732931, 'epoch': 1.16}
{'loss': 0.0031, 'learning_rate': 0.0004026358864367557, 'epoch': 1.17}
{'loss': 0.0035, 'learning_rate': 0.00040216552840021823, 'epoch': 1.17}
{'loss': 0.0036, 'learning_rate': 0.0004016951703636809, 'epoch': 1.18}
{'loss': 0.0045, 'learning_rate': 0.0004012248123271434, 'epoch': 1.19}
{'loss': 0.0038, 'learning_rate': 0.000400754454290606, 'epoch': 1.19}
{'loss': 0.0027, 'learning_rate': 0.00040028409625406856, 'epoch': 1.2}
{'loss': 0.0039, 'learning_rate': 0.0003998137382175312, 'epoch': 1.2}
{'loss': 0.0027, 'learning_rate': 0.00039934338018099376, 'epoch': 1.21}
{'loss': 0.0033, 'learning_rate': 0.00039887302214445635, 'epoch': 1.21}
{'loss': 0.0036, 'learning_rate': 0.00039840266410791895, 'epoch': 1.22}
{'loss': 0.0037, 'learning_rate': 0.00039793230607138155, 'epoch': 1.22}
{'loss': 0.0041, 'learning_rate': 0.00039746194803484415, 'epoch': 1.23}
{'loss': 0.0038, 'learning_rate': 0.0003969915899983067, 'epoch': 1.24}
{'loss': 0.004, 'learning_rate': 0.00039652123196176934, 'epoch': 1.24}
{'loss': 0.0038, 'learning_rate': 0.0003960508739252319, 'epoch': 1.25}
{'loss': 0.0039, 'learning_rate': 0.0003955805158886945, 'epoch': 1.25}
{'loss': 0.0035, 'learning_rate': 0.0003951101578521571, 'epoch': 1.26}
{'loss': 0.0031, 'learning_rate': 0.00039463979981561967, 'epoch': 1.26}
{'loss': 0.0043, 'learning_rate': 0.00039416944177908227, 'epoch': 1.27}
{'loss': 0.0035, 'learning_rate': 0.0003936990837425448, 'epoch': 1.28}
{'loss': 0.0032, 'learning_rate': 0.0003932287257060074, 'epoch': 1.28}
{'loss': 0.0035, 'learning_rate': 0.00039275836766947, 'epoch': 1.29}
{'loss': 0.0031, 'learning_rate': 0.0003922880096329326, 'epoch': 1.29}
{'loss': 0.0037, 'learning_rate': 0.0003918176515963952, 'epoch': 1.3}
{'loss': 0.0034, 'learning_rate': 0.00039134729355985774, 'epoch': 1.3}
{'loss': 0.0035, 'learning_rate': 0.0003908769355233204, 'epoch': 1.31}
{'loss': 0.003, 'learning_rate': 0.00039040657748678294, 'epoch': 1.32}
{'loss': 0.0036, 'learning_rate': 0.00038993621945024553, 'epoch': 1.32}
{'loss': 0.0038, 'learning_rate': 0.0003894658614137081, 'epoch': 1.33}
{'loss': 0.004, 'learning_rate': 0.00038899550337717073, 'epoch': 1.33}
{'loss': 0.0041, 'learning_rate': 0.0003885251453406333, 'epoch': 1.34}
{'loss': 0.0037, 'learning_rate': 0.00038805478730409587, 'epoch': 1.34}
{'loss': 0.0042, 'learning_rate': 0.00038758442926755846, 'epoch': 1.35}
{'loss': 0.0047, 'learning_rate': 0.00038711407123102106, 'epoch': 1.35}
{'loss': 0.0044, 'learning_rate': 0.00038664371319448366, 'epoch': 1.36}
{'loss': 0.0033, 'learning_rate': 0.0003861733551579462, 'epoch': 1.37}
{'loss': 0.0042, 'learning_rate': 0.00038570299712140885, 'epoch': 1.37}
{'loss': 0.0032, 'learning_rate': 0.00038523263908487145, 'epoch': 1.38}
{'loss': 0.0025, 'learning_rate': 0.000384762281048334, 'epoch': 1.38}
{'loss': 0.003, 'learning_rate': 0.0003842919230117966, 'epoch': 1.39}
{'loss': 0.0034, 'learning_rate': 0.0003838215649752592, 'epoch': 1.39}
{'loss': 0.0028, 'learning_rate': 0.0003833512069387218, 'epoch': 1.4}
{'loss': 0.0035, 'learning_rate': 0.0003828808489021843, 'epoch': 1.41}
{'loss': 0.0038, 'learning_rate': 0.0003824104908656469, 'epoch': 1.41}
{'loss': 0.0035, 'learning_rate': 0.0003819401328291095, 'epoch': 1.42}
{'loss': 0.0031, 'learning_rate': 0.0003814697747925721, 'epoch': 1.42}
{'loss': 0.0036, 'learning_rate': 0.0003809994167560347, 'epoch': 1.43}
{'loss': 0.0037, 'learning_rate': 0.00038052905871949726, 'epoch': 1.43}
{'loss': 0.0035, 'learning_rate': 0.0003800587006829599, 'epoch': 1.44}
{'loss': 0.0028, 'learning_rate': 0.00037958834264642245, 'epoch': 1.44}
{'loss': 0.0032, 'learning_rate': 0.00037911798460988505, 'epoch': 1.45}
{'loss': 0.0038, 'learning_rate': 0.0003786476265733476, 'epoch': 1.46}
{'loss': 0.0033, 'learning_rate': 0.00037817726853681024, 'epoch': 1.46}
{'loss': 0.0029, 'learning_rate': 0.00037770691050027284, 'epoch': 1.47}
{'loss': 0.0032, 'learning_rate': 0.0003772365524637354, 'epoch': 1.47}
{'loss': 0.0039, 'learning_rate': 0.00037676619442719803, 'epoch': 1.48}
{'loss': 0.0043, 'learning_rate': 0.0003762958363906606, 'epoch': 1.48}
{'loss': 0.0036, 'learning_rate': 0.00037582547835412317, 'epoch': 1.49}
{'loss': 0.0029, 'learning_rate': 0.0003753551203175857, 'epoch': 1.5}
{'loss': 0.0023, 'learning_rate': 0.00037488476228104837, 'epoch': 1.5}
{'loss': 0.0031, 'learning_rate': 0.00037441440424451096, 'epoch': 1.51}
{'loss': 0.0037, 'learning_rate': 0.0003739440462079735, 'epoch': 1.51}
{'loss': 0.0029, 'learning_rate': 0.0003734736881714361, 'epoch': 1.52}
{'loss': 0.0036, 'learning_rate': 0.0003730033301348987, 'epoch': 1.52}
{'loss': 0.0039, 'learning_rate': 0.0003725329720983613, 'epoch': 1.53}
{'loss': 0.0036, 'learning_rate': 0.00037206261406182384, 'epoch': 1.54}
{'loss': 0.0028, 'learning_rate': 0.00037159225602528644, 'epoch': 1.54}
{'loss': 0.003, 'learning_rate': 0.0003711218979887491, 'epoch': 1.55}
{'loss': 0.0031, 'learning_rate': 0.00037065153995221163, 'epoch': 1.55}
{'loss': 0.003, 'learning_rate': 0.00037018118191567423, 'epoch': 1.56}
{'loss': 0.0031, 'learning_rate': 0.00036971082387913677, 'epoch': 1.56}
{'loss': 0.003, 'learning_rate': 0.0003692404658425994, 'epoch': 1.57}
{'loss': 0.0034, 'learning_rate': 0.00036877010780606196, 'epoch': 1.57}
{'loss': 0.0029, 'learning_rate': 0.00036829974976952456, 'epoch': 1.58}
{'loss': 0.003, 'learning_rate': 0.00036782939173298716, 'epoch': 1.59}
{'loss': 0.0037, 'learning_rate': 0.00036735903369644976, 'epoch': 1.59}
{'loss': 0.0026, 'learning_rate': 0.00036688867565991235, 'epoch': 1.6}
{'loss': 0.003, 'learning_rate': 0.0003664183176233749, 'epoch': 1.6}
{'loss': 0.0036, 'learning_rate': 0.00036594795958683755, 'epoch': 1.61}
{'loss': 0.0032, 'learning_rate': 0.0003654776015503001, 'epoch': 1.61}
{'loss': 0.0041, 'learning_rate': 0.0003650072435137627, 'epoch': 1.62}
{'loss': 0.0038, 'learning_rate': 0.00036453688547722523, 'epoch': 1.63}
{'loss': 0.0031, 'learning_rate': 0.0003640665274406879, 'epoch': 1.63}
{'loss': 0.0033, 'learning_rate': 0.0003635961694041505, 'epoch': 1.64}
{'loss': 0.0027, 'learning_rate': 0.000363125811367613, 'epoch': 1.64}
{'loss': 0.0032, 'learning_rate': 0.0003626554533310756, 'epoch': 1.65}
{'loss': 0.0032, 'learning_rate': 0.0003621850952945382, 'epoch': 1.65}
{'loss': 0.0029, 'learning_rate': 0.0003617147372580008, 'epoch': 1.66}
{'loss': 0.0032, 'learning_rate': 0.00036124437922146335, 'epoch': 1.67}
{'loss': 0.0022, 'learning_rate': 0.00036077402118492595, 'epoch': 1.67}
{'loss': 0.0031, 'learning_rate': 0.0003603036631483886, 'epoch': 1.68}
{'loss': 0.0029, 'learning_rate': 0.00035983330511185114, 'epoch': 1.68}
{'loss': 0.0037, 'learning_rate': 0.00035936294707531374, 'epoch': 1.69}
{'loss': 0.0031, 'learning_rate': 0.0003588925890387763, 'epoch': 1.69}
{'loss': 0.0023, 'learning_rate': 0.00035842223100223894, 'epoch': 1.7}
{'loss': 0.0029, 'learning_rate': 0.0003579518729657015, 'epoch': 1.7}
{'loss': 0.0025, 'learning_rate': 0.0003574815149291641, 'epoch': 1.71}
{'loss': 0.0042, 'learning_rate': 0.00035701115689262667, 'epoch': 1.72}
{'loss': 0.0039, 'learning_rate': 0.00035654079885608927, 'epoch': 1.72}
{'loss': 0.004, 'learning_rate': 0.00035607044081955187, 'epoch': 1.73}
{'loss': 0.0039, 'learning_rate': 0.0003556000827830144, 'epoch': 1.73}
{'loss': 0.0024, 'learning_rate': 0.00035512972474647706, 'epoch': 1.74}
{'loss': 0.0035, 'learning_rate': 0.0003546593667099396, 'epoch': 1.74}
{'loss': 0.0035, 'learning_rate': 0.0003541890086734022, 'epoch': 1.75}
{'loss': 0.003, 'learning_rate': 0.0003537186506368648, 'epoch': 1.76}
{'loss': 0.0028, 'learning_rate': 0.0003532482926003274, 'epoch': 1.76}
{'loss': 0.0032, 'learning_rate': 0.00035277793456379, 'epoch': 1.77}
{'loss': 0.0034, 'learning_rate': 0.00035230757652725253, 'epoch': 1.77}
{'loss': 0.003, 'learning_rate': 0.00035183721849071513, 'epoch': 1.78}
{'loss': 0.0028, 'learning_rate': 0.00035136686045417773, 'epoch': 1.78}
{'loss': 0.0027, 'learning_rate': 0.0003508965024176403, 'epoch': 1.79}
{'loss': 0.0023, 'learning_rate': 0.0003504261443811029, 'epoch': 1.79}
{'loss': 0.0026, 'learning_rate': 0.00034995578634456546, 'epoch': 1.8}
{'loss': 0.0027, 'learning_rate': 0.0003494854283080281, 'epoch': 1.81}
{'loss': 0.0038, 'learning_rate': 0.00034901507027149066, 'epoch': 1.81}
{'loss': 0.0033, 'learning_rate': 0.00034854471223495325, 'epoch': 1.82}
{'loss': 0.0029, 'learning_rate': 0.0003480743541984158, 'epoch': 1.82}
{'loss': 0.0038, 'learning_rate': 0.00034760399616187845, 'epoch': 1.83}
{'loss': 0.0029, 'learning_rate': 0.000347133638125341, 'epoch': 1.83}
{'loss': 0.0031, 'learning_rate': 0.0003466632800888036, 'epoch': 1.84}
{'loss': 0.0031, 'learning_rate': 0.00034619292205226624, 'epoch': 1.85}
{'loss': 0.0032, 'learning_rate': 0.0003457225640157288, 'epoch': 1.85}
{'loss': 0.003, 'learning_rate': 0.0003452522059791914, 'epoch': 1.86}
{'loss': 0.0024, 'learning_rate': 0.0003447818479426539, 'epoch': 1.86}
{'loss': 0.003, 'learning_rate': 0.0003443114899061166, 'epoch': 1.87}
{'loss': 0.0028, 'learning_rate': 0.0003438411318695791, 'epoch': 1.87}
{'loss': 0.0024, 'learning_rate': 0.0003433707738330417, 'epoch': 1.88}
{'loss': 0.0028, 'learning_rate': 0.0003429004157965043, 'epoch': 1.89}
{'loss': 0.0028, 'learning_rate': 0.0003424300577599669, 'epoch': 1.89}
{'loss': 0.0025, 'learning_rate': 0.0003419596997234295, 'epoch': 1.9}
{'loss': 0.0029, 'learning_rate': 0.00034148934168689205, 'epoch': 1.9}
{'loss': 0.0029, 'learning_rate': 0.00034101898365035464, 'epoch': 1.91}
{'loss': 0.0038, 'learning_rate': 0.00034054862561381724, 'epoch': 1.91}
{'loss': 0.0034, 'learning_rate': 0.00034007826757727984, 'epoch': 1.92}
{'loss': 0.0033, 'learning_rate': 0.00033960790954074243, 'epoch': 1.92}
{'loss': 0.0033, 'learning_rate': 0.000339137551504205, 'epoch': 1.93}
{'loss': 0.0032, 'learning_rate': 0.00033866719346766763, 'epoch': 1.94}
{'loss': 0.0041, 'learning_rate': 0.00033819683543113017, 'epoch': 1.94}
{'loss': 0.0033, 'learning_rate': 0.00033772647739459277, 'epoch': 1.95}
{'loss': 0.0028, 'learning_rate': 0.0003372561193580553, 'epoch': 1.95}
{'loss': 0.0028, 'learning_rate': 0.00033678576132151796, 'epoch': 1.96}
{'loss': 0.0021, 'learning_rate': 0.00033631540328498056, 'epoch': 1.96}
{'loss': 0.0033, 'learning_rate': 0.0003358450452484431, 'epoch': 1.97}
{'loss': 0.0034, 'learning_rate': 0.00033537468721190575, 'epoch': 1.98}
{'loss': 0.0027, 'learning_rate': 0.0003349043291753683, 'epoch': 1.98}
{'loss': 0.003, 'learning_rate': 0.0003344339711388309, 'epoch': 1.99}
{'loss': 0.0024, 'learning_rate': 0.00033396361310229344, 'epoch': 1.99}
{'loss': 0.0028, 'learning_rate': 0.0003334932550657561, 'epoch': 2.0}
{'loss': 0.0035, 'learning_rate': 0.0003330228970292187, 'epoch': 2.0}
{'loss': 0.0027, 'learning_rate': 0.0003325525389926812, 'epoch': 2.01}
{'loss': 0.0028, 'learning_rate': 0.0003320821809561438, 'epoch': 2.02}
{'loss': 0.0026, 'learning_rate': 0.0003316118229196064, 'epoch': 2.02}
{'loss': 0.0023, 'learning_rate': 0.000331141464883069, 'epoch': 2.03}
{'loss': 0.0021, 'learning_rate': 0.00033067110684653156, 'epoch': 2.03}
{'loss': 0.0025, 'learning_rate': 0.00033020074880999416, 'epoch': 2.04}
{'loss': 0.0027, 'learning_rate': 0.0003297303907734568, 'epoch': 2.04}
{'loss': 0.0025, 'learning_rate': 0.00032926003273691935, 'epoch': 2.05}
{'loss': 0.0025, 'learning_rate': 0.00032878967470038195, 'epoch': 2.05}
{'loss': 0.0032, 'learning_rate': 0.0003283193166638445, 'epoch': 2.06}
{'loss': 0.0029, 'learning_rate': 0.00032784895862730714, 'epoch': 2.07}
{'loss': 0.0024, 'learning_rate': 0.0003273786005907697, 'epoch': 2.07}
{'loss': 0.0024, 'learning_rate': 0.0003269082425542323, 'epoch': 2.08}
{'loss': 0.0026, 'learning_rate': 0.0003264378845176948, 'epoch': 2.08}
{'loss': 0.0027, 'learning_rate': 0.0003259675264811575, 'epoch': 2.09}
{'loss': 0.0031, 'learning_rate': 0.00032549716844462007, 'epoch': 2.09}
{'loss': 0.0033, 'learning_rate': 0.0003250268104080826, 'epoch': 2.1}
{'loss': 0.0026, 'learning_rate': 0.00032455645237154527, 'epoch': 2.11}
{'loss': 0.0022, 'learning_rate': 0.0003240860943350078, 'epoch': 2.11}
{'loss': 0.0025, 'learning_rate': 0.0003236157362984704, 'epoch': 2.12}
{'loss': 0.0022, 'learning_rate': 0.00032314537826193295, 'epoch': 2.12}
{'loss': 0.0022, 'learning_rate': 0.0003226750202253956, 'epoch': 2.13}
{'loss': 0.002, 'learning_rate': 0.0003222046621888582, 'epoch': 2.13}
{'loss': 0.0026, 'learning_rate': 0.00032173430415232074, 'epoch': 2.14}
{'loss': 0.0026, 'learning_rate': 0.00032126394611578334, 'epoch': 2.14}
{'loss': 0.0027, 'learning_rate': 0.00032079358807924593, 'epoch': 2.15}
{'loss': 0.0024, 'learning_rate': 0.00032032323004270853, 'epoch': 2.16}
{'loss': 0.0025, 'learning_rate': 0.0003198528720061711, 'epoch': 2.16}
{'loss': 0.0026, 'learning_rate': 0.00031938251396963367, 'epoch': 2.17}
{'loss': 0.0029, 'learning_rate': 0.0003189121559330963, 'epoch': 2.17}
{'loss': 0.0024, 'learning_rate': 0.00031844179789655886, 'epoch': 2.18}
{'loss': 0.0029, 'learning_rate': 0.00031797143986002146, 'epoch': 2.18}
{'loss': 0.0027, 'learning_rate': 0.000317501081823484, 'epoch': 2.19}
{'loss': 0.0027, 'learning_rate': 0.00031703072378694666, 'epoch': 2.2}
{'loss': 0.0032, 'learning_rate': 0.0003165603657504092, 'epoch': 2.2}
{'loss': 0.0026, 'learning_rate': 0.0003160900077138718, 'epoch': 2.21}
{'loss': 0.0028, 'learning_rate': 0.0003156196496773344, 'epoch': 2.21}
{'loss': 0.0029, 'learning_rate': 0.000315149291640797, 'epoch': 2.22}
{'loss': 0.0026, 'learning_rate': 0.0003146789336042596, 'epoch': 2.22}
{'loss': 0.0021, 'learning_rate': 0.00031420857556772213, 'epoch': 2.23}
{'loss': 0.0029, 'learning_rate': 0.0003137382175311848, 'epoch': 2.24}
{'loss': 0.0025, 'learning_rate': 0.0003132678594946473, 'epoch': 2.24}
{'loss': 0.0029, 'learning_rate': 0.0003127975014581099, 'epoch': 2.25}
{'loss': 0.003, 'learning_rate': 0.0003123271434215725, 'epoch': 2.25}
{'loss': 0.0029, 'learning_rate': 0.0003118567853850351, 'epoch': 2.26}
{'loss': 0.0028, 'learning_rate': 0.0003113864273484977, 'epoch': 2.26}
{'loss': 0.0027, 'learning_rate': 0.00031091606931196025, 'epoch': 2.27}
{'loss': 0.0026, 'learning_rate': 0.00031044571127542285, 'epoch': 2.27}
{'loss': 0.0031, 'learning_rate': 0.00030997535323888545, 'epoch': 2.28}
{'loss': 0.0028, 'learning_rate': 0.00030950499520234804, 'epoch': 2.29}
{'loss': 0.0022, 'learning_rate': 0.0003090346371658106, 'epoch': 2.29}
{'loss': 0.0026, 'learning_rate': 0.0003085642791292732, 'epoch': 2.3}
{'loss': 0.0027, 'learning_rate': 0.00030809392109273584, 'epoch': 2.3}
{'loss': 0.0025, 'learning_rate': 0.0003076235630561984, 'epoch': 2.31}
{'loss': 0.0027, 'learning_rate': 0.000307153205019661, 'epoch': 2.31}
{'loss': 0.0023, 'learning_rate': 0.0003066828469831235, 'epoch': 2.32}
{'loss': 0.003, 'learning_rate': 0.00030621248894658617, 'epoch': 2.33}
{'loss': 0.0023, 'learning_rate': 0.0003057421309100487, 'epoch': 2.33}
{'loss': 0.0025, 'learning_rate': 0.0003052717728735113, 'epoch': 2.34}
{'loss': 0.0028, 'learning_rate': 0.00030480141483697396, 'epoch': 2.34}
{'loss': 0.0025, 'learning_rate': 0.0003043310568004365, 'epoch': 2.35}
{'loss': 0.002, 'learning_rate': 0.0003038606987638991, 'epoch': 2.35}
{'loss': 0.0026, 'learning_rate': 0.00030339034072736164, 'epoch': 2.36}
{'loss': 0.0025, 'learning_rate': 0.0003029199826908243, 'epoch': 2.36}
{'loss': 0.0024, 'learning_rate': 0.00030244962465428684, 'epoch': 2.37}
{'loss': 0.0029, 'learning_rate': 0.00030197926661774943, 'epoch': 2.38}
{'loss': 0.0028, 'learning_rate': 0.00030150890858121203, 'epoch': 2.38}
{'loss': 0.0022, 'learning_rate': 0.00030103855054467463, 'epoch': 2.39}
{'loss': 0.0027, 'learning_rate': 0.0003005681925081372, 'epoch': 2.39}
{'loss': 0.0028, 'learning_rate': 0.00030009783447159977, 'epoch': 2.4}
{'loss': 0.0031, 'learning_rate': 0.00029962747643506236, 'epoch': 2.4}
{'loss': 0.0028, 'learning_rate': 0.00029915711839852496, 'epoch': 2.41}
{'loss': 0.0022, 'learning_rate': 0.00029868676036198756, 'epoch': 2.42}
{'loss': 0.0021, 'learning_rate': 0.00029821640232545016, 'epoch': 2.42}
{'loss': 0.0026, 'learning_rate': 0.0002977460442889127, 'epoch': 2.43}
{'loss': 0.0022, 'learning_rate': 0.00029727568625237535, 'epoch': 2.43}
{'loss': 0.0022, 'learning_rate': 0.0002968053282158379, 'epoch': 2.44}
{'loss': 0.0028, 'learning_rate': 0.0002963349701793005, 'epoch': 2.44}
{'loss': 0.0024, 'learning_rate': 0.00029586461214276303, 'epoch': 2.45}
{'loss': 0.0026, 'learning_rate': 0.0002953942541062257, 'epoch': 2.46}
{'loss': 0.0025, 'learning_rate': 0.0002949238960696883, 'epoch': 2.46}
{'loss': 0.0029, 'learning_rate': 0.0002944535380331508, 'epoch': 2.47}
{'loss': 0.0028, 'learning_rate': 0.0002939831799966135, 'epoch': 2.47}
{'loss': 0.0029, 'learning_rate': 0.000293512821960076, 'epoch': 2.48}
{'loss': 0.0024, 'learning_rate': 0.0002930424639235386, 'epoch': 2.48}
{'loss': 0.0034, 'learning_rate': 0.00029257210588700116, 'epoch': 2.49}
{'loss': 0.0029, 'learning_rate': 0.0002921017478504638, 'epoch': 2.49}
{'loss': 0.0021, 'learning_rate': 0.00029163138981392635, 'epoch': 2.5}
{'loss': 0.0026, 'learning_rate': 0.00029116103177738895, 'epoch': 2.51}
{'loss': 0.0027, 'learning_rate': 0.00029069067374085154, 'epoch': 2.51}
{'loss': 0.0026, 'learning_rate': 0.00029022031570431414, 'epoch': 2.52}
{'loss': 0.002, 'learning_rate': 0.00028974995766777674, 'epoch': 2.52}
{'loss': 0.0025, 'learning_rate': 0.0002892795996312393, 'epoch': 2.53}
{'loss': 0.0021, 'learning_rate': 0.0002888092415947019, 'epoch': 2.53}
{'loss': 0.0025, 'learning_rate': 0.0002883388835581645, 'epoch': 2.54}
{'loss': 0.0029, 'learning_rate': 0.00028786852552162707, 'epoch': 2.55}
{'loss': 0.0021, 'learning_rate': 0.00028739816748508967, 'epoch': 2.55}
{'loss': 0.0024, 'learning_rate': 0.0002869278094485522, 'epoch': 2.56}
{'loss': 0.002, 'learning_rate': 0.00028645745141201486, 'epoch': 2.56}
{'loss': 0.0022, 'learning_rate': 0.0002859870933754774, 'epoch': 2.57}
{'loss': 0.0025, 'learning_rate': 0.00028551673533894, 'epoch': 2.57}
{'loss': 0.0024, 'learning_rate': 0.00028504637730240255, 'epoch': 2.58}
{'loss': 0.0028, 'learning_rate': 0.0002845760192658652, 'epoch': 2.59}
{'loss': 0.0025, 'learning_rate': 0.0002841056612293278, 'epoch': 2.59}
{'loss': 0.0029, 'learning_rate': 0.00028363530319279034, 'epoch': 2.6}
{'loss': 0.0019, 'learning_rate': 0.000283164945156253, 'epoch': 2.6}
{'loss': 0.0031, 'learning_rate': 0.00028269458711971553, 'epoch': 2.61}
{'loss': 0.0019, 'learning_rate': 0.00028222422908317813, 'epoch': 2.61}
{'loss': 0.0021, 'learning_rate': 0.00028175387104664067, 'epoch': 2.62}
{'loss': 0.0018, 'learning_rate': 0.0002812835130101033, 'epoch': 2.62}
{'loss': 0.0026, 'learning_rate': 0.0002808131549735659, 'epoch': 2.63}
{'loss': 0.0025, 'learning_rate': 0.00028034279693702846, 'epoch': 2.64}
{'loss': 0.0025, 'learning_rate': 0.00027987243890049106, 'epoch': 2.64}
{'loss': 0.003, 'learning_rate': 0.00027940208086395365, 'epoch': 2.65}
{'loss': 0.0028, 'learning_rate': 0.00027893172282741625, 'epoch': 2.65}
{'loss': 0.0022, 'learning_rate': 0.0002784613647908788, 'epoch': 2.66}
{'loss': 0.0031, 'learning_rate': 0.0002779910067543414, 'epoch': 2.66}
{'loss': 0.003, 'learning_rate': 0.00027752064871780404, 'epoch': 2.67}
{'loss': 0.0028, 'learning_rate': 0.0002770502906812666, 'epoch': 2.68}
{'loss': 0.0023, 'learning_rate': 0.0002765799326447292, 'epoch': 2.68}
{'loss': 0.0023, 'learning_rate': 0.0002761095746081917, 'epoch': 2.69}
{'loss': 0.0028, 'learning_rate': 0.0002756392165716544, 'epoch': 2.69}
{'loss': 0.0022, 'learning_rate': 0.0002751688585351169, 'epoch': 2.7}
{'loss': 0.0028, 'learning_rate': 0.0002746985004985795, 'epoch': 2.7}
{'loss': 0.0023, 'learning_rate': 0.00027422814246204206, 'epoch': 2.71}
{'loss': 0.0025, 'learning_rate': 0.0002737577844255047, 'epoch': 2.71}
{'loss': 0.0026, 'learning_rate': 0.0002732874263889673, 'epoch': 2.72}
{'loss': 0.0023, 'learning_rate': 0.00027281706835242985, 'epoch': 2.73}
{'loss': 0.0024, 'learning_rate': 0.0002723467103158925, 'epoch': 2.73}
{'loss': 0.0024, 'learning_rate': 0.00027187635227935504, 'epoch': 2.74}
{'loss': 0.0024, 'learning_rate': 0.00027140599424281764, 'epoch': 2.74}
{'loss': 0.0023, 'learning_rate': 0.0002709356362062802, 'epoch': 2.75}
{'loss': 0.0024, 'learning_rate': 0.00027046527816974283, 'epoch': 2.75}
{'loss': 0.0019, 'learning_rate': 0.00026999492013320543, 'epoch': 2.76}
{'loss': 0.0026, 'learning_rate': 0.000269524562096668, 'epoch': 2.77}
{'loss': 0.0025, 'learning_rate': 0.00026905420406013057, 'epoch': 2.77}
{'loss': 0.0024, 'learning_rate': 0.00026858384602359317, 'epoch': 2.78}
{'loss': 0.0024, 'learning_rate': 0.00026811348798705577, 'epoch': 2.78}
{'loss': 0.0024, 'learning_rate': 0.0002676431299505183, 'epoch': 2.79}
{'loss': 0.0022, 'learning_rate': 0.0002671727719139809, 'epoch': 2.79}
{'loss': 0.0022, 'learning_rate': 0.00026670241387744356, 'epoch': 2.8}
{'loss': 0.0031, 'learning_rate': 0.0002662320558409061, 'epoch': 2.81}
{'loss': 0.002, 'learning_rate': 0.0002657616978043687, 'epoch': 2.81}
{'loss': 0.002, 'learning_rate': 0.00026529133976783124, 'epoch': 2.82}
{'loss': 0.002, 'learning_rate': 0.0002648209817312939, 'epoch': 2.82}
{'loss': 0.002, 'learning_rate': 0.00026435062369475643, 'epoch': 2.83}
{'loss': 0.0026, 'learning_rate': 0.00026388026565821903, 'epoch': 2.83}
{'loss': 0.0023, 'learning_rate': 0.0002634099076216817, 'epoch': 2.84}
{'loss': 0.002, 'learning_rate': 0.0002629395495851442, 'epoch': 2.84}
{'loss': 0.0019, 'learning_rate': 0.0002624691915486068, 'epoch': 2.85}
{'loss': 0.0022, 'learning_rate': 0.00026199883351206936, 'epoch': 2.86}
{'loss': 0.0027, 'learning_rate': 0.000261528475475532, 'epoch': 2.86}
{'loss': 0.002, 'learning_rate': 0.00026105811743899456, 'epoch': 2.87}
{'loss': 0.0023, 'learning_rate': 0.00026058775940245715, 'epoch': 2.87}
{'loss': 0.0023, 'learning_rate': 0.00026011740136591975, 'epoch': 2.88}
{'loss': 0.0021, 'learning_rate': 0.00025964704332938235, 'epoch': 2.88}
{'loss': 0.002, 'learning_rate': 0.00025917668529284495, 'epoch': 2.89}
{'loss': 0.002, 'learning_rate': 0.0002587063272563075, 'epoch': 2.9}
{'loss': 0.0028, 'learning_rate': 0.0002582359692197701, 'epoch': 2.9}
{'loss': 0.0024, 'learning_rate': 0.0002577656111832327, 'epoch': 2.91}
{'loss': 0.0023, 'learning_rate': 0.0002572952531466953, 'epoch': 2.91}
{'loss': 0.0028, 'learning_rate': 0.0002568248951101578, 'epoch': 2.92}
{'loss': 0.0021, 'learning_rate': 0.0002563545370736204, 'epoch': 2.92}
{'loss': 0.0019, 'learning_rate': 0.00025588417903708307, 'epoch': 2.93}
{'loss': 0.0021, 'learning_rate': 0.0002554138210005456, 'epoch': 2.94}
{'loss': 0.0023, 'learning_rate': 0.0002549434629640082, 'epoch': 2.94}
{'loss': 0.0026, 'learning_rate': 0.00025447310492747075, 'epoch': 2.95}
{'loss': 0.0024, 'learning_rate': 0.0002540027468909334, 'epoch': 2.95}
{'loss': 0.0024, 'learning_rate': 0.00025353238885439595, 'epoch': 2.96}
{'loss': 0.0023, 'learning_rate': 0.00025306203081785854, 'epoch': 2.96}
{'loss': 0.0021, 'learning_rate': 0.0002525916727813212, 'epoch': 2.97}
{'loss': 0.0025, 'learning_rate': 0.00025212131474478374, 'epoch': 2.97}
{'loss': 0.0022, 'learning_rate': 0.00025165095670824633, 'epoch': 2.98}
{'loss': 0.0027, 'learning_rate': 0.0002511805986717089, 'epoch': 2.99}
{'loss': 0.0015, 'learning_rate': 0.00025071024063517153, 'epoch': 2.99}
{'loss': 0.0024, 'learning_rate': 0.00025023988259863407, 'epoch': 3.0}
{'loss': 0.002, 'learning_rate': 0.00024976952456209667, 'epoch': 3.0}
{'loss': 0.0024, 'learning_rate': 0.00024929916652555926, 'epoch': 3.01}
{'loss': 0.0022, 'learning_rate': 0.00024882880848902186, 'epoch': 3.01}
{'loss': 0.0019, 'learning_rate': 0.0002483584504524844, 'epoch': 3.02}
{'loss': 0.0024, 'learning_rate': 0.00024788809241594706, 'epoch': 3.03}
{'loss': 0.0018, 'learning_rate': 0.0002474177343794096, 'epoch': 3.03}
{'loss': 0.0025, 'learning_rate': 0.0002469473763428722, 'epoch': 3.04}
{'loss': 0.0022, 'learning_rate': 0.0002464770183063348, 'epoch': 3.04}
{'loss': 0.0017, 'learning_rate': 0.0002460066602697974, 'epoch': 3.05}
{'loss': 0.0019, 'learning_rate': 0.00024553630223325993, 'epoch': 3.05}
{'loss': 0.0023, 'learning_rate': 0.00024506594419672253, 'epoch': 3.06}
{'loss': 0.0019, 'learning_rate': 0.0002445955861601851, 'epoch': 3.06}
{'loss': 0.0019, 'learning_rate': 0.00024412522812364772, 'epoch': 3.07}
{'loss': 0.0022, 'learning_rate': 0.00024365487008711032, 'epoch': 3.08}
{'loss': 0.0023, 'learning_rate': 0.0002431845120505729, 'epoch': 3.08}
{'loss': 0.0021, 'learning_rate': 0.0002427141540140355, 'epoch': 3.09}
{'loss': 0.0019, 'learning_rate': 0.00024224379597749808, 'epoch': 3.09}
{'loss': 0.0023, 'learning_rate': 0.00024177343794096065, 'epoch': 3.1}
{'loss': 0.0017, 'learning_rate': 0.00024130307990442325, 'epoch': 3.1}
{'loss': 0.0024, 'learning_rate': 0.00024083272186788585, 'epoch': 3.11}
{'loss': 0.0019, 'learning_rate': 0.00024036236383134844, 'epoch': 3.12}
{'loss': 0.0019, 'learning_rate': 0.00023989200579481101, 'epoch': 3.12}
{'loss': 0.0024, 'learning_rate': 0.0002394216477582736, 'epoch': 3.13}
{'loss': 0.002, 'learning_rate': 0.00023895128972173618, 'epoch': 3.13}
{'loss': 0.002, 'learning_rate': 0.00023848093168519878, 'epoch': 3.14}
{'loss': 0.0024, 'learning_rate': 0.00023801057364866135, 'epoch': 3.14}
{'loss': 0.0019, 'learning_rate': 0.00023754021561212397, 'epoch': 3.15}
{'loss': 0.0021, 'learning_rate': 0.00023706985757558654, 'epoch': 3.16}
{'loss': 0.002, 'learning_rate': 0.00023659949953904914, 'epoch': 3.16}
{'loss': 0.0023, 'learning_rate': 0.0002361291415025117, 'epoch': 3.17}
{'loss': 0.0016, 'learning_rate': 0.0002356587834659743, 'epoch': 3.17}
{'loss': 0.0016, 'learning_rate': 0.00023518842542943688, 'epoch': 3.18}
{'loss': 0.0019, 'learning_rate': 0.00023471806739289947, 'epoch': 3.18}
{'loss': 0.0021, 'learning_rate': 0.00023424770935636204, 'epoch': 3.19}
{'loss': 0.0021, 'learning_rate': 0.00023377735131982467, 'epoch': 3.19}
{'loss': 0.002, 'learning_rate': 0.00023330699328328724, 'epoch': 3.2}
{'loss': 0.0019, 'learning_rate': 0.00023283663524674983, 'epoch': 3.21}
{'loss': 0.0018, 'learning_rate': 0.00023236627721021243, 'epoch': 3.21}
{'loss': 0.0018, 'learning_rate': 0.000231895919173675, 'epoch': 3.22}
{'loss': 0.0024, 'learning_rate': 0.0002314255611371376, 'epoch': 3.22}
{'loss': 0.0021, 'learning_rate': 0.00023095520310060017, 'epoch': 3.23}
{'loss': 0.002, 'learning_rate': 0.0002304848450640628, 'epoch': 3.23}
{'loss': 0.0021, 'learning_rate': 0.00023001448702752536, 'epoch': 3.24}
{'loss': 0.0022, 'learning_rate': 0.00022954412899098796, 'epoch': 3.25}
{'loss': 0.002, 'learning_rate': 0.00022907377095445053, 'epoch': 3.25}
{'loss': 0.0027, 'learning_rate': 0.00022860341291791313, 'epoch': 3.26}
{'loss': 0.0024, 'learning_rate': 0.0002281330548813757, 'epoch': 3.26}
{'loss': 0.0021, 'learning_rate': 0.0002276626968448383, 'epoch': 3.27}
{'loss': 0.0027, 'learning_rate': 0.0002271923388083009, 'epoch': 3.27}
{'loss': 0.0017, 'learning_rate': 0.00022672198077176349, 'epoch': 3.28}
{'loss': 0.0019, 'learning_rate': 0.00022625162273522606, 'epoch': 3.28}
{'loss': 0.0019, 'learning_rate': 0.00022578126469868865, 'epoch': 3.29}
{'loss': 0.0019, 'learning_rate': 0.00022531090666215122, 'epoch': 3.3}
{'loss': 0.002, 'learning_rate': 0.00022484054862561382, 'epoch': 3.3}
{'loss': 0.0021, 'learning_rate': 0.0002243701905890764, 'epoch': 3.31}
{'loss': 0.0024, 'learning_rate': 0.000223899832552539, 'epoch': 3.31}
{'loss': 0.0021, 'learning_rate': 0.00022342947451600158, 'epoch': 3.32}
{'loss': 0.0017, 'learning_rate': 0.00022295911647946418, 'epoch': 3.32}
{'loss': 0.0019, 'learning_rate': 0.00022248875844292678, 'epoch': 3.33}
{'loss': 0.0019, 'learning_rate': 0.00022201840040638935, 'epoch': 3.34}
{'loss': 0.0017, 'learning_rate': 0.00022154804236985194, 'epoch': 3.34}
{'loss': 0.0021, 'learning_rate': 0.00022107768433331451, 'epoch': 3.35}
{'loss': 0.0021, 'learning_rate': 0.0002206073262967771, 'epoch': 3.35}
{'loss': 0.0018, 'learning_rate': 0.0002201369682602397, 'epoch': 3.36}
{'loss': 0.0022, 'learning_rate': 0.0002196666102237023, 'epoch': 3.36}
{'loss': 0.0023, 'learning_rate': 0.00021919625218716488, 'epoch': 3.37}
{'loss': 0.002, 'learning_rate': 0.00021872589415062747, 'epoch': 3.38}
{'loss': 0.002, 'learning_rate': 0.00021825553611409004, 'epoch': 3.38}
{'loss': 0.0024, 'learning_rate': 0.00021778517807755264, 'epoch': 3.39}
{'loss': 0.0019, 'learning_rate': 0.0002173148200410152, 'epoch': 3.39}
{'loss': 0.0024, 'learning_rate': 0.0002168444620044778, 'epoch': 3.4}
{'loss': 0.0021, 'learning_rate': 0.0002163741039679404, 'epoch': 3.4}
{'loss': 0.002, 'learning_rate': 0.000215903745931403, 'epoch': 3.41}
{'loss': 0.0021, 'learning_rate': 0.00021543338789486557, 'epoch': 3.41}
{'loss': 0.0022, 'learning_rate': 0.00021496302985832817, 'epoch': 3.42}
{'loss': 0.0017, 'learning_rate': 0.00021449267182179074, 'epoch': 3.43}
{'loss': 0.0017, 'learning_rate': 0.00021402231378525333, 'epoch': 3.43}
{'loss': 0.0024, 'learning_rate': 0.0002135519557487159, 'epoch': 3.44}
{'loss': 0.0024, 'learning_rate': 0.00021308159771217853, 'epoch': 3.44}
{'loss': 0.0023, 'learning_rate': 0.0002126112396756411, 'epoch': 3.45}
{'loss': 0.0017, 'learning_rate': 0.0002121408816391037, 'epoch': 3.45}
{'loss': 0.0019, 'learning_rate': 0.0002116705236025663, 'epoch': 3.46}
{'loss': 0.0021, 'learning_rate': 0.00021120016556602886, 'epoch': 3.47}
{'loss': 0.0019, 'learning_rate': 0.00021072980752949146, 'epoch': 3.47}
{'loss': 0.0024, 'learning_rate': 0.00021025944949295403, 'epoch': 3.48}
{'loss': 0.0022, 'learning_rate': 0.00020978909145641665, 'epoch': 3.48}
{'loss': 0.0022, 'learning_rate': 0.00020931873341987922, 'epoch': 3.49}
{'loss': 0.0014, 'learning_rate': 0.00020884837538334182, 'epoch': 3.49}
{'loss': 0.0022, 'learning_rate': 0.0002083780173468044, 'epoch': 3.5}
{'loss': 0.0019, 'learning_rate': 0.00020790765931026699, 'epoch': 3.51}
{'loss': 0.002, 'learning_rate': 0.00020743730127372956, 'epoch': 3.51}
{'loss': 0.0023, 'learning_rate': 0.00020696694323719215, 'epoch': 3.52}
{'loss': 0.002, 'learning_rate': 0.00020649658520065472, 'epoch': 3.52}
{'loss': 0.002, 'learning_rate': 0.00020602622716411735, 'epoch': 3.53}
{'loss': 0.0022, 'learning_rate': 0.00020555586912757992, 'epoch': 3.53}
{'loss': 0.0017, 'learning_rate': 0.0002050855110910425, 'epoch': 3.54}
{'loss': 0.0018, 'learning_rate': 0.00020461515305450508, 'epoch': 3.54}
{'loss': 0.0016, 'learning_rate': 0.00020414479501796768, 'epoch': 3.55}
{'loss': 0.0016, 'learning_rate': 0.00020367443698143025, 'epoch': 3.56}
{'loss': 0.0022, 'learning_rate': 0.00020320407894489285, 'epoch': 3.56}
{'loss': 0.0021, 'learning_rate': 0.00020273372090835544, 'epoch': 3.57}
{'loss': 0.0019, 'learning_rate': 0.00020226336287181804, 'epoch': 3.57}
{'loss': 0.0021, 'learning_rate': 0.00020179300483528064, 'epoch': 3.58}
{'loss': 0.0016, 'learning_rate': 0.0002013226467987432, 'epoch': 3.58}
{'loss': 0.0022, 'learning_rate': 0.0002008522887622058, 'epoch': 3.59}
{'loss': 0.0019, 'learning_rate': 0.00020038193072566837, 'epoch': 3.6}
{'loss': 0.0025, 'learning_rate': 0.00019991157268913097, 'epoch': 3.6}
{'loss': 0.0024, 'learning_rate': 0.00019944121465259357, 'epoch': 3.61}
{'loss': 0.0022, 'learning_rate': 0.00019897085661605617, 'epoch': 3.61}
{'loss': 0.0025, 'learning_rate': 0.00019850049857951874, 'epoch': 3.62}
{'loss': 0.0018, 'learning_rate': 0.00019803014054298133, 'epoch': 3.62}
{'loss': 0.002, 'learning_rate': 0.0001975597825064439, 'epoch': 3.63}
{'loss': 0.0021, 'learning_rate': 0.0001970894244699065, 'epoch': 3.63}
{'loss': 0.0023, 'learning_rate': 0.00019661906643336907, 'epoch': 3.64}
{'loss': 0.0023, 'learning_rate': 0.00019614870839683167, 'epoch': 3.65}
{'loss': 0.0014, 'learning_rate': 0.00019567835036029426, 'epoch': 3.65}
{'loss': 0.0017, 'learning_rate': 0.00019520799232375686, 'epoch': 3.66}
{'loss': 0.0017, 'learning_rate': 0.00019473763428721943, 'epoch': 3.66}
{'loss': 0.0017, 'learning_rate': 0.00019426727625068203, 'epoch': 3.67}
{'loss': 0.0015, 'learning_rate': 0.0001937969182141446, 'epoch': 3.67}
{'loss': 0.0017, 'learning_rate': 0.0001933265601776072, 'epoch': 3.68}
{'loss': 0.002, 'learning_rate': 0.00019285620214106976, 'epoch': 3.69}
{'loss': 0.0017, 'learning_rate': 0.0001923858441045324, 'epoch': 3.69}
{'loss': 0.0017, 'learning_rate': 0.00019191548606799496, 'epoch': 3.7}
{'loss': 0.0024, 'learning_rate': 0.00019144512803145755, 'epoch': 3.7}
{'loss': 0.0019, 'learning_rate': 0.00019097476999492015, 'epoch': 3.71}
{'loss': 0.0018, 'learning_rate': 0.00019050441195838272, 'epoch': 3.71}
{'loss': 0.0015, 'learning_rate': 0.00019003405392184532, 'epoch': 3.72}
{'loss': 0.0016, 'learning_rate': 0.0001895636958853079, 'epoch': 3.73}
{'loss': 0.0016, 'learning_rate': 0.00018909333784877049, 'epoch': 3.73}
{'loss': 0.002, 'learning_rate': 0.00018862297981223308, 'epoch': 3.74}
{'loss': 0.0019, 'learning_rate': 0.00018815262177569568, 'epoch': 3.74}
{'loss': 0.0018, 'learning_rate': 0.00018768226373915825, 'epoch': 3.75}
{'loss': 0.002, 'learning_rate': 0.00018721190570262085, 'epoch': 3.75}
{'loss': 0.0021, 'learning_rate': 0.00018674154766608342, 'epoch': 3.76}
{'loss': 0.002, 'learning_rate': 0.000186271189629546, 'epoch': 3.76}
{'loss': 0.0015, 'learning_rate': 0.00018580083159300858, 'epoch': 3.77}
{'loss': 0.0017, 'learning_rate': 0.0001853304735564712, 'epoch': 3.78}
{'loss': 0.0018, 'learning_rate': 0.00018486011551993378, 'epoch': 3.78}
{'loss': 0.0021, 'learning_rate': 0.00018438975748339637, 'epoch': 3.79}
{'loss': 0.0022, 'learning_rate': 0.00018391939944685894, 'epoch': 3.79}
{'loss': 0.0021, 'learning_rate': 0.00018344904141032154, 'epoch': 3.8}
{'loss': 0.0021, 'learning_rate': 0.0001829786833737841, 'epoch': 3.8}
{'loss': 0.0022, 'learning_rate': 0.0001825083253372467, 'epoch': 3.81}
{'loss': 0.0017, 'learning_rate': 0.0001820379673007093, 'epoch': 3.82}
{'loss': 0.0021, 'learning_rate': 0.0001815676092641719, 'epoch': 3.82}
{'loss': 0.0022, 'learning_rate': 0.0001810972512276345, 'epoch': 3.83}
{'loss': 0.0024, 'learning_rate': 0.00018062689319109707, 'epoch': 3.83}
{'loss': 0.0018, 'learning_rate': 0.00018015653515455967, 'epoch': 3.84}
{'loss': 0.0021, 'learning_rate': 0.00017968617711802223, 'epoch': 3.84}
{'loss': 0.0017, 'learning_rate': 0.00017921581908148483, 'epoch': 3.85}
{'loss': 0.002, 'learning_rate': 0.0001787454610449474, 'epoch': 3.86}
{'loss': 0.0016, 'learning_rate': 0.00017827510300841003, 'epoch': 3.86}
{'loss': 0.0021, 'learning_rate': 0.0001778047449718726, 'epoch': 3.87}
{'loss': 0.0016, 'learning_rate': 0.0001773343869353352, 'epoch': 3.87}
{'loss': 0.0016, 'learning_rate': 0.00017686402889879776, 'epoch': 3.88}
{'loss': 0.0016, 'learning_rate': 0.00017639367086226036, 'epoch': 3.88}
{'loss': 0.0019, 'learning_rate': 0.00017592331282572293, 'epoch': 3.89}
{'loss': 0.0021, 'learning_rate': 0.00017545295478918553, 'epoch': 3.89}
{'loss': 0.0016, 'learning_rate': 0.00017498259675264812, 'epoch': 3.9}
{'loss': 0.0018, 'learning_rate': 0.00017451223871611072, 'epoch': 3.91}
{'loss': 0.0019, 'learning_rate': 0.0001740418806795733, 'epoch': 3.91}
{'loss': 0.0023, 'learning_rate': 0.0001735715226430359, 'epoch': 3.92}
{'loss': 0.0018, 'learning_rate': 0.00017310116460649846, 'epoch': 3.92}
{'loss': 0.002, 'learning_rate': 0.00017263080656996105, 'epoch': 3.93}
{'loss': 0.0021, 'learning_rate': 0.00017216044853342362, 'epoch': 3.93}
{'loss': 0.0024, 'learning_rate': 0.00017169009049688622, 'epoch': 3.94}
{'loss': 0.002, 'learning_rate': 0.00017121973246034884, 'epoch': 3.95}
{'loss': 0.0015, 'learning_rate': 0.00017074937442381141, 'epoch': 3.95}
{'loss': 0.002, 'learning_rate': 0.000170279016387274, 'epoch': 3.96}
{'loss': 0.0017, 'learning_rate': 0.00016980865835073658, 'epoch': 3.96}
{'loss': 0.0015, 'learning_rate': 0.00016933830031419918, 'epoch': 3.97}
{'loss': 0.0018, 'learning_rate': 0.00016886794227766175, 'epoch': 3.97}
{'loss': 0.0022, 'learning_rate': 0.00016839758424112435, 'epoch': 3.98}
{'loss': 0.0023, 'learning_rate': 0.00016792722620458694, 'epoch': 3.98}
{'loss': 0.0021, 'learning_rate': 0.00016745686816804954, 'epoch': 3.99}
{'loss': 0.0025, 'learning_rate': 0.0001669865101315121, 'epoch': 4.0}
{'loss': 0.0017, 'learning_rate': 0.0001665161520949747, 'epoch': 4.0}
{'loss': 0.002, 'learning_rate': 0.00016604579405843728, 'epoch': 4.01}
{'loss': 0.0019, 'learning_rate': 0.00016557543602189987, 'epoch': 4.01}
{'loss': 0.0017, 'learning_rate': 0.00016510507798536244, 'epoch': 4.02}
{'loss': 0.0014, 'learning_rate': 0.00016463471994882507, 'epoch': 4.02}
{'loss': 0.002, 'learning_rate': 0.00016416436191228764, 'epoch': 4.03}
{'loss': 0.0015, 'learning_rate': 0.00016369400387575023, 'epoch': 4.04}
{'loss': 0.0014, 'learning_rate': 0.0001632236458392128, 'epoch': 4.04}
{'loss': 0.0019, 'learning_rate': 0.0001627532878026754, 'epoch': 4.05}
{'loss': 0.0016, 'learning_rate': 0.00016228292976613797, 'epoch': 4.05}
{'loss': 0.0018, 'learning_rate': 0.00016181257172960057, 'epoch': 4.06}
{'loss': 0.0019, 'learning_rate': 0.00016134221369306314, 'epoch': 4.06}
{'loss': 0.0019, 'learning_rate': 0.00016087185565652576, 'epoch': 4.07}
{'loss': 0.0018, 'learning_rate': 0.00016040149761998836, 'epoch': 4.08}
{'loss': 0.0023, 'learning_rate': 0.00015993113958345093, 'epoch': 4.08}
{'loss': 0.0017, 'learning_rate': 0.00015946078154691353, 'epoch': 4.09}
{'loss': 0.0019, 'learning_rate': 0.0001589904235103761, 'epoch': 4.09}
{'loss': 0.0015, 'learning_rate': 0.0001585200654738387, 'epoch': 4.1}
{'loss': 0.0018, 'learning_rate': 0.00015804970743730126, 'epoch': 4.1}
{'loss': 0.0017, 'learning_rate': 0.00015757934940076389, 'epoch': 4.11}
{'loss': 0.0018, 'learning_rate': 0.00015710899136422646, 'epoch': 4.11}
{'loss': 0.0016, 'learning_rate': 0.00015663863332768905, 'epoch': 4.12}
{'loss': 0.0021, 'learning_rate': 0.00015616827529115162, 'epoch': 4.13}
{'loss': 0.0014, 'learning_rate': 0.00015569791725461422, 'epoch': 4.13}
{'loss': 0.0017, 'learning_rate': 0.0001552275592180768, 'epoch': 4.14}
{'loss': 0.0016, 'learning_rate': 0.0001547572011815394, 'epoch': 4.14}
{'loss': 0.0018, 'learning_rate': 0.00015428684314500196, 'epoch': 4.15}
{'loss': 0.0016, 'learning_rate': 0.00015381648510846458, 'epoch': 4.15}
{'loss': 0.0016, 'learning_rate': 0.00015334612707192715, 'epoch': 4.16}
{'loss': 0.0018, 'learning_rate': 0.00015287576903538975, 'epoch': 4.17}
{'loss': 0.0022, 'learning_rate': 0.00015240541099885232, 'epoch': 4.17}
{'loss': 0.0018, 'learning_rate': 0.00015193505296231491, 'epoch': 4.18}
{'loss': 0.0018, 'learning_rate': 0.00015146469492577748, 'epoch': 4.18}
{'loss': 0.0017, 'learning_rate': 0.00015099433688924008, 'epoch': 4.19}
{'loss': 0.002, 'learning_rate': 0.0001505239788527027, 'epoch': 4.19}
{'loss': 0.0017, 'learning_rate': 0.00015005362081616528, 'epoch': 4.2}
{'loss': 0.0018, 'learning_rate': 0.00014958326277962787, 'epoch': 4.21}
{'loss': 0.002, 'learning_rate': 0.00014911290474309044, 'epoch': 4.21}
{'loss': 0.0023, 'learning_rate': 0.00014864254670655304, 'epoch': 4.22}
{'loss': 0.0015, 'learning_rate': 0.0001481721886700156, 'epoch': 4.22}
{'loss': 0.0018, 'learning_rate': 0.0001477018306334782, 'epoch': 4.23}
{'loss': 0.0019, 'learning_rate': 0.0001472314725969408, 'epoch': 4.23}
{'loss': 0.0018, 'learning_rate': 0.0001467611145604034, 'epoch': 4.24}
{'loss': 0.0014, 'learning_rate': 0.00014629075652386597, 'epoch': 4.24}
{'loss': 0.0018, 'learning_rate': 0.00014582039848732857, 'epoch': 4.25}
{'loss': 0.002, 'learning_rate': 0.00014535004045079114, 'epoch': 4.26}
{'loss': 0.002, 'learning_rate': 0.00014487968241425373, 'epoch': 4.26}
{'loss': 0.0018, 'learning_rate': 0.0001444093243777163, 'epoch': 4.27}
{'loss': 0.002, 'learning_rate': 0.0001439389663411789, 'epoch': 4.27}
{'loss': 0.0018, 'learning_rate': 0.0001434686083046415, 'epoch': 4.28}
{'loss': 0.0015, 'learning_rate': 0.0001429982502681041, 'epoch': 4.28}
{'loss': 0.0021, 'learning_rate': 0.00014252789223156666, 'epoch': 4.29}
{'loss': 0.0014, 'learning_rate': 0.00014205753419502926, 'epoch': 4.3}
{'loss': 0.0016, 'learning_rate': 0.00014158717615849183, 'epoch': 4.3}
{'loss': 0.0018, 'learning_rate': 0.00014111681812195443, 'epoch': 4.31}
{'loss': 0.0019, 'learning_rate': 0.000140646460085417, 'epoch': 4.31}
{'loss': 0.0014, 'learning_rate': 0.00014017610204887962, 'epoch': 4.32}
{'loss': 0.0017, 'learning_rate': 0.00013970574401234222, 'epoch': 4.32}
{'loss': 0.0018, 'learning_rate': 0.0001392353859758048, 'epoch': 4.33}
{'loss': 0.0017, 'learning_rate': 0.00013876502793926739, 'epoch': 4.33}
{'loss': 0.0018, 'learning_rate': 0.00013829466990272996, 'epoch': 4.34}
{'loss': 0.0017, 'learning_rate': 0.00013782431186619255, 'epoch': 4.35}
{'loss': 0.0019, 'learning_rate': 0.00013735395382965512, 'epoch': 4.35}
{'loss': 0.0013, 'learning_rate': 0.00013688359579311775, 'epoch': 4.36}
{'loss': 0.0013, 'learning_rate': 0.00013641323775658032, 'epoch': 4.36}
{'loss': 0.0019, 'learning_rate': 0.0001359428797200429, 'epoch': 4.37}
{'loss': 0.0017, 'learning_rate': 0.00013547252168350548, 'epoch': 4.37}
{'loss': 0.0022, 'learning_rate': 0.00013500216364696808, 'epoch': 4.38}
{'loss': 0.0017, 'learning_rate': 0.00013453180561043065, 'epoch': 4.39}
{'loss': 0.0021, 'learning_rate': 0.00013406144757389325, 'epoch': 4.39}
{'loss': 0.0017, 'learning_rate': 0.00013359108953735582, 'epoch': 4.4}
{'loss': 0.0019, 'learning_rate': 0.00013312073150081844, 'epoch': 4.4}
{'loss': 0.0019, 'learning_rate': 0.000132650373464281, 'epoch': 4.41}
{'loss': 0.0015, 'learning_rate': 0.0001321800154277436, 'epoch': 4.41}
{'loss': 0.0019, 'learning_rate': 0.00013170965739120618, 'epoch': 4.42}
{'loss': 0.0017, 'learning_rate': 0.00013123929935466877, 'epoch': 4.43}
{'loss': 0.0017, 'learning_rate': 0.00013076894131813134, 'epoch': 4.43}
{'loss': 0.0015, 'learning_rate': 0.00013029858328159394, 'epoch': 4.44}
{'loss': 0.0016, 'learning_rate': 0.00012982822524505657, 'epoch': 4.44}
{'loss': 0.0018, 'learning_rate': 0.00012935786720851914, 'epoch': 4.45}
{'loss': 0.0012, 'learning_rate': 0.00012888750917198173, 'epoch': 4.45}
{'loss': 0.0012, 'learning_rate': 0.0001284171511354443, 'epoch': 4.46}
{'loss': 0.0014, 'learning_rate': 0.0001279467930989069, 'epoch': 4.46}
{'loss': 0.0019, 'learning_rate': 0.00012747643506236947, 'epoch': 4.47}
{'loss': 0.0016, 'learning_rate': 0.00012700607702583207, 'epoch': 4.48}
{'loss': 0.0019, 'learning_rate': 0.00012653571898929464, 'epoch': 4.48}
{'loss': 0.0016, 'learning_rate': 0.00012606536095275726, 'epoch': 4.49}
{'loss': 0.0016, 'learning_rate': 0.00012559500291621983, 'epoch': 4.49}
{'loss': 0.0016, 'learning_rate': 0.00012512464487968243, 'epoch': 4.5}
{'loss': 0.0017, 'learning_rate': 0.000124654286843145, 'epoch': 4.5}
{'loss': 0.0018, 'learning_rate': 0.0001241839288066076, 'epoch': 4.51}
{'loss': 0.0017, 'learning_rate': 0.0001237135707700702, 'epoch': 4.52}
{'loss': 0.0015, 'learning_rate': 0.00012324321273353276, 'epoch': 4.52}
{'loss': 0.0016, 'learning_rate': 0.00012277285469699536, 'epoch': 4.53}
{'loss': 0.0019, 'learning_rate': 0.00012230249666045793, 'epoch': 4.53}
{'loss': 0.0015, 'learning_rate': 0.00012183213862392054, 'epoch': 4.54}
{'loss': 0.0013, 'learning_rate': 0.00012136178058738312, 'epoch': 4.54}
{'loss': 0.0016, 'learning_rate': 0.0001208914225508457, 'epoch': 4.55}
{'loss': 0.0017, 'learning_rate': 0.00012042106451430829, 'epoch': 4.55}
{'loss': 0.0017, 'learning_rate': 0.00011995070647777089, 'epoch': 4.56}
{'loss': 0.0017, 'learning_rate': 0.00011948034844123347, 'epoch': 4.57}
{'loss': 0.0015, 'learning_rate': 0.00011900999040469605, 'epoch': 4.57}
{'loss': 0.0015, 'learning_rate': 0.00011853963236815865, 'epoch': 4.58}
{'loss': 0.0019, 'learning_rate': 0.00011806927433162123, 'epoch': 4.58}
{'loss': 0.0016, 'learning_rate': 0.00011759891629508382, 'epoch': 4.59}
{'loss': 0.0015, 'learning_rate': 0.0001171285582585464, 'epoch': 4.59}
{'loss': 0.0014, 'learning_rate': 0.000116658200222009, 'epoch': 4.6}
{'loss': 0.0019, 'learning_rate': 0.00011618784218547158, 'epoch': 4.61}
{'loss': 0.0017, 'learning_rate': 0.00011571748414893416, 'epoch': 4.61}
{'loss': 0.0014, 'learning_rate': 0.00011524712611239675, 'epoch': 4.62}
{'loss': 0.0018, 'learning_rate': 0.00011477676807585934, 'epoch': 4.62}
{'loss': 0.0015, 'learning_rate': 0.00011430641003932194, 'epoch': 4.63}
{'loss': 0.0019, 'learning_rate': 0.00011383605200278452, 'epoch': 4.63}
{'loss': 0.0019, 'learning_rate': 0.00011336569396624712, 'epoch': 4.64}
{'loss': 0.0018, 'learning_rate': 0.0001128953359297097, 'epoch': 4.65}
{'loss': 0.0015, 'learning_rate': 0.00011242497789317229, 'epoch': 4.65}
{'loss': 0.0017, 'learning_rate': 0.00011195461985663487, 'epoch': 4.66}
{'loss': 0.0019, 'learning_rate': 0.00011148426182009747, 'epoch': 4.66}
{'loss': 0.0021, 'learning_rate': 0.00011101390378356005, 'epoch': 4.67}
{'loss': 0.0015, 'learning_rate': 0.00011054354574702263, 'epoch': 4.67}
{'loss': 0.0018, 'learning_rate': 0.00011007318771048522, 'epoch': 4.68}
{'loss': 0.0016, 'learning_rate': 0.00010960282967394782, 'epoch': 4.68}
{'loss': 0.0016, 'learning_rate': 0.0001091324716374104, 'epoch': 4.69}
{'loss': 0.0019, 'learning_rate': 0.00010866211360087298, 'epoch': 4.7}
{'loss': 0.0016, 'learning_rate': 0.00010819175556433558, 'epoch': 4.7}
{'loss': 0.0012, 'learning_rate': 0.00010772139752779816, 'epoch': 4.71}
{'loss': 0.0013, 'learning_rate': 0.00010725103949126075, 'epoch': 4.71}
{'loss': 0.0016, 'learning_rate': 0.00010678068145472333, 'epoch': 4.72}
{'loss': 0.0015, 'learning_rate': 0.00010631032341818593, 'epoch': 4.72}
{'loss': 0.0017, 'learning_rate': 0.00010583996538164851, 'epoch': 4.73}
{'loss': 0.0013, 'learning_rate': 0.0001053696073451111, 'epoch': 4.74}
{'loss': 0.0019, 'learning_rate': 0.00010489924930857368, 'epoch': 4.74}
{'loss': 0.0017, 'learning_rate': 0.00010442889127203629, 'epoch': 4.75}
{'loss': 0.0015, 'learning_rate': 0.00010395853323549887, 'epoch': 4.75}
{'loss': 0.0015, 'learning_rate': 0.00010348817519896145, 'epoch': 4.76}
{'loss': 0.002, 'learning_rate': 0.00010301781716242405, 'epoch': 4.76}
{'loss': 0.0016, 'learning_rate': 0.00010254745912588663, 'epoch': 4.77}
{'loss': 0.0015, 'learning_rate': 0.00010207710108934922, 'epoch': 4.78}
{'loss': 0.0015, 'learning_rate': 0.0001016067430528118, 'epoch': 4.78}
{'loss': 0.0018, 'learning_rate': 0.0001011363850162744, 'epoch': 4.79}
{'loss': 0.0016, 'learning_rate': 0.00010066602697973698, 'epoch': 4.79}
{'loss': 0.0011, 'learning_rate': 0.00010019566894319957, 'epoch': 4.8}
{'loss': 0.0016, 'learning_rate': 9.972531090666215e-05, 'epoch': 4.8}
{'loss': 0.0018, 'learning_rate': 9.925495287012475e-05, 'epoch': 4.81}
{'loss': 0.0017, 'learning_rate': 9.878459483358733e-05, 'epoch': 4.81}
{'loss': 0.0017, 'learning_rate': 9.831423679704991e-05, 'epoch': 4.82}
{'loss': 0.0015, 'learning_rate': 9.78438787605125e-05, 'epoch': 4.83}
{'loss': 0.0016, 'learning_rate': 9.737352072397509e-05, 'epoch': 4.83}
{'loss': 0.0017, 'learning_rate': 9.690316268743768e-05, 'epoch': 4.84}
{'loss': 0.0016, 'learning_rate': 9.643280465090026e-05, 'epoch': 4.84}
{'loss': 0.0018, 'learning_rate': 9.596244661436286e-05, 'epoch': 4.85}
{'loss': 0.0019, 'learning_rate': 9.549208857782544e-05, 'epoch': 4.85}
{'loss': 0.0017, 'learning_rate': 9.502173054128802e-05, 'epoch': 4.86}
{'loss': 0.0016, 'learning_rate': 9.455137250475061e-05, 'epoch': 4.87}
{'loss': 0.0014, 'learning_rate': 9.408101446821322e-05, 'epoch': 4.87}
{'loss': 0.0018, 'learning_rate': 9.36106564316758e-05, 'epoch': 4.88}
{'loss': 0.0017, 'learning_rate': 9.314029839513838e-05, 'epoch': 4.88}
{'loss': 0.0017, 'learning_rate': 9.266994035860097e-05, 'epoch': 4.89}
{'loss': 0.0016, 'learning_rate': 9.219958232206356e-05, 'epoch': 4.89}
{'loss': 0.0015, 'learning_rate': 9.172922428552615e-05, 'epoch': 4.9}
{'loss': 0.0015, 'learning_rate': 9.125886624898873e-05, 'epoch': 4.9}
{'loss': 0.0017, 'learning_rate': 9.078850821245133e-05, 'epoch': 4.91}
{'loss': 0.0012, 'learning_rate': 9.031815017591391e-05, 'epoch': 4.92}
{'loss': 0.0017, 'learning_rate': 8.98477921393765e-05, 'epoch': 4.92}
{'loss': 0.0013, 'learning_rate': 8.937743410283908e-05, 'epoch': 4.93}
{'loss': 0.0018, 'learning_rate': 8.890707606630168e-05, 'epoch': 4.93}
{'loss': 0.0015, 'learning_rate': 8.843671802976426e-05, 'epoch': 4.94}
{'loss': 0.0019, 'learning_rate': 8.796635999322684e-05, 'epoch': 4.94}
{'loss': 0.0016, 'learning_rate': 8.749600195668943e-05, 'epoch': 4.95}
{'loss': 0.0019, 'learning_rate': 8.702564392015202e-05, 'epoch': 4.96}
{'loss': 0.0018, 'learning_rate': 8.65552858836146e-05, 'epoch': 4.96}
{'loss': 0.0014, 'learning_rate': 8.608492784707719e-05, 'epoch': 4.97}
{'loss': 0.0021, 'learning_rate': 8.561456981053979e-05, 'epoch': 4.97}
{'loss': 0.0015, 'learning_rate': 8.514421177400237e-05, 'epoch': 4.98}
{'loss': 0.0016, 'learning_rate': 8.467385373746495e-05, 'epoch': 4.98}
{'loss': 0.0016, 'learning_rate': 8.420349570092754e-05, 'epoch': 4.99}
{'loss': 0.0018, 'learning_rate': 8.373313766439015e-05, 'epoch': 5.0}
{'loss': 0.0015, 'learning_rate': 8.326277962785273e-05, 'epoch': 5.0}
{'loss': 0.0012, 'learning_rate': 8.279242159131531e-05, 'epoch': 5.01}
{'loss': 0.0015, 'learning_rate': 8.23220635547779e-05, 'epoch': 5.01}
{'loss': 0.0014, 'learning_rate': 8.18517055182405e-05, 'epoch': 5.02}
{'loss': 0.0014, 'learning_rate': 8.138134748170308e-05, 'epoch': 5.02}
{'loss': 0.0015, 'learning_rate': 8.091098944516566e-05, 'epoch': 5.03}
{'loss': 0.002, 'learning_rate': 8.044063140862825e-05, 'epoch': 5.03}
{'loss': 0.0018, 'learning_rate': 7.997027337209084e-05, 'epoch': 5.04}
{'loss': 0.0016, 'learning_rate': 7.949991533555343e-05, 'epoch': 5.05}
{'loss': 0.0016, 'learning_rate': 7.902955729901601e-05, 'epoch': 5.05}
{'loss': 0.0016, 'learning_rate': 7.85591992624786e-05, 'epoch': 5.06}
{'loss': 0.0016, 'learning_rate': 7.808884122594119e-05, 'epoch': 5.06}
{'loss': 0.0014, 'learning_rate': 7.761848318940377e-05, 'epoch': 5.07}
{'loss': 0.0015, 'learning_rate': 7.714812515286636e-05, 'epoch': 5.07}
{'loss': 0.0016, 'learning_rate': 7.667776711632895e-05, 'epoch': 5.08}
{'loss': 0.0011, 'learning_rate': 7.620740907979154e-05, 'epoch': 5.09}
{'loss': 0.0015, 'learning_rate': 7.573705104325412e-05, 'epoch': 5.09}
{'loss': 0.0017, 'learning_rate': 7.52666930067167e-05, 'epoch': 5.1}
{'loss': 0.0015, 'learning_rate': 7.47963349701793e-05, 'epoch': 5.1}
{'loss': 0.0015, 'learning_rate': 7.432597693364188e-05, 'epoch': 5.11}
{'loss': 0.0015, 'learning_rate': 7.385561889710447e-05, 'epoch': 5.11}
{'loss': 0.0016, 'learning_rate': 7.338526086056708e-05, 'epoch': 5.12}
{'loss': 0.0015, 'learning_rate': 7.291490282402966e-05, 'epoch': 5.13}
{'loss': 0.0017, 'learning_rate': 7.244454478749224e-05, 'epoch': 5.13}
{'loss': 0.0017, 'learning_rate': 7.197418675095483e-05, 'epoch': 5.14}
{'loss': 0.0016, 'learning_rate': 7.150382871441742e-05, 'epoch': 5.14}
{'loss': 0.0015, 'learning_rate': 7.103347067788001e-05, 'epoch': 5.15}
{'loss': 0.0016, 'learning_rate': 7.056311264134259e-05, 'epoch': 5.15}
{'loss': 0.002, 'learning_rate': 7.009275460480518e-05, 'epoch': 5.16}
{'loss': 0.0015, 'learning_rate': 6.962239656826777e-05, 'epoch': 5.16}
{'loss': 0.0012, 'learning_rate': 6.915203853173036e-05, 'epoch': 5.17}
{'loss': 0.0015, 'learning_rate': 6.868168049519294e-05, 'epoch': 5.18}
{'loss': 0.0014, 'learning_rate': 6.821132245865554e-05, 'epoch': 5.18}
{'loss': 0.0012, 'learning_rate': 6.774096442211812e-05, 'epoch': 5.19}
{'loss': 0.0013, 'learning_rate': 6.72706063855807e-05, 'epoch': 5.19}
{'loss': 0.0017, 'learning_rate': 6.680024834904329e-05, 'epoch': 5.2}
{'loss': 0.0012, 'learning_rate': 6.632989031250588e-05, 'epoch': 5.2}
{'loss': 0.0016, 'learning_rate': 6.585953227596847e-05, 'epoch': 5.21}
{'loss': 0.0013, 'learning_rate': 6.538917423943105e-05, 'epoch': 5.22}
{'loss': 0.0017, 'learning_rate': 6.491881620289363e-05, 'epoch': 5.22}
{'loss': 0.0015, 'learning_rate': 6.444845816635623e-05, 'epoch': 5.23}
{'loss': 0.0014, 'learning_rate': 6.397810012981881e-05, 'epoch': 5.23}
{'loss': 0.0013, 'learning_rate': 6.35077420932814e-05, 'epoch': 5.24}
{'loss': 0.0015, 'learning_rate': 6.303738405674401e-05, 'epoch': 5.24}
{'loss': 0.0013, 'learning_rate': 6.256702602020659e-05, 'epoch': 5.25}
{'loss': 0.0016, 'learning_rate': 6.209666798366917e-05, 'epoch': 5.25}
{'loss': 0.0014, 'learning_rate': 6.162630994713176e-05, 'epoch': 5.26}
{'loss': 0.0019, 'learning_rate': 6.115595191059434e-05, 'epoch': 5.27}
{'loss': 0.0016, 'learning_rate': 6.068559387405694e-05, 'epoch': 5.27}
{'loss': 0.0015, 'learning_rate': 6.021523583751952e-05, 'epoch': 5.28}
{'loss': 0.0013, 'learning_rate': 5.974487780098211e-05, 'epoch': 5.28}
{'loss': 0.0017, 'learning_rate': 5.9274519764444696e-05, 'epoch': 5.29}
{'loss': 0.0015, 'learning_rate': 5.8804161727907286e-05, 'epoch': 5.29}
{'loss': 0.0012, 'learning_rate': 5.833380369136987e-05, 'epoch': 5.3}
{'loss': 0.0016, 'learning_rate': 5.786344565483246e-05, 'epoch': 5.31}
{'loss': 0.0015, 'learning_rate': 5.739308761829505e-05, 'epoch': 5.31}
{'loss': 0.0014, 'learning_rate': 5.692272958175763e-05, 'epoch': 5.32}
{'loss': 0.0013, 'learning_rate': 5.645237154522022e-05, 'epoch': 5.32}
{'loss': 0.0015, 'learning_rate': 5.5982013508682807e-05, 'epoch': 5.33}
{'loss': 0.0014, 'learning_rate': 5.5511655472145404e-05, 'epoch': 5.33}
{'loss': 0.0011, 'learning_rate': 5.504129743560799e-05, 'epoch': 5.34}
{'loss': 0.0017, 'learning_rate': 5.457093939907058e-05, 'epoch': 5.35}
{'loss': 0.0014, 'learning_rate': 5.410058136253316e-05, 'epoch': 5.35}
{'loss': 0.0017, 'learning_rate': 5.363022332599575e-05, 'epoch': 5.36}
{'loss': 0.0017, 'learning_rate': 5.3159865289458334e-05, 'epoch': 5.36}
{'loss': 0.0013, 'learning_rate': 5.2689507252920924e-05, 'epoch': 5.37}
{'loss': 0.0013, 'learning_rate': 5.221914921638351e-05, 'epoch': 5.37}
{'loss': 0.0013, 'learning_rate': 5.17487911798461e-05, 'epoch': 5.38}
{'loss': 0.0018, 'learning_rate': 5.127843314330869e-05, 'epoch': 5.38}
{'loss': 0.0017, 'learning_rate': 5.080807510677127e-05, 'epoch': 5.39}
{'loss': 0.0013, 'learning_rate': 5.033771707023387e-05, 'epoch': 5.4}
{'loss': 0.0011, 'learning_rate': 4.986735903369645e-05, 'epoch': 5.4}
{'loss': 0.0018, 'learning_rate': 4.939700099715904e-05, 'epoch': 5.41}
{'loss': 0.0016, 'learning_rate': 4.8926642960621626e-05, 'epoch': 5.41}
{'loss': 0.0019, 'learning_rate': 4.8456284924084216e-05, 'epoch': 5.42}
{'loss': 0.0015, 'learning_rate': 4.79859268875468e-05, 'epoch': 5.42}
{'loss': 0.0015, 'learning_rate': 4.751556885100939e-05, 'epoch': 5.43}
{'loss': 0.0016, 'learning_rate': 4.704521081447197e-05, 'epoch': 5.44}
{'loss': 0.0013, 'learning_rate': 4.657485277793456e-05, 'epoch': 5.44}
{'loss': 0.0013, 'learning_rate': 4.610449474139715e-05, 'epoch': 5.45}
{'loss': 0.0015, 'learning_rate': 4.563413670485974e-05, 'epoch': 5.45}
{'loss': 0.0016, 'learning_rate': 4.5163778668322334e-05, 'epoch': 5.46}
{'loss': 0.0012, 'learning_rate': 4.469342063178492e-05, 'epoch': 5.46}
{'loss': 0.0017, 'learning_rate': 4.422306259524751e-05, 'epoch': 5.47}
{'loss': 0.0014, 'learning_rate': 4.375270455871009e-05, 'epoch': 5.47}
{'loss': 0.0013, 'learning_rate': 4.328234652217268e-05, 'epoch': 5.48}
{'loss': 0.0012, 'learning_rate': 4.2811988485635264e-05, 'epoch': 5.49}
{'loss': 0.0014, 'learning_rate': 4.2341630449097855e-05, 'epoch': 5.49}
{'loss': 0.0015, 'learning_rate': 4.187127241256044e-05, 'epoch': 5.5}
{'loss': 0.0016, 'learning_rate': 4.140091437602303e-05, 'epoch': 5.5}
{'loss': 0.0017, 'learning_rate': 4.093055633948561e-05, 'epoch': 5.51}
{'loss': 0.0019, 'learning_rate': 4.04601983029482e-05, 'epoch': 5.51}
{'loss': 0.0015, 'learning_rate': 3.99898402664108e-05, 'epoch': 5.52}
{'loss': 0.0015, 'learning_rate': 3.951948222987338e-05, 'epoch': 5.53}
{'loss': 0.0018, 'learning_rate': 3.904912419333597e-05, 'epoch': 5.53}
{'loss': 0.0013, 'learning_rate': 3.8578766156798556e-05, 'epoch': 5.54}
{'loss': 0.0015, 'learning_rate': 3.8108408120261146e-05, 'epoch': 5.54}
{'loss': 0.0013, 'learning_rate': 3.763805008372373e-05, 'epoch': 5.55}
{'loss': 0.0014, 'learning_rate': 3.716769204718632e-05, 'epoch': 5.55}
{'loss': 0.0015, 'learning_rate': 3.66973340106489e-05, 'epoch': 5.56}
{'loss': 0.0014, 'learning_rate': 3.622697597411149e-05, 'epoch': 5.57}
{'loss': 0.0017, 'learning_rate': 3.575661793757408e-05, 'epoch': 5.57}
{'loss': 0.0017, 'learning_rate': 3.528625990103667e-05, 'epoch': 5.58}
{'loss': 0.0011, 'learning_rate': 3.4815901864499264e-05, 'epoch': 5.58}
{'loss': 0.0014, 'learning_rate': 3.434554382796185e-05, 'epoch': 5.59}
{'loss': 0.0016, 'learning_rate': 3.387518579142444e-05, 'epoch': 5.59}
{'loss': 0.0013, 'learning_rate': 3.340482775488702e-05, 'epoch': 5.6}
{'loss': 0.0018, 'learning_rate': 3.293446971834961e-05, 'epoch': 5.6}
{'loss': 0.0015, 'learning_rate': 3.2464111681812195e-05, 'epoch': 5.61}
{'loss': 0.0017, 'learning_rate': 3.1993753645274785e-05, 'epoch': 5.62}
{'loss': 0.0013, 'learning_rate': 3.152339560873737e-05, 'epoch': 5.62}
{'loss': 0.0015, 'learning_rate': 3.105303757219996e-05, 'epoch': 5.63}
{'loss': 0.0016, 'learning_rate': 3.058267953566255e-05, 'epoch': 5.63}
{'loss': 0.0016, 'learning_rate': 3.0112321499125135e-05, 'epoch': 5.64}
{'loss': 0.0011, 'learning_rate': 2.9641963462587722e-05, 'epoch': 5.64}
{'loss': 0.0013, 'learning_rate': 2.917160542605031e-05, 'epoch': 5.65}
{'loss': 0.0016, 'learning_rate': 2.8701247389512896e-05, 'epoch': 5.66}
{'loss': 0.0014, 'learning_rate': 2.8230889352975486e-05, 'epoch': 5.66}
{'loss': 0.0016, 'learning_rate': 2.7760531316438073e-05, 'epoch': 5.67}
{'loss': 0.0015, 'learning_rate': 2.729017327990066e-05, 'epoch': 5.67}
{'loss': 0.0015, 'learning_rate': 2.6819815243363246e-05, 'epoch': 5.68}
{'loss': 0.0014, 'learning_rate': 2.6349457206825837e-05, 'epoch': 5.68}
{'loss': 0.0017, 'learning_rate': 2.5879099170288427e-05, 'epoch': 5.69}
{'loss': 0.0017, 'learning_rate': 2.5408741133751014e-05, 'epoch': 5.7}
{'loss': 0.0015, 'learning_rate': 2.49383830972136e-05, 'epoch': 5.7}
{'loss': 0.0018, 'learning_rate': 2.4468025060676187e-05, 'epoch': 5.71}
{'loss': 0.0015, 'learning_rate': 2.3997667024138774e-05, 'epoch': 5.71}
{'loss': 0.0017, 'learning_rate': 2.352730898760136e-05, 'epoch': 5.72}
{'loss': 0.0013, 'learning_rate': 2.305695095106395e-05, 'epoch': 5.72}
{'loss': 0.0017, 'learning_rate': 2.2586592914526538e-05, 'epoch': 5.73}
{'loss': 0.0016, 'learning_rate': 2.2116234877989125e-05, 'epoch': 5.73}
{'loss': 0.0015, 'learning_rate': 2.164587684145171e-05, 'epoch': 5.74}
{'loss': 0.0013, 'learning_rate': 2.11755188049143e-05, 'epoch': 5.75}
{'loss': 0.0016, 'learning_rate': 2.0705160768376892e-05, 'epoch': 5.75}
{'loss': 0.0015, 'learning_rate': 2.023480273183948e-05, 'epoch': 5.76}
{'loss': 0.0012, 'learning_rate': 1.9764444695302066e-05, 'epoch': 5.76}
{'loss': 0.0011, 'learning_rate': 1.9294086658764652e-05, 'epoch': 5.77}
{'loss': 0.0013, 'learning_rate': 1.882372862222724e-05, 'epoch': 5.77}
{'loss': 0.0018, 'learning_rate': 1.8353370585689826e-05, 'epoch': 5.78}
{'loss': 0.0011, 'learning_rate': 1.7883012549152416e-05, 'epoch': 5.79}
{'loss': 0.0016, 'learning_rate': 1.7412654512615003e-05, 'epoch': 5.79}
{'loss': 0.0014, 'learning_rate': 1.694229647607759e-05, 'epoch': 5.8}
{'loss': 0.0016, 'learning_rate': 1.6471938439540177e-05, 'epoch': 5.8}
{'loss': 0.0016, 'learning_rate': 1.6001580403002763e-05, 'epoch': 5.81}
{'loss': 0.0016, 'learning_rate': 1.5531222366465354e-05, 'epoch': 5.81}
{'loss': 0.0014, 'learning_rate': 1.5060864329927942e-05, 'epoch': 5.82}
{'loss': 0.0017, 'learning_rate': 1.4590506293390529e-05, 'epoch': 5.82}
{'loss': 0.0016, 'learning_rate': 1.4120148256853116e-05, 'epoch': 5.83}
{'loss': 0.0015, 'learning_rate': 1.3649790220315706e-05, 'epoch': 5.84}
{'loss': 0.0013, 'learning_rate': 1.3179432183778293e-05, 'epoch': 5.84}
{'loss': 0.0014, 'learning_rate': 1.270907414724088e-05, 'epoch': 5.85}
{'loss': 0.0013, 'learning_rate': 1.2238716110703468e-05, 'epoch': 5.85}
{'loss': 0.0015, 'learning_rate': 1.1768358074166055e-05, 'epoch': 5.86}
{'loss': 0.0016, 'learning_rate': 1.1298000037628642e-05, 'epoch': 5.86}
{'loss': 0.0012, 'learning_rate': 1.0827642001091232e-05, 'epoch': 5.87}
{'loss': 0.0018, 'learning_rate': 1.0357283964553819e-05, 'epoch': 5.88}
{'loss': 0.0016, 'learning_rate': 9.886925928016407e-06, 'epoch': 5.88}
{'loss': 0.0016, 'learning_rate': 9.416567891478994e-06, 'epoch': 5.89}
{'loss': 0.0014, 'learning_rate': 8.94620985494158e-06, 'epoch': 5.89}
{'loss': 0.0016, 'learning_rate': 8.47585181840417e-06, 'epoch': 5.9}
{'loss': 0.0016, 'learning_rate': 8.005493781866758e-06, 'epoch': 5.9}
{'loss': 0.001, 'learning_rate': 7.535135745329345e-06, 'epoch': 5.91}
{'loss': 0.0015, 'learning_rate': 7.064777708791933e-06, 'epoch': 5.92}
{'loss': 0.0013, 'learning_rate': 6.59441967225452e-06, 'epoch': 5.92}
{'loss': 0.0014, 'learning_rate': 6.124061635717108e-06, 'epoch': 5.93}
{'loss': 0.0013, 'learning_rate': 5.653703599179696e-06, 'epoch': 5.93}
{'loss': 0.0013, 'learning_rate': 5.183345562642283e-06, 'epoch': 5.94}
{'loss': 0.0017, 'learning_rate': 4.712987526104871e-06, 'epoch': 5.94}
{'loss': 0.0014, 'learning_rate': 4.242629489567459e-06, 'epoch': 5.95}
{'loss': 0.0013, 'learning_rate': 3.7722714530300463e-06, 'epoch': 5.95}
{'loss': 0.0017, 'learning_rate': 3.3019134164926344e-06, 'epoch': 5.96}
{'loss': 0.0015, 'learning_rate': 2.8315553799552217e-06, 'epoch': 5.97}
{'loss': 0.0015, 'learning_rate': 2.3611973434178097e-06, 'epoch': 5.97}
{'loss': 0.0017, 'learning_rate': 1.8908393068803974e-06, 'epoch': 5.98}
{'loss': 0.0017, 'learning_rate': 1.420481270342985e-06, 'epoch': 5.98}
{'loss': 0.0014, 'learning_rate': 9.501232338055728e-07, 'epoch': 5.99}
{'loss': 0.0012, 'learning_rate': 4.797651972681606e-07, 'epoch': 5.99}
{'loss': 0.0014, 'learning_rate': 9.407160730748245e-09, 'epoch': 6.0}
{'train_runtime': 66803.979, 'train_samples_per_second': 6.365, 'train_steps_per_second': 1.591, 'train_loss': 0.0032166625403075256, 'epoch': 6.0}
