Requirement already satisfied: transformers in /home/zc272/.conda/envs/TANL2/lib/python3.11/site-packages (4.31.0)
Requirement already satisfied: filelock in /home/zc272/.conda/envs/TANL2/lib/python3.11/site-packages (from transformers) (3.9.0)
Requirement already satisfied: huggingface-hub<1.0,>=0.14.1 in /home/zc272/.conda/envs/TANL2/lib/python3.11/site-packages (from transformers) (0.16.4)
Requirement already satisfied: numpy>=1.17 in /home/zc272/.conda/envs/TANL2/lib/python3.11/site-packages (from transformers) (1.25.2)
Requirement already satisfied: packaging>=20.0 in /home/zc272/.conda/envs/TANL2/lib/python3.11/site-packages (from transformers) (23.1)
Requirement already satisfied: pyyaml>=5.1 in /home/zc272/.conda/envs/TANL2/lib/python3.11/site-packages (from transformers) (6.0.1)
Requirement already satisfied: regex!=2019.12.17 in /home/zc272/.conda/envs/TANL2/lib/python3.11/site-packages (from transformers) (2023.6.3)
Requirement already satisfied: requests in /home/zc272/.conda/envs/TANL2/lib/python3.11/site-packages (from transformers) (2.31.0)
Requirement already satisfied: tokenizers!=0.11.3,<0.14,>=0.11.1 in /home/zc272/.conda/envs/TANL2/lib/python3.11/site-packages (from transformers) (0.13.3)
Requirement already satisfied: safetensors>=0.3.1 in /home/zc272/.conda/envs/TANL2/lib/python3.11/site-packages (from transformers) (0.3.2)
Requirement already satisfied: tqdm>=4.27 in /home/zc272/.conda/envs/TANL2/lib/python3.11/site-packages (from transformers) (4.65.1)
Requirement already satisfied: fsspec in /home/zc272/.conda/envs/TANL2/lib/python3.11/site-packages (from huggingface-hub<1.0,>=0.14.1->transformers) (2023.6.0)
Requirement already satisfied: typing-extensions>=3.7.4.3 in /home/zc272/.conda/envs/TANL2/lib/python3.11/site-packages (from huggingface-hub<1.0,>=0.14.1->transformers) (4.7.1)
Requirement already satisfied: charset-normalizer<4,>=2 in /home/zc272/.conda/envs/TANL2/lib/python3.11/site-packages (from requests->transformers) (2.0.4)
Requirement already satisfied: idna<4,>=2.5 in /home/zc272/.conda/envs/TANL2/lib/python3.11/site-packages (from requests->transformers) (3.4)
Requirement already satisfied: urllib3<3,>=1.21.1 in /home/zc272/.conda/envs/TANL2/lib/python3.11/site-packages (from requests->transformers) (1.26.16)
Requirement already satisfied: certifi>=2017.4.17 in /home/zc272/.conda/envs/TANL2/lib/python3.11/site-packages (from requests->transformers) (2023.7.22)
Requirement already satisfied: scipy in /home/zc272/.conda/envs/TANL2/lib/python3.11/site-packages (1.11.1)
Requirement already satisfied: numpy<1.28.0,>=1.21.6 in /home/zc272/.conda/envs/TANL2/lib/python3.11/site-packages (from scipy) (1.25.2)
Requirement already satisfied: accelerate in /home/zc272/.conda/envs/TANL2/lib/python3.11/site-packages (0.21.0)
Requirement already satisfied: numpy>=1.17 in /home/zc272/.conda/envs/TANL2/lib/python3.11/site-packages (from accelerate) (1.25.2)
Requirement already satisfied: packaging>=20.0 in /home/zc272/.conda/envs/TANL2/lib/python3.11/site-packages (from accelerate) (23.1)
Requirement already satisfied: psutil in /home/zc272/.conda/envs/TANL2/lib/python3.11/site-packages (from accelerate) (5.9.5)
Requirement already satisfied: pyyaml in /home/zc272/.conda/envs/TANL2/lib/python3.11/site-packages (from accelerate) (6.0.1)
Requirement already satisfied: torch>=1.10.0 in /home/zc272/.conda/envs/TANL2/lib/python3.11/site-packages (from accelerate) (2.0.1)
Requirement already satisfied: filelock in /home/zc272/.conda/envs/TANL2/lib/python3.11/site-packages (from torch>=1.10.0->accelerate) (3.9.0)
Requirement already satisfied: typing-extensions in /home/zc272/.conda/envs/TANL2/lib/python3.11/site-packages (from torch>=1.10.0->accelerate) (4.7.1)
Requirement already satisfied: sympy in /home/zc272/.conda/envs/TANL2/lib/python3.11/site-packages (from torch>=1.10.0->accelerate) (1.11.1)
Requirement already satisfied: networkx in /home/zc272/.conda/envs/TANL2/lib/python3.11/site-packages (from torch>=1.10.0->accelerate) (3.1)
Requirement already satisfied: jinja2 in /home/zc272/.conda/envs/TANL2/lib/python3.11/site-packages (from torch>=1.10.0->accelerate) (3.1.2)
Requirement already satisfied: MarkupSafe>=2.0 in /home/zc272/.conda/envs/TANL2/lib/python3.11/site-packages (from jinja2->torch>=1.10.0->accelerate) (2.1.1)
Requirement already satisfied: mpmath>=0.19 in /home/zc272/.conda/envs/TANL2/lib/python3.11/site-packages (from sympy->torch>=1.10.0->accelerate) (1.3.0)

{'loss': 0.0, 'learning_rate': 0.0004997417355371901, 'epoch': 0.01}
{'loss': 0.0, 'learning_rate': 0.0004994834710743802, 'epoch': 0.01}
{'loss': 0.0, 'learning_rate': 0.0004992252066115703, 'epoch': 0.02}
{'loss': 0.0, 'learning_rate': 0.0004989669421487604, 'epoch': 0.02}
{'loss': 0.0, 'learning_rate': 0.0004987086776859504, 'epoch': 0.03}
{'loss': 0.0, 'learning_rate': 0.0004984504132231405, 'epoch': 0.03}
{'loss': 0.0, 'learning_rate': 0.0004981921487603306, 'epoch': 0.04}
{'loss': 0.0, 'learning_rate': 0.0004979338842975207, 'epoch': 0.05}
{'loss': 0.0, 'learning_rate': 0.0004976756198347107, 'epoch': 0.05}
{'loss': 0.0, 'learning_rate': 0.0004974173553719008, 'epoch': 0.06}
{'loss': 0.0, 'learning_rate': 0.0004971590909090909, 'epoch': 0.06}
{'loss': 0.0, 'learning_rate': 0.000496900826446281, 'epoch': 0.07}
{'loss': 0.0, 'learning_rate': 0.0004966425619834711, 'epoch': 0.07}
{'loss': 0.0, 'learning_rate': 0.0004963842975206612, 'epoch': 0.08}
{'loss': 0.0, 'learning_rate': 0.0004961260330578512, 'epoch': 0.09}
{'loss': 0.0, 'learning_rate': 0.0004958677685950413, 'epoch': 0.09}
{'loss': 0.0, 'learning_rate': 0.0004956095041322314, 'epoch': 0.1}
{'loss': 0.0, 'learning_rate': 0.0004953512396694215, 'epoch': 0.1}
{'loss': 0.0, 'learning_rate': 0.0004950929752066116, 'epoch': 0.11}
{'loss': 0.0, 'learning_rate': 0.0004948347107438017, 'epoch': 0.11}
{'loss': 0.0, 'learning_rate': 0.0004945764462809917, 'epoch': 0.12}
{'loss': 0.0, 'learning_rate': 0.0004943181818181818, 'epoch': 0.12}
{'loss': 0.0, 'learning_rate': 0.0004940599173553719, 'epoch': 0.13}
{'loss': 0.0, 'learning_rate': 0.000493801652892562, 'epoch': 0.14}
{'loss': 0.0, 'learning_rate': 0.0004935433884297521, 'epoch': 0.14}
{'loss': 0.0, 'learning_rate': 0.0004932851239669422, 'epoch': 0.15}
{'loss': 0.0, 'learning_rate': 0.0004930268595041322, 'epoch': 0.15}
{'loss': 0.0, 'learning_rate': 0.0004927685950413223, 'epoch': 0.16}
{'loss': 0.0, 'learning_rate': 0.0004925103305785124, 'epoch': 0.16}
{'loss': 0.0, 'learning_rate': 0.0004922520661157025, 'epoch': 0.17}
{'loss': 0.0, 'learning_rate': 0.0004919938016528926, 'epoch': 0.18}
{'loss': 0.0, 'learning_rate': 0.0004917355371900827, 'epoch': 0.18}
{'loss': 0.0, 'learning_rate': 0.0004914772727272728, 'epoch': 0.19}
{'loss': 0.0, 'learning_rate': 0.0004912190082644628, 'epoch': 0.19}
{'loss': 0.0, 'learning_rate': 0.0004909607438016529, 'epoch': 0.2}
{'loss': 0.0, 'learning_rate': 0.000490702479338843, 'epoch': 0.2}
{'loss': 0.0, 'learning_rate': 0.0004904442148760331, 'epoch': 0.21}
{'loss': 0.0, 'learning_rate': 0.0004901859504132231, 'epoch': 0.22}
{'loss': 0.0, 'learning_rate': 0.0004899276859504133, 'epoch': 0.22}
{'loss': 0.0, 'learning_rate': 0.0004896694214876033, 'epoch': 0.23}
{'loss': 0.0, 'learning_rate': 0.0004894111570247934, 'epoch': 0.23}
{'loss': 0.0, 'learning_rate': 0.0004891528925619835, 'epoch': 0.24}
{'loss': 0.0, 'learning_rate': 0.0004888946280991736, 'epoch': 0.24}
{'loss': 0.0, 'learning_rate': 0.0004886363636363636, 'epoch': 0.25}
{'loss': 0.0, 'learning_rate': 0.0004883780991735537, 'epoch': 0.26}
{'loss': 0.0, 'learning_rate': 0.00048811983471074385, 'epoch': 0.26}
{'loss': 0.0, 'learning_rate': 0.00048786157024793386, 'epoch': 0.27}
{'loss': 0.0, 'learning_rate': 0.000487603305785124, 'epoch': 0.27}
{'loss': 0.0, 'learning_rate': 0.00048734504132231404, 'epoch': 0.28}
{'loss': 0.0, 'learning_rate': 0.00048708677685950415, 'epoch': 0.28}
{'loss': 0.0, 'learning_rate': 0.0004868285123966942, 'epoch': 0.29}
{'loss': 0.0, 'learning_rate': 0.00048657024793388433, 'epoch': 0.3}
{'loss': 0.0, 'learning_rate': 0.0004863119834710744, 'epoch': 0.3}
{'loss': 0.0, 'learning_rate': 0.00048605371900826446, 'epoch': 0.31}
{'loss': 0.0, 'learning_rate': 0.0004857954545454545, 'epoch': 0.31}
{'loss': 0.0, 'learning_rate': 0.00048553719008264464, 'epoch': 0.32}
{'loss': 0.0, 'learning_rate': 0.0004852789256198347, 'epoch': 0.32}
{'loss': 0.0, 'learning_rate': 0.0004850206611570248, 'epoch': 0.33}
{'loss': 0.0, 'learning_rate': 0.0004847623966942149, 'epoch': 0.34}
{'loss': 0.0, 'learning_rate': 0.000484504132231405, 'epoch': 0.34}
{'loss': 0.0, 'learning_rate': 0.000484245867768595, 'epoch': 0.35}
{'loss': 0.0, 'learning_rate': 0.0004839876033057851, 'epoch': 0.35}
{'loss': 0.0, 'learning_rate': 0.00048372933884297523, 'epoch': 0.36}
{'loss': 0.0, 'learning_rate': 0.0004834710743801653, 'epoch': 0.36}
{'loss': 0.0, 'learning_rate': 0.0004832128099173554, 'epoch': 0.37}
{'loss': 0.0, 'learning_rate': 0.0004829545454545455, 'epoch': 0.38}
{'loss': 0.0, 'learning_rate': 0.0004826962809917356, 'epoch': 0.38}
{'loss': 0.0, 'learning_rate': 0.0004824380165289256, 'epoch': 0.39}
{'loss': 0.0, 'learning_rate': 0.0004821797520661157, 'epoch': 0.39}
{'loss': 0.0, 'learning_rate': 0.0004819214876033058, 'epoch': 0.4}
{'loss': 0.0, 'learning_rate': 0.0004816632231404959, 'epoch': 0.4}
{'loss': 0.0, 'learning_rate': 0.00048140495867768596, 'epoch': 0.41}
{'loss': 0.0, 'learning_rate': 0.00048114669421487607, 'epoch': 0.41}
{'loss': 0.0, 'learning_rate': 0.00048088842975206614, 'epoch': 0.42}
{'loss': 0.0, 'learning_rate': 0.0004806301652892562, 'epoch': 0.43}
{'loss': 0.0, 'learning_rate': 0.00048037190082644626, 'epoch': 0.43}
{'loss': 0.0, 'learning_rate': 0.0004801136363636364, 'epoch': 0.44}
{'loss': 0.0, 'learning_rate': 0.00047985537190082644, 'epoch': 0.44}
{'loss': 0.0, 'learning_rate': 0.00047959710743801655, 'epoch': 0.45}
{'loss': 0.0, 'learning_rate': 0.0004793388429752066, 'epoch': 0.45}
{'loss': 0.0, 'learning_rate': 0.00047908057851239673, 'epoch': 0.46}
{'loss': 0.0, 'learning_rate': 0.00047882231404958674, 'epoch': 0.47}
{'loss': 0.0, 'learning_rate': 0.00047856404958677686, 'epoch': 0.47}
{'loss': 0.0, 'learning_rate': 0.0004783057851239669, 'epoch': 0.48}
{'loss': 0.0, 'learning_rate': 0.00047804752066115704, 'epoch': 0.48}
{'loss': 0.0, 'learning_rate': 0.0004777892561983471, 'epoch': 0.49}
{'loss': 0.0, 'learning_rate': 0.0004775309917355372, 'epoch': 0.49}
{'loss': 0.0, 'learning_rate': 0.0004772727272727273, 'epoch': 0.5}
{'loss': 0.0, 'learning_rate': 0.00047701446280991734, 'epoch': 0.51}
{'loss': 0.0, 'learning_rate': 0.0004767561983471074, 'epoch': 0.51}
{'loss': 0.0, 'learning_rate': 0.0004764979338842975, 'epoch': 0.52}
{'loss': 0.0, 'learning_rate': 0.00047623966942148764, 'epoch': 0.52}
{'loss': 0.0, 'learning_rate': 0.0004759814049586777, 'epoch': 0.53}
{'loss': 0.0, 'learning_rate': 0.0004757231404958678, 'epoch': 0.53}
{'loss': 0.0, 'learning_rate': 0.0004754648760330579, 'epoch': 0.54}
{'loss': 0.0, 'learning_rate': 0.000475206611570248, 'epoch': 0.55}
{'loss': 0.0, 'learning_rate': 0.000474948347107438, 'epoch': 0.55}
{'loss': 0.0, 'learning_rate': 0.0004746900826446281, 'epoch': 0.56}
{'loss': 0.0, 'learning_rate': 0.0004744318181818182, 'epoch': 0.56}
{'loss': 0.0, 'learning_rate': 0.0004741735537190083, 'epoch': 0.57}
{'loss': 0.0, 'learning_rate': 0.00047391528925619836, 'epoch': 0.57}
{'loss': 0.0, 'learning_rate': 0.0004736570247933885, 'epoch': 0.58}
{'loss': 0.0, 'learning_rate': 0.00047339876033057854, 'epoch': 0.59}
{'loss': 0.0, 'learning_rate': 0.0004731404958677686, 'epoch': 0.59}
{'loss': 0.0, 'learning_rate': 0.00047288223140495866, 'epoch': 0.6}
{'loss': 0.0, 'learning_rate': 0.0004726239669421488, 'epoch': 0.6}
{'loss': 0.0, 'learning_rate': 0.00047236570247933884, 'epoch': 0.61}
{'loss': 0.0, 'learning_rate': 0.00047210743801652896, 'epoch': 0.61}
{'loss': 0.0, 'learning_rate': 0.000471849173553719, 'epoch': 0.62}
{'loss': 0.0, 'learning_rate': 0.00047159090909090914, 'epoch': 0.62}
{'loss': 0.0, 'learning_rate': 0.00047133264462809914, 'epoch': 0.63}
{'loss': 0.0, 'learning_rate': 0.00047107438016528926, 'epoch': 0.64}
{'loss': 0.0, 'learning_rate': 0.0004708161157024793, 'epoch': 0.64}
{'loss': 0.0, 'learning_rate': 0.00047055785123966944, 'epoch': 0.65}
{'loss': 0.0, 'learning_rate': 0.0004702995867768595, 'epoch': 0.65}
{'loss': 0.0, 'learning_rate': 0.0004700413223140496, 'epoch': 0.66}
{'loss': 0.0, 'learning_rate': 0.0004697830578512397, 'epoch': 0.66}
{'loss': 0.0, 'learning_rate': 0.00046952479338842974, 'epoch': 0.67}
{'loss': 0.0, 'learning_rate': 0.0004692665289256198, 'epoch': 0.68}
{'loss': 0.0, 'learning_rate': 0.0004690082644628099, 'epoch': 0.68}
{'loss': 0.0, 'learning_rate': 0.00046875, 'epoch': 0.69}
{'loss': 0.0, 'learning_rate': 0.0004684917355371901, 'epoch': 0.69}
{'loss': 0.0, 'learning_rate': 0.0004682334710743802, 'epoch': 0.7}
{'loss': 0.0, 'learning_rate': 0.0004679752066115703, 'epoch': 0.7}
{'loss': 0.0, 'learning_rate': 0.00046771694214876034, 'epoch': 0.71}
{'loss': 0.0, 'learning_rate': 0.0004674586776859504, 'epoch': 0.72}
{'loss': 0.0, 'learning_rate': 0.0004672004132231405, 'epoch': 0.72}
{'loss': 0.0, 'learning_rate': 0.0004669421487603306, 'epoch': 0.73}
{'loss': 0.0, 'learning_rate': 0.0004666838842975207, 'epoch': 0.73}
{'loss': 0.0, 'learning_rate': 0.00046642561983471076, 'epoch': 0.74}
{'loss': 0.0, 'learning_rate': 0.0004661673553719009, 'epoch': 0.74}
{'loss': 0.0, 'learning_rate': 0.0004659090909090909, 'epoch': 0.75}
{'loss': 0.0, 'learning_rate': 0.000465650826446281, 'epoch': 0.76}
{'loss': 0.0, 'learning_rate': 0.00046539256198347106, 'epoch': 0.76}
{'loss': 0.0, 'learning_rate': 0.0004651342975206612, 'epoch': 0.77}
{'loss': 0.0, 'learning_rate': 0.00046487603305785124, 'epoch': 0.77}
{'loss': 0.0, 'learning_rate': 0.00046461776859504136, 'epoch': 0.78}
{'loss': 0.0, 'learning_rate': 0.0004643595041322314, 'epoch': 0.78}
{'loss': 0.0, 'learning_rate': 0.0004641012396694215, 'epoch': 0.79}
{'loss': 0.0, 'learning_rate': 0.00046384297520661154, 'epoch': 0.8}
{'loss': 0.0, 'learning_rate': 0.00046358471074380166, 'epoch': 0.8}
{'loss': 0.0, 'learning_rate': 0.0004633264462809917, 'epoch': 0.81}
{'loss': 0.0, 'learning_rate': 0.00046306818181818184, 'epoch': 0.81}
{'loss': 0.0, 'learning_rate': 0.0004628099173553719, 'epoch': 0.82}
{'loss': 0.0, 'learning_rate': 0.000462551652892562, 'epoch': 0.82}
{'loss': 0.0, 'learning_rate': 0.000462293388429752, 'epoch': 0.83}
{'loss': 0.0, 'learning_rate': 0.00046203512396694214, 'epoch': 0.84}
{'loss': 0.0, 'learning_rate': 0.0004617768595041322, 'epoch': 0.84}
{'loss': 0.0, 'learning_rate': 0.0004615185950413223, 'epoch': 0.85}
{'loss': 0.0, 'learning_rate': 0.0004612603305785124, 'epoch': 0.85}
{'loss': 0.0, 'learning_rate': 0.0004610020661157025, 'epoch': 0.86}
{'loss': 0.0, 'learning_rate': 0.0004607438016528926, 'epoch': 0.86}
{'loss': 0.0, 'learning_rate': 0.0004604855371900827, 'epoch': 0.87}
{'loss': 0.0, 'learning_rate': 0.00046022727272727274, 'epoch': 0.88}
{'loss': 0.0, 'learning_rate': 0.0004599690082644628, 'epoch': 0.88}
{'loss': 0.0, 'learning_rate': 0.0004597107438016529, 'epoch': 0.89}
{'loss': 0.0, 'learning_rate': 0.000459452479338843, 'epoch': 0.89}
{'loss': 0.0, 'learning_rate': 0.0004591942148760331, 'epoch': 0.9}
{'loss': 0.0, 'learning_rate': 0.00045893595041322316, 'epoch': 0.9}
{'loss': 0.0, 'learning_rate': 0.0004586776859504133, 'epoch': 0.91}
{'loss': 0.0, 'learning_rate': 0.0004584194214876033, 'epoch': 0.91}
{'loss': 0.0, 'learning_rate': 0.0004581611570247934, 'epoch': 0.92}
{'loss': 0.0, 'learning_rate': 0.00045790289256198346, 'epoch': 0.93}
{'loss': 0.0, 'learning_rate': 0.0004576446280991736, 'epoch': 0.93}
{'loss': 0.0, 'learning_rate': 0.00045738636363636364, 'epoch': 0.94}
{'loss': 0.0, 'learning_rate': 0.00045712809917355376, 'epoch': 0.94}
{'loss': 0.0, 'learning_rate': 0.0004568698347107438, 'epoch': 0.95}
{'loss': 0.0, 'learning_rate': 0.0004566115702479339, 'epoch': 0.95}
{'loss': 0.0, 'learning_rate': 0.00045635330578512395, 'epoch': 0.96}
{'loss': 0.0, 'learning_rate': 0.00045609504132231406, 'epoch': 0.97}
{'loss': 0.0, 'learning_rate': 0.0004558367768595041, 'epoch': 0.97}
{'loss': 0.0, 'learning_rate': 0.00045557851239669424, 'epoch': 0.98}
{'loss': 0.0, 'learning_rate': 0.0004553202479338843, 'epoch': 0.98}
{'loss': 0.0, 'learning_rate': 0.0004550619834710744, 'epoch': 0.99}
{'loss': 0.0, 'learning_rate': 0.00045480371900826443, 'epoch': 0.99}
{'loss': 0.0, 'learning_rate': 0.00045454545454545455, 'epoch': 1.0}
{'loss': 0.0, 'learning_rate': 0.0004542871900826446, 'epoch': 1.01}
{'loss': 0.0, 'learning_rate': 0.0004540289256198347, 'epoch': 1.01}
{'loss': 0.0, 'learning_rate': 0.0004537706611570248, 'epoch': 1.02}
{'loss': 0.0, 'learning_rate': 0.0004535123966942149, 'epoch': 1.02}
{'loss': 0.0, 'learning_rate': 0.000453254132231405, 'epoch': 1.03}
{'loss': 0.0, 'learning_rate': 0.000452995867768595, 'epoch': 1.03}
{'loss': 0.0, 'learning_rate': 0.00045273760330578514, 'epoch': 1.04}
{'loss': 0.0, 'learning_rate': 0.0004524793388429752, 'epoch': 1.05}
{'loss': 0.0, 'learning_rate': 0.0004522210743801653, 'epoch': 1.05}
{'loss': 0.0, 'learning_rate': 0.0004519628099173554, 'epoch': 1.06}
{'loss': 0.0, 'learning_rate': 0.0004517045454545455, 'epoch': 1.06}
{'loss': 0.0, 'learning_rate': 0.00045144628099173556, 'epoch': 1.07}
{'loss': 0.0, 'learning_rate': 0.0004511880165289256, 'epoch': 1.07}
{'loss': 0.0, 'learning_rate': 0.0004509297520661157, 'epoch': 1.08}
{'loss': 0.0, 'learning_rate': 0.0004506714876033058, 'epoch': 1.09}
{'loss': 0.0, 'learning_rate': 0.00045041322314049587, 'epoch': 1.09}
{'loss': 0.0, 'learning_rate': 0.000450154958677686, 'epoch': 1.1}
{'loss': 0.0, 'learning_rate': 0.00044989669421487605, 'epoch': 1.1}
{'loss': 0.0, 'learning_rate': 0.00044963842975206616, 'epoch': 1.11}
{'loss': 0.0, 'learning_rate': 0.00044938016528925617, 'epoch': 1.11}
{'loss': 0.0, 'learning_rate': 0.0004491219008264463, 'epoch': 1.12}
{'loss': 0.0, 'learning_rate': 0.00044886363636363635, 'epoch': 1.12}
{'loss': 0.0, 'learning_rate': 0.00044860537190082646, 'epoch': 1.13}
{'loss': 0.0, 'learning_rate': 0.0004483471074380165, 'epoch': 1.14}
{'loss': 0.0, 'learning_rate': 0.00044808884297520664, 'epoch': 1.14}
{'loss': 0.0, 'learning_rate': 0.0004478305785123967, 'epoch': 1.15}
{'loss': 0.0, 'learning_rate': 0.00044757231404958677, 'epoch': 1.15}
{'loss': 0.0, 'learning_rate': 0.00044731404958677683, 'epoch': 1.16}
{'loss': 0.0, 'learning_rate': 0.00044705578512396695, 'epoch': 1.16}
{'loss': 0.0, 'learning_rate': 0.000446797520661157, 'epoch': 1.17}
{'loss': 0.0, 'learning_rate': 0.0004465392561983471, 'epoch': 1.18}
{'loss': 0.0, 'learning_rate': 0.0004462809917355372, 'epoch': 1.18}
{'loss': 0.0, 'learning_rate': 0.0004460227272727273, 'epoch': 1.19}
{'loss': 0.0, 'learning_rate': 0.0004457644628099173, 'epoch': 1.19}
{'loss': 0.0, 'learning_rate': 0.00044550619834710743, 'epoch': 1.2}
{'loss': 0.0, 'learning_rate': 0.0004452479338842975, 'epoch': 1.2}
{'loss': 0.0, 'learning_rate': 0.0004449896694214876, 'epoch': 1.21}
{'loss': 0.0, 'learning_rate': 0.0004447314049586777, 'epoch': 1.22}
{'loss': 0.0, 'learning_rate': 0.0004444731404958678, 'epoch': 1.22}
{'loss': 0.0, 'learning_rate': 0.0004442148760330579, 'epoch': 1.23}
{'loss': 0.0, 'learning_rate': 0.00044395661157024796, 'epoch': 1.23}
{'loss': 0.0, 'learning_rate': 0.00044369834710743803, 'epoch': 1.24}
{'loss': 0.0, 'learning_rate': 0.0004434400826446281, 'epoch': 1.24}
{'loss': 0.0, 'learning_rate': 0.0004431818181818182, 'epoch': 1.25}
{'loss': 0.0, 'learning_rate': 0.00044292355371900827, 'epoch': 1.26}
{'loss': 0.0, 'learning_rate': 0.0004426652892561984, 'epoch': 1.26}
{'loss': 0.0, 'learning_rate': 0.00044240702479338845, 'epoch': 1.27}
{'loss': 0.0, 'learning_rate': 0.00044214876033057856, 'epoch': 1.27}
{'loss': 0.0, 'learning_rate': 0.00044189049586776857, 'epoch': 1.28}
{'loss': 0.0, 'learning_rate': 0.0004416322314049587, 'epoch': 1.28}
{'loss': 0.0, 'learning_rate': 0.00044137396694214875, 'epoch': 1.29}
{'loss': 0.0, 'learning_rate': 0.00044111570247933887, 'epoch': 1.3}
{'loss': 0.0, 'learning_rate': 0.00044085743801652893, 'epoch': 1.3}
{'loss': 0.0, 'learning_rate': 0.00044059917355371905, 'epoch': 1.31}
{'loss': 0.0, 'learning_rate': 0.0004403409090909091, 'epoch': 1.31}
{'loss': 0.0, 'learning_rate': 0.00044008264462809917, 'epoch': 1.32}
{'loss': 0.0, 'learning_rate': 0.00043982438016528923, 'epoch': 1.32}
{'loss': 0.0, 'learning_rate': 0.00043956611570247935, 'epoch': 1.33}
{'loss': 0.0, 'learning_rate': 0.0004393078512396694, 'epoch': 1.34}
{'loss': 0.0, 'learning_rate': 0.00043904958677685953, 'epoch': 1.34}
{'loss': 0.0, 'learning_rate': 0.0004387913223140496, 'epoch': 1.35}
{'loss': 0.0, 'learning_rate': 0.0004385330578512397, 'epoch': 1.35}
{'loss': 0.0, 'learning_rate': 0.0004382747933884297, 'epoch': 1.36}
{'loss': 0.0, 'learning_rate': 0.00043801652892561983, 'epoch': 1.36}
{'loss': 0.0, 'learning_rate': 0.0004377582644628099, 'epoch': 1.37}
{'loss': 0.0, 'learning_rate': 0.0004375, 'epoch': 1.38}
{'loss': 0.0, 'learning_rate': 0.0004372417355371901, 'epoch': 1.38}
{'loss': 0.0, 'learning_rate': 0.0004369834710743802, 'epoch': 1.39}
{'loss': 0.0, 'learning_rate': 0.0004367252066115703, 'epoch': 1.39}
{'loss': 0.0, 'learning_rate': 0.0004364669421487603, 'epoch': 1.4}
{'loss': 0.0, 'learning_rate': 0.00043620867768595043, 'epoch': 1.4}
{'loss': 0.0, 'learning_rate': 0.0004359504132231405, 'epoch': 1.41}
{'loss': 0.0, 'learning_rate': 0.0004356921487603306, 'epoch': 1.41}
{'loss': 0.0, 'learning_rate': 0.00043543388429752067, 'epoch': 1.42}
{'loss': 0.0, 'learning_rate': 0.0004351756198347108, 'epoch': 1.43}
{'loss': 0.0, 'learning_rate': 0.00043491735537190085, 'epoch': 1.43}
{'loss': 0.0, 'learning_rate': 0.0004346590909090909, 'epoch': 1.44}
{'loss': 0.0, 'learning_rate': 0.000434400826446281, 'epoch': 1.44}
{'loss': 0.0, 'learning_rate': 0.0004341425619834711, 'epoch': 1.45}
{'loss': 0.0, 'learning_rate': 0.00043388429752066115, 'epoch': 1.45}
{'loss': 0.0, 'learning_rate': 0.00043362603305785127, 'epoch': 1.46}
{'loss': 0.0, 'learning_rate': 0.00043336776859504133, 'epoch': 1.47}
{'loss': 0.0, 'learning_rate': 0.00043310950413223145, 'epoch': 1.47}
{'loss': 0.0, 'learning_rate': 0.00043285123966942145, 'epoch': 1.48}
{'loss': 0.0, 'learning_rate': 0.00043259297520661157, 'epoch': 1.48}
{'loss': 0.0, 'learning_rate': 0.00043233471074380163, 'epoch': 1.49}
{'loss': 0.0, 'learning_rate': 0.00043207644628099175, 'epoch': 1.49}
{'loss': 0.0, 'learning_rate': 0.0004318181818181818, 'epoch': 1.5}
{'loss': 0.0, 'learning_rate': 0.00043155991735537193, 'epoch': 1.51}
{'loss': 0.0, 'learning_rate': 0.000431301652892562, 'epoch': 1.51}
{'loss': 0.0, 'learning_rate': 0.00043104338842975205, 'epoch': 1.52}
{'loss': 0.0, 'learning_rate': 0.0004307851239669421, 'epoch': 1.52}
{'loss': 0.0, 'learning_rate': 0.00043052685950413223, 'epoch': 1.53}
{'loss': 0.0, 'learning_rate': 0.0004302685950413223, 'epoch': 1.53}
{'loss': 0.0, 'learning_rate': 0.0004300103305785124, 'epoch': 1.54}
{'loss': 0.0, 'learning_rate': 0.00042975206611570253, 'epoch': 1.55}
{'loss': 0.0, 'learning_rate': 0.0004294938016528926, 'epoch': 1.55}
{'loss': 0.0, 'learning_rate': 0.0004292355371900827, 'epoch': 1.56}
{'loss': 0.0, 'learning_rate': 0.0004289772727272727, 'epoch': 1.56}
{'loss': 0.0, 'learning_rate': 0.00042871900826446283, 'epoch': 1.57}
{'loss': 0.0, 'learning_rate': 0.0004284607438016529, 'epoch': 1.57}
{'loss': 0.0, 'learning_rate': 0.000428202479338843, 'epoch': 1.58}
{'loss': 0.0, 'learning_rate': 0.00042794421487603307, 'epoch': 1.59}
{'loss': 0.0, 'learning_rate': 0.0004276859504132232, 'epoch': 1.59}
{'loss': 0.0, 'learning_rate': 0.00042742768595041325, 'epoch': 1.6}
{'loss': 0.0, 'learning_rate': 0.0004271694214876033, 'epoch': 1.6}
{'loss': 0.0, 'learning_rate': 0.0004269111570247934, 'epoch': 1.61}
{'loss': 0.0, 'learning_rate': 0.0004266528925619835, 'epoch': 1.61}
{'loss': 0.0, 'learning_rate': 0.00042639462809917355, 'epoch': 1.62}
{'loss': 0.0, 'learning_rate': 0.00042613636363636367, 'epoch': 1.62}
{'loss': 0.0, 'learning_rate': 0.00042587809917355373, 'epoch': 1.63}
{'loss': 0.0, 'learning_rate': 0.00042561983471074385, 'epoch': 1.64}
{'loss': 0.0, 'learning_rate': 0.00042536157024793386, 'epoch': 1.64}
{'loss': 0.0, 'learning_rate': 0.000425103305785124, 'epoch': 1.65}
{'loss': 0.0, 'learning_rate': 0.00042484504132231404, 'epoch': 1.65}
{'loss': 0.0, 'learning_rate': 0.00042458677685950415, 'epoch': 1.66}
{'loss': 0.0, 'learning_rate': 0.0004243285123966942, 'epoch': 1.66}
{'loss': 0.0, 'learning_rate': 0.00042407024793388433, 'epoch': 1.67}
{'loss': 0.0, 'learning_rate': 0.0004238119834710744, 'epoch': 1.68}
{'loss': 0.0, 'learning_rate': 0.00042355371900826446, 'epoch': 1.68}
{'loss': 0.0, 'learning_rate': 0.0004232954545454545, 'epoch': 1.69}
{'loss': 0.0, 'learning_rate': 0.00042303719008264463, 'epoch': 1.69}
{'loss': 0.0, 'learning_rate': 0.0004227789256198347, 'epoch': 1.7}
{'loss': 0.0, 'learning_rate': 0.0004225206611570248, 'epoch': 1.7}
{'loss': 0.0, 'learning_rate': 0.0004222623966942149, 'epoch': 1.71}
{'loss': 0.0, 'learning_rate': 0.000422004132231405, 'epoch': 1.72}
{'loss': 0.0, 'learning_rate': 0.000421745867768595, 'epoch': 1.72}
{'loss': 0.0, 'learning_rate': 0.0004214876033057851, 'epoch': 1.73}
{'loss': 0.0, 'learning_rate': 0.00042122933884297523, 'epoch': 1.73}
{'loss': 0.0, 'learning_rate': 0.0004209710743801653, 'epoch': 1.74}
{'loss': 0.0, 'learning_rate': 0.0004207128099173554, 'epoch': 1.74}
{'loss': 0.0, 'learning_rate': 0.0004204545454545455, 'epoch': 1.75}
{'loss': 0.0, 'learning_rate': 0.0004201962809917356, 'epoch': 1.76}
{'loss': 0.0, 'learning_rate': 0.0004199380165289256, 'epoch': 1.76}
{'loss': 0.0, 'learning_rate': 0.0004196797520661157, 'epoch': 1.77}
{'loss': 0.0, 'learning_rate': 0.0004194214876033058, 'epoch': 1.77}
{'loss': 0.0, 'learning_rate': 0.0004191632231404959, 'epoch': 1.78}
{'loss': 0.0, 'learning_rate': 0.00041890495867768596, 'epoch': 1.78}
{'loss': 0.0, 'learning_rate': 0.00041864669421487607, 'epoch': 1.79}
{'loss': 0.0, 'learning_rate': 0.00041838842975206613, 'epoch': 1.8}
{'loss': 0.0, 'learning_rate': 0.0004181301652892562, 'epoch': 1.8}
{'loss': 0.0, 'learning_rate': 0.00041787190082644626, 'epoch': 1.81}
{'loss': 0.0, 'learning_rate': 0.0004176136363636364, 'epoch': 1.81}
{'loss': 0.0, 'learning_rate': 0.00041735537190082644, 'epoch': 1.82}
{'loss': 0.0, 'learning_rate': 0.00041709710743801655, 'epoch': 1.82}
{'loss': 0.0, 'learning_rate': 0.0004168388429752066, 'epoch': 1.83}
{'loss': 0.0, 'learning_rate': 0.00041658057851239673, 'epoch': 1.84}
{'loss': 0.0, 'learning_rate': 0.00041632231404958674, 'epoch': 1.84}
{'loss': 0.0, 'learning_rate': 0.00041606404958677686, 'epoch': 1.85}
{'loss': 0.0, 'learning_rate': 0.0004158057851239669, 'epoch': 1.85}
{'loss': 0.0, 'learning_rate': 0.00041554752066115704, 'epoch': 1.86}
{'loss': 0.0, 'learning_rate': 0.0004152892561983471, 'epoch': 1.86}
{'loss': 0.0, 'learning_rate': 0.0004150309917355372, 'epoch': 1.87}
{'loss': 0.0, 'learning_rate': 0.0004147727272727273, 'epoch': 1.88}
{'loss': 0.0, 'learning_rate': 0.00041451446280991734, 'epoch': 1.88}
{'loss': 0.0, 'learning_rate': 0.0004142561983471074, 'epoch': 1.89}
{'loss': 0.0, 'learning_rate': 0.0004139979338842975, 'epoch': 1.89}
{'loss': 0.0, 'learning_rate': 0.00041373966942148763, 'epoch': 1.9}
{'loss': 0.0, 'learning_rate': 0.0004134814049586777, 'epoch': 1.9}
{'loss': 0.0, 'learning_rate': 0.0004132231404958678, 'epoch': 1.91}
{'loss': 0.0, 'learning_rate': 0.0004129648760330579, 'epoch': 1.91}
{'loss': 0.0, 'learning_rate': 0.000412706611570248, 'epoch': 1.92}
{'loss': 0.0, 'learning_rate': 0.000412448347107438, 'epoch': 1.93}
{'loss': 0.0, 'learning_rate': 0.0004121900826446281, 'epoch': 1.93}
{'loss': 0.0, 'learning_rate': 0.0004119318181818182, 'epoch': 1.94}
{'loss': 0.0, 'learning_rate': 0.0004116735537190083, 'epoch': 1.94}
{'loss': 0.0, 'learning_rate': 0.00041141528925619836, 'epoch': 1.95}
{'loss': 0.0, 'learning_rate': 0.0004111570247933885, 'epoch': 1.95}
{'loss': 0.0, 'learning_rate': 0.00041089876033057854, 'epoch': 1.96}
{'loss': 0.0, 'learning_rate': 0.0004106404958677686, 'epoch': 1.97}
{'loss': 0.0, 'learning_rate': 0.00041038223140495866, 'epoch': 1.97}
{'loss': 0.0, 'learning_rate': 0.0004101239669421488, 'epoch': 1.98}
{'loss': 0.0, 'learning_rate': 0.00040986570247933884, 'epoch': 1.98}
{'loss': 0.0, 'learning_rate': 0.00040960743801652896, 'epoch': 1.99}
{'loss': 0.0, 'learning_rate': 0.000409349173553719, 'epoch': 1.99}
{'loss': 0.0, 'learning_rate': 0.00040909090909090913, 'epoch': 2.0}
{'loss': 0.0, 'learning_rate': 0.00040883264462809914, 'epoch': 2.01}
{'loss': 0.0, 'learning_rate': 0.00040857438016528926, 'epoch': 2.01}
{'loss': 0.0, 'learning_rate': 0.0004083161157024793, 'epoch': 2.02}
{'loss': 0.0, 'learning_rate': 0.00040805785123966944, 'epoch': 2.02}
{'loss': 0.0, 'learning_rate': 0.0004077995867768595, 'epoch': 2.03}
{'loss': 0.0, 'learning_rate': 0.0004075413223140496, 'epoch': 2.03}
{'loss': 0.0, 'learning_rate': 0.0004072830578512397, 'epoch': 2.04}
{'loss': 0.0, 'learning_rate': 0.00040702479338842974, 'epoch': 2.05}
{'loss': 0.0, 'learning_rate': 0.0004067665289256198, 'epoch': 2.05}
{'loss': 0.0, 'learning_rate': 0.0004065082644628099, 'epoch': 2.06}
{'loss': 0.0, 'learning_rate': 0.00040625000000000004, 'epoch': 2.06}
{'loss': 0.0, 'learning_rate': 0.0004059917355371901, 'epoch': 2.07}
{'loss': 0.0, 'learning_rate': 0.0004057334710743802, 'epoch': 2.07}
{'loss': 0.0, 'learning_rate': 0.0004054752066115703, 'epoch': 2.08}
{'loss': 0.0, 'learning_rate': 0.00040521694214876034, 'epoch': 2.09}
{'loss': 0.0, 'learning_rate': 0.0004049586776859504, 'epoch': 2.09}
{'loss': 0.0, 'learning_rate': 0.0004047004132231405, 'epoch': 2.1}
{'loss': 0.0, 'learning_rate': 0.0004044421487603306, 'epoch': 2.1}
{'loss': 0.0, 'learning_rate': 0.0004041838842975207, 'epoch': 2.11}
{'loss': 0.0, 'learning_rate': 0.00040392561983471076, 'epoch': 2.11}
{'loss': 0.0, 'learning_rate': 0.0004036673553719009, 'epoch': 2.12}
{'loss': 0.0, 'learning_rate': 0.0004034090909090909, 'epoch': 2.12}
{'loss': 0.0, 'learning_rate': 0.000403150826446281, 'epoch': 2.13}
{'loss': 0.0, 'learning_rate': 0.00040289256198347106, 'epoch': 2.14}
{'loss': 0.0, 'learning_rate': 0.0004026342975206612, 'epoch': 2.14}
{'loss': 0.0, 'learning_rate': 0.00040237603305785124, 'epoch': 2.15}
{'loss': 0.0, 'learning_rate': 0.00040211776859504136, 'epoch': 2.15}
{'loss': 0.0, 'learning_rate': 0.0004018595041322314, 'epoch': 2.16}
{'loss': 0.0, 'learning_rate': 0.0004016012396694215, 'epoch': 2.16}
{'loss': 0.0, 'learning_rate': 0.00040134297520661154, 'epoch': 2.17}
{'loss': 0.0, 'learning_rate': 0.00040108471074380166, 'epoch': 2.18}
{'loss': 0.0, 'learning_rate': 0.0004008264462809917, 'epoch': 2.18}
{'loss': 0.0, 'learning_rate': 0.00040056818181818184, 'epoch': 2.19}
{'loss': 0.0, 'learning_rate': 0.0004003099173553719, 'epoch': 2.19}
{'loss': 0.0, 'learning_rate': 0.000400051652892562, 'epoch': 2.2}
{'loss': 0.0, 'learning_rate': 0.000399793388429752, 'epoch': 2.2}
{'loss': 0.0, 'learning_rate': 0.00039953512396694214, 'epoch': 2.21}
{'loss': 0.0, 'learning_rate': 0.0003992768595041322, 'epoch': 2.22}
{'loss': 0.0, 'learning_rate': 0.0003990185950413223, 'epoch': 2.22}
{'loss': 0.0, 'learning_rate': 0.0003987603305785124, 'epoch': 2.23}
{'loss': 0.0, 'learning_rate': 0.0003985020661157025, 'epoch': 2.23}
{'loss': 0.0, 'learning_rate': 0.0003982438016528926, 'epoch': 2.24}
{'loss': 0.0, 'learning_rate': 0.0003979855371900827, 'epoch': 2.24}
{'loss': 0.0, 'learning_rate': 0.00039772727272727274, 'epoch': 2.25}
{'loss': 0.0, 'learning_rate': 0.0003974690082644628, 'epoch': 2.26}
{'loss': 0.0, 'learning_rate': 0.0003972107438016529, 'epoch': 2.26}
{'loss': 0.0, 'learning_rate': 0.000396952479338843, 'epoch': 2.27}
{'loss': 0.0, 'learning_rate': 0.0003966942148760331, 'epoch': 2.27}
{'loss': 0.0, 'learning_rate': 0.00039643595041322316, 'epoch': 2.28}
{'loss': 0.0, 'learning_rate': 0.0003961776859504133, 'epoch': 2.28}
{'loss': 0.0, 'learning_rate': 0.0003959194214876033, 'epoch': 2.29}
{'loss': 0.0, 'learning_rate': 0.0003956611570247934, 'epoch': 2.3}
{'loss': 0.0, 'learning_rate': 0.00039540289256198346, 'epoch': 2.3}
{'loss': 0.0, 'learning_rate': 0.0003951446280991736, 'epoch': 2.31}
{'loss': 0.0, 'learning_rate': 0.00039488636363636364, 'epoch': 2.31}
{'loss': 0.0, 'learning_rate': 0.00039462809917355376, 'epoch': 2.32}
{'loss': 0.0, 'learning_rate': 0.0003943698347107438, 'epoch': 2.32}
{'loss': 0.0, 'learning_rate': 0.0003941115702479339, 'epoch': 2.33}
{'loss': 0.0, 'learning_rate': 0.00039385330578512395, 'epoch': 2.34}
{'loss': 0.0, 'learning_rate': 0.00039359504132231406, 'epoch': 2.34}
{'loss': 0.0, 'learning_rate': 0.0003933367768595041, 'epoch': 2.35}
{'loss': 0.0, 'learning_rate': 0.00039307851239669424, 'epoch': 2.35}
{'loss': 0.0, 'learning_rate': 0.0003928202479338843, 'epoch': 2.36}
{'loss': 0.0, 'learning_rate': 0.0003925619834710744, 'epoch': 2.36}
{'loss': 0.0, 'learning_rate': 0.00039230371900826443, 'epoch': 2.37}
{'loss': 0.0, 'learning_rate': 0.00039204545454545454, 'epoch': 2.38}
{'loss': 0.0, 'learning_rate': 0.0003917871900826446, 'epoch': 2.38}
{'loss': 0.0, 'learning_rate': 0.0003915289256198347, 'epoch': 2.39}
{'loss': 0.0, 'learning_rate': 0.0003912706611570248, 'epoch': 2.39}
{'loss': 0.0, 'learning_rate': 0.0003910123966942149, 'epoch': 2.4}
{'loss': 0.0, 'learning_rate': 0.000390754132231405, 'epoch': 2.4}
{'loss': 0.0, 'learning_rate': 0.000390495867768595, 'epoch': 2.41}
{'loss': 0.0, 'learning_rate': 0.00039023760330578514, 'epoch': 2.41}
{'loss': 0.0, 'learning_rate': 0.0003899793388429752, 'epoch': 2.42}
{'loss': 0.0, 'learning_rate': 0.0003897210743801653, 'epoch': 2.43}
{'loss': 0.0, 'learning_rate': 0.0003894628099173554, 'epoch': 2.43}
{'loss': 0.0, 'learning_rate': 0.0003892045454545455, 'epoch': 2.44}
{'loss': 0.0, 'learning_rate': 0.00038894628099173556, 'epoch': 2.44}
{'loss': 0.0, 'learning_rate': 0.0003886880165289256, 'epoch': 2.45}
{'loss': 0.0, 'learning_rate': 0.0003884297520661157, 'epoch': 2.45}
{'loss': 0.0, 'learning_rate': 0.0003881714876033058, 'epoch': 2.46}
{'loss': 0.0, 'learning_rate': 0.00038791322314049587, 'epoch': 2.47}
{'loss': 0.0, 'learning_rate': 0.000387654958677686, 'epoch': 2.47}
{'loss': 0.0, 'learning_rate': 0.00038739669421487604, 'epoch': 2.48}
{'loss': 0.0, 'learning_rate': 0.00038713842975206616, 'epoch': 2.48}
{'loss': 0.0, 'learning_rate': 0.00038688016528925617, 'epoch': 2.49}
{'loss': 0.0, 'learning_rate': 0.0003866219008264463, 'epoch': 2.49}
{'loss': 0.0, 'learning_rate': 0.00038636363636363635, 'epoch': 2.5}
{'loss': 0.0, 'learning_rate': 0.00038610537190082646, 'epoch': 2.51}
{'loss': 0.0, 'learning_rate': 0.0003858471074380165, 'epoch': 2.51}
{'loss': 0.0, 'learning_rate': 0.00038558884297520664, 'epoch': 2.52}
{'loss': 0.0, 'learning_rate': 0.0003853305785123967, 'epoch': 2.52}
{'loss': 0.0, 'learning_rate': 0.00038507231404958677, 'epoch': 2.53}
{'loss': 0.0, 'learning_rate': 0.00038481404958677683, 'epoch': 2.53}
{'loss': 0.0, 'learning_rate': 0.00038455578512396695, 'epoch': 2.54}
{'loss': 0.0, 'learning_rate': 0.000384297520661157, 'epoch': 2.55}
{'loss': 0.0, 'learning_rate': 0.0003840392561983471, 'epoch': 2.55}
{'loss': 0.0, 'learning_rate': 0.0003837809917355372, 'epoch': 2.56}
{'loss': 0.0, 'learning_rate': 0.0003835227272727273, 'epoch': 2.56}
{'loss': 0.0, 'learning_rate': 0.0003832644628099173, 'epoch': 2.57}
{'loss': 0.0, 'learning_rate': 0.00038300619834710743, 'epoch': 2.57}
{'loss': 0.0, 'learning_rate': 0.0003827479338842975, 'epoch': 2.58}
{'loss': 0.0, 'learning_rate': 0.0003824896694214876, 'epoch': 2.59}
{'loss': 0.0, 'learning_rate': 0.0003822314049586777, 'epoch': 2.59}
{'loss': 0.0, 'learning_rate': 0.0003819731404958678, 'epoch': 2.6}
{'loss': 0.0, 'learning_rate': 0.0003817148760330579, 'epoch': 2.6}
{'loss': 0.0, 'learning_rate': 0.00038145661157024796, 'epoch': 2.61}
{'loss': 0.0, 'learning_rate': 0.000381198347107438, 'epoch': 2.61}
{'loss': 0.0, 'learning_rate': 0.0003809400826446281, 'epoch': 2.62}
{'loss': 0.0, 'learning_rate': 0.0003806818181818182, 'epoch': 2.62}
{'loss': 0.0, 'learning_rate': 0.00038042355371900827, 'epoch': 2.63}
{'loss': 0.0, 'learning_rate': 0.0003801652892561984, 'epoch': 2.64}
{'loss': 0.0, 'learning_rate': 0.00037990702479338845, 'epoch': 2.64}
{'loss': 0.0, 'learning_rate': 0.00037964876033057856, 'epoch': 2.65}
{'loss': 0.0, 'learning_rate': 0.00037939049586776857, 'epoch': 2.65}
{'loss': 0.0, 'learning_rate': 0.0003791322314049587, 'epoch': 2.66}
{'loss': 0.0, 'learning_rate': 0.00037887396694214875, 'epoch': 2.66}
{'loss': 0.0, 'learning_rate': 0.00037861570247933887, 'epoch': 2.67}
{'loss': 0.0, 'learning_rate': 0.00037835743801652893, 'epoch': 2.68}
{'loss': 0.0, 'learning_rate': 0.00037809917355371904, 'epoch': 2.68}
{'loss': 0.0, 'learning_rate': 0.0003778409090909091, 'epoch': 2.69}
{'loss': 0.0, 'learning_rate': 0.00037758264462809917, 'epoch': 2.69}
{'loss': 0.0, 'learning_rate': 0.00037732438016528923, 'epoch': 2.7}
{'loss': 0.0, 'learning_rate': 0.00037706611570247935, 'epoch': 2.7}
{'loss': 0.0, 'learning_rate': 0.0003768078512396694, 'epoch': 2.71}
{'loss': 0.0, 'learning_rate': 0.0003765495867768595, 'epoch': 2.72}
{'loss': 0.0, 'learning_rate': 0.0003762913223140496, 'epoch': 2.72}
{'loss': 0.0, 'learning_rate': 0.0003760330578512397, 'epoch': 2.73}
{'loss': 0.0, 'learning_rate': 0.0003757747933884297, 'epoch': 2.73}
{'loss': 0.0, 'learning_rate': 0.00037551652892561983, 'epoch': 2.74}
{'loss': 0.0, 'learning_rate': 0.0003752582644628099, 'epoch': 2.74}
{'loss': 0.0, 'learning_rate': 0.000375, 'epoch': 2.75}
{'loss': 0.0, 'learning_rate': 0.0003747417355371901, 'epoch': 2.76}
{'loss': 0.0, 'learning_rate': 0.0003744834710743802, 'epoch': 2.76}
{'loss': 0.0, 'learning_rate': 0.0003742252066115703, 'epoch': 2.77}
{'loss': 0.0, 'learning_rate': 0.0003739669421487603, 'epoch': 2.77}
{'loss': 0.0, 'learning_rate': 0.00037370867768595043, 'epoch': 2.78}
{'loss': 0.0, 'learning_rate': 0.0003734504132231405, 'epoch': 2.78}
{'loss': 0.0, 'learning_rate': 0.0003731921487603306, 'epoch': 2.79}
{'loss': 0.0, 'learning_rate': 0.00037293388429752067, 'epoch': 2.8}
{'loss': 0.0, 'learning_rate': 0.0003726756198347108, 'epoch': 2.8}
{'loss': 0.0, 'learning_rate': 0.00037241735537190085, 'epoch': 2.81}
{'loss': 0.0, 'learning_rate': 0.0003721590909090909, 'epoch': 2.81}
{'loss': 0.0, 'learning_rate': 0.00037190082644628097, 'epoch': 2.82}
{'loss': 0.0, 'learning_rate': 0.0003716425619834711, 'epoch': 2.82}
{'loss': 0.0, 'learning_rate': 0.00037138429752066115, 'epoch': 2.83}
{'loss': 0.0, 'learning_rate': 0.00037112603305785127, 'epoch': 2.84}
{'loss': 0.0, 'learning_rate': 0.00037086776859504133, 'epoch': 2.84}
{'loss': 0.0, 'learning_rate': 0.00037060950413223145, 'epoch': 2.85}
{'loss': 0.0, 'learning_rate': 0.00037035123966942145, 'epoch': 2.85}
{'loss': 0.0, 'learning_rate': 0.00037009297520661157, 'epoch': 2.86}
{'loss': 0.0, 'learning_rate': 0.00036983471074380163, 'epoch': 2.86}
{'loss': 0.0, 'learning_rate': 0.00036957644628099175, 'epoch': 2.87}
{'loss': 0.0, 'learning_rate': 0.0003693181818181818, 'epoch': 2.88}
{'loss': 0.0, 'learning_rate': 0.00036905991735537193, 'epoch': 2.88}
{'loss': 0.0, 'learning_rate': 0.000368801652892562, 'epoch': 2.89}
{'loss': 0.0, 'learning_rate': 0.00036854338842975205, 'epoch': 2.89}
{'loss': 0.0, 'learning_rate': 0.0003682851239669421, 'epoch': 2.9}
{'loss': 0.0, 'learning_rate': 0.00036802685950413223, 'epoch': 2.9}
{'loss': 0.0, 'learning_rate': 0.0003677685950413223, 'epoch': 2.91}
{'loss': 0.0, 'learning_rate': 0.0003675103305785124, 'epoch': 2.91}
{'loss': 0.0, 'learning_rate': 0.0003672520661157025, 'epoch': 2.92}
{'loss': 0.0, 'learning_rate': 0.0003669938016528926, 'epoch': 2.93}
{'loss': 0.0, 'learning_rate': 0.0003667355371900827, 'epoch': 2.93}
{'loss': 0.0, 'learning_rate': 0.0003664772727272727, 'epoch': 2.94}
{'loss': 0.0, 'learning_rate': 0.00036621900826446283, 'epoch': 2.94}
{'loss': 0.0, 'learning_rate': 0.0003659607438016529, 'epoch': 2.95}
{'loss': 0.0, 'learning_rate': 0.000365702479338843, 'epoch': 2.95}
{'loss': 0.0, 'learning_rate': 0.00036544421487603307, 'epoch': 2.96}
{'loss': 0.0, 'learning_rate': 0.0003651859504132232, 'epoch': 2.97}
{'loss': 0.0, 'learning_rate': 0.00036492768595041325, 'epoch': 2.97}
{'loss': 0.0, 'learning_rate': 0.0003646694214876033, 'epoch': 2.98}
{'loss': 0.0, 'learning_rate': 0.0003644111570247934, 'epoch': 2.98}
{'loss': 0.0, 'learning_rate': 0.0003641528925619835, 'epoch': 2.99}
{'loss': 0.0, 'learning_rate': 0.00036389462809917355, 'epoch': 2.99}
{'loss': 0.0, 'learning_rate': 0.00036363636363636367, 'epoch': 3.0}
{'loss': 0.0, 'learning_rate': 0.00036337809917355373, 'epoch': 3.01}
{'loss': 0.0, 'learning_rate': 0.00036311983471074385, 'epoch': 3.01}
{'loss': 0.0, 'learning_rate': 0.00036286157024793386, 'epoch': 3.02}
{'loss': 0.0, 'learning_rate': 0.00036260330578512397, 'epoch': 3.02}
{'loss': 0.0, 'learning_rate': 0.00036234504132231403, 'epoch': 3.03}
{'loss': 0.0, 'learning_rate': 0.00036208677685950415, 'epoch': 3.03}
{'loss': 0.0, 'learning_rate': 0.0003618285123966942, 'epoch': 3.04}
{'loss': 0.0, 'learning_rate': 0.00036157024793388433, 'epoch': 3.05}
{'loss': 0.0, 'learning_rate': 0.0003613119834710744, 'epoch': 3.05}
{'loss': 0.0, 'learning_rate': 0.00036105371900826445, 'epoch': 3.06}
{'loss': 0.0, 'learning_rate': 0.0003607954545454545, 'epoch': 3.06}
{'loss': 0.0, 'learning_rate': 0.00036053719008264463, 'epoch': 3.07}
{'loss': 0.0, 'learning_rate': 0.0003602789256198347, 'epoch': 3.07}
{'loss': 0.0, 'learning_rate': 0.0003600206611570248, 'epoch': 3.08}
{'loss': 0.0, 'learning_rate': 0.0003597623966942149, 'epoch': 3.09}
{'loss': 0.0, 'learning_rate': 0.000359504132231405, 'epoch': 3.09}
{'loss': 0.0, 'learning_rate': 0.000359245867768595, 'epoch': 3.1}
{'loss': 0.0, 'learning_rate': 0.0003589876033057851, 'epoch': 3.1}
{'loss': 0.0, 'learning_rate': 0.00035872933884297523, 'epoch': 3.11}
{'loss': 0.0, 'learning_rate': 0.0003584710743801653, 'epoch': 3.11}
{'loss': 0.0, 'learning_rate': 0.0003582128099173554, 'epoch': 3.12}
{'loss': 0.0, 'learning_rate': 0.00035795454545454547, 'epoch': 3.12}
{'loss': 0.0, 'learning_rate': 0.0003576962809917356, 'epoch': 3.13}
{'loss': 0.0, 'learning_rate': 0.0003574380165289256, 'epoch': 3.14}
{'loss': 0.0, 'learning_rate': 0.0003571797520661157, 'epoch': 3.14}
{'loss': 0.0, 'learning_rate': 0.0003569214876033058, 'epoch': 3.15}
{'loss': 0.0, 'learning_rate': 0.0003566632231404959, 'epoch': 3.15}
{'loss': 0.0, 'learning_rate': 0.00035640495867768595, 'epoch': 3.16}
{'loss': 0.0, 'learning_rate': 0.00035614669421487607, 'epoch': 3.16}
{'loss': 0.0, 'learning_rate': 0.00035588842975206613, 'epoch': 3.17}
{'loss': 0.0, 'learning_rate': 0.0003556301652892562, 'epoch': 3.18}
{'loss': 0.0, 'learning_rate': 0.00035537190082644626, 'epoch': 3.18}
{'loss': 0.0, 'learning_rate': 0.0003551136363636364, 'epoch': 3.19}
{'loss': 0.0, 'learning_rate': 0.00035485537190082644, 'epoch': 3.19}
{'loss': 0.0, 'learning_rate': 0.00035459710743801655, 'epoch': 3.2}
{'loss': 0.0, 'learning_rate': 0.0003543388429752066, 'epoch': 3.2}
{'loss': 0.0, 'learning_rate': 0.00035408057851239673, 'epoch': 3.21}
{'loss': 0.0, 'learning_rate': 0.00035382231404958674, 'epoch': 3.22}
{'loss': 0.0, 'learning_rate': 0.00035356404958677686, 'epoch': 3.22}
{'loss': 0.0, 'learning_rate': 0.0003533057851239669, 'epoch': 3.23}
{'loss': 0.0, 'learning_rate': 0.00035304752066115703, 'epoch': 3.23}
{'loss': 0.0, 'learning_rate': 0.0003527892561983471, 'epoch': 3.24}
{'loss': 0.0, 'learning_rate': 0.0003525309917355372, 'epoch': 3.24}
{'loss': 0.0, 'learning_rate': 0.0003522727272727273, 'epoch': 3.25}
{'loss': 0.0, 'learning_rate': 0.00035201446280991734, 'epoch': 3.26}
{'loss': 0.0, 'learning_rate': 0.0003517561983471074, 'epoch': 3.26}
{'loss': 0.0, 'learning_rate': 0.0003514979338842975, 'epoch': 3.27}
{'loss': 0.0, 'learning_rate': 0.00035123966942148763, 'epoch': 3.27}
{'loss': 0.0, 'learning_rate': 0.0003509814049586777, 'epoch': 3.28}
{'loss': 0.0, 'learning_rate': 0.0003507231404958678, 'epoch': 3.28}
{'loss': 0.0, 'learning_rate': 0.0003504648760330579, 'epoch': 3.29}
{'loss': 0.0, 'learning_rate': 0.000350206611570248, 'epoch': 3.3}
{'loss': 0.0, 'learning_rate': 0.000349948347107438, 'epoch': 3.3}
{'loss': 0.0, 'learning_rate': 0.0003496900826446281, 'epoch': 3.31}
{'loss': 0.0, 'learning_rate': 0.0003494318181818182, 'epoch': 3.31}
{'loss': 0.0, 'learning_rate': 0.0003491735537190083, 'epoch': 3.32}
{'loss': 0.0, 'learning_rate': 0.00034891528925619836, 'epoch': 3.32}
{'loss': 0.0, 'learning_rate': 0.00034865702479338847, 'epoch': 3.33}
{'loss': 0.0, 'learning_rate': 0.00034839876033057853, 'epoch': 3.34}
{'loss': 0.0, 'learning_rate': 0.0003481404958677686, 'epoch': 3.34}
{'loss': 0.0, 'learning_rate': 0.00034788223140495866, 'epoch': 3.35}
{'loss': 0.0, 'learning_rate': 0.0003476239669421488, 'epoch': 3.35}
{'loss': 0.0, 'learning_rate': 0.00034736570247933884, 'epoch': 3.36}
{'loss': 0.0, 'learning_rate': 0.00034710743801652895, 'epoch': 3.36}
{'loss': 0.0, 'learning_rate': 0.000346849173553719, 'epoch': 3.37}
{'loss': 0.0, 'learning_rate': 0.00034659090909090913, 'epoch': 3.38}
{'loss': 0.0, 'learning_rate': 0.00034633264462809914, 'epoch': 3.38}
{'loss': 0.0, 'learning_rate': 0.00034607438016528926, 'epoch': 3.39}
{'loss': 0.0, 'learning_rate': 0.0003458161157024793, 'epoch': 3.39}
{'loss': 0.0, 'learning_rate': 0.00034555785123966944, 'epoch': 3.4}
{'loss': 0.0, 'learning_rate': 0.0003452995867768595, 'epoch': 3.4}
{'loss': 0.0, 'learning_rate': 0.0003450413223140496, 'epoch': 3.41}
{'loss': 0.0, 'learning_rate': 0.0003447830578512397, 'epoch': 3.41}
{'loss': 0.0, 'learning_rate': 0.00034452479338842974, 'epoch': 3.42}
{'loss': 0.0, 'learning_rate': 0.0003442665289256198, 'epoch': 3.43}
{'loss': 0.0, 'learning_rate': 0.0003440082644628099, 'epoch': 3.43}
{'loss': 0.0, 'learning_rate': 0.00034375, 'epoch': 3.44}
{'loss': 0.0, 'learning_rate': 0.0003434917355371901, 'epoch': 3.44}
{'loss': 0.0, 'learning_rate': 0.0003432334710743802, 'epoch': 3.45}
{'loss': 0.0, 'learning_rate': 0.0003429752066115703, 'epoch': 3.45}
{'loss': 0.0, 'learning_rate': 0.00034271694214876034, 'epoch': 3.46}
{'loss': 0.0, 'learning_rate': 0.0003424586776859504, 'epoch': 3.47}
{'loss': 0.0, 'learning_rate': 0.0003422004132231405, 'epoch': 3.47}
{'loss': 0.0, 'learning_rate': 0.0003419421487603306, 'epoch': 3.48}
{'loss': 0.0, 'learning_rate': 0.0003416838842975207, 'epoch': 3.48}
{'loss': 0.0, 'learning_rate': 0.00034142561983471076, 'epoch': 3.49}
{'loss': 0.0, 'learning_rate': 0.0003411673553719009, 'epoch': 3.49}
{'loss': 0.0, 'learning_rate': 0.0003409090909090909, 'epoch': 3.5}
{'loss': 0.0, 'learning_rate': 0.000340650826446281, 'epoch': 3.51}
{'loss': 0.0, 'learning_rate': 0.00034039256198347106, 'epoch': 3.51}
{'loss': 0.0, 'learning_rate': 0.0003401342975206612, 'epoch': 3.52}
{'loss': 0.0, 'learning_rate': 0.00033987603305785124, 'epoch': 3.52}
{'loss': 0.0, 'learning_rate': 0.00033961776859504136, 'epoch': 3.53}
{'loss': 0.0, 'learning_rate': 0.0003393595041322314, 'epoch': 3.53}
{'loss': 0.0, 'learning_rate': 0.0003391012396694215, 'epoch': 3.54}
{'loss': 0.0, 'learning_rate': 0.00033884297520661154, 'epoch': 3.55}
{'loss': 0.0, 'learning_rate': 0.00033858471074380166, 'epoch': 3.55}
{'loss': 0.0, 'learning_rate': 0.0003383264462809917, 'epoch': 3.56}
{'loss': 0.0, 'learning_rate': 0.00033806818181818184, 'epoch': 3.56}
{'loss': 0.0, 'learning_rate': 0.0003378099173553719, 'epoch': 3.57}
{'loss': 0.0, 'learning_rate': 0.000337551652892562, 'epoch': 3.57}
{'loss': 0.0, 'learning_rate': 0.000337293388429752, 'epoch': 3.58}
{'loss': 0.0, 'learning_rate': 0.00033703512396694214, 'epoch': 3.59}
{'loss': 0.0, 'learning_rate': 0.0003367768595041322, 'epoch': 3.59}
{'loss': 0.0, 'learning_rate': 0.0003365185950413223, 'epoch': 3.6}
{'loss': 0.0, 'learning_rate': 0.0003362603305785124, 'epoch': 3.6}
{'loss': 0.0, 'learning_rate': 0.0003360020661157025, 'epoch': 3.61}
{'loss': 0.0, 'learning_rate': 0.0003357438016528926, 'epoch': 3.61}
{'loss': 0.0, 'learning_rate': 0.0003354855371900827, 'epoch': 3.62}
{'loss': 0.0, 'learning_rate': 0.00033522727272727274, 'epoch': 3.62}
{'loss': 0.0, 'learning_rate': 0.0003349690082644628, 'epoch': 3.63}
{'loss': 0.0, 'learning_rate': 0.0003347107438016529, 'epoch': 3.64}
{'loss': 0.0, 'learning_rate': 0.000334452479338843, 'epoch': 3.64}
{'loss': 0.0, 'learning_rate': 0.0003341942148760331, 'epoch': 3.65}
{'loss': 0.0, 'learning_rate': 0.00033393595041322316, 'epoch': 3.65}
{'loss': 0.0, 'learning_rate': 0.0003336776859504133, 'epoch': 3.66}
{'loss': 0.0, 'learning_rate': 0.0003334194214876033, 'epoch': 3.66}
{'loss': 0.0, 'learning_rate': 0.0003331611570247934, 'epoch': 3.67}
{'loss': 0.0, 'learning_rate': 0.00033290289256198346, 'epoch': 3.68}
{'loss': 0.0, 'learning_rate': 0.0003326446280991736, 'epoch': 3.68}
{'loss': 0.0, 'learning_rate': 0.00033238636363636364, 'epoch': 3.69}
{'loss': 0.0, 'learning_rate': 0.00033212809917355376, 'epoch': 3.69}
{'loss': 0.0, 'learning_rate': 0.0003318698347107438, 'epoch': 3.7}
{'loss': 0.0, 'learning_rate': 0.0003316115702479339, 'epoch': 3.7}
{'loss': 0.0, 'learning_rate': 0.00033135330578512394, 'epoch': 3.71}
{'loss': 0.0, 'learning_rate': 0.00033109504132231406, 'epoch': 3.72}
{'loss': 0.0, 'learning_rate': 0.0003308367768595041, 'epoch': 3.72}
{'loss': 0.0, 'learning_rate': 0.00033057851239669424, 'epoch': 3.73}
{'loss': 0.0, 'learning_rate': 0.0003303202479338843, 'epoch': 3.73}
{'loss': 0.0, 'learning_rate': 0.0003300619834710744, 'epoch': 3.74}
{'loss': 0.0, 'learning_rate': 0.0003298037190082644, 'epoch': 3.74}
{'loss': 0.0, 'learning_rate': 0.00032954545454545454, 'epoch': 3.75}
{'loss': 0.0, 'learning_rate': 0.0003292871900826446, 'epoch': 3.76}
{'loss': 0.0, 'learning_rate': 0.0003290289256198347, 'epoch': 3.76}
{'loss': 0.0, 'learning_rate': 0.0003287706611570248, 'epoch': 3.77}
{'loss': 0.0, 'learning_rate': 0.0003285123966942149, 'epoch': 3.77}
{'loss': 0.0, 'learning_rate': 0.000328254132231405, 'epoch': 3.78}
{'loss': 0.0, 'learning_rate': 0.000327995867768595, 'epoch': 3.78}
{'loss': 0.0, 'learning_rate': 0.00032773760330578514, 'epoch': 3.79}
{'loss': 0.0, 'learning_rate': 0.0003274793388429752, 'epoch': 3.8}
{'loss': 0.0, 'learning_rate': 0.0003272210743801653, 'epoch': 3.8}
{'loss': 0.0, 'learning_rate': 0.0003269628099173554, 'epoch': 3.81}
{'loss': 0.0, 'learning_rate': 0.0003267045454545455, 'epoch': 3.81}
{'loss': 0.0, 'learning_rate': 0.00032644628099173556, 'epoch': 3.82}
{'loss': 0.0, 'learning_rate': 0.0003261880165289256, 'epoch': 3.82}
{'loss': 0.0, 'learning_rate': 0.0003259297520661157, 'epoch': 3.83}
{'loss': 0.0, 'learning_rate': 0.0003256714876033058, 'epoch': 3.84}
{'loss': 0.0, 'learning_rate': 0.00032541322314049586, 'epoch': 3.84}
{'loss': 0.0, 'learning_rate': 0.000325154958677686, 'epoch': 3.85}
{'loss': 0.0, 'learning_rate': 0.00032489669421487604, 'epoch': 3.85}
{'loss': 0.0, 'learning_rate': 0.00032463842975206616, 'epoch': 3.86}
{'loss': 0.0, 'learning_rate': 0.00032438016528925617, 'epoch': 3.86}
{'loss': 0.0, 'learning_rate': 0.0003241219008264463, 'epoch': 3.87}
{'loss': 0.0, 'learning_rate': 0.00032386363636363635, 'epoch': 3.88}
{'loss': 0.0, 'learning_rate': 0.00032360537190082646, 'epoch': 3.88}
{'loss': 0.0, 'learning_rate': 0.0003233471074380165, 'epoch': 3.89}
{'loss': 0.0, 'learning_rate': 0.00032308884297520664, 'epoch': 3.89}
{'loss': 0.0, 'learning_rate': 0.0003228305785123967, 'epoch': 3.9}
{'loss': 0.0, 'learning_rate': 0.00032257231404958677, 'epoch': 3.9}
{'loss': 0.0, 'learning_rate': 0.00032231404958677683, 'epoch': 3.91}
{'loss': 0.0, 'learning_rate': 0.00032205578512396694, 'epoch': 3.91}
{'loss': 0.0, 'learning_rate': 0.000321797520661157, 'epoch': 3.92}
{'loss': 0.0, 'learning_rate': 0.0003215392561983471, 'epoch': 3.93}
{'loss': 0.0, 'learning_rate': 0.0003212809917355372, 'epoch': 3.93}
{'loss': 0.0, 'learning_rate': 0.0003210227272727273, 'epoch': 3.94}
{'loss': 0.0, 'learning_rate': 0.0003207644628099173, 'epoch': 3.94}
{'loss': 0.0, 'learning_rate': 0.0003205061983471074, 'epoch': 3.95}
{'loss': 0.0, 'learning_rate': 0.0003202479338842975, 'epoch': 3.95}
{'loss': 0.0, 'learning_rate': 0.0003199896694214876, 'epoch': 3.96}
{'loss': 0.0, 'learning_rate': 0.0003197314049586777, 'epoch': 3.97}
{'loss': 0.0, 'learning_rate': 0.0003194731404958678, 'epoch': 3.97}
{'loss': 0.0, 'learning_rate': 0.0003192148760330579, 'epoch': 3.98}
{'loss': 0.0, 'learning_rate': 0.00031895661157024796, 'epoch': 3.98}
{'loss': 0.0, 'learning_rate': 0.000318698347107438, 'epoch': 3.99}
{'loss': 0.0, 'learning_rate': 0.0003184400826446281, 'epoch': 3.99}
{'loss': 0.0, 'learning_rate': 0.0003181818181818182, 'epoch': 4.0}
{'loss': 0.0, 'learning_rate': 0.00031792355371900827, 'epoch': 4.01}
{'loss': 0.0, 'learning_rate': 0.0003176652892561984, 'epoch': 4.01}
{'loss': 0.0, 'learning_rate': 0.00031740702479338844, 'epoch': 4.02}
{'loss': 0.0, 'learning_rate': 0.00031714876033057856, 'epoch': 4.02}
{'loss': 0.0, 'learning_rate': 0.00031689049586776857, 'epoch': 4.03}
{'loss': 0.0, 'learning_rate': 0.0003166322314049587, 'epoch': 4.03}
{'loss': 0.0, 'learning_rate': 0.00031637396694214875, 'epoch': 4.04}
{'loss': 0.0, 'learning_rate': 0.00031611570247933886, 'epoch': 4.05}
{'loss': 0.0, 'learning_rate': 0.0003158574380165289, 'epoch': 4.05}
{'loss': 0.0, 'learning_rate': 0.00031559917355371904, 'epoch': 4.06}
{'loss': 0.0, 'learning_rate': 0.0003153409090909091, 'epoch': 4.06}
{'loss': 0.0, 'learning_rate': 0.00031508264462809917, 'epoch': 4.07}
{'loss': 0.0, 'learning_rate': 0.00031482438016528923, 'epoch': 4.07}
{'loss': 0.0, 'learning_rate': 0.00031456611570247935, 'epoch': 4.08}
{'loss': 0.0, 'learning_rate': 0.0003143078512396694, 'epoch': 4.09}
{'loss': 0.0, 'learning_rate': 0.0003140495867768595, 'epoch': 4.09}
{'loss': 0.0, 'learning_rate': 0.0003137913223140496, 'epoch': 4.1}
{'loss': 0.0, 'learning_rate': 0.0003135330578512397, 'epoch': 4.1}
{'loss': 0.0, 'learning_rate': 0.0003132747933884297, 'epoch': 4.11}
{'loss': 0.0, 'learning_rate': 0.00031301652892561983, 'epoch': 4.11}
{'loss': 0.0, 'learning_rate': 0.0003127582644628099, 'epoch': 4.12}
{'loss': 0.0, 'learning_rate': 0.0003125, 'epoch': 4.12}
{'loss': 0.0, 'learning_rate': 0.0003122417355371901, 'epoch': 4.13}
{'loss': 0.0, 'learning_rate': 0.0003119834710743802, 'epoch': 4.14}
{'loss': 0.0, 'learning_rate': 0.0003117252066115703, 'epoch': 4.14}
{'loss': 0.0, 'learning_rate': 0.0003114669421487603, 'epoch': 4.15}
{'loss': 0.0, 'learning_rate': 0.0003112086776859504, 'epoch': 4.15}
{'loss': 0.0, 'learning_rate': 0.0003109504132231405, 'epoch': 4.16}
{'loss': 0.0, 'learning_rate': 0.0003106921487603306, 'epoch': 4.16}
{'loss': 0.0, 'learning_rate': 0.00031043388429752067, 'epoch': 4.17}
{'loss': 0.0, 'learning_rate': 0.0003101756198347108, 'epoch': 4.18}
{'loss': 0.0, 'learning_rate': 0.00030991735537190085, 'epoch': 4.18}
{'loss': 0.0, 'learning_rate': 0.0003096590909090909, 'epoch': 4.19}
{'loss': 0.0, 'learning_rate': 0.00030940082644628097, 'epoch': 4.19}
{'loss': 0.0, 'learning_rate': 0.0003091425619834711, 'epoch': 4.2}
{'loss': 0.0, 'learning_rate': 0.00030888429752066115, 'epoch': 4.2}
{'loss': 0.0, 'learning_rate': 0.00030862603305785127, 'epoch': 4.21}
{'loss': 0.0, 'learning_rate': 0.00030836776859504133, 'epoch': 4.22}
{'loss': 0.0, 'learning_rate': 0.00030810950413223144, 'epoch': 4.22}
{'loss': 0.0, 'learning_rate': 0.00030785123966942145, 'epoch': 4.23}
{'loss': 0.0, 'learning_rate': 0.00030759297520661157, 'epoch': 4.23}
{'loss': 0.0, 'learning_rate': 0.00030733471074380163, 'epoch': 4.24}
{'loss': 0.0, 'learning_rate': 0.00030707644628099175, 'epoch': 4.24}
{'loss': 0.0, 'learning_rate': 0.0003068181818181818, 'epoch': 4.25}
{'loss': 0.0, 'learning_rate': 0.0003065599173553719, 'epoch': 4.26}
{'loss': 0.0, 'learning_rate': 0.000306301652892562, 'epoch': 4.26}
{'loss': 0.0, 'learning_rate': 0.00030604338842975205, 'epoch': 4.27}
{'loss': 0.0, 'learning_rate': 0.0003057851239669421, 'epoch': 4.27}
{'loss': 0.0, 'learning_rate': 0.00030552685950413223, 'epoch': 4.28}
{'loss': 0.0, 'learning_rate': 0.0003052685950413223, 'epoch': 4.28}
{'loss': 0.0, 'learning_rate': 0.0003050103305785124, 'epoch': 4.29}
{'loss': 0.0, 'learning_rate': 0.0003047520661157025, 'epoch': 4.3}
{'loss': 0.0, 'learning_rate': 0.0003044938016528926, 'epoch': 4.3}
{'loss': 0.0, 'learning_rate': 0.0003042355371900827, 'epoch': 4.31}
{'loss': 0.0, 'learning_rate': 0.0003039772727272727, 'epoch': 4.31}
{'loss': 0.0, 'learning_rate': 0.00030371900826446283, 'epoch': 4.32}
{'loss': 0.0, 'learning_rate': 0.0003034607438016529, 'epoch': 4.32}
{'loss': 0.0, 'learning_rate': 0.000303202479338843, 'epoch': 4.33}
{'loss': 0.0, 'learning_rate': 0.00030294421487603307, 'epoch': 4.34}
{'loss': 0.0, 'learning_rate': 0.0003026859504132232, 'epoch': 4.34}
{'loss': 0.0, 'learning_rate': 0.00030242768595041325, 'epoch': 4.35}
{'loss': 0.0, 'learning_rate': 0.0003021694214876033, 'epoch': 4.35}
{'loss': 0.0, 'learning_rate': 0.00030191115702479337, 'epoch': 4.36}
{'loss': 0.0, 'learning_rate': 0.0003016528925619835, 'epoch': 4.36}
{'loss': 0.0, 'learning_rate': 0.00030139462809917355, 'epoch': 4.37}
{'loss': 0.0, 'learning_rate': 0.00030113636363636367, 'epoch': 4.38}
{'loss': 0.0, 'learning_rate': 0.00030087809917355373, 'epoch': 4.38}
{'loss': 0.0, 'learning_rate': 0.00030061983471074385, 'epoch': 4.39}
{'loss': 0.0, 'learning_rate': 0.00030036157024793385, 'epoch': 4.39}
{'loss': 0.0, 'learning_rate': 0.00030010330578512397, 'epoch': 4.4}
{'loss': 0.0, 'learning_rate': 0.00029984504132231403, 'epoch': 4.4}
{'loss': 0.0, 'learning_rate': 0.00029958677685950415, 'epoch': 4.41}
{'loss': 0.0, 'learning_rate': 0.0002993285123966942, 'epoch': 4.41}
{'loss': 0.0, 'learning_rate': 0.00029907024793388433, 'epoch': 4.42}
{'loss': 0.0, 'learning_rate': 0.0002988119834710744, 'epoch': 4.43}
{'loss': 0.0, 'learning_rate': 0.00029855371900826445, 'epoch': 4.43}
{'loss': 0.0, 'learning_rate': 0.0002982954545454545, 'epoch': 4.44}
{'loss': 0.0, 'learning_rate': 0.00029803719008264463, 'epoch': 4.44}
{'loss': 0.0, 'learning_rate': 0.0002977789256198347, 'epoch': 4.45}
{'loss': 0.0, 'learning_rate': 0.0002975206611570248, 'epoch': 4.45}
{'loss': 0.0, 'learning_rate': 0.00029726239669421487, 'epoch': 4.46}
{'loss': 0.0, 'learning_rate': 0.000297004132231405, 'epoch': 4.47}
{'loss': 0.0, 'learning_rate': 0.000296745867768595, 'epoch': 4.47}
{'loss': 0.0, 'learning_rate': 0.0002964876033057851, 'epoch': 4.48}
{'loss': 0.0, 'learning_rate': 0.00029622933884297523, 'epoch': 4.48}
{'loss': 0.0, 'learning_rate': 0.0002959710743801653, 'epoch': 4.49}
{'loss': 0.0, 'learning_rate': 0.0002957128099173554, 'epoch': 4.49}
{'loss': 0.0, 'learning_rate': 0.00029545454545454547, 'epoch': 4.5}
{'loss': 0.0, 'learning_rate': 0.0002951962809917356, 'epoch': 4.51}
{'loss': 0.0, 'learning_rate': 0.0002949380165289256, 'epoch': 4.51}
{'loss': 0.0, 'learning_rate': 0.0002946797520661157, 'epoch': 4.52}
{'loss': 0.0, 'learning_rate': 0.0002944214876033058, 'epoch': 4.52}
{'loss': 0.0, 'learning_rate': 0.0002941632231404959, 'epoch': 4.53}
{'loss': 0.0, 'learning_rate': 0.00029390495867768595, 'epoch': 4.53}
{'loss': 0.0, 'learning_rate': 0.00029364669421487607, 'epoch': 4.54}
{'loss': 0.0, 'learning_rate': 0.00029338842975206613, 'epoch': 4.55}
{'loss': 0.0, 'learning_rate': 0.0002931301652892562, 'epoch': 4.55}
{'loss': 0.0, 'learning_rate': 0.00029287190082644626, 'epoch': 4.56}
{'loss': 0.0, 'learning_rate': 0.00029261363636363637, 'epoch': 4.56}
{'loss': 0.0, 'learning_rate': 0.00029235537190082643, 'epoch': 4.57}
{'loss': 0.0, 'learning_rate': 0.00029209710743801655, 'epoch': 4.57}
{'loss': 0.0, 'learning_rate': 0.0002918388429752066, 'epoch': 4.58}
{'loss': 0.0, 'learning_rate': 0.00029158057851239673, 'epoch': 4.59}
{'loss': 0.0, 'learning_rate': 0.00029132231404958674, 'epoch': 4.59}
{'loss': 0.0, 'learning_rate': 0.00029106404958677685, 'epoch': 4.6}
{'loss': 0.0, 'learning_rate': 0.0002908057851239669, 'epoch': 4.6}
{'loss': 0.0, 'learning_rate': 0.00029054752066115703, 'epoch': 4.61}
{'loss': 0.0, 'learning_rate': 0.0002902892561983471, 'epoch': 4.61}
{'loss': 0.0, 'learning_rate': 0.0002900309917355372, 'epoch': 4.62}
{'loss': 0.0, 'learning_rate': 0.0002897727272727273, 'epoch': 4.62}
{'loss': 0.0, 'learning_rate': 0.00028951446280991734, 'epoch': 4.63}
{'loss': 0.0, 'learning_rate': 0.0002892561983471074, 'epoch': 4.64}
{'loss': 0.0, 'learning_rate': 0.0002889979338842975, 'epoch': 4.64}
{'loss': 0.0, 'learning_rate': 0.00028873966942148763, 'epoch': 4.65}
{'loss': 0.0, 'learning_rate': 0.0002884814049586777, 'epoch': 4.65}
{'loss': 0.0, 'learning_rate': 0.0002882231404958678, 'epoch': 4.66}
{'loss': 0.0, 'learning_rate': 0.00028796487603305787, 'epoch': 4.66}
{'loss': 0.0, 'learning_rate': 0.000287706611570248, 'epoch': 4.67}
{'loss': 0.0, 'learning_rate': 0.000287448347107438, 'epoch': 4.68}
{'loss': 0.0, 'learning_rate': 0.0002871900826446281, 'epoch': 4.68}
{'loss': 0.0, 'learning_rate': 0.0002869318181818182, 'epoch': 4.69}
{'loss': 0.0, 'learning_rate': 0.0002866735537190083, 'epoch': 4.69}
{'loss': 0.0, 'learning_rate': 0.00028641528925619835, 'epoch': 4.7}
{'loss': 0.0, 'learning_rate': 0.00028615702479338847, 'epoch': 4.7}
{'loss': 0.0, 'learning_rate': 0.00028589876033057853, 'epoch': 4.71}
{'loss': 0.0, 'learning_rate': 0.0002856404958677686, 'epoch': 4.72}
{'loss': 0.0, 'learning_rate': 0.00028538223140495866, 'epoch': 4.72}
{'loss': 0.0, 'learning_rate': 0.0002851239669421488, 'epoch': 4.73}
{'loss': 0.0, 'learning_rate': 0.00028486570247933884, 'epoch': 4.73}
{'loss': 0.0, 'learning_rate': 0.00028460743801652895, 'epoch': 4.74}
{'loss': 0.0, 'learning_rate': 0.000284349173553719, 'epoch': 4.74}
{'loss': 0.0, 'learning_rate': 0.00028409090909090913, 'epoch': 4.75}
{'loss': 0.0, 'learning_rate': 0.00028383264462809914, 'epoch': 4.76}
{'loss': 0.0, 'learning_rate': 0.00028357438016528926, 'epoch': 4.76}
{'loss': 0.0, 'learning_rate': 0.0002833161157024793, 'epoch': 4.77}
{'loss': 0.0, 'learning_rate': 0.00028305785123966943, 'epoch': 4.77}
{'loss': 0.0, 'learning_rate': 0.0002827995867768595, 'epoch': 4.78}
{'loss': 0.0, 'learning_rate': 0.0002825413223140496, 'epoch': 4.78}
{'loss': 0.0, 'learning_rate': 0.0002822830578512397, 'epoch': 4.79}
{'loss': 0.0, 'learning_rate': 0.00028202479338842974, 'epoch': 4.8}
{'loss': 0.0, 'learning_rate': 0.0002817665289256198, 'epoch': 4.8}
{'loss': 0.0, 'learning_rate': 0.0002815082644628099, 'epoch': 4.81}
{'loss': 0.0, 'learning_rate': 0.00028125000000000003, 'epoch': 4.81}
{'loss': 0.0, 'learning_rate': 0.0002809917355371901, 'epoch': 4.82}
{'loss': 0.0, 'learning_rate': 0.0002807334710743802, 'epoch': 4.82}
{'loss': 0.0, 'learning_rate': 0.0002804752066115703, 'epoch': 4.83}
{'loss': 0.0, 'learning_rate': 0.00028021694214876034, 'epoch': 4.84}
{'loss': 0.0, 'learning_rate': 0.0002799586776859504, 'epoch': 4.84}
{'loss': 0.0, 'learning_rate': 0.0002797004132231405, 'epoch': 4.85}
{'loss': 0.0, 'learning_rate': 0.0002794421487603306, 'epoch': 4.85}
{'loss': 0.0, 'learning_rate': 0.0002791838842975207, 'epoch': 4.86}
{'loss': 0.0, 'learning_rate': 0.00027892561983471076, 'epoch': 4.86}
{'loss': 0.0, 'learning_rate': 0.00027866735537190087, 'epoch': 4.87}
{'loss': 0.0, 'learning_rate': 0.0002784090909090909, 'epoch': 4.88}
{'loss': 0.0, 'learning_rate': 0.000278150826446281, 'epoch': 4.88}
{'loss': 0.0, 'learning_rate': 0.00027789256198347106, 'epoch': 4.89}
{'loss': 0.0, 'learning_rate': 0.0002776342975206612, 'epoch': 4.89}
{'loss': 0.0, 'learning_rate': 0.00027737603305785124, 'epoch': 4.9}
{'loss': 0.0, 'learning_rate': 0.00027711776859504135, 'epoch': 4.9}
{'loss': 0.0, 'learning_rate': 0.0002768595041322314, 'epoch': 4.91}
{'loss': 0.0, 'learning_rate': 0.0002766012396694215, 'epoch': 4.91}
{'loss': 0.0, 'learning_rate': 0.00027634297520661154, 'epoch': 4.92}
{'loss': 0.0, 'learning_rate': 0.00027608471074380166, 'epoch': 4.93}
{'loss': 0.0, 'learning_rate': 0.0002758264462809917, 'epoch': 4.93}
{'loss': 0.0, 'learning_rate': 0.00027556818181818184, 'epoch': 4.94}
{'loss': 0.0, 'learning_rate': 0.0002753099173553719, 'epoch': 4.94}
{'loss': 0.0, 'learning_rate': 0.000275051652892562, 'epoch': 4.95}
{'loss': 0.0, 'learning_rate': 0.000274793388429752, 'epoch': 4.95}
{'loss': 0.0, 'learning_rate': 0.00027453512396694214, 'epoch': 4.96}
{'loss': 0.0, 'learning_rate': 0.0002742768595041322, 'epoch': 4.97}
{'loss': 0.0, 'learning_rate': 0.0002740185950413223, 'epoch': 4.97}
{'loss': 0.0, 'learning_rate': 0.0002737603305785124, 'epoch': 4.98}
{'loss': 0.0, 'learning_rate': 0.0002735020661157025, 'epoch': 4.98}
{'loss': 0.0, 'learning_rate': 0.0002732438016528926, 'epoch': 4.99}
{'loss': 0.0, 'learning_rate': 0.0002729855371900827, 'epoch': 4.99}
{'loss': 0.0, 'learning_rate': 0.00027272727272727274, 'epoch': 5.0}
{'loss': 0.0, 'learning_rate': 0.0002724690082644628, 'epoch': 5.01}
{'loss': 0.0, 'learning_rate': 0.0002722107438016529, 'epoch': 5.01}
{'loss': 0.0, 'learning_rate': 0.000271952479338843, 'epoch': 5.02}
{'loss': 0.0, 'learning_rate': 0.0002716942148760331, 'epoch': 5.02}
{'loss': 0.0, 'learning_rate': 0.00027143595041322316, 'epoch': 5.03}
{'loss': 0.0, 'learning_rate': 0.0002711776859504133, 'epoch': 5.03}
{'loss': 0.0, 'learning_rate': 0.0002709194214876033, 'epoch': 5.04}
{'loss': 0.0, 'learning_rate': 0.0002706611570247934, 'epoch': 5.05}
{'loss': 0.0, 'learning_rate': 0.00027040289256198346, 'epoch': 5.05}
{'loss': 0.0, 'learning_rate': 0.0002701446280991736, 'epoch': 5.06}
{'loss': 0.0, 'learning_rate': 0.00026988636363636364, 'epoch': 5.06}
{'loss': 0.0, 'learning_rate': 0.00026962809917355376, 'epoch': 5.07}
{'loss': 0.0, 'learning_rate': 0.0002693698347107438, 'epoch': 5.07}
{'loss': 0.0, 'learning_rate': 0.0002691115702479339, 'epoch': 5.08}
{'loss': 0.0, 'learning_rate': 0.00026885330578512394, 'epoch': 5.09}
{'loss': 0.0, 'learning_rate': 0.00026859504132231406, 'epoch': 5.09}
{'loss': 0.0, 'learning_rate': 0.0002683367768595041, 'epoch': 5.1}
{'loss': 0.0, 'learning_rate': 0.00026807851239669424, 'epoch': 5.1}
{'loss': 0.0, 'learning_rate': 0.0002678202479338843, 'epoch': 5.11}
{'loss': 0.0, 'learning_rate': 0.0002675619834710744, 'epoch': 5.11}
{'loss': 0.0, 'learning_rate': 0.0002673037190082644, 'epoch': 5.12}
{'loss': 0.0, 'learning_rate': 0.00026704545454545454, 'epoch': 5.12}
{'loss': 0.0, 'learning_rate': 0.0002667871900826446, 'epoch': 5.13}
{'loss': 0.0, 'learning_rate': 0.0002665289256198347, 'epoch': 5.14}
{'loss': 0.0, 'learning_rate': 0.0002662706611570248, 'epoch': 5.14}
{'loss': 0.0, 'learning_rate': 0.0002660123966942149, 'epoch': 5.15}
{'loss': 0.0, 'learning_rate': 0.000265754132231405, 'epoch': 5.15}
{'loss': 0.0, 'learning_rate': 0.000265495867768595, 'epoch': 5.16}
{'loss': 0.0, 'learning_rate': 0.00026523760330578514, 'epoch': 5.16}
{'loss': 0.0, 'learning_rate': 0.0002649793388429752, 'epoch': 5.17}
{'loss': 0.0, 'learning_rate': 0.0002647210743801653, 'epoch': 5.18}
{'loss': 0.0, 'learning_rate': 0.0002644628099173554, 'epoch': 5.18}
{'loss': 0.0, 'learning_rate': 0.0002642045454545455, 'epoch': 5.19}
{'loss': 0.0, 'learning_rate': 0.00026394628099173556, 'epoch': 5.19}
{'loss': 0.0, 'learning_rate': 0.0002636880165289256, 'epoch': 5.2}
{'loss': 0.0, 'learning_rate': 0.0002634297520661157, 'epoch': 5.2}
{'loss': 0.0, 'learning_rate': 0.0002631714876033058, 'epoch': 5.21}
{'loss': 0.0, 'learning_rate': 0.00026291322314049586, 'epoch': 5.22}
{'loss': 0.0, 'learning_rate': 0.000262654958677686, 'epoch': 5.22}
{'loss': 0.0, 'learning_rate': 0.00026239669421487604, 'epoch': 5.23}
{'loss': 0.0, 'learning_rate': 0.00026213842975206616, 'epoch': 5.23}
{'loss': 0.0, 'learning_rate': 0.00026188016528925617, 'epoch': 5.24}
{'loss': 0.0, 'learning_rate': 0.0002616219008264463, 'epoch': 5.24}
{'loss': 0.0, 'learning_rate': 0.00026136363636363634, 'epoch': 5.25}
{'loss': 0.0, 'learning_rate': 0.00026110537190082646, 'epoch': 5.26}
{'loss': 0.0, 'learning_rate': 0.0002608471074380165, 'epoch': 5.26}
{'loss': 0.0, 'learning_rate': 0.00026058884297520664, 'epoch': 5.27}
{'loss': 0.0, 'learning_rate': 0.0002603305785123967, 'epoch': 5.27}
{'loss': 0.0, 'learning_rate': 0.00026007231404958676, 'epoch': 5.28}
{'loss': 0.0, 'learning_rate': 0.0002598140495867768, 'epoch': 5.28}
{'loss': 0.0, 'learning_rate': 0.00025955578512396694, 'epoch': 5.29}
{'loss': 0.0, 'learning_rate': 0.000259297520661157, 'epoch': 5.3}
{'loss': 0.0, 'learning_rate': 0.0002590392561983471, 'epoch': 5.3}
{'loss': 0.0, 'learning_rate': 0.0002587809917355372, 'epoch': 5.31}
{'loss': 0.0, 'learning_rate': 0.0002585227272727273, 'epoch': 5.31}
{'loss': 0.0, 'learning_rate': 0.0002582644628099173, 'epoch': 5.32}
{'loss': 0.0, 'learning_rate': 0.0002580061983471074, 'epoch': 5.32}
{'loss': 0.0, 'learning_rate': 0.0002577479338842975, 'epoch': 5.33}
{'loss': 0.0, 'learning_rate': 0.0002574896694214876, 'epoch': 5.34}
{'loss': 0.0, 'learning_rate': 0.0002572314049586777, 'epoch': 5.34}
{'loss': 0.0, 'learning_rate': 0.0002569731404958678, 'epoch': 5.35}
{'loss': 0.0, 'learning_rate': 0.0002567148760330579, 'epoch': 5.35}
{'loss': 0.0, 'learning_rate': 0.00025645661157024796, 'epoch': 5.36}
{'loss': 0.0, 'learning_rate': 0.000256198347107438, 'epoch': 5.36}
{'loss': 0.0, 'learning_rate': 0.0002559400826446281, 'epoch': 5.37}
{'loss': 0.0, 'learning_rate': 0.0002556818181818182, 'epoch': 5.38}
{'loss': 0.0, 'learning_rate': 0.00025542355371900826, 'epoch': 5.38}
{'loss': 0.0, 'learning_rate': 0.0002551652892561984, 'epoch': 5.39}
{'loss': 0.0, 'learning_rate': 0.00025490702479338844, 'epoch': 5.39}
{'loss': 0.0, 'learning_rate': 0.00025464876033057856, 'epoch': 5.4}
{'loss': 0.0, 'learning_rate': 0.00025439049586776857, 'epoch': 5.4}
{'loss': 0.0, 'learning_rate': 0.0002541322314049587, 'epoch': 5.41}
{'loss': 0.0, 'learning_rate': 0.00025387396694214875, 'epoch': 5.41}
{'loss': 0.0, 'learning_rate': 0.00025361570247933886, 'epoch': 5.42}
{'loss': 0.0, 'learning_rate': 0.0002533574380165289, 'epoch': 5.43}
{'loss': 0.0, 'learning_rate': 0.00025309917355371904, 'epoch': 5.43}
{'loss': 0.0, 'learning_rate': 0.0002528409090909091, 'epoch': 5.44}
{'loss': 0.0, 'learning_rate': 0.00025258264462809917, 'epoch': 5.44}
{'loss': 0.0, 'learning_rate': 0.00025232438016528923, 'epoch': 5.45}
{'loss': 0.0, 'learning_rate': 0.00025206611570247934, 'epoch': 5.45}
{'loss': 0.0, 'learning_rate': 0.0002518078512396694, 'epoch': 5.46}
{'loss': 0.0, 'learning_rate': 0.0002515495867768595, 'epoch': 5.47}
{'loss': 0.0, 'learning_rate': 0.0002512913223140496, 'epoch': 5.47}
{'loss': 0.0, 'learning_rate': 0.0002510330578512397, 'epoch': 5.48}
{'loss': 0.0, 'learning_rate': 0.0002507747933884297, 'epoch': 5.48}
{'loss': 0.0, 'learning_rate': 0.0002505165289256198, 'epoch': 5.49}
{'loss': 0.0, 'learning_rate': 0.0002502582644628099, 'epoch': 5.49}
{'loss': 0.0, 'learning_rate': 0.00025, 'epoch': 5.5}
{'loss': 0.0, 'learning_rate': 0.0002497417355371901, 'epoch': 5.51}
{'loss': 0.0, 'learning_rate': 0.0002494834710743802, 'epoch': 5.51}
{'loss': 0.0, 'learning_rate': 0.00024922520661157025, 'epoch': 5.52}
{'loss': 0.0, 'learning_rate': 0.00024896694214876036, 'epoch': 5.52}
{'loss': 0.0, 'learning_rate': 0.0002487086776859504, 'epoch': 5.53}
{'loss': 0.0, 'learning_rate': 0.0002484504132231405, 'epoch': 5.53}
{'loss': 0.0, 'learning_rate': 0.0002481921487603306, 'epoch': 5.54}
{'loss': 0.0, 'learning_rate': 0.00024793388429752067, 'epoch': 5.55}
{'loss': 0.0, 'learning_rate': 0.00024767561983471073, 'epoch': 5.55}
{'loss': 0.0, 'learning_rate': 0.00024741735537190084, 'epoch': 5.56}
{'loss': 0.0, 'learning_rate': 0.0002471590909090909, 'epoch': 5.56}
{'loss': 0.0, 'learning_rate': 0.000246900826446281, 'epoch': 5.57}
{'loss': 0.0, 'learning_rate': 0.0002466425619834711, 'epoch': 5.57}
{'loss': 0.0, 'learning_rate': 0.00024638429752066115, 'epoch': 5.58}
{'loss': 0.0, 'learning_rate': 0.00024612603305785126, 'epoch': 5.59}
{'loss': 0.0, 'learning_rate': 0.0002458677685950413, 'epoch': 5.59}
{'loss': 0.0, 'learning_rate': 0.0002456095041322314, 'epoch': 5.6}
{'loss': 0.0, 'learning_rate': 0.0002453512396694215, 'epoch': 5.6}
{'loss': 0.0, 'learning_rate': 0.00024509297520661157, 'epoch': 5.61}
{'loss': 0.0, 'learning_rate': 0.00024483471074380163, 'epoch': 5.61}
{'loss': 0.0, 'learning_rate': 0.00024457644628099175, 'epoch': 5.62}
{'loss': 0.0, 'learning_rate': 0.0002443181818181818, 'epoch': 5.62}
{'loss': 0.0, 'learning_rate': 0.00024405991735537192, 'epoch': 5.63}
{'loss': 0.0, 'learning_rate': 0.000243801652892562, 'epoch': 5.64}
{'loss': 0.0, 'learning_rate': 0.00024354338842975208, 'epoch': 5.64}
{'loss': 0.0, 'learning_rate': 0.00024328512396694217, 'epoch': 5.65}
{'loss': 0.0, 'learning_rate': 0.00024302685950413223, 'epoch': 5.65}
{'loss': 0.0, 'learning_rate': 0.00024276859504132232, 'epoch': 5.66}
{'loss': 0.0, 'learning_rate': 0.0002425103305785124, 'epoch': 5.66}
{'loss': 0.0, 'learning_rate': 0.0002422520661157025, 'epoch': 5.67}
{'loss': 0.0, 'learning_rate': 0.00024199380165289256, 'epoch': 5.68}
{'loss': 0.0, 'learning_rate': 0.00024173553719008265, 'epoch': 5.68}
{'loss': 0.0, 'learning_rate': 0.00024147727272727274, 'epoch': 5.69}
{'loss': 0.0, 'learning_rate': 0.0002412190082644628, 'epoch': 5.69}
{'loss': 0.0, 'learning_rate': 0.0002409607438016529, 'epoch': 5.7}
{'loss': 0.0, 'learning_rate': 0.00024070247933884298, 'epoch': 5.7}
{'loss': 0.0, 'learning_rate': 0.00024044421487603307, 'epoch': 5.71}
{'loss': 0.0, 'learning_rate': 0.00024018595041322313, 'epoch': 5.72}
{'loss': 0.0, 'learning_rate': 0.00023992768595041322, 'epoch': 5.72}
{'loss': 0.0, 'learning_rate': 0.0002396694214876033, 'epoch': 5.73}
{'loss': 0.0, 'learning_rate': 0.00023941115702479337, 'epoch': 5.73}
{'loss': 0.0, 'learning_rate': 0.00023915289256198346, 'epoch': 5.74}
{'loss': 0.0, 'learning_rate': 0.00023889462809917355, 'epoch': 5.74}
{'loss': 0.0, 'learning_rate': 0.00023863636363636364, 'epoch': 5.75}
{'loss': 0.0, 'learning_rate': 0.0002383780991735537, 'epoch': 5.76}
{'loss': 0.0, 'learning_rate': 0.00023811983471074382, 'epoch': 5.76}
{'loss': 0.0, 'learning_rate': 0.0002378615702479339, 'epoch': 5.77}
{'loss': 0.0, 'learning_rate': 0.000237603305785124, 'epoch': 5.77}
{'loss': 0.0, 'learning_rate': 0.00023734504132231406, 'epoch': 5.78}
{'loss': 0.0, 'learning_rate': 0.00023708677685950415, 'epoch': 5.78}
{'loss': 0.0, 'learning_rate': 0.00023682851239669424, 'epoch': 5.79}
{'loss': 0.0, 'learning_rate': 0.0002365702479338843, 'epoch': 5.8}
{'loss': 0.0, 'learning_rate': 0.0002363119834710744, 'epoch': 5.8}
{'loss': 0.0, 'learning_rate': 0.00023605371900826448, 'epoch': 5.81}
{'loss': 0.0, 'learning_rate': 0.00023579545454545457, 'epoch': 5.81}
{'loss': 0.0, 'learning_rate': 0.00023553719008264463, 'epoch': 5.82}
{'loss': 0.0, 'learning_rate': 0.00023527892561983472, 'epoch': 5.82}
{'loss': 0.0, 'learning_rate': 0.0002350206611570248, 'epoch': 5.83}
{'loss': 0.0, 'learning_rate': 0.00023476239669421487, 'epoch': 5.84}
{'loss': 0.0, 'learning_rate': 0.00023450413223140496, 'epoch': 5.84}
{'loss': 0.0, 'learning_rate': 0.00023424586776859505, 'epoch': 5.85}
{'loss': 0.0, 'learning_rate': 0.00023398760330578514, 'epoch': 5.85}
{'loss': 0.0, 'learning_rate': 0.0002337293388429752, 'epoch': 5.86}
{'loss': 0.0, 'learning_rate': 0.0002334710743801653, 'epoch': 5.86}
{'loss': 0.0, 'learning_rate': 0.00023321280991735538, 'epoch': 5.87}
{'loss': 0.0, 'learning_rate': 0.00023295454545454544, 'epoch': 5.88}
{'loss': 0.0, 'learning_rate': 0.00023269628099173553, 'epoch': 5.88}
{'loss': 0.0, 'learning_rate': 0.00023243801652892562, 'epoch': 5.89}
{'loss': 0.0, 'learning_rate': 0.0002321797520661157, 'epoch': 5.89}
{'loss': 0.0, 'learning_rate': 0.00023192148760330577, 'epoch': 5.9}
{'loss': 0.0, 'learning_rate': 0.00023166322314049586, 'epoch': 5.9}
{'loss': 0.0, 'learning_rate': 0.00023140495867768595, 'epoch': 5.91}
{'loss': 0.0, 'learning_rate': 0.000231146694214876, 'epoch': 5.91}
{'loss': 0.0, 'learning_rate': 0.0002308884297520661, 'epoch': 5.92}
{'loss': 0.0, 'learning_rate': 0.0002306301652892562, 'epoch': 5.93}
{'loss': 0.0, 'learning_rate': 0.0002303719008264463, 'epoch': 5.93}
{'loss': 0.0, 'learning_rate': 0.00023011363636363637, 'epoch': 5.94}
{'loss': 0.0, 'learning_rate': 0.00022985537190082646, 'epoch': 5.94}
{'loss': 0.0, 'learning_rate': 0.00022959710743801655, 'epoch': 5.95}
{'loss': 0.0, 'learning_rate': 0.00022933884297520664, 'epoch': 5.95}
{'loss': 0.0, 'learning_rate': 0.0002290805785123967, 'epoch': 5.96}
{'loss': 0.0, 'learning_rate': 0.0002288223140495868, 'epoch': 5.97}
{'loss': 0.0, 'learning_rate': 0.00022856404958677688, 'epoch': 5.97}
{'loss': 0.0, 'learning_rate': 0.00022830578512396694, 'epoch': 5.98}
{'loss': 0.0, 'learning_rate': 0.00022804752066115703, 'epoch': 5.98}
{'loss': 0.0, 'learning_rate': 0.00022778925619834712, 'epoch': 5.99}
{'loss': 0.0, 'learning_rate': 0.0002275309917355372, 'epoch': 5.99}
{'loss': 0.0, 'learning_rate': 0.00022727272727272727, 'epoch': 6.0}
{'loss': 0.0, 'learning_rate': 0.00022701446280991736, 'epoch': 6.01}
{'loss': 0.0, 'learning_rate': 0.00022675619834710745, 'epoch': 6.01}
{'loss': 0.0, 'learning_rate': 0.0002264979338842975, 'epoch': 6.02}
{'loss': 0.0, 'learning_rate': 0.0002262396694214876, 'epoch': 6.02}
{'loss': 0.0, 'learning_rate': 0.0002259814049586777, 'epoch': 6.03}
{'loss': 0.0, 'learning_rate': 0.00022572314049586778, 'epoch': 6.03}
{'loss': 0.0, 'learning_rate': 0.00022546487603305784, 'epoch': 6.04}
{'loss': 0.0, 'learning_rate': 0.00022520661157024793, 'epoch': 6.05}
{'loss': 0.0, 'learning_rate': 0.00022494834710743802, 'epoch': 6.05}
{'loss': 0.0, 'learning_rate': 0.00022469008264462808, 'epoch': 6.06}
{'loss': 0.0, 'learning_rate': 0.00022443181818181817, 'epoch': 6.06}
{'loss': 0.0, 'learning_rate': 0.00022417355371900826, 'epoch': 6.07}
{'loss': 0.0, 'learning_rate': 0.00022391528925619835, 'epoch': 6.07}
{'loss': 0.0, 'learning_rate': 0.00022365702479338842, 'epoch': 6.08}
{'loss': 0.0, 'learning_rate': 0.0002233987603305785, 'epoch': 6.09}
{'loss': 0.0, 'learning_rate': 0.0002231404958677686, 'epoch': 6.09}
{'loss': 0.0, 'learning_rate': 0.00022288223140495866, 'epoch': 6.1}
{'loss': 0.0, 'learning_rate': 0.00022262396694214875, 'epoch': 6.1}
{'loss': 0.0, 'learning_rate': 0.00022236570247933886, 'epoch': 6.11}
{'loss': 0.0, 'learning_rate': 0.00022210743801652895, 'epoch': 6.11}
{'loss': 0.0, 'learning_rate': 0.00022184917355371901, 'epoch': 6.12}
{'loss': 0.0, 'learning_rate': 0.0002215909090909091, 'epoch': 6.12}
{'loss': 0.0, 'learning_rate': 0.0002213326446280992, 'epoch': 6.13}
{'loss': 0.0, 'learning_rate': 0.00022107438016528928, 'epoch': 6.14}
{'loss': 0.0, 'learning_rate': 0.00022081611570247934, 'epoch': 6.14}
{'loss': 0.0, 'learning_rate': 0.00022055785123966943, 'epoch': 6.15}
{'loss': 0.0, 'learning_rate': 0.00022029958677685952, 'epoch': 6.15}
{'loss': 0.0, 'learning_rate': 0.00022004132231404958, 'epoch': 6.16}
{'loss': 0.0, 'learning_rate': 0.00021978305785123967, 'epoch': 6.16}
{'loss': 0.0, 'learning_rate': 0.00021952479338842976, 'epoch': 6.17}
{'loss': 0.0, 'learning_rate': 0.00021926652892561985, 'epoch': 6.18}
{'loss': 0.0, 'learning_rate': 0.00021900826446280992, 'epoch': 6.18}
{'loss': 0.0, 'learning_rate': 0.00021875, 'epoch': 6.19}
{'loss': 0.0, 'learning_rate': 0.0002184917355371901, 'epoch': 6.19}
{'loss': 0.0, 'learning_rate': 0.00021823347107438016, 'epoch': 6.2}
{'loss': 0.0, 'learning_rate': 0.00021797520661157025, 'epoch': 6.2}
{'loss': 0.0, 'learning_rate': 0.00021771694214876033, 'epoch': 6.21}
{'loss': 0.0, 'learning_rate': 0.00021745867768595042, 'epoch': 6.22}
{'loss': 0.0, 'learning_rate': 0.0002172004132231405, 'epoch': 6.22}
{'loss': 0.0, 'learning_rate': 0.00021694214876033058, 'epoch': 6.23}
{'loss': 0.0, 'learning_rate': 0.00021668388429752067, 'epoch': 6.23}
{'loss': 0.0, 'learning_rate': 0.00021642561983471073, 'epoch': 6.24}
{'loss': 0.0, 'learning_rate': 0.00021616735537190082, 'epoch': 6.24}
{'loss': 0.0, 'learning_rate': 0.0002159090909090909, 'epoch': 6.25}
{'loss': 0.0, 'learning_rate': 0.000215650826446281, 'epoch': 6.26}
{'loss': 0.0, 'learning_rate': 0.00021539256198347106, 'epoch': 6.26}
{'loss': 0.0, 'learning_rate': 0.00021513429752066115, 'epoch': 6.27}
{'loss': 0.0, 'learning_rate': 0.00021487603305785126, 'epoch': 6.27}
