Requirement already satisfied: transformers in /home/zc272/.conda/envs/TANL2/lib/python3.11/site-packages (4.31.0)
Requirement already satisfied: filelock in /home/zc272/.conda/envs/TANL2/lib/python3.11/site-packages (from transformers) (3.9.0)
Requirement already satisfied: huggingface-hub<1.0,>=0.14.1 in /home/zc272/.conda/envs/TANL2/lib/python3.11/site-packages (from transformers) (0.16.4)
Requirement already satisfied: numpy>=1.17 in /home/zc272/.conda/envs/TANL2/lib/python3.11/site-packages (from transformers) (1.25.2)
Requirement already satisfied: packaging>=20.0 in /home/zc272/.conda/envs/TANL2/lib/python3.11/site-packages (from transformers) (23.1)
Requirement already satisfied: pyyaml>=5.1 in /home/zc272/.conda/envs/TANL2/lib/python3.11/site-packages (from transformers) (6.0.1)
Requirement already satisfied: regex!=2019.12.17 in /home/zc272/.conda/envs/TANL2/lib/python3.11/site-packages (from transformers) (2023.6.3)
Requirement already satisfied: requests in /home/zc272/.conda/envs/TANL2/lib/python3.11/site-packages (from transformers) (2.31.0)
Requirement already satisfied: tokenizers!=0.11.3,<0.14,>=0.11.1 in /home/zc272/.conda/envs/TANL2/lib/python3.11/site-packages (from transformers) (0.13.3)
Requirement already satisfied: safetensors>=0.3.1 in /home/zc272/.conda/envs/TANL2/lib/python3.11/site-packages (from transformers) (0.3.2)
Requirement already satisfied: tqdm>=4.27 in /home/zc272/.conda/envs/TANL2/lib/python3.11/site-packages (from transformers) (4.65.1)
Requirement already satisfied: fsspec in /home/zc272/.conda/envs/TANL2/lib/python3.11/site-packages (from huggingface-hub<1.0,>=0.14.1->transformers) (2023.6.0)
Requirement already satisfied: typing-extensions>=3.7.4.3 in /home/zc272/.conda/envs/TANL2/lib/python3.11/site-packages (from huggingface-hub<1.0,>=0.14.1->transformers) (4.7.1)
Requirement already satisfied: charset-normalizer<4,>=2 in /home/zc272/.conda/envs/TANL2/lib/python3.11/site-packages (from requests->transformers) (2.0.4)
Requirement already satisfied: idna<4,>=2.5 in /home/zc272/.conda/envs/TANL2/lib/python3.11/site-packages (from requests->transformers) (3.4)
Requirement already satisfied: urllib3<3,>=1.21.1 in /home/zc272/.conda/envs/TANL2/lib/python3.11/site-packages (from requests->transformers) (1.26.16)
Requirement already satisfied: certifi>=2017.4.17 in /home/zc272/.conda/envs/TANL2/lib/python3.11/site-packages (from requests->transformers) (2023.7.22)
Requirement already satisfied: scipy in /home/zc272/.conda/envs/TANL2/lib/python3.11/site-packages (1.11.1)
Requirement already satisfied: numpy<1.28.0,>=1.21.6 in /home/zc272/.conda/envs/TANL2/lib/python3.11/site-packages (from scipy) (1.25.2)
Requirement already satisfied: accelerate in /home/zc272/.conda/envs/TANL2/lib/python3.11/site-packages (0.22.0)
Requirement already satisfied: numpy>=1.17 in /home/zc272/.conda/envs/TANL2/lib/python3.11/site-packages (from accelerate) (1.25.2)
Requirement already satisfied: packaging>=20.0 in /home/zc272/.conda/envs/TANL2/lib/python3.11/site-packages (from accelerate) (23.1)
Requirement already satisfied: psutil in /home/zc272/.conda/envs/TANL2/lib/python3.11/site-packages (from accelerate) (5.9.5)
Requirement already satisfied: pyyaml in /home/zc272/.conda/envs/TANL2/lib/python3.11/site-packages (from accelerate) (6.0.1)
Requirement already satisfied: torch>=1.10.0 in /home/zc272/.conda/envs/TANL2/lib/python3.11/site-packages (from accelerate) (2.0.1)
Requirement already satisfied: filelock in /home/zc272/.conda/envs/TANL2/lib/python3.11/site-packages (from torch>=1.10.0->accelerate) (3.9.0)
Requirement already satisfied: typing-extensions in /home/zc272/.conda/envs/TANL2/lib/python3.11/site-packages (from torch>=1.10.0->accelerate) (4.7.1)
Requirement already satisfied: sympy in /home/zc272/.conda/envs/TANL2/lib/python3.11/site-packages (from torch>=1.10.0->accelerate) (1.11.1)
Requirement already satisfied: networkx in /home/zc272/.conda/envs/TANL2/lib/python3.11/site-packages (from torch>=1.10.0->accelerate) (3.1)
Requirement already satisfied: jinja2 in /home/zc272/.conda/envs/TANL2/lib/python3.11/site-packages (from torch>=1.10.0->accelerate) (3.1.2)
Requirement already satisfied: MarkupSafe>=2.0 in /home/zc272/.conda/envs/TANL2/lib/python3.11/site-packages (from jinja2->torch>=1.10.0->accelerate) (2.1.1)
Requirement already satisfied: mpmath>=0.19 in /home/zc272/.conda/envs/TANL2/lib/python3.11/site-packages (from sympy->torch>=1.10.0->accelerate) (1.3.0)

{'loss': 1.1582, 'learning_rate': 0.0004979474548440065, 'epoch': 0.49}
{'loss': 0.2668, 'learning_rate': 0.0004958949096880132, 'epoch': 0.99}
{'loss': 0.1569, 'learning_rate': 0.0004938423645320197, 'epoch': 1.48}
{'loss': 0.146, 'learning_rate': 0.0004917898193760263, 'epoch': 1.97}
{'loss': 0.1016, 'learning_rate': 0.0004897372742200328, 'epoch': 2.46}
{'loss': 0.1053, 'learning_rate': 0.00048768472906403945, 'epoch': 2.96}
{'loss': 0.0832, 'learning_rate': 0.00048563218390804597, 'epoch': 3.45}
{'loss': 0.08, 'learning_rate': 0.0004835796387520526, 'epoch': 3.94}
{'loss': 0.0788, 'learning_rate': 0.0004815270935960591, 'epoch': 4.43}
{'loss': 0.065, 'learning_rate': 0.00047947454844006574, 'epoch': 4.93}
{'loss': 0.0595, 'learning_rate': 0.00047742200328407226, 'epoch': 5.42}
{'loss': 0.0621, 'learning_rate': 0.0004753694581280788, 'epoch': 5.91}
{'loss': 0.0588, 'learning_rate': 0.0004733169129720854, 'epoch': 6.4}
{'loss': 0.0545, 'learning_rate': 0.0004712643678160919, 'epoch': 6.9}
{'loss': 0.0522, 'learning_rate': 0.00046921182266009855, 'epoch': 7.39}
{'loss': 0.0552, 'learning_rate': 0.00046715927750410507, 'epoch': 7.88}
{'loss': 0.0667, 'learning_rate': 0.0004651067323481117, 'epoch': 8.37}
{'loss': 0.0497, 'learning_rate': 0.0004630541871921182, 'epoch': 8.87}
{'loss': 0.045, 'learning_rate': 0.00046100164203612484, 'epoch': 9.36}
{'loss': 0.0437, 'learning_rate': 0.00045894909688013136, 'epoch': 9.85}
{'loss': 0.0418, 'learning_rate': 0.000456896551724138, 'epoch': 10.34}
{'loss': 0.0433, 'learning_rate': 0.0004548440065681445, 'epoch': 10.84}
{'loss': 0.0412, 'learning_rate': 0.0004527914614121511, 'epoch': 11.33}
{'loss': 0.0398, 'learning_rate': 0.00045073891625615765, 'epoch': 11.82}
{'loss': 0.0384, 'learning_rate': 0.00044868637110016417, 'epoch': 12.32}
{'loss': 0.0406, 'learning_rate': 0.0004466338259441708, 'epoch': 12.81}
{'loss': 0.0519, 'learning_rate': 0.0004445812807881773, 'epoch': 13.3}
{'loss': 0.0457, 'learning_rate': 0.00044252873563218394, 'epoch': 13.79}
{'loss': 0.0341, 'learning_rate': 0.00044047619047619046, 'epoch': 14.29}
{'loss': 0.0395, 'learning_rate': 0.0004384236453201971, 'epoch': 14.78}
{'loss': 0.038, 'learning_rate': 0.0004363711001642036, 'epoch': 15.27}
{'loss': 0.043, 'learning_rate': 0.00043431855500821023, 'epoch': 15.76}
{'loss': 0.0365, 'learning_rate': 0.00043226600985221675, 'epoch': 16.26}
{'loss': 0.0321, 'learning_rate': 0.0004302134646962233, 'epoch': 16.75}
{'loss': 0.0287, 'learning_rate': 0.0004281609195402299, 'epoch': 17.24}
{'loss': 0.0379, 'learning_rate': 0.0004261083743842364, 'epoch': 17.73}
{'loss': 0.0368, 'learning_rate': 0.00042405582922824304, 'epoch': 18.23}
{'loss': 0.0353, 'learning_rate': 0.00042200328407224956, 'epoch': 18.72}
{'loss': 0.0336, 'learning_rate': 0.0004199507389162562, 'epoch': 19.21}
{'loss': 0.033, 'learning_rate': 0.0004178981937602627, 'epoch': 19.7}
{'loss': 0.0428, 'learning_rate': 0.00041584564860426933, 'epoch': 20.2}
{'loss': 0.0458, 'learning_rate': 0.00041379310344827585, 'epoch': 20.69}
{'loss': 0.0349, 'learning_rate': 0.0004117405582922825, 'epoch': 21.18}
{'loss': 0.0358, 'learning_rate': 0.000409688013136289, 'epoch': 21.67}
{'loss': 0.0386, 'learning_rate': 0.00040763546798029557, 'epoch': 22.17}
{'loss': 0.0304, 'learning_rate': 0.00040558292282430214, 'epoch': 22.66}
{'loss': 0.0393, 'learning_rate': 0.0004035303776683087, 'epoch': 23.15}
{'loss': 0.0348, 'learning_rate': 0.0004014778325123153, 'epoch': 23.65}
{'loss': 0.0322, 'learning_rate': 0.0003994252873563218, 'epoch': 24.14}
{'loss': 0.0298, 'learning_rate': 0.00039737274220032843, 'epoch': 24.63}
{'loss': 0.0277, 'learning_rate': 0.00039532019704433495, 'epoch': 25.12}
{'loss': 0.031, 'learning_rate': 0.0003932676518883416, 'epoch': 25.62}
{'loss': 0.0313, 'learning_rate': 0.0003912151067323481, 'epoch': 26.11}
{'loss': 0.0335, 'learning_rate': 0.0003891625615763547, 'epoch': 26.6}
{'loss': 0.0353, 'learning_rate': 0.00038711001642036124, 'epoch': 27.09}
{'loss': 0.0358, 'learning_rate': 0.0003850574712643678, 'epoch': 27.59}
{'loss': 0.032, 'learning_rate': 0.0003830049261083744, 'epoch': 28.08}
{'loss': 0.0297, 'learning_rate': 0.00038095238095238096, 'epoch': 28.57}
{'loss': 0.0256, 'learning_rate': 0.00037889983579638754, 'epoch': 29.06}
{'loss': 0.0265, 'learning_rate': 0.00037684729064039405, 'epoch': 29.56}
{'loss': 0.0243, 'learning_rate': 0.0003747947454844007, 'epoch': 30.05}
{'loss': 0.0246, 'learning_rate': 0.0003727422003284072, 'epoch': 30.54}
{'loss': 0.0292, 'learning_rate': 0.0003706896551724138, 'epoch': 31.03}
{'loss': 0.027, 'learning_rate': 0.00036863711001642035, 'epoch': 31.53}
{'loss': 0.0305, 'learning_rate': 0.00036658456486042697, 'epoch': 32.02}
{'loss': 0.0291, 'learning_rate': 0.0003645320197044335, 'epoch': 32.51}
{'loss': 0.0297, 'learning_rate': 0.00036247947454844006, 'epoch': 33.0}
{'loss': 0.0292, 'learning_rate': 0.00036042692939244664, 'epoch': 33.5}
{'loss': 0.0318, 'learning_rate': 0.0003583743842364532, 'epoch': 33.99}
{'loss': 0.0275, 'learning_rate': 0.0003563218390804598, 'epoch': 34.48}
{'loss': 0.0246, 'learning_rate': 0.00035426929392446636, 'epoch': 34.98}
{'loss': 0.0224, 'learning_rate': 0.00035221674876847293, 'epoch': 35.47}
{'loss': 0.0265, 'learning_rate': 0.00035016420361247945, 'epoch': 35.96}
{'loss': 0.0253, 'learning_rate': 0.0003481116584564861, 'epoch': 36.45}
{'loss': 0.0272, 'learning_rate': 0.0003460591133004926, 'epoch': 36.95}
{'loss': 0.0279, 'learning_rate': 0.0003440065681444992, 'epoch': 37.44}
{'loss': 0.0273, 'learning_rate': 0.00034195402298850574, 'epoch': 37.93}
{'loss': 0.0304, 'learning_rate': 0.0003399014778325123, 'epoch': 38.42}
{'loss': 0.0253, 'learning_rate': 0.0003378489326765189, 'epoch': 38.92}
{'loss': 0.0219, 'learning_rate': 0.00033579638752052546, 'epoch': 39.41}
{'loss': 0.024, 'learning_rate': 0.00033374384236453203, 'epoch': 39.9}
{'loss': 0.0213, 'learning_rate': 0.0003316912972085386, 'epoch': 40.39}
{'loss': 0.0239, 'learning_rate': 0.0003296387520525452, 'epoch': 40.89}
{'loss': 0.0219, 'learning_rate': 0.0003275862068965517, 'epoch': 41.38}
{'loss': 0.0261, 'learning_rate': 0.0003255336617405583, 'epoch': 41.87}
{'loss': 0.0264, 'learning_rate': 0.00032348111658456484, 'epoch': 42.36}
{'loss': 0.0242, 'learning_rate': 0.00032142857142857147, 'epoch': 42.86}
{'loss': 0.024, 'learning_rate': 0.000319376026272578, 'epoch': 43.35}
{'loss': 0.0284, 'learning_rate': 0.00031732348111658456, 'epoch': 43.84}
{'loss': 0.0259, 'learning_rate': 0.00031527093596059113, 'epoch': 44.33}
{'loss': 0.0228, 'learning_rate': 0.0003132183908045977, 'epoch': 44.83}
{'loss': 0.0225, 'learning_rate': 0.0003111658456486043, 'epoch': 45.32}
{'loss': 0.0217, 'learning_rate': 0.00030911330049261085, 'epoch': 45.81}
{'loss': 0.0211, 'learning_rate': 0.0003070607553366174, 'epoch': 46.31}
{'loss': 0.0226, 'learning_rate': 0.000305008210180624, 'epoch': 46.8}
{'loss': 0.0231, 'learning_rate': 0.00030295566502463057, 'epoch': 47.29}
{'loss': 0.0273, 'learning_rate': 0.0003009031198686371, 'epoch': 47.78}
{'loss': 0.0296, 'learning_rate': 0.0002988505747126437, 'epoch': 48.28}
{'loss': 0.0267, 'learning_rate': 0.00029679802955665023, 'epoch': 48.77}
{'loss': 0.0247, 'learning_rate': 0.0002947454844006568, 'epoch': 49.26}
{'loss': 0.0248, 'learning_rate': 0.0002926929392446634, 'epoch': 49.75}
{'loss': 0.0257, 'learning_rate': 0.00029064039408866995, 'epoch': 50.25}
{'loss': 0.0215, 'learning_rate': 0.0002885878489326765, 'epoch': 50.74}
{'loss': 0.0203, 'learning_rate': 0.0002865353037766831, 'epoch': 51.23}
{'loss': 0.0235, 'learning_rate': 0.00028448275862068967, 'epoch': 51.72}
{'loss': 0.0226, 'learning_rate': 0.00028243021346469624, 'epoch': 52.22}
{'loss': 0.0226, 'learning_rate': 0.0002803776683087028, 'epoch': 52.71}
{'loss': 0.0216, 'learning_rate': 0.00027832512315270933, 'epoch': 53.2}
{'loss': 0.0219, 'learning_rate': 0.00027627257799671596, 'epoch': 53.69}
{'loss': 0.0199, 'learning_rate': 0.0002742200328407225, 'epoch': 54.19}
{'loss': 0.0197, 'learning_rate': 0.00027216748768472905, 'epoch': 54.68}
{'loss': 0.0216, 'learning_rate': 0.0002701149425287356, 'epoch': 55.17}
{'loss': 0.0211, 'learning_rate': 0.0002680623973727422, 'epoch': 55.67}
{'loss': 0.0239, 'learning_rate': 0.00026600985221674877, 'epoch': 56.16}
{'loss': 0.0223, 'learning_rate': 0.00026395730706075534, 'epoch': 56.65}
{'loss': 0.0219, 'learning_rate': 0.0002619047619047619, 'epoch': 57.14}
{'loss': 0.0221, 'learning_rate': 0.0002598522167487685, 'epoch': 57.64}
{'loss': 0.0227, 'learning_rate': 0.00025779967159277506, 'epoch': 58.13}
{'loss': 0.0215, 'learning_rate': 0.00025574712643678163, 'epoch': 58.62}
{'loss': 0.0234, 'learning_rate': 0.0002536945812807882, 'epoch': 59.11}
{'loss': 0.024, 'learning_rate': 0.0002516420361247947, 'epoch': 59.61}
{'loss': 0.0245, 'learning_rate': 0.0002495894909688013, 'epoch': 60.1}
{'loss': 0.0232, 'learning_rate': 0.00024753694581280787, 'epoch': 60.59}
{'loss': 0.0197, 'learning_rate': 0.00024548440065681444, 'epoch': 61.08}
{'loss': 0.0203, 'learning_rate': 0.00024343185550082104, 'epoch': 61.58}
{'loss': 0.0187, 'learning_rate': 0.0002413793103448276, 'epoch': 62.07}
{'loss': 0.0185, 'learning_rate': 0.00023932676518883416, 'epoch': 62.56}
{'loss': 0.0211, 'learning_rate': 0.0002372742200328407, 'epoch': 63.05}
{'loss': 0.0197, 'learning_rate': 0.00023522167487684728, 'epoch': 63.55}
{'loss': 0.0187, 'learning_rate': 0.00023316912972085385, 'epoch': 64.04}
{'loss': 0.0189, 'learning_rate': 0.00023111658456486043, 'epoch': 64.53}
{'loss': 0.0211, 'learning_rate': 0.000229064039408867, 'epoch': 65.02}
{'loss': 0.0182, 'learning_rate': 0.00022701149425287357, 'epoch': 65.52}
{'loss': 0.0199, 'learning_rate': 0.00022495894909688014, 'epoch': 66.01}
{'loss': 0.019, 'learning_rate': 0.00022290640394088672, 'epoch': 66.5}
{'loss': 0.0192, 'learning_rate': 0.0002208538587848933, 'epoch': 67.0}
{'loss': 0.019, 'learning_rate': 0.00021880131362889986, 'epoch': 67.49}
{'loss': 0.0212, 'learning_rate': 0.0002167487684729064, 'epoch': 67.98}
{'loss': 0.0188, 'learning_rate': 0.00021469622331691295, 'epoch': 68.47}
{'loss': 0.0193, 'learning_rate': 0.00021264367816091953, 'epoch': 68.97}
{'loss': 0.0187, 'learning_rate': 0.0002105911330049261, 'epoch': 69.46}
{'loss': 0.0191, 'learning_rate': 0.00020853858784893267, 'epoch': 69.95}
{'loss': 0.019, 'learning_rate': 0.00020648604269293925, 'epoch': 70.44}
{'loss': 0.0214, 'learning_rate': 0.00020443349753694582, 'epoch': 70.94}
{'loss': 0.0189, 'learning_rate': 0.0002023809523809524, 'epoch': 71.43}
{'loss': 0.02, 'learning_rate': 0.00020032840722495896, 'epoch': 71.92}
{'loss': 0.019, 'learning_rate': 0.00019827586206896554, 'epoch': 72.41}
{'loss': 0.0204, 'learning_rate': 0.0001962233169129721, 'epoch': 72.91}
{'loss': 0.0207, 'learning_rate': 0.00019417077175697868, 'epoch': 73.4}
{'loss': 0.0184, 'learning_rate': 0.0001921182266009852, 'epoch': 73.89}
{'loss': 0.0182, 'learning_rate': 0.00019006568144499177, 'epoch': 74.38}
{'loss': 0.0193, 'learning_rate': 0.00018801313628899835, 'epoch': 74.88}
{'loss': 0.0209, 'learning_rate': 0.00018596059113300492, 'epoch': 75.37}
{'loss': 0.0183, 'learning_rate': 0.0001839080459770115, 'epoch': 75.86}
{'loss': 0.02, 'learning_rate': 0.00018185550082101807, 'epoch': 76.35}
{'loss': 0.018, 'learning_rate': 0.00017980295566502464, 'epoch': 76.85}
{'loss': 0.0174, 'learning_rate': 0.0001777504105090312, 'epoch': 77.34}
{'loss': 0.0191, 'learning_rate': 0.00017569786535303778, 'epoch': 77.83}
{'loss': 0.0206, 'learning_rate': 0.00017364532019704436, 'epoch': 78.33}
{'loss': 0.0185, 'learning_rate': 0.00017159277504105093, 'epoch': 78.82}
{'loss': 0.0191, 'learning_rate': 0.00016954022988505748, 'epoch': 79.31}
{'loss': 0.0181, 'learning_rate': 0.00016748768472906402, 'epoch': 79.8}
{'loss': 0.0183, 'learning_rate': 0.0001654351395730706, 'epoch': 80.3}
{'loss': 0.0181, 'learning_rate': 0.00016338259441707717, 'epoch': 80.79}
{'loss': 0.0176, 'learning_rate': 0.00016133004926108374, 'epoch': 81.28}
{'loss': 0.0183, 'learning_rate': 0.0001592775041050903, 'epoch': 81.77}
{'loss': 0.0169, 'learning_rate': 0.00015722495894909689, 'epoch': 82.27}
{'loss': 0.0192, 'learning_rate': 0.00015517241379310346, 'epoch': 82.76}
{'loss': 0.0194, 'learning_rate': 0.00015311986863711003, 'epoch': 83.25}
{'loss': 0.0188, 'learning_rate': 0.0001510673234811166, 'epoch': 83.74}
{'loss': 0.0171, 'learning_rate': 0.00014901477832512318, 'epoch': 84.24}
{'loss': 0.0176, 'learning_rate': 0.00014696223316912972, 'epoch': 84.73}
{'loss': 0.0181, 'learning_rate': 0.0001449096880131363, 'epoch': 85.22}
{'loss': 0.0166, 'learning_rate': 0.00014285714285714284, 'epoch': 85.71}
{'loss': 0.0194, 'learning_rate': 0.00014080459770114941, 'epoch': 86.21}
{'loss': 0.0172, 'learning_rate': 0.00013875205254515599, 'epoch': 86.7}
{'loss': 0.017, 'learning_rate': 0.00013669950738916256, 'epoch': 87.19}
{'loss': 0.0173, 'learning_rate': 0.00013464696223316913, 'epoch': 87.68}
{'loss': 0.0178, 'learning_rate': 0.0001325944170771757, 'epoch': 88.18}
{'loss': 0.0164, 'learning_rate': 0.00013054187192118228, 'epoch': 88.67}
{'loss': 0.0203, 'learning_rate': 0.00012848932676518885, 'epoch': 89.16}
{'loss': 0.0174, 'learning_rate': 0.00012643678160919542, 'epoch': 89.66}
{'loss': 0.0194, 'learning_rate': 0.00012438423645320197, 'epoch': 90.15}
{'loss': 0.017, 'learning_rate': 0.00012233169129720854, 'epoch': 90.64}
{'loss': 0.0179, 'learning_rate': 0.00012027914614121511, 'epoch': 91.13}
{'loss': 0.0165, 'learning_rate': 0.00011822660098522167, 'epoch': 91.63}
{'loss': 0.0195, 'learning_rate': 0.00011617405582922825, 'epoch': 92.12}
{'loss': 0.0167, 'learning_rate': 0.00011412151067323482, 'epoch': 92.61}
{'loss': 0.017, 'learning_rate': 0.00011206896551724138, 'epoch': 93.1}
{'loss': 0.0172, 'learning_rate': 0.00011001642036124795, 'epoch': 93.6}
{'loss': 0.0173, 'learning_rate': 0.00010796387520525452, 'epoch': 94.09}
{'loss': 0.0168, 'learning_rate': 0.00010591133004926108, 'epoch': 94.58}
{'loss': 0.0177, 'learning_rate': 0.00010385878489326766, 'epoch': 95.07}
{'loss': 0.0188, 'learning_rate': 0.00010180623973727423, 'epoch': 95.57}
{'loss': 0.0173, 'learning_rate': 9.975369458128079e-05, 'epoch': 96.06}
{'loss': 0.0156, 'learning_rate': 9.770114942528736e-05, 'epoch': 96.55}
{'loss': 0.018, 'learning_rate': 9.564860426929392e-05, 'epoch': 97.04}
{'loss': 0.0157, 'learning_rate': 9.35960591133005e-05, 'epoch': 97.54}
{'loss': 0.0181, 'learning_rate': 9.154351395730707e-05, 'epoch': 98.03}
{'loss': 0.0162, 'learning_rate': 8.949096880131364e-05, 'epoch': 98.52}
{'loss': 0.0173, 'learning_rate': 8.74384236453202e-05, 'epoch': 99.01}
{'loss': 0.0165, 'learning_rate': 8.538587848932677e-05, 'epoch': 99.51}
{'loss': 0.0192, 'learning_rate': 8.333333333333333e-05, 'epoch': 100.0}
{'loss': 0.0165, 'learning_rate': 8.12807881773399e-05, 'epoch': 100.49}
{'loss': 0.0177, 'learning_rate': 7.922824302134648e-05, 'epoch': 100.99}
{'loss': 0.0167, 'learning_rate': 7.717569786535305e-05, 'epoch': 101.48}
{'loss': 0.0165, 'learning_rate': 7.512315270935961e-05, 'epoch': 101.97}
{'loss': 0.0156, 'learning_rate': 7.307060755336617e-05, 'epoch': 102.46}
{'loss': 0.0176, 'learning_rate': 7.101806239737274e-05, 'epoch': 102.96}
{'loss': 0.0172, 'learning_rate': 6.896551724137931e-05, 'epoch': 103.45}
{'loss': 0.0178, 'learning_rate': 6.691297208538589e-05, 'epoch': 103.94}
{'loss': 0.0155, 'learning_rate': 6.486042692939245e-05, 'epoch': 104.43}
{'loss': 0.0172, 'learning_rate': 6.280788177339902e-05, 'epoch': 104.93}
{'loss': 0.0173, 'learning_rate': 6.0755336617405584e-05, 'epoch': 105.42}
{'loss': 0.018, 'learning_rate': 5.870279146141215e-05, 'epoch': 105.91}
{'loss': 0.0174, 'learning_rate': 5.665024630541872e-05, 'epoch': 106.4}
{'loss': 0.0166, 'learning_rate': 5.459770114942529e-05, 'epoch': 106.9}
{'loss': 0.0165, 'learning_rate': 5.2545155993431855e-05, 'epoch': 107.39}
{'loss': 0.017, 'learning_rate': 5.049261083743843e-05, 'epoch': 107.88}
{'loss': 0.0163, 'learning_rate': 4.8440065681444994e-05, 'epoch': 108.37}
{'loss': 0.0174, 'learning_rate': 4.638752052545156e-05, 'epoch': 108.87}
{'loss': 0.017, 'learning_rate': 4.433497536945813e-05, 'epoch': 109.36}
{'loss': 0.0152, 'learning_rate': 4.228243021346469e-05, 'epoch': 109.85}
{'loss': 0.016, 'learning_rate': 4.0229885057471265e-05, 'epoch': 110.34}
{'loss': 0.0178, 'learning_rate': 3.817733990147784e-05, 'epoch': 110.84}
{'loss': 0.0158, 'learning_rate': 3.61247947454844e-05, 'epoch': 111.33}
{'loss': 0.016, 'learning_rate': 3.407224958949097e-05, 'epoch': 111.82}
{'loss': 0.0167, 'learning_rate': 3.201970443349754e-05, 'epoch': 112.32}
{'loss': 0.0165, 'learning_rate': 2.996715927750411e-05, 'epoch': 112.81}
{'loss': 0.0161, 'learning_rate': 2.7914614121510675e-05, 'epoch': 113.3}
{'loss': 0.0164, 'learning_rate': 2.586206896551724e-05, 'epoch': 113.79}
{'loss': 0.0167, 'learning_rate': 2.380952380952381e-05, 'epoch': 114.29}
{'loss': 0.0161, 'learning_rate': 2.175697865353038e-05, 'epoch': 114.78}
{'loss': 0.0161, 'learning_rate': 1.9704433497536946e-05, 'epoch': 115.27}
{'loss': 0.0165, 'learning_rate': 1.7651888341543515e-05, 'epoch': 115.76}
{'loss': 0.017, 'learning_rate': 1.559934318555008e-05, 'epoch': 116.26}
{'loss': 0.0158, 'learning_rate': 1.354679802955665e-05, 'epoch': 116.75}
{'loss': 0.016, 'learning_rate': 1.1494252873563218e-05, 'epoch': 117.24}
{'loss': 0.0169, 'learning_rate': 9.441707717569788e-06, 'epoch': 117.73}
{'loss': 0.0158, 'learning_rate': 7.389162561576355e-06, 'epoch': 118.23}
{'loss': 0.016, 'learning_rate': 5.336617405582923e-06, 'epoch': 118.72}
{'loss': 0.0167, 'learning_rate': 3.284072249589491e-06, 'epoch': 119.21}
{'loss': 0.0172, 'learning_rate': 1.231527093596059e-06, 'epoch': 119.7}
{'train_runtime': 37193.2331, 'train_samples_per_second': 2.62, 'train_steps_per_second': 0.655, 'train_loss': 0.03256126181000755, 'epoch': 120.0}
